{"total": {"lines":{"total":6522,"covered":5611,"skipped":0,"pct":86.03},"statements":{"total":6522,"covered":5611,"skipped":0,"pct":86.03},"functions":{"total":140,"covered":106,"skipped":0,"pct":75.71},"branches":{"total":1251,"covered":932,"skipped":0,"pct":74.5},"branchesTrue":{"total":0,"covered":0,"skipped":0,"pct":100}}
,"C:\\Users\\mfart\\Desktop\\smart-waste\\frontend\\src\\App.jsx": {"lines":{"total":475,"covered":459,"skipped":0,"pct":96.63},"functions":{"total":10,"covered":5,"skipped":0,"pct":50},"statements":{"total":475,"covered":459,"skipped":0,"pct":96.63},"branches":{"total":68,"covered":61,"skipped":0,"pct":89.7}}
,"C:\\Users\\mfart\\Desktop\\smart-waste\\frontend\\src\\App.test.jsx": {"lines":{"total":34,"covered":34,"skipped":0,"pct":100},"functions":{"total":0,"covered":0,"skipped":0,"pct":100},"statements":{"total":34,"covered":34,"skipped":0,"pct":100},"branches":{"total":5,"covered":5,"skipped":0,"pct":100}}
,"C:\\Users\\mfart\\Desktop\\smart-waste\\frontend\\src\\main.jsx": {"lines":{"total":9,"covered":9,"skipped":0,"pct":100},"functions":{"total":0,"covered":0,"skipped":0,"pct":100},"statements":{"total":9,"covered":9,"skipped":0,"pct":100},"branches":{"total":0,"covered":0,"skipped":0,"pct":100}}
,"C:\\Users\\mfart\\Desktop\\smart-waste\\frontend\\src\\main.test.jsx": {"lines":{"total":18,"covered":18,"skipped":0,"pct":100},"functions":{"total":0,"covered":0,"skipped":0,"pct":100},"statements":{"total":18,"covered":18,"skipped":0,"pct":100},"branches":{"total":4,"covered":4,"skipped":0,"pct":100}}
,"C:\\Users\\mfart\\Desktop\\smart-waste\\frontend\\src\\components\\SpecialCollectionPaymentSuccessCard.jsx": {"lines":{"total":319,"covered":302,"skipped":0,"pct":94.67},"functions":{"total":4,"covered":4,"skipped":0,"pct":100},"statements":{"total":319,"covered":302,"skipped":0,"pct":94.67},"branches":{"total":45,"covered":5,"skipped":0,"pct":11.11}}
,"C:\\Users\\mfart\\Desktop\\smart-waste\\frontend\\src\\components\\__tests__\\SpecialCollectionPaymentSuccessCard.test.jsx": {"lines":{"total":45,"covered":45,"skipped":0,"pct":100},"functions":{"total":0,"covered":0,"skipped":0,"pct":100},"statements":{"total":45,"covered":45,"skipped":0,"pct":100},"branches":{"total":5,"covered":5,"skipped":0,"pct":100}}
,"C:\\Users\\mfart\\Desktop\\smart-waste\\frontend\\src\\pages\\Analytics\\ReportsPage.jsx": {"lines":{"total":494,"covered":488,"skipped":0,"pct":98.78},"functions":{"total":17,"covered":12,"skipped":0,"pct":70.58},"statements":{"total":494,"covered":488,"skipped":0,"pct":98.78},"branches":{"total":80,"covered":55,"skipped":0,"pct":68.75}}
,"C:\\Users\\mfart\\Desktop\\smart-waste\\frontend\\src\\pages\\Analytics\\__tests__\\ReportsPage.test.jsx": {"lines":{"total":249,"covered":245,"skipped":0,"pct":98.39},"functions":{"total":2,"covered":2,"skipped":0,"pct":100},"statements":{"total":249,"covered":245,"skipped":0,"pct":98.39},"branches":{"total":32,"covered":27,"skipped":0,"pct":84.37}}
,"C:\\Users\\mfart\\Desktop\\smart-waste\\frontend\\src\\pages\\Billing\\BillingPage.jsx": {"lines":{"total":356,"covered":5,"skipped":0,"pct":1.4},"functions":{"total":5,"covered":0,"skipped":0,"pct":0},"statements":{"total":356,"covered":5,"skipped":0,"pct":1.4},"branches":{"total":0,"covered":0,"skipped":0,"pct":100}}
,"C:\\Users\\mfart\\Desktop\\smart-waste\\frontend\\src\\pages\\Billing\\CheckoutResultPage.jsx": {"lines":{"total":196,"covered":1,"skipped":0,"pct":0.51},"functions":{"total":2,"covered":0,"skipped":0,"pct":0},"statements":{"total":196,"covered":1,"skipped":0,"pct":0.51},"branches":{"total":0,"covered":0,"skipped":0,"pct":100}}
,"C:\\Users\\mfart\\Desktop\\smart-waste\\frontend\\src\\pages\\ManageCollectionOps\\CollectorView.jsx": {"lines":{"total":174,"covered":172,"skipped":0,"pct":98.85},"functions":{"total":4,"covered":4,"skipped":0,"pct":100},"statements":{"total":174,"covered":172,"skipped":0,"pct":98.85},"branches":{"total":50,"covered":46,"skipped":0,"pct":92}}
,"C:\\Users\\mfart\\Desktop\\smart-waste\\frontend\\src\\pages\\ManageCollectionOps\\CollectorView.test.jsx": {"lines":{"total":79,"covered":78,"skipped":0,"pct":98.73},"functions":{"total":1,"covered":1,"skipped":0,"pct":100},"statements":{"total":79,"covered":78,"skipped":0,"pct":98.73},"branches":{"total":22,"covered":20,"skipped":0,"pct":90.9}}
,"C:\\Users\\mfart\\Desktop\\smart-waste\\frontend\\src\\pages\\ManageCollectionOps\\ManageCollectionOpsPage.jsx": {"lines":{"total":795,"covered":664,"skipped":0,"pct":83.52},"functions":{"total":8,"covered":6,"skipped":0,"pct":75},"statements":{"total":795,"covered":664,"skipped":0,"pct":83.52},"branches":{"total":256,"covered":186,"skipped":0,"pct":72.65}}
,"C:\\Users\\mfart\\Desktop\\smart-waste\\frontend\\src\\pages\\ManageCollectionOps\\ManageCollectionOpsPage.test.jsx": {"lines":{"total":153,"covered":150,"skipped":0,"pct":98.03},"functions":{"total":3,"covered":3,"skipped":0,"pct":100},"statements":{"total":153,"covered":150,"skipped":0,"pct":98.03},"branches":{"total":28,"covered":24,"skipped":0,"pct":85.71}}
,"C:\\Users\\mfart\\Desktop\\smart-waste\\frontend\\src\\pages\\ManageCollectionOps\\RouteMap.jsx": {"lines":{"total":75,"covered":73,"skipped":0,"pct":97.33},"functions":{"total":4,"covered":4,"skipped":0,"pct":100},"statements":{"total":75,"covered":73,"skipped":0,"pct":97.33},"branches":{"total":19,"covered":15,"skipped":0,"pct":78.94}}
,"C:\\Users\\mfart\\Desktop\\smart-waste\\frontend\\src\\pages\\ManageCollectionOps\\RouteMap.test.jsx": {"lines":{"total":44,"covered":44,"skipped":0,"pct":100},"functions":{"total":0,"covered":0,"skipped":0,"pct":100},"statements":{"total":44,"covered":44,"skipped":0,"pct":100},"branches":{"total":7,"covered":7,"skipped":0,"pct":100}}
,"C:\\Users\\mfart\\Desktop\\smart-waste\\frontend\\src\\pages\\ManageCollectionOps\\reporting.js": {"lines":{"total":134,"covered":134,"skipped":0,"pct":100},"functions":{"total":2,"covered":2,"skipped":0,"pct":100},"statements":{"total":134,"covered":134,"skipped":0,"pct":100},"branches":{"total":50,"covered":45,"skipped":0,"pct":90}}
,"C:\\Users\\mfart\\Desktop\\smart-waste\\frontend\\src\\pages\\ManageCollectionOps\\reporting.test.js": {"lines":{"total":155,"covered":155,"skipped":0,"pct":100},"functions":{"total":2,"covered":2,"skipped":0,"pct":100},"statements":{"total":155,"covered":155,"skipped":0,"pct":100},"branches":{"total":10,"covered":10,"skipped":0,"pct":100}}
,"C:\\Users\\mfart\\Desktop\\smart-waste\\frontend\\src\\pages\\RouteOptimization\\KpiCard.jsx": {"lines":{"total":16,"covered":16,"skipped":0,"pct":100},"functions":{"total":1,"covered":1,"skipped":0,"pct":100},"statements":{"total":16,"covered":16,"skipped":0,"pct":100},"branches":{"total":1,"covered":1,"skipped":0,"pct":100}}
,"C:\\Users\\mfart\\Desktop\\smart-waste\\frontend\\src\\pages\\RouteOptimization\\MiniZoneMap.jsx": {"lines":{"total":43,"covered":43,"skipped":0,"pct":100},"functions":{"total":3,"covered":3,"skipped":0,"pct":100},"statements":{"total":43,"covered":43,"skipped":0,"pct":100},"branches":{"total":12,"covered":10,"skipped":0,"pct":83.33}}
,"C:\\Users\\mfart\\Desktop\\smart-waste\\frontend\\src\\pages\\RouteOptimization\\ProgressSteps.jsx": {"lines":{"total":20,"covered":20,"skipped":0,"pct":100},"functions":{"total":2,"covered":2,"skipped":0,"pct":100},"statements":{"total":20,"covered":20,"skipped":0,"pct":100},"branches":{"total":8,"covered":8,"skipped":0,"pct":100}}
,"C:\\Users\\mfart\\Desktop\\smart-waste\\frontend\\src\\pages\\RouteOptimization\\SummaryCard.jsx": {"lines":{"total":23,"covered":23,"skipped":0,"pct":100},"functions":{"total":1,"covered":1,"skipped":0,"pct":100},"statements":{"total":23,"covered":23,"skipped":0,"pct":100},"branches":{"total":9,"covered":2,"skipped":0,"pct":22.22}}
,"C:\\Users\\mfart\\Desktop\\smart-waste\\frontend\\src\\pages\\RouteOptimization\\ZoneSelector.jsx": {"lines":{"total":55,"covered":55,"skipped":0,"pct":100},"functions":{"total":2,"covered":2,"skipped":0,"pct":100},"statements":{"total":55,"covered":55,"skipped":0,"pct":100},"branches":{"total":9,"covered":3,"skipped":0,"pct":33.33}}
,"C:\\Users\\mfart\\Desktop\\smart-waste\\frontend\\src\\pages\\RouteOptimization\\__tests__\\MiniZoneMap.test.jsx": {"lines":{"total":65,"covered":57,"skipped":0,"pct":87.69},"functions":{"total":3,"covered":1,"skipped":0,"pct":33.33},"statements":{"total":65,"covered":57,"skipped":0,"pct":87.69},"branches":{"total":14,"covered":11,"skipped":0,"pct":78.57}}
,"C:\\Users\\mfart\\Desktop\\smart-waste\\frontend\\src\\pages\\RouteOptimization\\__tests__\\components.test.jsx": {"lines":{"total":71,"covered":71,"skipped":0,"pct":100},"functions":{"total":1,"covered":1,"skipped":0,"pct":100},"statements":{"total":71,"covered":71,"skipped":0,"pct":100},"branches":{"total":6,"covered":6,"skipped":0,"pct":100}}
,"C:\\Users\\mfart\\Desktop\\smart-waste\\frontend\\src\\pages\\Schedule\\SpecialCollectionCheckoutResult.jsx": {"lines":{"total":163,"covered":149,"skipped":0,"pct":91.41},"functions":{"total":5,"covered":5,"skipped":0,"pct":100},"statements":{"total":163,"covered":149,"skipped":0,"pct":91.41},"branches":{"total":48,"covered":39,"skipped":0,"pct":81.25}}
,"C:\\Users\\mfart\\Desktop\\smart-waste\\frontend\\src\\pages\\Schedule\\SpecialCollectionPage.jsx": {"lines":{"total":678,"covered":562,"skipped":0,"pct":82.89},"functions":{"total":18,"covered":13,"skipped":0,"pct":72.22},"statements":{"total":678,"covered":562,"skipped":0,"pct":82.89},"branches":{"total":154,"covered":76,"skipped":0,"pct":49.35}}
,"C:\\Users\\mfart\\Desktop\\smart-waste\\frontend\\src\\pages\\Schedule\\constants.js": {"lines":{"total":30,"covered":30,"skipped":0,"pct":100},"functions":{"total":0,"covered":0,"skipped":0,"pct":100},"statements":{"total":30,"covered":30,"skipped":0,"pct":100},"branches":{"total":0,"covered":0,"skipped":0,"pct":100}}
,"C:\\Users\\mfart\\Desktop\\smart-waste\\frontend\\src\\pages\\Schedule\\utils.js": {"lines":{"total":84,"covered":77,"skipped":0,"pct":91.66},"functions":{"total":8,"covered":7,"skipped":0,"pct":87.5},"statements":{"total":84,"covered":77,"skipped":0,"pct":91.66},"branches":{"total":29,"covered":26,"skipped":0,"pct":89.65}}
,"C:\\Users\\mfart\\Desktop\\smart-waste\\frontend\\src\\pages\\Schedule\\__tests__\\AvailabilitySection.test.jsx": {"lines":{"total":89,"covered":89,"skipped":0,"pct":100},"functions":{"total":0,"covered":0,"skipped":0,"pct":100},"statements":{"total":89,"covered":89,"skipped":0,"pct":100},"branches":{"total":6,"covered":6,"skipped":0,"pct":100}}
,"C:\\Users\\mfart\\Desktop\\smart-waste\\frontend\\src\\pages\\Schedule\\__tests__\\PaymentSummary.test.jsx": {"lines":{"total":30,"covered":30,"skipped":0,"pct":100},"functions":{"total":0,"covered":0,"skipped":0,"pct":100},"statements":{"total":30,"covered":30,"skipped":0,"pct":100},"branches":{"total":5,"covered":5,"skipped":0,"pct":100}}
,"C:\\Users\\mfart\\Desktop\\smart-waste\\frontend\\src\\pages\\Schedule\\__tests__\\ScheduledRequests.test.jsx": {"lines":{"total":89,"covered":89,"skipped":0,"pct":100},"functions":{"total":1,"covered":1,"skipped":0,"pct":100},"statements":{"total":89,"covered":89,"skipped":0,"pct":100},"branches":{"total":8,"covered":8,"skipped":0,"pct":100}}
,"C:\\Users\\mfart\\Desktop\\smart-waste\\frontend\\src\\pages\\Schedule\\__tests__\\SpecialCollectionCheckoutResult.test.jsx": {"lines":{"total":234,"covered":228,"skipped":0,"pct":97.43},"functions":{"total":9,"covered":9,"skipped":0,"pct":100},"statements":{"total":234,"covered":228,"skipped":0,"pct":97.43},"branches":{"total":45,"covered":39,"skipped":0,"pct":86.66}}
,"C:\\Users\\mfart\\Desktop\\smart-waste\\frontend\\src\\pages\\Schedule\\__tests__\\SpecialCollectionPage.test.jsx": {"lines":{"total":213,"covered":201,"skipped":0,"pct":94.36},"functions":{"total":5,"covered":4,"skipped":0,"pct":80},"statements":{"total":213,"covered":201,"skipped":0,"pct":94.36},"branches":{"total":32,"covered":25,"skipped":0,"pct":78.12}}
,"C:\\Users\\mfart\\Desktop\\smart-waste\\frontend\\src\\pages\\Schedule\\__tests__\\useResidentRequests.test.jsx": {"lines":{"total":66,"covered":66,"skipped":0,"pct":100},"functions":{"total":0,"covered":0,"skipped":0,"pct":100},"statements":{"total":66,"covered":66,"skipped":0,"pct":100},"branches":{"total":19,"covered":19,"skipped":0,"pct":100}}
,"C:\\Users\\mfart\\Desktop\\smart-waste\\frontend\\src\\pages\\Schedule\\__tests__\\useSpecialCollectionConfig.test.jsx": {"lines":{"total":58,"covered":58,"skipped":0,"pct":100},"functions":{"total":0,"covered":0,"skipped":0,"pct":100},"statements":{"total":58,"covered":58,"skipped":0,"pct":100},"branches":{"total":15,"covered":15,"skipped":0,"pct":100}}
,"C:\\Users\\mfart\\Desktop\\smart-waste\\frontend\\src\\pages\\Schedule\\__tests__\\utils.test.js": {"lines":{"total":58,"covered":58,"skipped":0,"pct":100},"functions":{"total":0,"covered":0,"skipped":0,"pct":100},"statements":{"total":58,"covered":58,"skipped":0,"pct":100},"branches":{"total":9,"covered":9,"skipped":0,"pct":100}}
,"C:\\Users\\mfart\\Desktop\\smart-waste\\frontend\\src\\pages\\Schedule\\components\\AvailabilitySection.jsx": {"lines":{"total":88,"covered":85,"skipped":0,"pct":96.59},"functions":{"total":2,"covered":2,"skipped":0,"pct":100},"statements":{"total":88,"covered":85,"skipped":0,"pct":96.59},"branches":{"total":27,"covered":24,"skipped":0,"pct":88.88}}
,"C:\\Users\\mfart\\Desktop\\smart-waste\\frontend\\src\\pages\\Schedule\\components\\PaymentSummary.jsx": {"lines":{"total":67,"covered":67,"skipped":0,"pct":100},"functions":{"total":2,"covered":2,"skipped":0,"pct":100},"statements":{"total":67,"covered":67,"skipped":0,"pct":100},"branches":{"total":19,"covered":19,"skipped":0,"pct":100}}
,"C:\\Users\\mfart\\Desktop\\smart-waste\\frontend\\src\\pages\\Schedule\\components\\RequestForm.jsx": {"lines":{"total":301,"covered":287,"skipped":0,"pct":95.34},"functions":{"total":9,"covered":3,"skipped":0,"pct":33.33},"statements":{"total":301,"covered":287,"skipped":0,"pct":95.34},"branches":{"total":45,"covered":28,"skipped":0,"pct":62.22}}
,"C:\\Users\\mfart\\Desktop\\smart-waste\\frontend\\src\\pages\\Schedule\\components\\ScheduledRequests.jsx": {"lines":{"total":95,"covered":94,"skipped":0,"pct":98.94},"functions":{"total":1,"covered":1,"skipped":0,"pct":100},"statements":{"total":95,"covered":94,"skipped":0,"pct":98.94},"branches":{"total":19,"covered":13,"skipped":0,"pct":68.42}}
,"C:\\Users\\mfart\\Desktop\\smart-waste\\frontend\\src\\pages\\Schedule\\hooks\\useResidentRequests.js": {"lines":{"total":39,"covered":39,"skipped":0,"pct":100},"functions":{"total":1,"covered":1,"skipped":0,"pct":100},"statements":{"total":39,"covered":39,"skipped":0,"pct":100},"branches":{"total":15,"covered":13,"skipped":0,"pct":86.66}}
,"C:\\Users\\mfart\\Desktop\\smart-waste\\frontend\\src\\pages\\Schedule\\hooks\\useSpecialCollectionConfig.js": {"lines":{"total":43,"covered":41,"skipped":0,"pct":95.34},"functions":{"total":2,"covered":2,"skipped":0,"pct":100},"statements":{"total":43,"covered":41,"skipped":0,"pct":95.34},"branches":{"total":16,"covered":12,"skipped":0,"pct":75}}
}
