{"total": {"lines":{"total":134,"covered":134,"skipped":0,"pct":100},"statements":{"total":134,"covered":134,"skipped":0,"pct":100},"functions":{"total":2,"covered":2,"skipped":0,"pct":100},"branches":{"total":50,"covered":45,"skipped":0,"pct":90},"branchesTrue":{"total":0,"covered":0,"skipped":0,"pct":"Unknown"}}
,"C:\\Users\\mfart\\Desktop\\smart-waste\\frontend\\src\\pages\\ManageCollectionOps\\reporting.js": {"lines":{"total":134,"covered":134,"skipped":0,"pct":100},"functions":{"total":2,"covered":2,"skipped":0,"pct":100},"statements":{"total":134,"covered":134,"skipped":0,"pct":100},"branches":{"total":50,"covered":45,"skipped":0,"pct":90}}
}
