<?xml version="1.0" encoding="UTF-8"?>
<coverage generated="1760702286121" clover="3.2.0">
  <project timestamp="1760702286121" name="All files">
    <metrics statements="175" coveredstatements="165" conditionals="138" coveredconditionals="108" methods="7" coveredmethods="7" elements="320" coveredelements="280" complexity="0" loc="175" ncloc="175" packages="2" files="4" classes="4"/>
    <package name="models">
      <metrics statements="7" coveredstatements="7" conditionals="0" coveredconditionals="0" methods="0" coveredmethods="0"/>
      <file name="Bill.js" path="C:\Users\SHAKIR\Desktop\CASE_Studie project2\smart-waste\backend\src\models\Bill.js">
        <metrics statements="4" coveredstatements="4" conditionals="0" coveredconditionals="0" methods="0" coveredmethods="0"/>
        <line num="1" count="2" type="stmt"/>
        <line num="3" count="2" type="stmt"/>
        <line num="31" count="2" type="stmt"/>
        <line num="33" count="2" type="stmt"/>
      </file>
      <file name="PaymentTransaction.js" path="C:\Users\SHAKIR\Desktop\CASE_Studie project2\smart-waste\backend\src\models\PaymentTransaction.js">
        <metrics statements="3" coveredstatements="3" conditionals="0" coveredconditionals="0" methods="0" coveredmethods="0"/>
        <line num="1" count="2" type="stmt"/>
        <line num="3" count="2" type="stmt"/>
        <line num="22" count="2" type="stmt"/>
      </file>
    </package>
    <package name="modules.billing">
      <metrics statements="168" coveredstatements="158" conditionals="138" coveredconditionals="108" methods="7" coveredmethods="7"/>
      <file name="controller.js" path="C:\Users\SHAKIR\Desktop\CASE_Studie project2\smart-waste\backend\src\modules\billing\controller.js">
        <metrics statements="161" coveredstatements="151" conditionals="138" coveredconditionals="108" methods="7" coveredmethods="7"/>
        <line num="1" count="25" type="stmt"/>
        <line num="2" count="25" type="stmt"/>
        <line num="3" count="25" type="stmt"/>
        <line num="4" count="25" type="stmt"/>
        <line num="5" count="25" type="stmt"/>
        <line num="6" count="25" type="stmt"/>
        <line num="7" count="25" type="stmt"/>
        <line num="9" count="25" type="stmt"/>
        <line num="10" count="25" type="cond" truecount="2" falsecount="0"/>
        <line num="12" count="25" type="cond" truecount="2" falsecount="0"/>
        <line num="13" count="6" type="stmt"/>
        <line num="16" count="25" type="stmt"/>
        <line num="17" count="25" type="cond" truecount="4" falsecount="0"/>
        <line num="21" count="25" type="cond" truecount="1" falsecount="1"/>
        <line num="22" count="0" type="stmt"/>
        <line num="25" count="25" type="stmt"/>
        <line num="29" count="25" type="stmt"/>
        <line num="38" count="3" type="stmt"/>
        <line num="39" count="3" type="stmt"/>
        <line num="40" count="1" type="stmt"/>
        <line num="41" count="3" type="stmt"/>
        <line num="43" count="1" type="stmt"/>
        <line num="47" count="1" type="stmt"/>
        <line num="48" count="1" type="stmt"/>
        <line num="49" count="2" type="stmt"/>
        <line num="50" count="2" type="cond" truecount="1" falsecount="1"/>
        <line num="51" count="2" type="stmt"/>
        <line num="55" count="1" type="stmt"/>
        <line num="56" count="1" type="stmt"/>
        <line num="58" count="1" type="stmt"/>
        <line num="59" count="1" type="stmt"/>
        <line num="61" count="1" type="stmt"/>
        <line num="62" count="3" type="stmt"/>
        <line num="63" count="3" type="cond" truecount="2" falsecount="0"/>
        <line num="64" count="2" type="stmt"/>
        <line num="67" count="3" type="cond" truecount="2" falsecount="0"/>
        <line num="68" count="2" type="stmt"/>
        <line num="69" count="2" type="cond" truecount="1" falsecount="1"/>
        <line num="70" count="2" type="cond" truecount="4" falsecount="1"/>
        <line num="71" count="2" type="stmt"/>
        <line num="73" count="1" type="cond" truecount="1" falsecount="1"/>
        <line num="74" count="1" type="stmt"/>
        <line num="78" count="1" type="stmt"/>
        <line num="93" count="2" type="cond" truecount="1" falsecount="1"/>
        <line num="94" count="2" type="cond" truecount="1" falsecount="1"/>
        <line num="96" count="0" type="stmt"/>
        <line num="101" count="10" type="stmt"/>
        <line num="102" count="10" type="cond" truecount="2" falsecount="0"/>
        <line num="103" count="2" type="stmt"/>
        <line num="106" count="8" type="stmt"/>
        <line num="107" count="7" type="stmt"/>
        <line num="108" count="7" type="cond" truecount="2" falsecount="0"/>
        <line num="109" count="1" type="stmt"/>
        <line num="112" count="6" type="stmt"/>
        <line num="113" count="6" type="cond" truecount="2" falsecount="0"/>
        <line num="114" count="1" type="stmt"/>
        <line num="116" count="5" type="cond" truecount="2" falsecount="0"/>
        <line num="117" count="1" type="stmt"/>
        <line num="120" count="4" type="cond" truecount="2" falsecount="0"/>
        <line num="122" count="4" type="cond" truecount="2" falsecount="0"/>
        <line num="123" count="4" type="stmt"/>
        <line num="124" count="4" type="cond" truecount="2" falsecount="0"/>
        <line num="125" count="1" type="stmt"/>
        <line num="132" count="3" type="cond" truecount="2" falsecount="0"/>
        <line num="136" count="3" type="stmt"/>
        <line num="143" count="3" type="stmt"/>
        <line num="167" count="2" type="stmt"/>
        <line num="168" count="2" type="stmt"/>
        <line num="170" count="2" type="stmt"/>
        <line num="183" count="2" type="stmt"/>
        <line num="189" count="2" type="cond" truecount="2" falsecount="0"/>
        <line num="190" count="1" type="cond" truecount="1" falsecount="1"/>
        <line num="192" count="1" type="cond" truecount="1" falsecount="1"/>
        <line num="193" count="1" type="stmt"/>
        <line num="195" count="0" type="stmt"/>
        <line num="200" count="12" type="stmt"/>
        <line num="201" count="12" type="cond" truecount="2" falsecount="0"/>
        <line num="202" count="2" type="stmt"/>
        <line num="205" count="10" type="stmt"/>
        <line num="206" count="10" type="stmt"/>
        <line num="210" count="10" type="stmt"/>
        <line num="211" count="10" type="cond" truecount="2" falsecount="0"/>
        <line num="213" count="10" type="cond" truecount="2" falsecount="0"/>
        <line num="214" count="1" type="stmt"/>
        <line num="217" count="9" type="cond" truecount="4" falsecount="0"/>
        <line num="218" count="1" type="stmt"/>
        <line num="221" count="8" type="stmt"/>
        <line num="222" count="8" type="cond" truecount="2" falsecount="0"/>
        <line num="223" count="8" type="cond" truecount="2" falsecount="0"/>
        <line num="227" count="8" type="cond" truecount="4" falsecount="0"/>
        <line num="228" count="8" type="stmt"/>
        <line num="229" count="8" type="stmt"/>
        <line num="230" count="8" type="stmt"/>
        <line num="232" count="8" type="stmt"/>
        <line num="233" count="8" type="cond" truecount="2" falsecount="0"/>
        <line num="234" count="1" type="stmt"/>
        <line num="235" count="7" type="cond" truecount="4" falsecount="0"/>
        <line num="236" count="4" type="stmt"/>
        <line num="237" count="3" type="cond" truecount="4" falsecount="0"/>
        <line num="238" count="1" type="stmt"/>
        <line num="239" count="2" type="cond" truecount="1" falsecount="1"/>
        <line num="240" count="2" type="stmt"/>
        <line num="242" count="0" type="stmt"/>
        <line num="245" count="8" type="stmt"/>
        <line num="246" count="8" type="stmt"/>
        <line num="247" count="8" type="cond" truecount="2" falsecount="0"/>
        <line num="248" count="8" type="cond" truecount="2" falsecount="0"/>
        <line num="249" count="8" type="stmt"/>
        <line num="255" count="8" type="cond" truecount="2" falsecount="0"/>
        <line num="256" count="2" type="cond" truecount="1" falsecount="1"/>
        <line num="258" count="8" type="cond" truecount="2" falsecount="0"/>
        <line num="259" count="1" type="stmt"/>
        <line num="262" count="8" type="stmt"/>
        <line num="264" count="8" type="cond" truecount="4" falsecount="0"/>
        <line num="265" count="4" type="stmt"/>
        <line num="266" count="4" type="stmt"/>
        <line num="267" count="4" type="stmt"/>
        <line num="268" count="4" type="stmt"/>
        <line num="269" count="4" type="stmt"/>
        <line num="271" count="4" type="stmt"/>
        <line num="272" count="4" type="stmt"/>
        <line num="273" count="4" type="cond" truecount="1" falsecount="1"/>
        <line num="274" count="4" type="stmt"/>
        <line num="277" count="1" type="stmt"/>
        <line num="281" count="8" type="stmt"/>
        <line num="282" count="8" type="cond" truecount="2" falsecount="0"/>
        <line num="283" count="2" type="stmt"/>
        <line num="284" count="2" type="cond" truecount="1" falsecount="1"/>
        <line num="285" count="2" type="cond" truecount="2" falsecount="0"/>
        <line num="286" count="1" type="stmt"/>
        <line num="289" count="2" type="cond" truecount="2" falsecount="0"/>
        <line num="290" count="1" type="stmt"/>
        <line num="291" count="1" type="cond" truecount="1" falsecount="1"/>
        <line num="292" count="1" type="stmt"/>
        <line num="293" count="1" type="stmt"/>
        <line num="295" count="1" type="cond" truecount="1" falsecount="1"/>
        <line num="296" count="1" type="stmt"/>
        <line num="297" count="1" type="cond" truecount="1" falsecount="1"/>
        <line num="298" count="1" type="stmt"/>
        <line num="302" count="2" type="stmt"/>
        <line num="304" count="2" type="stmt"/>
        <line num="305" count="2" type="stmt"/>
        <line num="329" count="8" type="stmt"/>
        <line num="363" count="0" type="cond" truecount="0" falsecount="2"/>
        <line num="364" count="0" type="cond" truecount="0" falsecount="2"/>
        <line num="366" count="0" type="cond" truecount="0" falsecount="2"/>
        <line num="367" count="0" type="stmt"/>
        <line num="369" count="0" type="stmt"/>
        <line num="374" count="3" type="stmt"/>
        <line num="375" count="3" type="stmt"/>
        <line num="376" count="3" type="stmt"/>
        <line num="378" count="2" type="stmt"/>
        <line num="383" count="2" type="cond" truecount="2" falsecount="0"/>
        <line num="384" count="1" type="stmt"/>
        <line num="387" count="1" type="stmt"/>
        <line num="389" count="1" type="stmt"/>
        <line num="402" count="1" type="stmt"/>
        <line num="404" count="1" type="cond" truecount="1" falsecount="1"/>
        <line num="405" count="1" type="cond" truecount="1" falsecount="1"/>
        <line num="407" count="0" type="stmt"/>
        <line num="411" count="25" type="stmt"/>
      </file>
      <file name="routes.js" path="C:\Users\SHAKIR\Desktop\CASE_Studie project2\smart-waste\backend\src\modules\billing\routes.js">
        <metrics statements="7" coveredstatements="7" conditionals="0" coveredconditionals="0" methods="0" coveredmethods="0"/>
        <line num="1" count="1" type="stmt"/>
        <line num="2" count="1" type="stmt"/>
        <line num="4" count="1" type="stmt"/>
        <line num="5" count="1" type="stmt"/>
        <line num="6" count="1" type="stmt"/>
        <line num="7" count="1" type="stmt"/>
        <line num="9" count="1" type="stmt"/>
      </file>
    </package>
  </project>
</coverage>
