<?xml version="1.0" encoding="UTF-8"?>
<coverage generated="1761379483451" clover="3.2.0">
  <project timestamp="1761379483451" name="All files">
    <metrics statements="433" coveredstatements="315" conditionals="340" coveredconditionals="184" methods="50" coveredmethods="41" elements="823" coveredelements="540" complexity="0" loc="433" ncloc="433" packages="1" files="3" classes="3"/>
    <file name="controller.js" path="D:\work\Year - 3\sem 2\smart-waste-after-DL-fork\smart-waste-management-system\backend\src\modules\scheduling\controller.js">
      <metrics statements="343" coveredstatements="240" conditionals="281" coveredconditionals="148" methods="38" coveredmethods="30"/>
      <line num="1" count="19" type="stmt"/>
      <line num="2" count="19" type="stmt"/>
      <line num="3" count="19" type="stmt"/>
      <line num="4" count="19" type="stmt"/>
      <line num="5" count="19" type="stmt"/>
      <line num="6" count="19" type="stmt"/>
      <line num="11" count="19" type="stmt"/>
      <line num="12" count="19" type="stmt"/>
      <line num="14" count="19" type="stmt"/>
      <line num="15" count="19" type="cond" truecount="2" falsecount="0"/>
      <line num="18" count="19" type="cond" truecount="1" falsecount="0"/>
      <line num="19" count="5" type="stmt"/>
      <line num="23" count="19" type="stmt"/>
      <line num="26" count="19" type="stmt"/>
      <line num="72" count="19" type="stmt"/>
      <line num="81" count="19" type="stmt"/>
      <line num="84" count="19" type="stmt"/>
      <line num="85" count="76" type="cond" truecount="2" falsecount="0"/>
      <line num="86" count="57" type="stmt"/>
      <line num="88" count="76" type="stmt"/>
      <line num="90" count="19" type="stmt"/>
      <line num="91" count="19" type="stmt"/>
      <line num="93" count="19" type="stmt"/>
      <line num="99" count="19" type="stmt"/>
      <line num="110" count="19" type="stmt"/>
      <line num="117" count="19" type="stmt"/>
      <line num="124" count="19" type="stmt"/>
      <line num="128" count="19" type="stmt"/>
      <line num="136" count="36" type="stmt"/>
      <line num="140" count="1" type="stmt"/>
      <line num="149" count="17" type="cond" truecount="1" falsecount="1"/>
      <line num="150" count="17" type="stmt"/>
      <line num="154" count="325" type="stmt"/>
      <line num="155" count="325" type="stmt"/>
      <line num="156" count="325" type="stmt"/>
      <line num="160" count="325" type="stmt"/>
      <line num="165" count="13" type="stmt"/>
      <line num="166" count="13" type="stmt"/>
      <line num="167" count="13" type="stmt"/>
      <line num="169" count="13" type="stmt"/>
      <line num="170" count="65" type="stmt"/>
      <line num="171" count="65" type="stmt"/>
      <line num="173" count="65" type="stmt"/>
      <line num="174" count="325" type="stmt"/>
      <line num="175" count="325" type="stmt"/>
      <line num="177" count="325" type="stmt"/>
      <line num="178" count="325" type="stmt"/>
      <line num="180" count="325" type="stmt"/>
      <line num="187" count="13" type="stmt"/>
      <line num="191" count="11" type="stmt"/>
      <line num="192" count="11" type="stmt"/>
      <line num="193" count="11" type="stmt"/>
      <line num="194" count="11" type="stmt"/>
      <line num="195" count="11" type="stmt"/>
      <line num="200" count="11" type="stmt"/>
      <line num="201" count="11" type="stmt"/>
      <line num="202" count="275" type="cond" truecount="3" falsecount="0"/>
      <line num="210" count="7" type="stmt"/>
      <line num="211" count="7" type="stmt"/>
      <line num="212" count="35" type="stmt"/>
      <line num="216" count="35" type="stmt"/>
      <line num="217" count="35" type="stmt"/>
      <line num="223" count="35" type="stmt"/>
      <line num="227" count="25" type="stmt"/>
      <line num="228" count="25" type="cond" truecount="4" falsecount="0"/>
      <line num="233" count="15" type="cond" truecount="1" falsecount="1"/>
      <line num="234" count="0" type="stmt"/>
      <line num="244" count="15" type="stmt"/>
      <line num="246" count="15" type="cond" truecount="1" falsecount="1"/>
      <line num="247" count="15" type="stmt"/>
      <line num="248" count="15" type="stmt"/>
      <line num="250" count="15" type="stmt"/>
      <line num="252" count="15" type="cond" truecount="3" falsecount="1"/>
      <line num="253" count="0" type="cond" truecount="0" falsecount="3"/>
      <line num="255" count="15" type="cond" truecount="5" falsecount="0"/>
      <line num="256" count="5" type="stmt"/>
      <line num="259" count="15" type="stmt"/>
      <line num="260" count="15" type="cond" truecount="4" falsecount="0"/>
      <line num="261" count="10" type="stmt"/>
      <line num="262" count="10" type="stmt"/>
      <line num="263" count="10" type="stmt"/>
      <line num="264" count="10" type="stmt"/>
      <line num="267" count="15" type="stmt"/>
      <line num="268" count="15" type="stmt"/>
      <line num="269" count="15" type="stmt"/>
      <line num="271" count="15" type="stmt"/>
      <line num="272" count="15" type="stmt"/>
      <line num="273" count="15" type="stmt"/>
      <line num="275" count="15" type="stmt"/>
      <line num="276" count="15" type="stmt"/>
      <line num="277" count="15" type="stmt"/>
      <line num="279" count="15" type="stmt"/>
      <line num="291" count="2" type="stmt"/>
      <line num="292" count="2" type="stmt"/>
      <line num="297" count="2" type="cond" truecount="1" falsecount="1"/>
      <line num="298" count="2" type="stmt"/>
      <line num="301" count="0" type="stmt"/>
      <line num="302" count="0" type="stmt"/>
      <line num="310" count="0" type="stmt"/>
      <line num="320" count="0" type="stmt"/>
      <line num="321" count="0" type="stmt"/>
      <line num="322" count="0" type="stmt"/>
      <line num="327" count="0" type="stmt"/>
      <line num="360" count="0" type="stmt"/>
      <line num="361" count="0" type="cond" truecount="0" falsecount="2"/>
      <line num="363" count="0" type="stmt"/>
      <line num="377" count="0" type="stmt"/>
      <line num="378" count="0" type="stmt"/>
      <line num="379" count="0" type="stmt"/>
      <line num="381" count="0" type="stmt"/>
      <line num="386" count="2" type="stmt"/>
      <line num="387" count="2" type="stmt"/>
      <line num="400" count="0" type="stmt"/>
      <line num="401" count="0" type="stmt"/>
      <line num="404" count="0" type="stmt"/>
      <line num="405" count="0" type="stmt"/>
      <line num="409" count="2" type="stmt"/>
      <line num="410" count="2" type="cond" truecount="1" falsecount="1"/>
      <line num="411" count="2" type="cond" truecount="1" falsecount="1"/>
      <line num="413" count="2" type="cond" truecount="1" falsecount="1"/>
      <line num="414" count="2" type="cond" truecount="1" falsecount="1"/>
      <line num="417" count="2" type="cond" truecount="1" falsecount="1"/>
      <line num="418" count="2" type="stmt"/>
      <line num="419" count="2" type="stmt"/>
      <line num="422" count="0" type="stmt"/>
      <line num="426" count="19" type="stmt"/>
      <line num="428" count="19" type="cond" truecount="1" falsecount="1"/>
      <line num="429" count="0" type="stmt"/>
      <line num="430" count="0" type="stmt"/>
      <line num="431" count="0" type="stmt"/>
      <line num="434" count="0" type="cond" truecount="0" falsecount="2"/>
      <line num="435" count="0" type="stmt"/>
      <line num="451" count="2" type="stmt"/>
      <line num="453" count="2" type="stmt"/>
      <line num="457" count="2" type="cond" truecount="1" falsecount="1"/>
      <line num="458" count="0" type="stmt"/>
      <line num="459" count="0" type="stmt"/>
      <line num="460" count="0" type="stmt"/>
      <line num="463" count="2" type="cond" truecount="2" falsecount="2"/>
      <line num="464" count="0" type="stmt"/>
      <line num="465" count="0" type="stmt"/>
      <line num="466" count="0" type="stmt"/>
      <line num="469" count="2" type="stmt"/>
      <line num="502" count="2" type="stmt"/>
      <line num="503" count="2" type="stmt"/>
      <line num="505" count="2" type="cond" truecount="2" falsecount="0"/>
      <line num="506" count="1" type="stmt"/>
      <line num="507" count="1" type="stmt"/>
      <line num="513" count="0" type="stmt"/>
      <line num="516" count="1" type="stmt"/>
      <line num="547" count="1" type="cond" truecount="1" falsecount="1"/>
      <line num="548" count="1" type="stmt"/>
      <line num="553" count="0" type="stmt"/>
      <line num="557" count="2" type="stmt"/>
      <line num="559" count="2" type="stmt"/>
      <line num="564" count="19" type="stmt"/>
      <line num="565" count="19" type="cond" truecount="2" falsecount="0"/>
      <line num="566" count="1" type="stmt"/>
      <line num="567" count="1" type="stmt"/>
      <line num="568" count="1" type="stmt"/>
      <line num="570" count="18" type="cond" truecount="1" falsecount="1"/>
      <line num="571" count="0" type="stmt"/>
      <line num="572" count="0" type="stmt"/>
      <line num="573" count="0" type="stmt"/>
      <line num="575" count="18" type="stmt"/>
      <line num="580" count="1" type="stmt"/>
      <line num="589" count="9" type="stmt"/>
      <line num="590" count="9" type="stmt"/>
      <line num="591" count="9" type="stmt"/>
      <line num="593" count="8" type="stmt"/>
      <line num="594" count="8" type="cond" truecount="1" falsecount="1"/>
      <line num="595" count="0" type="stmt"/>
      <line num="597" count="8" type="cond" truecount="2" falsecount="0"/>
      <line num="598" count="1" type="stmt"/>
      <line num="601" count="7" type="stmt"/>
      <line num="602" count="7" type="cond" truecount="1" falsecount="1"/>
      <line num="603" count="0" type="stmt"/>
      <line num="606" count="7" type="stmt"/>
      <line num="607" count="7" type="stmt"/>
      <line num="610" count="7" type="stmt"/>
      <line num="612" count="7" type="stmt"/>
      <line num="620" count="1" type="cond" truecount="1" falsecount="1"/>
      <line num="621" count="0" type="stmt"/>
      <line num="623" count="1" type="cond" truecount="1" falsecount="1"/>
      <line num="624" count="1" type="stmt"/>
      <line num="626" count="0" type="cond" truecount="0" falsecount="2"/>
      <line num="627" count="0" type="stmt"/>
      <line num="629" count="0" type="stmt"/>
      <line num="635" count="3" type="stmt"/>
      <line num="636" count="3" type="stmt"/>
      <line num="637" count="3" type="stmt"/>
      <line num="638" count="3" type="stmt"/>
      <line num="640" count="3" type="cond" truecount="1" falsecount="1"/>
      <line num="641" count="0" type="stmt"/>
      <line num="643" count="3" type="cond" truecount="1" falsecount="1"/>
      <line num="644" count="0" type="stmt"/>
      <line num="647" count="3" type="stmt"/>
      <line num="648" count="3" type="cond" truecount="1" falsecount="1"/>
      <line num="649" count="0" type="stmt"/>
      <line num="652" count="3" type="stmt"/>
      <line num="653" count="3" type="cond" truecount="1" falsecount="1"/>
      <line num="655" count="3" type="cond" truecount="5" falsecount="0"/>
      <line num="656" count="1" type="stmt"/>
      <line num="659" count="2" type="stmt"/>
      <line num="660" count="2" type="stmt"/>
      <line num="661" count="6" type="stmt"/>
      <line num="662" count="2" type="cond" truecount="2" falsecount="0"/>
      <line num="663" count="1" type="stmt"/>
      <line num="666" count="1" type="stmt"/>
      <line num="680" count="1" type="stmt"/>
      <line num="694" count="1" type="stmt"/>
      <line num="702" count="0" type="cond" truecount="0" falsecount="2"/>
      <line num="703" count="0" type="stmt"/>
      <line num="705" count="0" type="cond" truecount="0" falsecount="2"/>
      <line num="706" count="0" type="stmt"/>
      <line num="708" count="0" type="cond" truecount="0" falsecount="2"/>
      <line num="709" count="0" type="stmt"/>
      <line num="711" count="0" type="cond" truecount="0" falsecount="2"/>
      <line num="712" count="0" type="stmt"/>
      <line num="715" count="0" type="stmt"/>
      <line num="717" count="0" type="stmt"/>
      <line num="723" count="4" type="stmt"/>
      <line num="724" count="4" type="cond" truecount="2" falsecount="0"/>
      <line num="725" count="1" type="stmt"/>
      <line num="728" count="3" type="stmt"/>
      <line num="729" count="3" type="stmt"/>
      <line num="731" count="3" type="stmt"/>
      <line num="732" count="3" type="cond" truecount="1" falsecount="1"/>
      <line num="733" count="0" type="stmt"/>
      <line num="735" count="3" type="cond" truecount="1" falsecount="1"/>
      <line num="736" count="0" type="stmt"/>
      <line num="739" count="3" type="stmt"/>
      <line num="740" count="3" type="cond" truecount="1" falsecount="1"/>
      <line num="741" count="0" type="stmt"/>
      <line num="744" count="3" type="stmt"/>
      <line num="745" count="3" type="cond" truecount="2" falsecount="0"/>
      <line num="746" count="1" type="stmt"/>
      <line num="749" count="2" type="stmt"/>
      <line num="750" count="2" type="stmt"/>
      <line num="751" count="2" type="stmt"/>
      <line num="752" count="2" type="cond" truecount="1" falsecount="1"/>
      <line num="753" count="0" type="stmt"/>
      <line num="756" count="2" type="stmt"/>
      <line num="760" count="2" type="stmt"/>
      <line num="761" count="2" type="cond" truecount="2" falsecount="0"/>
      <line num="762" count="1" type="stmt"/>
      <line num="765" count="1" type="stmt"/>
      <line num="786" count="1" type="stmt"/>
      <line num="807" count="1" type="stmt"/>
      <line num="819" count="1" type="stmt"/>
      <line num="826" count="0" type="cond" truecount="0" falsecount="2"/>
      <line num="827" count="0" type="stmt"/>
      <line num="829" count="0" type="cond" truecount="0" falsecount="2"/>
      <line num="830" count="0" type="stmt"/>
      <line num="832" count="0" type="cond" truecount="0" falsecount="2"/>
      <line num="833" count="0" type="stmt"/>
      <line num="835" count="0" type="cond" truecount="0" falsecount="2"/>
      <line num="836" count="0" type="stmt"/>
      <line num="838" count="0" type="stmt"/>
      <line num="844" count="3" type="stmt"/>
      <line num="845" count="3" type="cond" truecount="1" falsecount="1"/>
      <line num="846" count="0" type="stmt"/>
      <line num="849" count="3" type="stmt"/>
      <line num="850" count="3" type="stmt"/>
      <line num="852" count="3" type="stmt"/>
      <line num="853" count="3" type="cond" truecount="1" falsecount="1"/>
      <line num="854" count="0" type="stmt"/>
      <line num="857" count="3" type="cond" truecount="2" falsecount="2"/>
      <line num="858" count="0" type="stmt"/>
      <line num="859" count="0" type="stmt"/>
      <line num="862" count="3" type="stmt"/>
      <line num="866" count="3" type="cond" truecount="1" falsecount="1"/>
      <line num="870" count="3" type="stmt"/>
      <line num="871" count="3" type="cond" truecount="2" falsecount="0"/>
      <line num="872" count="3" type="cond" truecount="4" falsecount="0"/>
      <line num="877" count="3" type="stmt"/>
      <line num="882" count="3" type="cond" truecount="1" falsecount="2"/>
      <line num="883" count="3" type="stmt"/>
      <line num="897" count="3" type="cond" truecount="2" falsecount="0"/>
      <line num="911" count="1" type="stmt"/>
      <line num="914" count="1" type="stmt"/>
      <line num="917" count="2" type="stmt"/>
      <line num="918" count="2" type="stmt"/>
      <line num="919" count="2" type="cond" truecount="3" falsecount="1"/>
      <line num="920" count="0" type="stmt"/>
      <line num="923" count="0" type="stmt"/>
      <line num="926" count="2" type="stmt"/>
      <line num="927" count="2" type="stmt"/>
      <line num="928" count="2" type="cond" truecount="3" falsecount="1"/>
      <line num="929" count="0" type="stmt"/>
      <line num="932" count="0" type="stmt"/>
      <line num="935" count="2" type="stmt"/>
      <line num="937" count="2" type="cond" truecount="2" falsecount="0"/>
      <line num="938" count="1" type="cond" truecount="1" falsecount="1"/>
      <line num="939" count="0" type="stmt"/>
      <line num="945" count="0" type="stmt"/>
      <line num="948" count="1" type="stmt"/>
      <line num="951" count="1" type="stmt"/>
      <line num="952" count="1" type="cond" truecount="1" falsecount="1"/>
      <line num="953" count="0" type="stmt"/>
      <line num="959" count="0" type="stmt"/>
      <line num="961" count="1" type="stmt"/>
      <line num="972" count="1" type="stmt"/>
      <line num="978" count="0" type="cond" truecount="0" falsecount="2"/>
      <line num="979" count="0" type="stmt"/>
      <line num="981" count="0" type="cond" truecount="0" falsecount="2"/>
      <line num="982" count="0" type="stmt"/>
      <line num="984" count="0" type="cond" truecount="0" falsecount="2"/>
      <line num="985" count="0" type="stmt"/>
      <line num="987" count="0" type="cond" truecount="0" falsecount="2"/>
      <line num="988" count="0" type="stmt"/>
      <line num="990" count="0" type="cond" truecount="0" falsecount="2"/>
      <line num="991" count="0" type="stmt"/>
      <line num="993" count="0" type="stmt"/>
      <line num="999" count="1" type="stmt"/>
      <line num="1000" count="1" type="stmt"/>
      <line num="1001" count="1" type="stmt"/>
      <line num="1003" count="1" type="stmt"/>
      <line num="1007" count="1" type="stmt"/>
      <line num="1009" count="0" type="cond" truecount="0" falsecount="2"/>
      <line num="1010" count="0" type="stmt"/>
      <line num="1012" count="0" type="cond" truecount="0" falsecount="2"/>
      <line num="1013" count="0" type="stmt"/>
      <line num="1015" count="0" type="cond" truecount="0" falsecount="2"/>
      <line num="1016" count="0" type="stmt"/>
      <line num="1018" count="0" type="stmt"/>
      <line num="1024" count="2" type="stmt"/>
      <line num="1025" count="2" type="stmt"/>
      <line num="1026" count="2" type="stmt"/>
      <line num="1028" count="2" type="stmt"/>
      <line num="1030" count="2" type="stmt"/>
      <line num="1031" count="2" type="cond" truecount="1" falsecount="1"/>
      <line num="1032" count="0" type="stmt"/>
      <line num="1035" count="2" type="cond" truecount="2" falsecount="0"/>
      <line num="1036" count="1" type="stmt"/>
      <line num="1039" count="1" type="stmt"/>
      <line num="1045" count="1" type="stmt"/>
      <line num="1046" count="1" type="stmt"/>
      <line num="1047" count="1" type="stmt"/>
      <line num="1049" count="0" type="cond" truecount="0" falsecount="2"/>
      <line num="1050" count="0" type="cond" truecount="0" falsecount="2"/>
      <line num="1052" count="0" type="stmt"/>
      <line num="1056" count="19" type="stmt"/>
    </file>
    <file name="receipt.js" path="D:\work\Year - 3\sem 2\smart-waste-after-DL-fork\smart-waste-management-system\backend\src\modules\scheduling\receipt.js">
      <metrics statements="80" coveredstatements="75" conditionals="59" coveredconditionals="36" methods="12" coveredmethods="11"/>
      <line num="1" count="1" type="stmt"/>
      <line num="3" count="1" type="stmt"/>
      <line num="6" count="1" type="stmt"/>
      <line num="14" count="1" type="stmt"/>
      <line num="15" count="8" type="cond" truecount="2" falsecount="0"/>
      <line num="16" count="8" type="cond" truecount="2" falsecount="0"/>
      <line num="17" count="1" type="stmt"/>
      <line num="19" count="7" type="stmt"/>
      <line num="23" count="8" type="stmt"/>
      <line num="24" count="8" type="cond" truecount="2" falsecount="0"/>
      <line num="25" count="2" type="stmt"/>
      <line num="27" count="6" type="stmt"/>
      <line num="31" count="2" type="cond" truecount="1" falsecount="1"/>
      <line num="39" count="4" type="cond" truecount="1" falsecount="1"/>
      <line num="46" count="2" type="stmt"/>
      <line num="57" count="0" type="cond" truecount="0" falsecount="2"/>
      <line num="58" count="0" type="stmt"/>
      <line num="60" count="0" type="cond" truecount="0" falsecount="1"/>
      <line num="61" count="0" type="stmt"/>
      <line num="62" count="0" type="cond" truecount="0" falsecount="2"/>
      <line num="67" count="2" type="stmt"/>
      <line num="68" count="2" type="stmt"/>
      <line num="71" count="4" type="cond" truecount="2" falsecount="0"/>
      <line num="73" count="2" type="cond" truecount="1" falsecount="2"/>
      <line num="74" count="2" type="stmt"/>
      <line num="82" count="138" type="stmt"/>
      <line num="84" count="2" type="stmt"/>
      <line num="85" count="2" type="stmt"/>
      <line num="86" count="2" type="stmt"/>
      <line num="89" count="2" type="stmt"/>
      <line num="93" count="2" type="stmt"/>
      <line num="94" count="2" type="stmt"/>
      <line num="95" count="2" type="stmt"/>
      <line num="96" count="2" type="stmt"/>
      <line num="97" count="2" type="stmt"/>
      <line num="98" count="2" type="stmt"/>
      <line num="100" count="2" type="stmt"/>
      <line num="101" count="2" type="stmt"/>
      <line num="102" count="2" type="stmt"/>
      <line num="103" count="2" type="stmt"/>
      <line num="104" count="2" type="stmt"/>
      <line num="106" count="2" type="stmt"/>
      <line num="107" count="2" type="stmt"/>
      <line num="108" count="2" type="stmt"/>
      <line num="109" count="2" type="stmt"/>
      <line num="110" count="2" type="cond" truecount="1" falsecount="1"/>
      <line num="111" count="2" type="cond" truecount="1" falsecount="1"/>
      <line num="112" count="2" type="cond" truecount="1" falsecount="1"/>
      <line num="113" count="2" type="cond" truecount="1" falsecount="1"/>
      <line num="114" count="2" type="cond" truecount="1" falsecount="2"/>
      <line num="115" count="2" type="cond" truecount="1" falsecount="1"/>
      <line num="116" count="2" type="cond" truecount="1" falsecount="2"/>
      <line num="117" count="2" type="cond" truecount="1" falsecount="1"/>
      <line num="118" count="2" type="stmt"/>
      <line num="119" count="2" type="cond" truecount="2" falsecount="0"/>
      <line num="120" count="1" type="stmt"/>
      <line num="122" count="2" type="stmt"/>
      <line num="123" count="2" type="cond" truecount="2" falsecount="0"/>
      <line num="124" count="1" type="stmt"/>
      <line num="126" count="2" type="stmt"/>
      <line num="127" count="2" type="stmt"/>
      <line num="129" count="2" type="stmt"/>
      <line num="130" count="2" type="stmt"/>
      <line num="131" count="2" type="stmt"/>
      <line num="133" count="2" type="stmt"/>
      <line num="134" count="2" type="stmt"/>
      <line num="135" count="2" type="stmt"/>
      <line num="136" count="2" type="stmt"/>
      <line num="143" count="2" type="stmt"/>
      <line num="145" count="2" type="stmt"/>
      <line num="146" count="8" type="stmt"/>
      <line num="147" count="8" type="cond" truecount="2" falsecount="0"/>
      <line num="148" count="6" type="stmt"/>
      <line num="153" count="8" type="cond" truecount="2" falsecount="0"/>
      <line num="154" count="8" type="cond" truecount="2" falsecount="0"/>
      <line num="157" count="2" type="stmt"/>
      <line num="158" count="2" type="stmt"/>
      <line num="160" count="2" type="stmt"/>
      <line num="162" count="2" type="stmt"/>
      <line num="165" count="1" type="stmt"/>
    </file>
    <file name="routes.js" path="D:\work\Year - 3\sem 2\smart-waste-after-DL-fork\smart-waste-management-system\backend\src\modules\scheduling\routes.js">
      <metrics statements="10" coveredstatements="0" conditionals="0" coveredconditionals="0" methods="0" coveredmethods="0"/>
      <line num="2" count="0" type="stmt"/>
      <line num="3" count="0" type="stmt"/>
      <line num="5" count="0" type="stmt"/>
      <line num="6" count="0" type="stmt"/>
      <line num="7" count="0" type="stmt"/>
      <line num="8" count="0" type="stmt"/>
      <line num="9" count="0" type="stmt"/>
      <line num="10" count="0" type="stmt"/>
      <line num="11" count="0" type="stmt"/>
      <line num="13" count="0" type="stmt"/>
    </file>
  </project>
</coverage>
