{"C:\\Users\\ASUS\\Documents\\GitHub\\smart-waste\\backend\\src\\routes.js": {"path":"C:\\Users\\ASUS\\Documents\\GitHub\\smart-waste\\backend\\src\\routes.js","statementMap":{"0":{"start":{"line":1,"column":15},"end":{"line":1,"column":42}},"1":{"start":{"line":3,"column":0},"end":{"line":3,"column":62}},"2":{"start":{"line":4,"column":0},"end":{"line":4,"column":65}},"3":{"start":{"line":5,"column":0},"end":{"line":5,"column":60}},"4":{"start":{"line":6,"column":0},"end":{"line":6,"column":64}},"5":{"start":{"line":7,"column":0},"end":{"line":7,"column":54}},"6":{"start":{"line":9,"column":0},"end":{"line":9,"column":24}}},"fnMap":{},"branchMap":{},"s":{"0":0,"1":0,"2":0,"3":0,"4":0,"5":0,"6":0},"f":{},"b":{}}
,"C:\\Users\\ASUS\\Documents\\GitHub\\smart-waste\\backend\\src\\models\\Bill.js": {"path":"C:\\Users\\ASUS\\Documents\\GitHub\\smart-waste\\backend\\src\\models\\Bill.js","statementMap":{"0":{"start":{"line":1,"column":33},"end":{"line":1,"column":52}},"1":{"start":{"line":3,"column":19},"end":{"line":29,"column":24}},"2":{"start":{"line":31,"column":0},"end":{"line":31,"column":33}},"3":{"start":{"line":33,"column":0},"end":{"line":33,"column":43}}},"fnMap":{},"branchMap":{},"s":{"0":0,"1":0,"2":0,"3":0},"f":{},"b":{}}
,"C:\\Users\\ASUS\\Documents\\GitHub\\smart-waste\\backend\\src\\models\\City.js": {"path":"C:\\Users\\ASUS\\Documents\\GitHub\\smart-waste\\backend\\src\\models\\City.js","statementMap":{"0":{"start":{"line":1,"column":26},"end":{"line":1,"column":45}},"1":{"start":{"line":3,"column":19},"end":{"line":6,"column":1}},"2":{"start":{"line":8,"column":15},"end":{"line":16,"column":24}},"3":{"start":{"line":18,"column":0},"end":{"line":18,"column":38}}},"fnMap":{},"branchMap":{},"s":{"0":0,"1":0,"2":0,"3":0},"f":{},"b":{}}
,"C:\\Users\\ASUS\\Documents\\GitHub\\smart-waste\\backend\\src\\models\\CollectionEvent.js": {"path":"C:\\Users\\ASUS\\Documents\\GitHub\\smart-waste\\backend\\src\\models\\CollectionEvent.js","statementMap":{"0":{"start":{"line":1,"column":26},"end":{"line":1,"column":45}},"1":{"start":{"line":2,"column":15},"end":{"line":7,"column":24}},"2":{"start":{"line":8,"column":0},"end":{"line":8,"column":50}}},"fnMap":{},"branchMap":{},"s":{"0":0,"1":0,"2":0},"f":{},"b":{}}
,"C:\\Users\\ASUS\\Documents\\GitHub\\smart-waste\\backend\\src\\models\\PaymentTransaction.js": {"path":"C:\\Users\\ASUS\\Documents\\GitHub\\smart-waste\\backend\\src\\models\\PaymentTransaction.js","statementMap":{"0":{"start":{"line":1,"column":33},"end":{"line":1,"column":52}},"1":{"start":{"line":3,"column":26},"end":{"line":20,"column":24}},"2":{"start":{"line":22,"column":0},"end":{"line":22,"column":64}}},"fnMap":{},"branchMap":{},"s":{"0":0,"1":0,"2":0},"f":{},"b":{}}
,"C:\\Users\\ASUS\\Documents\\GitHub\\smart-waste\\backend\\src\\models\\RoutePlan.js": {"path":"C:\\Users\\ASUS\\Documents\\GitHub\\smart-waste\\backend\\src\\models\\RoutePlan.js","statementMap":{"0":{"start":{"line":1,"column":26},"end":{"line":1,"column":45}},"1":{"start":{"line":2,"column":13},"end":{"line":4,"column":18}},"2":{"start":{"line":5,"column":15},"end":{"line":23,"column":24}},"3":{"start":{"line":25,"column":0},"end":{"line":25,"column":46}},"4":{"start":{"line":27,"column":0},"end":{"line":27,"column":44}}},"fnMap":{},"branchMap":{},"s":{"0":0,"1":0,"2":0,"3":0,"4":0},"f":{},"b":{}}
,"C:\\Users\\ASUS\\Documents\\GitHub\\smart-waste\\backend\\src\\models\\SpecialCollectionPayment.js": {"path":"C:\\Users\\ASUS\\Documents\\GitHub\\smart-waste\\backend\\src\\models\\SpecialCollectionPayment.js","statementMap":{"0":{"start":{"line":1,"column":33},"end":{"line":1,"column":52}},"1":{"start":{"line":3,"column":22},"end":{"line":18,"column":24}},"2":{"start":{"line":20,"column":0},"end":{"line":20,"column":38}},"3":{"start":{"line":21,"column":0},"end":{"line":21,"column":50}},"4":{"start":{"line":23,"column":0},"end":{"line":23,"column":66}}},"fnMap":{},"branchMap":{},"s":{"0":0,"1":0,"2":0,"3":0,"4":0},"f":{},"b":{}}
,"C:\\Users\\ASUS\\Documents\\GitHub\\smart-waste\\backend\\src\\models\\SpecialCollectionRequest.js": {"path":"C:\\Users\\ASUS\\Documents\\GitHub\\smart-waste\\backend\\src\\models\\SpecialCollectionRequest.js","statementMap":{"0":{"start":{"line":1,"column":33},"end":{"line":1,"column":52}},"1":{"start":{"line":3,"column":19},"end":{"line":7,"column":18}},"2":{"start":{"line":9,"column":22},"end":{"line":50,"column":24}},"3":{"start":{"line":52,"column":0},"end":{"line":52,"column":42}},"4":{"start":{"line":53,"column":0},"end":{"line":53,"column":50}},"5":{"start":{"line":55,"column":0},"end":{"line":55,"column":66}}},"fnMap":{},"branchMap":{},"s":{"0":0,"1":0,"2":0,"3":0,"4":0,"5":0},"f":{},"b":{}}
,"C:\\Users\\ASUS\\Documents\\GitHub\\smart-waste\\backend\\src\\models\\User.js": {"path":"C:\\Users\\ASUS\\Documents\\GitHub\\smart-waste\\backend\\src\\models\\User.js","statementMap":{"0":{"start":{"line":1,"column":17},"end":{"line":1,"column":36}},"1":{"start":{"line":2,"column":15},"end":{"line":2,"column":34}},"2":{"start":{"line":4,"column":19},"end":{"line":40,"column":2}},"3":{"start":{"line":42,"column":0},"end":{"line":44,"column":2}},"4":{"start":{"line":43,"column":2},"end":{"line":43,"column":54}},"5":{"start":{"line":46,"column":0},"end":{"line":52,"column":2}},"6":{"start":{"line":47,"column":2},"end":{"line":51,"column":3}},"7":{"start":{"line":48,"column":4},"end":{"line":48,"column":33}},"8":{"start":{"line":49,"column":4},"end":{"line":49,"column":26}},"9":{"start":{"line":50,"column":4},"end":{"line":50,"column":22}},"10":{"start":{"line":54,"column":0},"end":{"line":77,"column":2}},"11":{"start":{"line":55,"column":14},"end":{"line":55,"column":24}},"12":{"start":{"line":57,"column":2},"end":{"line":59,"column":3}},"13":{"start":{"line":58,"column":4},"end":{"line":58,"column":26}},"14":{"start":{"line":61,"column":2},"end":{"line":64,"column":3}},"15":{"start":{"line":62,"column":4},"end":{"line":62,"column":33}},"16":{"start":{"line":63,"column":4},"end":{"line":63,"column":26}},"17":{"start":{"line":66,"column":2},"end":{"line":66,"column":32}},"18":{"start":{"line":68,"column":2},"end":{"line":73,"column":3}},"19":{"start":{"line":69,"column":22},"end":{"line":69,"column":71}},"20":{"start":{"line":70,"column":4},"end":{"line":70,"column":31}},"21":{"start":{"line":71,"column":4},"end":{"line":71,"column":22}},"22":{"start":{"line":72,"column":4},"end":{"line":72,"column":21}},"23":{"start":{"line":75,"column":2},"end":{"line":75,"column":20}},"24":{"start":{"line":76,"column":2},"end":{"line":76,"column":14}},"25":{"start":{"line":79,"column":0},"end":{"line":82,"column":2}},"26":{"start":{"line":80,"column":21},"end":{"line":80,"column":23}},"27":{"start":{"line":81,"column":2},"end":{"line":81,"column":40}},"28":{"start":{"line":84,"column":0},"end":{"line":84,"column":52}}},"fnMap":{"0":{"name":"verifyPassword","decl":{"start":{"line":42,"column":45},"end":{"line":42,"column":59}},"loc":{"start":{"line":42,"column":71},"end":{"line":44,"column":1}},"line":42},"1":{"name":"resetLoginAttempts","decl":{"start":{"line":46,"column":55},"end":{"line":46,"column":73}},"loc":{"start":{"line":46,"column":76},"end":{"line":52,"column":1}},"line":46},"2":{"name":"registerFailedLogin","decl":{"start":{"line":54,"column":56},"end":{"line":54,"column":75}},"loc":{"start":{"line":54,"column":102},"end":{"line":77,"column":1}},"line":54},"3":{"name":"hashPassword","decl":{"start":{"line":79,"column":43},"end":{"line":79,"column":55}},"loc":{"start":{"line":79,"column":63},"end":{"line":82,"column":1}},"line":79}},"branchMap":{"0":{"loc":{"start":{"line":47,"column":2},"end":{"line":51,"column":3}},"type":"if","locations":[{"start":{"line":47,"column":2},"end":{"line":51,"column":3}},{"start":{},"end":{}}],"line":47},"1":{"loc":{"start":{"line":47,"column":6},"end":{"line":47,"column":54}},"type":"binary-expr","locations":[{"start":{"line":47,"column":6},"end":{"line":47,"column":36}},{"start":{"line":47,"column":40},"end":{"line":47,"column":54}}],"line":47},"2":{"loc":{"start":{"line":57,"column":2},"end":{"line":59,"column":3}},"type":"if","locations":[{"start":{"line":57,"column":2},"end":{"line":59,"column":3}},{"start":{},"end":{}}],"line":57},"3":{"loc":{"start":{"line":57,"column":6},"end":{"line":57,"column":44}},"type":"binary-expr","locations":[{"start":{"line":57,"column":6},"end":{"line":57,"column":20}},{"start":{"line":57,"column":24},"end":{"line":57,"column":44}}],"line":57},"4":{"loc":{"start":{"line":61,"column":2},"end":{"line":64,"column":3}},"type":"if","locations":[{"start":{"line":61,"column":2},"end":{"line":64,"column":3}},{"start":{},"end":{}}],"line":61},"5":{"loc":{"start":{"line":61,"column":6},"end":{"line":61,"column":45}},"type":"binary-expr","locations":[{"start":{"line":61,"column":6},"end":{"line":61,"column":20}},{"start":{"line":61,"column":24},"end":{"line":61,"column":45}}],"line":61},"6":{"loc":{"start":{"line":68,"column":2},"end":{"line":73,"column":3}},"type":"if","locations":[{"start":{"line":68,"column":2},"end":{"line":73,"column":3}},{"start":{},"end":{}}],"line":68}},"s":{"0":4,"1":4,"2":4,"3":4,"4":0,"5":4,"6":0,"7":0,"8":0,"9":0,"10":4,"11":0,"12":0,"13":0,"14":0,"15":0,"16":0,"17":0,"18":0,"19":0,"20":0,"21":0,"22":0,"23":0,"24":0,"25":4,"26":0,"27":0,"28":4},"f":{"0":0,"1":0,"2":0,"3":0},"b":{"0":[0,0],"1":[0,0],"2":[0,0],"3":[0,0],"4":[0,0],"5":[0,0],"6":[0,0]},"_coverageSchema":"1a1c01bbd47fc00a2c39e90264f33305004495a9","hash":"b824bee8cbe4b6ccf41e6c99f1dda868840cc91c"}
,"C:\\Users\\ASUS\\Documents\\GitHub\\smart-waste\\backend\\src\\models\\WasteBin.js": {"path":"C:\\Users\\ASUS\\Documents\\GitHub\\smart-waste\\backend\\src\\models\\WasteBin.js","statementMap":{"0":{"start":{"line":1,"column":26},"end":{"line":1,"column":45}},"1":{"start":{"line":2,"column":15},"end":{"line":11,"column":24}},"2":{"start":{"line":13,"column":0},"end":{"line":13,"column":34}},"3":{"start":{"line":15,"column":0},"end":{"line":15,"column":43}}},"fnMap":{},"branchMap":{},"s":{"0":0,"1":0,"2":0,"3":0},"f":{},"b":{}}
,"C:\\Users\\ASUS\\Documents\\GitHub\\smart-waste\\backend\\src\\models\\WasteCollectionRecord.js": {"path":"C:\\Users\\ASUS\\Documents\\GitHub\\smart-waste\\backend\\src\\models\\WasteCollectionRecord.js","statementMap":{"0":{"start":{"line":1,"column":26},"end":{"line":1,"column":45}},"1":{"start":{"line":7,"column":23},"end":{"line":10,"column":1}},"2":{"start":{"line":12,"column":20},"end":{"line":19,"column":1}},"3":{"start":{"line":21,"column":23},"end":{"line":25,"column":1}},"4":{"start":{"line":47,"column":21},"end":{"line":127,"column":2}},"5":{"start":{"line":53,"column":28},"end":{"line":53,"column":47}},"6":{"start":{"line":133,"column":0},"end":{"line":133,"column":54}},"7":{"start":{"line":134,"column":0},"end":{"line":134,"column":60}},"8":{"start":{"line":135,"column":0},"end":{"line":135,"column":57}},"9":{"start":{"line":136,"column":0},"end":{"line":136,"column":59}},"10":{"start":{"line":142,"column":0},"end":{"line":149,"column":3}},"11":{"start":{"line":143,"column":2},"end":{"line":147,"column":3}},"12":{"start":{"line":144,"column":4},"end":{"line":144,"column":82}},"13":{"start":{"line":146,"column":4},"end":{"line":146,"column":29}},"14":{"start":{"line":148,"column":2},"end":{"line":148,"column":9}},"15":{"start":{"line":155,"column":0},"end":{"line":157,"column":3}},"16":{"start":{"line":156,"column":2},"end":{"line":156,"column":36}},"17":{"start":{"line":165,"column":0},"end":{"line":175,"column":2}},"18":{"start":{"line":166,"column":29},"end":{"line":169,"column":4}},"19":{"start":{"line":171,"column":2},"end":{"line":174,"column":4}},"20":{"start":{"line":183,"column":0},"end":{"line":191,"column":2}},"21":{"start":{"line":184,"column":47},"end":{"line":188,"column":4}},"22":{"start":{"line":190,"column":2},"end":{"line":190,"column":48}},"23":{"start":{"line":194,"column":0},"end":{"line":194,"column":62}},"24":{"start":{"line":195,"column":0},"end":{"line":195,"column":47}},"25":{"start":{"line":196,"column":0},"end":{"line":196,"column":41}},"26":{"start":{"line":197,"column":0},"end":{"line":197,"column":47}}},"fnMap":{"0":{"name":"(anonymous_0)","decl":{"start":{"line":53,"column":17},"end":{"line":53,"column":18}},"loc":{"start":{"line":53,"column":28},"end":{"line":53,"column":47}},"line":53},"1":{"name":"calculateRecyclableRatio","decl":{"start":{"line":142,"column":34},"end":{"line":142,"column":58}},"loc":{"start":{"line":142,"column":65},"end":{"line":149,"column":1}},"line":142},"2":{"name":"(anonymous_2)","decl":{"start":{"line":155,"column":50},"end":{"line":155,"column":51}},"loc":{"start":{"line":155,"column":61},"end":{"line":157,"column":1}},"line":155},"3":{"name":"(anonymous_3)","decl":{"start":{"line":165,"column":36},"end":{"line":165,"column":37}},"loc":{"start":{"line":165,"column":53},"end":{"line":175,"column":1}},"line":165},"4":{"name":"(anonymous_4)","decl":{"start":{"line":183,"column":42},"end":{"line":183,"column":43}},"loc":{"start":{"line":183,"column":59},"end":{"line":191,"column":1}},"line":183}},"branchMap":{"0":{"loc":{"start":{"line":143,"column":2},"end":{"line":147,"column":3}},"type":"if","locations":[{"start":{"line":143,"column":2},"end":{"line":147,"column":3}},{"start":{"line":145,"column":9},"end":{"line":147,"column":3}}],"line":143},"1":{"loc":{"start":{"line":172,"column":10},"end":{"line":172,"column":42}},"type":"binary-expr","locations":[{"start":{"line":172,"column":10},"end":{"line":172,"column":34}},{"start":{"line":172,"column":38},"end":{"line":172,"column":42}}],"line":172},"2":{"loc":{"start":{"line":173,"column":8},"end":{"line":173,"column":38}},"type":"binary-expr","locations":[{"start":{"line":173,"column":8},"end":{"line":173,"column":30}},{"start":{"line":173,"column":34},"end":{"line":173,"column":38}}],"line":173}},"s":{"0":5,"1":5,"2":5,"3":5,"4":5,"5":0,"6":5,"7":5,"8":5,"9":5,"10":5,"11":0,"12":0,"13":0,"14":0,"15":5,"16":0,"17":5,"18":0,"19":0,"20":5,"21":0,"22":0,"23":5,"24":5,"25":5,"26":5},"f":{"0":0,"1":0,"2":0,"3":0,"4":0},"b":{"0":[0,0],"1":[0,0],"2":[0,0]},"_coverageSchema":"1a1c01bbd47fc00a2c39e90264f33305004495a9","hash":"a047ed2454a8e3e2e2338e23402b2c5507338d0f"}
,"C:\\Users\\ASUS\\Documents\\GitHub\\smart-waste\\backend\\src\\modules\\analytics\\controller.js": {"path":"C:\\Users\\ASUS\\Documents\\GitHub\\smart-waste\\backend\\src\\modules\\analytics\\controller.js","statementMap":{"0":{"start":{"line":9,"column":14},"end":{"line":9,"column":28}},"1":{"start":{"line":10,"column":29},"end":{"line":10,"column":55}},"2":{"start":{"line":11,"column":13},"end":{"line":11,"column":41}},"3":{"start":{"line":17,"column":20},"end":{"line":23,"column":1}},"4":{"start":{"line":29,"column":17},"end":{"line":36,"column":1}},"5":{"start":{"line":43,"column":29},"end":{"line":64,"column":11}},"6":{"start":{"line":54,"column":26},"end":{"line":54,"column":36}},"7":{"start":{"line":79,"column":17},"end":{"line":79,"column":51}},"8":{"start":{"line":81,"column":4},"end":{"line":87,"column":5}},"9":{"start":{"line":82,"column":6},"end":{"line":86,"column":8}},"10":{"start":{"line":89,"column":4},"end":{"line":95,"column":5}},"11":{"start":{"line":90,"column":6},"end":{"line":94,"column":8}},"12":{"start":{"line":97,"column":4},"end":{"line":97,"column":38}},"13":{"start":{"line":114,"column":21},"end":{"line":114,"column":39}},"14":{"start":{"line":115,"column":4},"end":{"line":117,"column":5}},"15":{"start":{"line":116,"column":6},"end":{"line":116,"column":33}},"16":{"start":{"line":118,"column":4},"end":{"line":118,"column":53}},"17":{"start":{"line":130,"column":21},"end":{"line":130,"column":43}},"18":{"start":{"line":131,"column":4},"end":{"line":133,"column":5}},"19":{"start":{"line":132,"column":6},"end":{"line":132,"column":46}},"20":{"start":{"line":134,"column":4},"end":{"line":134,"column":49}},"21":{"start":{"line":150,"column":2},"end":{"line":157,"column":3}},"22":{"start":{"line":151,"column":20},"end":{"line":151,"column":61}},"23":{"start":{"line":153,"column":4},"end":{"line":153,"column":77}},"24":{"start":{"line":156,"column":4},"end":{"line":156,"column":23}},"25":{"start":{"line":178,"column":2},"end":{"line":218,"column":3}},"26":{"start":{"line":180,"column":20},"end":{"line":180,"column":56}},"27":{"start":{"line":183,"column":23},"end":{"line":183,"column":84}},"28":{"start":{"line":185,"column":4},"end":{"line":191,"column":5}},"29":{"start":{"line":186,"column":6},"end":{"line":190,"column":8}},"30":{"start":{"line":194,"column":23},"end":{"line":194,"column":78}},"31":{"start":{"line":197,"column":4},"end":{"line":199,"column":5}},"32":{"start":{"line":198,"column":6},"end":{"line":198,"column":69}},"33":{"start":{"line":202,"column":4},"end":{"line":202,"column":79}},"34":{"start":{"line":206,"column":4},"end":{"line":214,"column":5}},"35":{"start":{"line":207,"column":25},"end":{"line":207,"column":42}},"36":{"start":{"line":208,"column":6},"end":{"line":213,"column":8}},"37":{"start":{"line":217,"column":4},"end":{"line":217,"column":23}},"38":{"start":{"line":225,"column":0},"end":{"line":231,"column":2}}},"fnMap":{"0":{"name":"(anonymous_0)","decl":{"start":{"line":54,"column":8},"end":{"line":54,"column":9}},"loc":{"start":{"line":54,"column":26},"end":{"line":54,"column":36}},"line":54},"1":{"name":"(anonymous_1)","decl":{"start":{"line":78,"column":2},"end":{"line":78,"column":3}},"loc":{"start":{"line":78,"column":42},"end":{"line":98,"column":3}},"line":78},"2":{"name":"(anonymous_2)","decl":{"start":{"line":113,"column":2},"end":{"line":113,"column":3}},"loc":{"start":{"line":113,"column":44},"end":{"line":119,"column":3}},"line":113},"3":{"name":"(anonymous_3)","decl":{"start":{"line":129,"column":2},"end":{"line":129,"column":3}},"loc":{"start":{"line":129,"column":64},"end":{"line":135,"column":3}},"line":129},"4":{"name":"getConfig","decl":{"start":{"line":149,"column":15},"end":{"line":149,"column":24}},"loc":{"start":{"line":149,"column":42},"end":{"line":158,"column":1}},"line":149},"5":{"name":"generateReport","decl":{"start":{"line":177,"column":15},"end":{"line":177,"column":29}},"loc":{"start":{"line":177,"column":46},"end":{"line":219,"column":1}},"line":177}},"branchMap":{"0":{"loc":{"start":{"line":81,"column":4},"end":{"line":87,"column":5}},"type":"if","locations":[{"start":{"line":81,"column":4},"end":{"line":87,"column":5}},{"start":{},"end":{}}],"line":81},"1":{"loc":{"start":{"line":89,"column":4},"end":{"line":95,"column":5}},"type":"if","locations":[{"start":{"line":89,"column":4},"end":{"line":95,"column":5}},{"start":{},"end":{}}],"line":89},"2":{"loc":{"start":{"line":113,"column":28},"end":{"line":113,"column":42}},"type":"default-arg","locations":[{"start":{"line":113,"column":38},"end":{"line":113,"column":42}}],"line":113},"3":{"loc":{"start":{"line":115,"column":4},"end":{"line":117,"column":5}},"type":"if","locations":[{"start":{"line":115,"column":4},"end":{"line":117,"column":5}},{"start":{},"end":{}}],"line":115},"4":{"loc":{"start":{"line":129,"column":41},"end":{"line":129,"column":62}},"type":"default-arg","locations":[{"start":{"line":129,"column":58},"end":{"line":129,"column":62}}],"line":129},"5":{"loc":{"start":{"line":131,"column":4},"end":{"line":133,"column":5}},"type":"if","locations":[{"start":{"line":131,"column":4},"end":{"line":133,"column":5}},{"start":{},"end":{}}],"line":131},"6":{"loc":{"start":{"line":185,"column":4},"end":{"line":191,"column":5}},"type":"if","locations":[{"start":{"line":185,"column":4},"end":{"line":191,"column":5}},{"start":{},"end":{}}],"line":185},"7":{"loc":{"start":{"line":197,"column":4},"end":{"line":199,"column":5}},"type":"if","locations":[{"start":{"line":197,"column":4},"end":{"line":199,"column":5}},{"start":{},"end":{}}],"line":197},"8":{"loc":{"start":{"line":206,"column":4},"end":{"line":214,"column":5}},"type":"if","locations":[{"start":{"line":206,"column":4},"end":{"line":214,"column":5}},{"start":{},"end":{}}],"line":206},"9":{"loc":{"start":{"line":211,"column":8},"end":{"line":211,"column":56}},"type":"binary-expr","locations":[{"start":{"line":211,"column":8},"end":{"line":211,"column":27}},{"start":{"line":211,"column":31},"end":{"line":211,"column":56}}],"line":211}},"s":{"0":4,"1":4,"2":4,"3":4,"4":4,"5":4,"6":47,"7":41,"8":41,"9":2,"10":39,"11":2,"12":37,"13":41,"14":41,"15":41,"16":41,"17":14,"18":14,"19":10,"20":14,"21":5,"22":5,"23":5,"24":0,"25":51,"26":51,"27":41,"28":41,"29":4,"30":37,"31":36,"32":2,"33":34,"34":11,"35":10,"36":10,"37":1,"38":4},"f":{"0":47,"1":41,"2":41,"3":14,"4":5,"5":51},"b":{"0":[2,39],"1":[2,37],"2":[0],"3":[41,0],"4":[4],"5":[10,4],"6":[4,37],"7":[2,34],"8":[10,1],"9":[10,0]},"_coverageSchema":"1a1c01bbd47fc00a2c39e90264f33305004495a9","hash":"3402487012691786692031fd7d7c2fa12228077a"}
,"C:\\Users\\ASUS\\Documents\\GitHub\\smart-waste\\backend\\src\\modules\\analytics\\reportService.js": {"path":"C:\\Users\\ASUS\\Documents\\GitHub\\smart-waste\\backend\\src\\modules\\analytics\\reportService.js","statementMap":{"0":{"start":{"line":9,"column":30},"end":{"line":9,"column":75}},"1":{"start":{"line":20,"column":2},"end":{"line":27,"column":16}},"2":{"start":{"line":21,"column":16},"end":{"line":21,"column":31}},"3":{"start":{"line":22,"column":4},"end":{"line":24,"column":5}},"4":{"start":{"line":23,"column":6},"end":{"line":23,"column":31}},"5":{"start":{"line":25,"column":4},"end":{"line":25,"column":36}},"6":{"start":{"line":26,"column":4},"end":{"line":26,"column":23}},"7":{"start":{"line":38,"column":2},"end":{"line":38,"column":41}},"8":{"start":{"line":49,"column":2},"end":{"line":49,"column":75}},"9":{"start":{"line":49,"column":41},"end":{"line":49,"column":70}},"10":{"start":{"line":59,"column":4},"end":{"line":59,"column":28}},"11":{"start":{"line":70,"column":4},"end":{"line":73,"column":6}},"12":{"start":{"line":74,"column":4},"end":{"line":74,"column":16}},"13":{"start":{"line":84,"column":4},"end":{"line":86,"column":5}},"14":{"start":{"line":85,"column":6},"end":{"line":85,"column":51}},"15":{"start":{"line":87,"column":4},"end":{"line":87,"column":16}},"16":{"start":{"line":97,"column":4},"end":{"line":99,"column":5}},"17":{"start":{"line":98,"column":6},"end":{"line":98,"column":57}},"18":{"start":{"line":100,"column":4},"end":{"line":100,"column":16}},"19":{"start":{"line":110,"column":4},"end":{"line":112,"column":5}},"20":{"start":{"line":111,"column":6},"end":{"line":111,"column":63}},"21":{"start":{"line":113,"column":4},"end":{"line":113,"column":16}},"22":{"start":{"line":122,"column":4},"end":{"line":122,"column":30}},"23":{"start":{"line":138,"column":26},"end":{"line":138,"column":74}},"24":{"start":{"line":138,"column":55},"end":{"line":138,"column":73}},"25":{"start":{"line":140,"column":21},"end":{"line":152,"column":4}},"26":{"start":{"line":141,"column":27},"end":{"line":141,"column":57}},"27":{"start":{"line":142,"column":24},"end":{"line":142,"column":36}},"28":{"start":{"line":144,"column":4},"end":{"line":151,"column":6}},"29":{"start":{"line":155,"column":2},"end":{"line":155,"column":58}},"30":{"start":{"line":155,"column":35},"end":{"line":155,"column":56}},"31":{"start":{"line":165,"column":23},"end":{"line":165,"column":79}},"32":{"start":{"line":165,"column":52},"end":{"line":165,"column":78}},"33":{"start":{"line":167,"column":24},"end":{"line":177,"column":4}},"34":{"start":{"line":168,"column":24},"end":{"line":168,"column":54}},"35":{"start":{"line":169,"column":28},"end":{"line":169,"column":40}},"36":{"start":{"line":171,"column":4},"end":{"line":176,"column":6}},"37":{"start":{"line":179,"column":2},"end":{"line":179,"column":61}},"38":{"start":{"line":179,"column":38},"end":{"line":179,"column":59}},"39":{"start":{"line":189,"column":26},"end":{"line":189,"column":85}},"40":{"start":{"line":189,"column":55},"end":{"line":189,"column":84}},"41":{"start":{"line":191,"column":2},"end":{"line":201,"column":5}},"42":{"start":{"line":192,"column":23},"end":{"line":192,"column":57}},"43":{"start":{"line":193,"column":26},"end":{"line":193,"column":63}},"44":{"start":{"line":195,"column":4},"end":{"line":200,"column":6}},"45":{"start":{"line":211,"column":27},"end":{"line":214,"column":3}},"46":{"start":{"line":213,"column":16},"end":{"line":213,"column":74}},"47":{"start":{"line":216,"column":21},"end":{"line":224,"column":4}},"48":{"start":{"line":217,"column":22},"end":{"line":217,"column":52}},"49":{"start":{"line":219,"column":4},"end":{"line":223,"column":6}},"50":{"start":{"line":226,"column":2},"end":{"line":226,"column":61}},"51":{"start":{"line":226,"column":36},"end":{"line":226,"column":58}},"52":{"start":{"line":242,"column":4},"end":{"line":250,"column":6}},"53":{"start":{"line":260,"column":4},"end":{"line":265,"column":6}},"54":{"start":{"line":277,"column":31},"end":{"line":277,"column":63}},"55":{"start":{"line":278,"column":19},"end":{"line":278,"column":48}},"56":{"start":{"line":281,"column":26},"end":{"line":281,"column":55}},"57":{"start":{"line":282,"column":25},"end":{"line":282,"column":57}},"58":{"start":{"line":283,"column":23},"end":{"line":283,"column":51}},"59":{"start":{"line":284,"column":23},"end":{"line":284,"column":55}},"60":{"start":{"line":286,"column":4},"end":{"line":303,"column":6}},"61":{"start":{"line":318,"column":33},"end":{"line":321,"column":6}},"62":{"start":{"line":323,"column":4},"end":{"line":326,"column":6}},"63":{"start":{"line":336,"column":77},"end":{"line":336,"column":85}},"64":{"start":{"line":338,"column":4},"end":{"line":343,"column":15}},"65":{"start":{"line":353,"column":26},"end":{"line":353,"column":51}},"66":{"start":{"line":354,"column":20},"end":{"line":354,"column":74}},"67":{"start":{"line":356,"column":4},"end":{"line":358,"column":5}},"68":{"start":{"line":357,"column":6},"end":{"line":357,"column":18}},"69":{"start":{"line":360,"column":4},"end":{"line":360,"column":60}},"70":{"start":{"line":364,"column":0},"end":{"line":373,"column":2}}},"fnMap":{"0":{"name":"groupBy","decl":{"start":{"line":19,"column":9},"end":{"line":19,"column":16}},"loc":{"start":{"line":19,"column":35},"end":{"line":28,"column":1}},"line":19},"1":{"name":"(anonymous_1)","decl":{"start":{"line":20,"column":22},"end":{"line":20,"column":23}},"loc":{"start":{"line":20,"column":45},"end":{"line":27,"column":3}},"line":20},"2":{"name":"roundToDecimals","decl":{"start":{"line":37,"column":9},"end":{"line":37,"column":24}},"loc":{"start":{"line":37,"column":46},"end":{"line":39,"column":1}},"line":37},"3":{"name":"sumProperty","decl":{"start":{"line":48,"column":9},"end":{"line":48,"column":20}},"loc":{"start":{"line":48,"column":40},"end":{"line":50,"column":1}},"line":48},"4":{"name":"(anonymous_4)","decl":{"start":{"line":49,"column":24},"end":{"line":49,"column":25}},"loc":{"start":{"line":49,"column":41},"end":{"line":49,"column":70}},"line":49},"5":{"name":"(anonymous_5)","decl":{"start":{"line":58,"column":2},"end":{"line":58,"column":3}},"loc":{"start":{"line":58,"column":16},"end":{"line":60,"column":3}},"line":58},"6":{"name":"(anonymous_6)","decl":{"start":{"line":69,"column":2},"end":{"line":69,"column":3}},"loc":{"start":{"line":69,"column":26},"end":{"line":75,"column":3}},"line":69},"7":{"name":"(anonymous_7)","decl":{"start":{"line":83,"column":2},"end":{"line":83,"column":3}},"loc":{"start":{"line":83,"column":23},"end":{"line":88,"column":3}},"line":83},"8":{"name":"(anonymous_8)","decl":{"start":{"line":96,"column":2},"end":{"line":96,"column":3}},"loc":{"start":{"line":96,"column":29},"end":{"line":101,"column":3}},"line":96},"9":{"name":"(anonymous_9)","decl":{"start":{"line":109,"column":2},"end":{"line":109,"column":3}},"loc":{"start":{"line":109,"column":35},"end":{"line":114,"column":3}},"line":109},"10":{"name":"(anonymous_10)","decl":{"start":{"line":121,"column":2},"end":{"line":121,"column":3}},"loc":{"start":{"line":121,"column":10},"end":{"line":123,"column":3}},"line":121},"11":{"name":"aggregateHouseholdStats","decl":{"start":{"line":137,"column":9},"end":{"line":137,"column":32}},"loc":{"start":{"line":137,"column":42},"end":{"line":156,"column":1}},"line":137},"12":{"name":"(anonymous_12)","decl":{"start":{"line":138,"column":43},"end":{"line":138,"column":44}},"loc":{"start":{"line":138,"column":55},"end":{"line":138,"column":73}},"line":138},"13":{"name":"(anonymous_13)","decl":{"start":{"line":140,"column":63},"end":{"line":140,"column":64}},"loc":{"start":{"line":140,"column":89},"end":{"line":152,"column":3}},"line":140},"14":{"name":"(anonymous_14)","decl":{"start":{"line":155,"column":25},"end":{"line":155,"column":26}},"loc":{"start":{"line":155,"column":35},"end":{"line":155,"column":56}},"line":155},"15":{"name":"aggregateRegionStats","decl":{"start":{"line":164,"column":9},"end":{"line":164,"column":29}},"loc":{"start":{"line":164,"column":39},"end":{"line":180,"column":1}},"line":164},"16":{"name":"(anonymous_16)","decl":{"start":{"line":165,"column":40},"end":{"line":165,"column":41}},"loc":{"start":{"line":165,"column":52},"end":{"line":165,"column":78}},"line":165},"17":{"name":"(anonymous_17)","decl":{"start":{"line":167,"column":63},"end":{"line":167,"column":64}},"loc":{"start":{"line":167,"column":84},"end":{"line":177,"column":3}},"line":167},"18":{"name":"(anonymous_18)","decl":{"start":{"line":179,"column":28},"end":{"line":179,"column":29}},"loc":{"start":{"line":179,"column":38},"end":{"line":179,"column":59}},"line":179},"19":{"name":"aggregateWasteTypeStats","decl":{"start":{"line":188,"column":9},"end":{"line":188,"column":32}},"loc":{"start":{"line":188,"column":42},"end":{"line":202,"column":1}},"line":188},"20":{"name":"(anonymous_20)","decl":{"start":{"line":189,"column":43},"end":{"line":189,"column":44}},"loc":{"start":{"line":189,"column":55},"end":{"line":189,"column":84}},"line":189},"21":{"name":"(anonymous_21)","decl":{"start":{"line":191,"column":51},"end":{"line":191,"column":52}},"loc":{"start":{"line":191,"column":75},"end":{"line":201,"column":3}},"line":191},"22":{"name":"aggregateTimeSeries","decl":{"start":{"line":210,"column":9},"end":{"line":210,"column":28}},"loc":{"start":{"line":210,"column":38},"end":{"line":227,"column":1}},"line":210},"23":{"name":"(anonymous_23)","decl":{"start":{"line":213,"column":4},"end":{"line":213,"column":5}},"loc":{"start":{"line":213,"column":16},"end":{"line":213,"column":74}},"line":213},"24":{"name":"(anonymous_24)","decl":{"start":{"line":216,"column":64},"end":{"line":216,"column":65}},"loc":{"start":{"line":216,"column":82},"end":{"line":224,"column":3}},"line":216},"25":{"name":"(anonymous_25)","decl":{"start":{"line":226,"column":25},"end":{"line":226,"column":26}},"loc":{"start":{"line":226,"column":36},"end":{"line":226,"column":58}},"line":226},"26":{"name":"(anonymous_26)","decl":{"start":{"line":241,"column":2},"end":{"line":241,"column":3}},"loc":{"start":{"line":241,"column":37},"end":{"line":251,"column":3}},"line":241},"27":{"name":"(anonymous_27)","decl":{"start":{"line":259,"column":2},"end":{"line":259,"column":3}},"loc":{"start":{"line":259,"column":34},"end":{"line":266,"column":3}},"line":259},"28":{"name":"(anonymous_28)","decl":{"start":{"line":276,"column":2},"end":{"line":276,"column":3}},"loc":{"start":{"line":276,"column":37},"end":{"line":304,"column":3}},"line":276},"29":{"name":"(anonymous_29)","decl":{"start":{"line":317,"column":2},"end":{"line":317,"column":3}},"loc":{"start":{"line":317,"column":34},"end":{"line":327,"column":3}},"line":317},"30":{"name":"(anonymous_30)","decl":{"start":{"line":335,"column":2},"end":{"line":335,"column":3}},"loc":{"start":{"line":335,"column":30},"end":{"line":344,"column":3}},"line":335},"31":{"name":"(anonymous_31)","decl":{"start":{"line":352,"column":2},"end":{"line":352,"column":3}},"loc":{"start":{"line":352,"column":40},"end":{"line":361,"column":3}},"line":352}},"branchMap":{"0":{"loc":{"start":{"line":22,"column":4},"end":{"line":24,"column":5}},"type":"if","locations":[{"start":{"line":22,"column":4},"end":{"line":24,"column":5}},{"start":{},"end":{}}],"line":22},"1":{"loc":{"start":{"line":37,"column":32},"end":{"line":37,"column":44}},"type":"default-arg","locations":[{"start":{"line":37,"column":43},"end":{"line":37,"column":44}}],"line":37},"2":{"loc":{"start":{"line":49,"column":48},"end":{"line":49,"column":69}},"type":"binary-expr","locations":[{"start":{"line":49,"column":48},"end":{"line":49,"column":64}},{"start":{"line":49,"column":68},"end":{"line":49,"column":69}}],"line":49},"3":{"loc":{"start":{"line":84,"column":4},"end":{"line":86,"column":5}},"type":"if","locations":[{"start":{"line":84,"column":4},"end":{"line":86,"column":5}},{"start":{},"end":{}}],"line":84},"4":{"loc":{"start":{"line":84,"column":8},"end":{"line":84,"column":37}},"type":"binary-expr","locations":[{"start":{"line":84,"column":8},"end":{"line":84,"column":15}},{"start":{"line":84,"column":19},"end":{"line":84,"column":37}}],"line":84},"5":{"loc":{"start":{"line":97,"column":4},"end":{"line":99,"column":5}},"type":"if","locations":[{"start":{"line":97,"column":4},"end":{"line":99,"column":5}},{"start":{},"end":{}}],"line":97},"6":{"loc":{"start":{"line":97,"column":8},"end":{"line":97,"column":43}},"type":"binary-expr","locations":[{"start":{"line":97,"column":8},"end":{"line":97,"column":18}},{"start":{"line":97,"column":22},"end":{"line":97,"column":43}}],"line":97},"7":{"loc":{"start":{"line":110,"column":4},"end":{"line":112,"column":5}},"type":"if","locations":[{"start":{"line":110,"column":4},"end":{"line":112,"column":5}},{"start":{},"end":{}}],"line":110},"8":{"loc":{"start":{"line":110,"column":8},"end":{"line":110,"column":49}},"type":"binary-expr","locations":[{"start":{"line":110,"column":8},"end":{"line":110,"column":21}},{"start":{"line":110,"column":25},"end":{"line":110,"column":49}}],"line":110},"9":{"loc":{"start":{"line":149,"column":14},"end":{"line":149,"column":37}},"type":"binary-expr","locations":[{"start":{"line":149,"column":14},"end":{"line":149,"column":30}},{"start":{"line":149,"column":34},"end":{"line":149,"column":37}}],"line":149},"10":{"loc":{"start":{"line":150,"column":20},"end":{"line":150,"column":49}},"type":"binary-expr","locations":[{"start":{"line":150,"column":20},"end":{"line":150,"column":42}},{"start":{"line":150,"column":46},"end":{"line":150,"column":49}}],"line":150},"11":{"loc":{"start":{"line":165,"column":52},"end":{"line":165,"column":78}},"type":"binary-expr","locations":[{"start":{"line":165,"column":52},"end":{"line":165,"column":65}},{"start":{"line":165,"column":69},"end":{"line":165,"column":78}}],"line":165},"12":{"loc":{"start":{"line":189,"column":55},"end":{"line":189,"column":84}},"type":"binary-expr","locations":[{"start":{"line":189,"column":55},"end":{"line":189,"column":71}},{"start":{"line":189,"column":75},"end":{"line":189,"column":84}}],"line":189},"13":{"loc":{"start":{"line":226,"column":36},"end":{"line":226,"column":58}},"type":"cond-expr","locations":[{"start":{"line":226,"column":52},"end":{"line":226,"column":54}},{"start":{"line":226,"column":57},"end":{"line":226,"column":58}}],"line":226},"14":{"loc":{"start":{"line":247,"column":15},"end":{"line":247,"column":37}},"type":"binary-expr","locations":[{"start":{"line":247,"column":15},"end":{"line":247,"column":31}},{"start":{"line":247,"column":35},"end":{"line":247,"column":37}}],"line":247},"15":{"loc":{"start":{"line":248,"column":18},"end":{"line":248,"column":43}},"type":"binary-expr","locations":[{"start":{"line":248,"column":18},"end":{"line":248,"column":37}},{"start":{"line":248,"column":41},"end":{"line":248,"column":43}}],"line":248},"16":{"loc":{"start":{"line":249,"column":21},"end":{"line":249,"column":49}},"type":"binary-expr","locations":[{"start":{"line":249,"column":21},"end":{"line":249,"column":43}},{"start":{"line":249,"column":47},"end":{"line":249,"column":49}}],"line":249},"17":{"loc":{"start":{"line":336,"column":23},"end":{"line":336,"column":35}},"type":"default-arg","locations":[{"start":{"line":336,"column":33},"end":{"line":336,"column":35}}],"line":336},"18":{"loc":{"start":{"line":336,"column":37},"end":{"line":336,"column":52}},"type":"default-arg","locations":[{"start":{"line":336,"column":50},"end":{"line":336,"column":52}}],"line":336},"19":{"loc":{"start":{"line":336,"column":54},"end":{"line":336,"column":72}},"type":"default-arg","locations":[{"start":{"line":336,"column":70},"end":{"line":336,"column":72}}],"line":336},"20":{"loc":{"start":{"line":356,"column":4},"end":{"line":358,"column":5}},"type":"if","locations":[{"start":{"line":356,"column":4},"end":{"line":358,"column":5}},{"start":{},"end":{}}],"line":356}},"s":{"0":5,"1":180,"2":7725,"3":7725,"4":1232,"5":7725,"6":7725,"7":2374,"8":1429,"9":15423,"10":47,"11":41,"12":41,"13":43,"14":15,"15":43,"16":38,"17":13,"18":38,"19":38,"20":13,"21":38,"22":46,"23":46,"24":1932,"25":46,"26":793,"27":793,"28":793,"29":46,"30":956,"31":45,"32":1934,"33":45,"34":78,"35":78,"36":78,"37":45,"38":42,"39":45,"40":1929,"41":45,"42":74,"43":74,"44":74,"45":44,"46":1930,"47":44,"48":287,"49":287,"50":44,"51":247,"52":40,"53":41,"54":38,"55":38,"56":38,"57":38,"58":38,"59":38,"60":38,"61":5,"62":5,"63":37,"64":37,"65":37,"66":37,"67":36,"68":2,"69":34,"70":5},"f":{"0":180,"1":7725,"2":2374,"3":1429,"4":15423,"5":47,"6":41,"7":43,"8":38,"9":38,"10":46,"11":46,"12":1932,"13":793,"14":956,"15":45,"16":1934,"17":78,"18":42,"19":45,"20":1929,"21":74,"22":44,"23":1930,"24":287,"25":247,"26":40,"27":41,"28":38,"29":5,"30":37,"31":37},"b":{"0":[1232,6493],"1":[2374],"2":[15423,20],"3":[15,28],"4":[43,41],"5":[13,25],"6":[38,38],"7":[13,25],"8":[38,38],"9":[793,2],"10":[793,1],"11":[1934,4],"12":[1929,4],"13":[2,245],"14":[40,1],"15":[40,1],"16":[40,1],"17":[0],"18":[0],"19":[0],"20":[2,34]},"_coverageSchema":"1a1c01bbd47fc00a2c39e90264f33305004495a9","hash":"9cc033951c5815bbc8f4904f139aec684e0f2562"}
,"C:\\Users\\ASUS\\Documents\\GitHub\\smart-waste\\backend\\src\\modules\\analytics\\routes.js": {"path":"C:\\Users\\ASUS\\Documents\\GitHub\\smart-waste\\backend\\src\\modules\\analytics\\routes.js","statementMap":{"0":{"start":{"line":14,"column":15},"end":{"line":14,"column":42}},"1":{"start":{"line":15,"column":19},"end":{"line":15,"column":42}},"2":{"start":{"line":27,"column":0},"end":{"line":27,"column":44}},"3":{"start":{"line":49,"column":0},"end":{"line":49,"column":50}},"4":{"start":{"line":51,"column":0},"end":{"line":51,"column":24}}},"fnMap":{},"branchMap":{},"s":{"0":2,"1":2,"2":2,"3":2,"4":2},"f":{},"b":{},"_coverageSchema":"1a1c01bbd47fc00a2c39e90264f33305004495a9","hash":"d72d437a9bf4ed1e67deb430c40f502a31a41cba"}
,"C:\\Users\\ASUS\\Documents\\GitHub\\smart-waste\\backend\\src\\modules\\auth\\controller.js": {"path":"C:\\Users\\ASUS\\Documents\\GitHub\\smart-waste\\backend\\src\\modules\\auth\\controller.js","statementMap":{"0":{"start":{"line":1,"column":14},"end":{"line":1,"column":28}},"1":{"start":{"line":2,"column":20},"end":{"line":2,"column":40}},"2":{"start":{"line":4,"column":20},"end":{"line":7,"column":2}},"3":{"start":{"line":9,"column":23},"end":{"line":13,"column":2}},"4":{"start":{"line":16,"column":2},"end":{"line":44,"column":3}},"5":{"start":{"line":17,"column":32},"end":{"line":17,"column":59}},"6":{"start":{"line":18,"column":17},"end":{"line":18,"column":64}},"7":{"start":{"line":20,"column":4},"end":{"line":22,"column":5}},"8":{"start":{"line":21,"column":6},"end":{"line":21,"column":87}},"9":{"start":{"line":24,"column":4},"end":{"line":28,"column":7}},"10":{"start":{"line":30,"column":4},"end":{"line":32,"column":5}},"11":{"start":{"line":31,"column":6},"end":{"line":31,"column":83}},"12":{"start":{"line":33,"column":4},"end":{"line":35,"column":5}},"13":{"start":{"line":34,"column":6},"end":{"line":34,"column":73}},"14":{"start":{"line":36,"column":4},"end":{"line":42,"column":5}},"15":{"start":{"line":37,"column":6},"end":{"line":41,"column":9}},"16":{"start":{"line":43,"column":4},"end":{"line":43,"column":23}},"17":{"start":{"line":48,"column":2},"end":{"line":65,"column":3}},"18":{"start":{"line":49,"column":20},"end":{"line":49,"column":50}},"19":{"start":{"line":50,"column":17},"end":{"line":50,"column":54}},"20":{"start":{"line":52,"column":4},"end":{"line":56,"column":7}},"21":{"start":{"line":58,"column":4},"end":{"line":60,"column":5}},"22":{"start":{"line":59,"column":6},"end":{"line":59,"column":83}},"23":{"start":{"line":61,"column":4},"end":{"line":63,"column":5}},"24":{"start":{"line":62,"column":6},"end":{"line":62,"column":73}},"25":{"start":{"line":64,"column":4},"end":{"line":64,"column":23}},"26":{"start":{"line":68,"column":0},"end":{"line":71,"column":2}}},"fnMap":{"0":{"name":"login","decl":{"start":{"line":15,"column":15},"end":{"line":15,"column":20}},"loc":{"start":{"line":15,"column":37},"end":{"line":45,"column":1}},"line":15},"1":{"name":"register","decl":{"start":{"line":47,"column":15},"end":{"line":47,"column":23}},"loc":{"start":{"line":47,"column":40},"end":{"line":66,"column":1}},"line":47}},"branchMap":{"0":{"loc":{"start":{"line":20,"column":4},"end":{"line":22,"column":5}},"type":"if","locations":[{"start":{"line":20,"column":4},"end":{"line":22,"column":5}},{"start":{},"end":{}}],"line":20},"1":{"loc":{"start":{"line":30,"column":4},"end":{"line":32,"column":5}},"type":"if","locations":[{"start":{"line":30,"column":4},"end":{"line":32,"column":5}},{"start":{},"end":{}}],"line":30},"2":{"loc":{"start":{"line":33,"column":4},"end":{"line":35,"column":5}},"type":"if","locations":[{"start":{"line":33,"column":4},"end":{"line":35,"column":5}},{"start":{},"end":{}}],"line":33},"3":{"loc":{"start":{"line":36,"column":4},"end":{"line":42,"column":5}},"type":"if","locations":[{"start":{"line":36,"column":4},"end":{"line":42,"column":5}},{"start":{},"end":{}}],"line":36},"4":{"loc":{"start":{"line":58,"column":4},"end":{"line":60,"column":5}},"type":"if","locations":[{"start":{"line":58,"column":4},"end":{"line":60,"column":5}},{"start":{},"end":{}}],"line":58},"5":{"loc":{"start":{"line":61,"column":4},"end":{"line":63,"column":5}},"type":"if","locations":[{"start":{"line":61,"column":4},"end":{"line":63,"column":5}},{"start":{},"end":{}}],"line":61}},"s":{"0":0,"1":0,"2":0,"3":0,"4":0,"5":0,"6":0,"7":0,"8":0,"9":0,"10":0,"11":0,"12":0,"13":0,"14":0,"15":0,"16":0,"17":0,"18":0,"19":0,"20":0,"21":0,"22":0,"23":0,"24":0,"25":0,"26":0},"f":{"0":0,"1":0},"b":{"0":[0,0],"1":[0,0],"2":[0,0],"3":[0,0],"4":[0,0],"5":[0,0]}}
,"C:\\Users\\ASUS\\Documents\\GitHub\\smart-waste\\backend\\src\\modules\\auth\\routes.js": {"path":"C:\\Users\\ASUS\\Documents\\GitHub\\smart-waste\\backend\\src\\modules\\auth\\routes.js","statementMap":{"0":{"start":{"line":1,"column":15},"end":{"line":1,"column":42}},"1":{"start":{"line":2,"column":28},"end":{"line":2,"column":51}},"2":{"start":{"line":4,"column":0},"end":{"line":4,"column":29}},"3":{"start":{"line":5,"column":0},"end":{"line":5,"column":35}},"4":{"start":{"line":7,"column":0},"end":{"line":7,"column":24}}},"fnMap":{},"branchMap":{},"s":{"0":0,"1":0,"2":0,"3":0,"4":0},"f":{},"b":{}}
,"C:\\Users\\ASUS\\Documents\\GitHub\\smart-waste\\backend\\src\\modules\\auth\\service.js": {"path":"C:\\Users\\ASUS\\Documents\\GitHub\\smart-waste\\backend\\src\\modules\\auth\\service.js","statementMap":{"0":{"start":{"line":1,"column":13},"end":{"line":1,"column":41}},"1":{"start":{"line":4,"column":2},"end":{"line":9,"column":4}},"2":{"start":{"line":12,"column":28},"end":{"line":12,"column":29}},"3":{"start":{"line":13,"column":30},"end":{"line":13,"column":32}},"4":{"start":{"line":16,"column":26},"end":{"line":16,"column":52}},"5":{"start":{"line":17,"column":15},"end":{"line":17,"column":61}},"6":{"start":{"line":18,"column":2},"end":{"line":18,"column":25}},"7":{"start":{"line":18,"column":13},"end":{"line":18,"column":25}},"8":{"start":{"line":20,"column":14},"end":{"line":20,"column":24}},"9":{"start":{"line":21,"column":2},"end":{"line":26,"column":3}},"10":{"start":{"line":22,"column":18},"end":{"line":22,"column":80}},"11":{"start":{"line":23,"column":4},"end":{"line":23,"column":34}},"12":{"start":{"line":24,"column":4},"end":{"line":24,"column":37}},"13":{"start":{"line":25,"column":4},"end":{"line":25,"column":16}},"14":{"start":{"line":28,"column":2},"end":{"line":32,"column":3}},"15":{"start":{"line":29,"column":4},"end":{"line":29,"column":33}},"16":{"start":{"line":30,"column":4},"end":{"line":30,"column":26}},"17":{"start":{"line":31,"column":4},"end":{"line":31,"column":22}},"18":{"start":{"line":34,"column":2},"end":{"line":38,"column":3}},"19":{"start":{"line":35,"column":18},"end":{"line":35,"column":82}},"20":{"start":{"line":36,"column":4},"end":{"line":36,"column":36}},"21":{"start":{"line":37,"column":4},"end":{"line":37,"column":16}},"22":{"start":{"line":40,"column":21},"end":{"line":40,"column":56}},"23":{"start":{"line":41,"column":2},"end":{"line":50,"column":3}},"24":{"start":{"line":42,"column":24},"end":{"line":42,"column":98}},"25":{"start":{"line":43,"column":4},"end":{"line":48,"column":5}},"26":{"start":{"line":44,"column":20},"end":{"line":44,"column":80}},"27":{"start":{"line":45,"column":6},"end":{"line":45,"column":36}},"28":{"start":{"line":46,"column":6},"end":{"line":46,"column":36}},"29":{"start":{"line":47,"column":6},"end":{"line":47,"column":18}},"30":{"start":{"line":49,"column":4},"end":{"line":49,"column":16}},"31":{"start":{"line":52,"column":2},"end":{"line":52,"column":34}},"32":{"start":{"line":54,"column":2},"end":{"line":54,"column":23}},"33":{"start":{"line":58,"column":26},"end":{"line":58,"column":52}},"34":{"start":{"line":59,"column":19},"end":{"line":59,"column":65}},"35":{"start":{"line":60,"column":2},"end":{"line":64,"column":3}},"36":{"start":{"line":61,"column":18},"end":{"line":61,"column":71}},"37":{"start":{"line":62,"column":4},"end":{"line":62,"column":31}},"38":{"start":{"line":63,"column":4},"end":{"line":63,"column":16}},"39":{"start":{"line":66,"column":23},"end":{"line":66,"column":56}},"40":{"start":{"line":67,"column":15},"end":{"line":72,"column":4}},"41":{"start":{"line":74,"column":2},"end":{"line":74,"column":23}},"42":{"start":{"line":78,"column":2},"end":{"line":78,"column":61}},"43":{"start":{"line":81,"column":0},"end":{"line":85,"column":2}}},"fnMap":{"0":{"name":"mapUser","decl":{"start":{"line":3,"column":9},"end":{"line":3,"column":16}},"loc":{"start":{"line":3,"column":26},"end":{"line":10,"column":1}},"line":3},"1":{"name":"authenticate","decl":{"start":{"line":15,"column":15},"end":{"line":15,"column":27}},"loc":{"start":{"line":15,"column":45},"end":{"line":55,"column":1}},"line":15},"2":{"name":"createUser","decl":{"start":{"line":57,"column":15},"end":{"line":57,"column":25}},"loc":{"start":{"line":57,"column":53},"end":{"line":75,"column":1}},"line":57},"3":{"name":"findUserByEmail","decl":{"start":{"line":77,"column":15},"end":{"line":77,"column":30}},"loc":{"start":{"line":77,"column":38},"end":{"line":79,"column":1}},"line":77}},"branchMap":{"0":{"loc":{"start":{"line":18,"column":2},"end":{"line":18,"column":25}},"type":"if","locations":[{"start":{"line":18,"column":2},"end":{"line":18,"column":25}},{"start":{},"end":{}}],"line":18},"1":{"loc":{"start":{"line":21,"column":2},"end":{"line":26,"column":3}},"type":"if","locations":[{"start":{"line":21,"column":2},"end":{"line":26,"column":3}},{"start":{},"end":{}}],"line":21},"2":{"loc":{"start":{"line":21,"column":6},"end":{"line":21,"column":44}},"type":"binary-expr","locations":[{"start":{"line":21,"column":6},"end":{"line":21,"column":20}},{"start":{"line":21,"column":24},"end":{"line":21,"column":44}}],"line":21},"3":{"loc":{"start":{"line":28,"column":2},"end":{"line":32,"column":3}},"type":"if","locations":[{"start":{"line":28,"column":2},"end":{"line":32,"column":3}},{"start":{},"end":{}}],"line":28},"4":{"loc":{"start":{"line":28,"column":6},"end":{"line":28,"column":45}},"type":"binary-expr","locations":[{"start":{"line":28,"column":6},"end":{"line":28,"column":20}},{"start":{"line":28,"column":24},"end":{"line":28,"column":45}}],"line":28},"5":{"loc":{"start":{"line":34,"column":2},"end":{"line":38,"column":3}},"type":"if","locations":[{"start":{"line":34,"column":2},"end":{"line":38,"column":3}},{"start":{},"end":{}}],"line":34},"6":{"loc":{"start":{"line":41,"column":2},"end":{"line":50,"column":3}},"type":"if","locations":[{"start":{"line":41,"column":2},"end":{"line":50,"column":3}},{"start":{},"end":{}}],"line":41},"7":{"loc":{"start":{"line":43,"column":4},"end":{"line":48,"column":5}},"type":"if","locations":[{"start":{"line":43,"column":4},"end":{"line":48,"column":5}},{"start":{},"end":{}}],"line":43},"8":{"loc":{"start":{"line":60,"column":2},"end":{"line":64,"column":3}},"type":"if","locations":[{"start":{"line":60,"column":2},"end":{"line":64,"column":3}},{"start":{},"end":{}}],"line":60}},"s":{"0":0,"1":0,"2":0,"3":0,"4":0,"5":0,"6":0,"7":0,"8":0,"9":0,"10":0,"11":0,"12":0,"13":0,"14":0,"15":0,"16":0,"17":0,"18":0,"19":0,"20":0,"21":0,"22":0,"23":0,"24":0,"25":0,"26":0,"27":0,"28":0,"29":0,"30":0,"31":0,"32":0,"33":0,"34":0,"35":0,"36":0,"37":0,"38":0,"39":0,"40":0,"41":0,"42":0,"43":0},"f":{"0":0,"1":0,"2":0,"3":0},"b":{"0":[0,0],"1":[0,0],"2":[0,0],"3":[0,0],"4":[0,0],"5":[0,0],"6":[0,0],"7":[0,0],"8":[0,0]}}
,"C:\\Users\\ASUS\\Documents\\GitHub\\smart-waste\\backend\\src\\modules\\billing\\controller.js": {"path":"C:\\Users\\ASUS\\Documents\\GitHub\\smart-waste\\backend\\src\\modules\\billing\\controller.js","statementMap":{"0":{"start":{"line":1,"column":14},"end":{"line":1,"column":28}},"1":{"start":{"line":2,"column":15},"end":{"line":2,"column":32}},"2":{"start":{"line":3,"column":13},"end":{"line":3,"column":41}},"3":{"start":{"line":4,"column":27},"end":{"line":4,"column":69}},"4":{"start":{"line":5,"column":33},"end":{"line":5,"column":81}},"5":{"start":{"line":6,"column":13},"end":{"line":6,"column":41}},"6":{"start":{"line":7,"column":31},"end":{"line":7,"column":63}},"7":{"start":{"line":9,"column":24},"end":{"line":9,"column":53}},"8":{"start":{"line":10,"column":15},"end":{"line":10,"column":67}},"9":{"start":{"line":12,"column":33},"end":{"line":14,"column":8}},"10":{"start":{"line":13,"column":64},"end":{"line":13,"column":77}},"11":{"start":{"line":16,"column":32},"end":{"line":16,"column":48}},"12":{"start":{"line":17,"column":34},"end":{"line":19,"column":29}},"13":{"start":{"line":21,"column":0},"end":{"line":23,"column":1}},"14":{"start":{"line":22,"column":2},"end":{"line":22,"column":40}},"15":{"start":{"line":25,"column":24},"end":{"line":27,"column":2}},"16":{"start":{"line":29,"column":23},"end":{"line":35,"column":2}},"17":{"start":{"line":38,"column":2},"end":{"line":97,"column":3}},"18":{"start":{"line":39,"column":23},"end":{"line":39,"column":55}},"19":{"start":{"line":40,"column":18},"end":{"line":40,"column":73}},"20":{"start":{"line":41,"column":20},"end":{"line":41,"column":47}},"21":{"start":{"line":41,"column":38},"end":{"line":41,"column":46}},"22":{"start":{"line":43,"column":25},"end":{"line":45,"column":13}},"23":{"start":{"line":47,"column":36},"end":{"line":47,"column":45}},"24":{"start":{"line":48,"column":4},"end":{"line":53,"column":5}},"25":{"start":{"line":49,"column":18},"end":{"line":49,"column":38}},"26":{"start":{"line":50,"column":6},"end":{"line":52,"column":7}},"27":{"start":{"line":51,"column":8},"end":{"line":51,"column":45}},"28":{"start":{"line":55,"column":24},"end":{"line":55,"column":26}},"29":{"start":{"line":56,"column":17},"end":{"line":56,"column":19}},"30":{"start":{"line":58,"column":27},"end":{"line":58,"column":28}},"31":{"start":{"line":59,"column":22},"end":{"line":59,"column":26}},"32":{"start":{"line":61,"column":4},"end":{"line":76,"column":5}},"33":{"start":{"line":62,"column":32},"end":{"line":62,"column":80}},"34":{"start":{"line":63,"column":6},"end":{"line":65,"column":7}},"35":{"start":{"line":64,"column":8},"end":{"line":64,"column":51}},"36":{"start":{"line":67,"column":6},"end":{"line":75,"column":7}},"37":{"start":{"line":68,"column":8},"end":{"line":68,"column":31}},"38":{"start":{"line":69,"column":8},"end":{"line":69,"column":45}},"39":{"start":{"line":70,"column":8},"end":{"line":72,"column":9}},"40":{"start":{"line":71,"column":10},"end":{"line":71,"column":37}},"41":{"start":{"line":73,"column":13},"end":{"line":75,"column":7}},"42":{"start":{"line":74,"column":8},"end":{"line":74,"column":24}},"43":{"start":{"line":78,"column":4},"end":{"line":91,"column":7}},"44":{"start":{"line":93,"column":4},"end":{"line":95,"column":5}},"45":{"start":{"line":94,"column":6},"end":{"line":94,"column":129}},"46":{"start":{"line":96,"column":4},"end":{"line":96,"column":23}},"47":{"start":{"line":101,"column":2},"end":{"line":196,"column":3}},"48":{"start":{"line":102,"column":4},"end":{"line":104,"column":5}},"49":{"start":{"line":103,"column":6},"end":{"line":103,"column":86}},"50":{"start":{"line":106,"column":20},"end":{"line":106,"column":50}},"51":{"start":{"line":107,"column":17},"end":{"line":107,"column":59}},"52":{"start":{"line":108,"column":4},"end":{"line":110,"column":5}},"53":{"start":{"line":109,"column":6},"end":{"line":109,"column":80}},"54":{"start":{"line":112,"column":17},"end":{"line":112,"column":84}},"55":{"start":{"line":113,"column":4},"end":{"line":115,"column":5}},"56":{"start":{"line":114,"column":6},"end":{"line":114,"column":76}},"57":{"start":{"line":116,"column":4},"end":{"line":118,"column":5}},"58":{"start":{"line":117,"column":6},"end":{"line":117,"column":98}},"59":{"start":{"line":120,"column":32},"end":{"line":120,"column":97}},"60":{"start":{"line":122,"column":29},"end":{"line":122,"column":96}},"61":{"start":{"line":123,"column":31},"end":{"line":123,"column":104}},"62":{"start":{"line":123,"column":65},"end":{"line":123,"column":103}},"63":{"start":{"line":124,"column":4},"end":{"line":130,"column":5}},"64":{"start":{"line":125,"column":6},"end":{"line":129,"column":9}},"65":{"start":{"line":132,"column":31},"end":{"line":134,"column":98}},"66":{"start":{"line":136,"column":4},"end":{"line":141,"column":7}},"67":{"start":{"line":143,"column":20},"end":{"line":165,"column":6}},"68":{"start":{"line":167,"column":4},"end":{"line":167,"column":38}},"69":{"start":{"line":168,"column":4},"end":{"line":168,"column":22}},"70":{"start":{"line":170,"column":4},"end":{"line":181,"column":7}},"71":{"start":{"line":183,"column":4},"end":{"line":187,"column":7}},"72":{"start":{"line":189,"column":4},"end":{"line":191,"column":5}},"73":{"start":{"line":190,"column":6},"end":{"line":190,"column":129}},"74":{"start":{"line":192,"column":4},"end":{"line":194,"column":5}},"75":{"start":{"line":193,"column":6},"end":{"line":193,"column":73}},"76":{"start":{"line":195,"column":4},"end":{"line":195,"column":23}},"77":{"start":{"line":200,"column":2},"end":{"line":370,"column":3}},"78":{"start":{"line":201,"column":4},"end":{"line":203,"column":5}},"79":{"start":{"line":202,"column":6},"end":{"line":202,"column":86}},"80":{"start":{"line":205,"column":26},"end":{"line":205,"column":86}},"81":{"start":{"line":206,"column":20},"end":{"line":208,"column":6}},"82":{"start":{"line":210,"column":22},"end":{"line":210,"column":86}},"83":{"start":{"line":211,"column":15},"end":{"line":211,"column":121}},"84":{"start":{"line":213,"column":4},"end":{"line":215,"column":5}},"85":{"start":{"line":214,"column":6},"end":{"line":214,"column":88}},"86":{"start":{"line":217,"column":4},"end":{"line":219,"column":5}},"87":{"start":{"line":218,"column":6},"end":{"line":218,"column":109}},"88":{"start":{"line":221,"column":26},"end":{"line":221,"column":48}},"89":{"start":{"line":222,"column":28},"end":{"line":222,"column":97}},"90":{"start":{"line":223,"column":30},"end":{"line":225,"column":33}},"91":{"start":{"line":227,"column":20},"end":{"line":227,"column":95}},"92":{"start":{"line":228,"column":26},"end":{"line":228,"column":36}},"93":{"start":{"line":229,"column":29},"end":{"line":229,"column":55}},"94":{"start":{"line":230,"column":25},"end":{"line":230,"column":46}},"95":{"start":{"line":232,"column":17},"end":{"line":232,"column":26}},"96":{"start":{"line":233,"column":4},"end":{"line":243,"column":5}},"97":{"start":{"line":234,"column":6},"end":{"line":234,"column":27}},"98":{"start":{"line":235,"column":11},"end":{"line":243,"column":5}},"99":{"start":{"line":236,"column":6},"end":{"line":236,"column":25}},"100":{"start":{"line":237,"column":11},"end":{"line":243,"column":5}},"101":{"start":{"line":238,"column":6},"end":{"line":238,"column":25}},"102":{"start":{"line":239,"column":11},"end":{"line":243,"column":5}},"103":{"start":{"line":240,"column":6},"end":{"line":240,"column":24}},"104":{"start":{"line":242,"column":6},"end":{"line":242,"column":24}},"105":{"start":{"line":245,"column":4},"end":{"line":245,"column":32}},"106":{"start":{"line":246,"column":4},"end":{"line":246,"column":56}},"107":{"start":{"line":247,"column":4},"end":{"line":247,"column":79}},"108":{"start":{"line":248,"column":4},"end":{"line":248,"column":72}},"109":{"start":{"line":249,"column":4},"end":{"line":253,"column":6}},"110":{"start":{"line":255,"column":4},"end":{"line":257,"column":5}},"111":{"start":{"line":256,"column":6},"end":{"line":256,"column":91}},"112":{"start":{"line":258,"column":4},"end":{"line":260,"column":5}},"113":{"start":{"line":259,"column":6},"end":{"line":259,"column":75}},"114":{"start":{"line":262,"column":4},"end":{"line":262,"column":29}},"115":{"start":{"line":264,"column":4},"end":{"line":279,"column":5}},"116":{"start":{"line":265,"column":6},"end":{"line":265,"column":27}},"117":{"start":{"line":266,"column":6},"end":{"line":266,"column":31}},"118":{"start":{"line":267,"column":6},"end":{"line":267,"column":53}},"119":{"start":{"line":268,"column":6},"end":{"line":268,"column":69}},"120":{"start":{"line":269,"column":6},"end":{"line":269,"column":24}},"121":{"start":{"line":271,"column":6},"end":{"line":278,"column":7}},"122":{"start":{"line":272,"column":25},"end":{"line":272,"column":64}},"123":{"start":{"line":273,"column":8},"end":{"line":275,"column":9}},"124":{"start":{"line":274,"column":10},"end":{"line":274,"column":68}},"125":{"start":{"line":277,"column":8},"end":{"line":277,"column":76}},"126":{"start":{"line":281,"column":25},"end":{"line":281,"column":29}},"127":{"start":{"line":282,"column":4},"end":{"line":327,"column":5}},"128":{"start":{"line":283,"column":25},"end":{"line":283,"column":97}},"129":{"start":{"line":284,"column":6},"end":{"line":326,"column":7}},"130":{"start":{"line":285,"column":8},"end":{"line":287,"column":9}},"131":{"start":{"line":286,"column":10},"end":{"line":286,"column":59}},"132":{"start":{"line":289,"column":8},"end":{"line":300,"column":9}},"133":{"start":{"line":290,"column":10},"end":{"line":290,"column":47}},"134":{"start":{"line":291,"column":10},"end":{"line":294,"column":11}},"135":{"start":{"line":292,"column":12},"end":{"line":292,"column":44}},"136":{"start":{"line":293,"column":12},"end":{"line":293,"column":54}},"137":{"start":{"line":295,"column":15},"end":{"line":300,"column":9}},"138":{"start":{"line":296,"column":10},"end":{"line":296,"column":46}},"139":{"start":{"line":297,"column":10},"end":{"line":299,"column":11}},"140":{"start":{"line":298,"column":12},"end":{"line":298,"column":49}},"141":{"start":{"line":302,"column":8},"end":{"line":302,"column":32}},"142":{"start":{"line":304,"column":30},"end":{"line":304,"column":51}},"143":{"start":{"line":305,"column":8},"end":{"line":325,"column":10}},"144":{"start":{"line":329,"column":4},"end":{"line":361,"column":7}},"145":{"start":{"line":363,"column":4},"end":{"line":365,"column":5}},"146":{"start":{"line":364,"column":6},"end":{"line":364,"column":107}},"147":{"start":{"line":366,"column":4},"end":{"line":368,"column":5}},"148":{"start":{"line":367,"column":6},"end":{"line":367,"column":73}},"149":{"start":{"line":369,"column":4},"end":{"line":369,"column":23}},"150":{"start":{"line":374,"column":2},"end":{"line":408,"column":3}},"151":{"start":{"line":375,"column":19},"end":{"line":375,"column":83}},"152":{"start":{"line":376,"column":18},"end":{"line":376,"column":74}},"153":{"start":{"line":378,"column":24},"end":{"line":381,"column":32}},"154":{"start":{"line":383,"column":4},"end":{"line":385,"column":5}},"155":{"start":{"line":384,"column":6},"end":{"line":384,"column":79}},"156":{"start":{"line":387,"column":17},"end":{"line":387,"column":35}},"157":{"start":{"line":389,"column":20},"end":{"line":400,"column":5}},"158":{"start":{"line":402,"column":4},"end":{"line":402,"column":43}},"159":{"start":{"line":404,"column":4},"end":{"line":406,"column":5}},"160":{"start":{"line":405,"column":6},"end":{"line":405,"column":107}},"161":{"start":{"line":407,"column":4},"end":{"line":407,"column":23}},"162":{"start":{"line":411,"column":0},"end":{"line":416,"column":2}}},"fnMap":{"0":{"name":"(anonymous_0)","decl":{"start":{"line":13,"column":54},"end":{"line":13,"column":55}},"loc":{"start":{"line":13,"column":64},"end":{"line":13,"column":77}},"line":13},"1":{"name":"listBills","decl":{"start":{"line":37,"column":15},"end":{"line":37,"column":24}},"loc":{"start":{"line":37,"column":41},"end":{"line":98,"column":1}},"line":37},"2":{"name":"(anonymous_2)","decl":{"start":{"line":41,"column":30},"end":{"line":41,"column":31}},"loc":{"start":{"line":41,"column":38},"end":{"line":41,"column":46}},"line":41},"3":{"name":"createCheckoutSession","decl":{"start":{"line":100,"column":15},"end":{"line":100,"column":36}},"loc":{"start":{"line":100,"column":53},"end":{"line":197,"column":1}},"line":100},"4":{"name":"(anonymous_4)","decl":{"start":{"line":123,"column":55},"end":{"line":123,"column":56}},"loc":{"start":{"line":123,"column":65},"end":{"line":123,"column":103}},"line":123},"5":{"name":"syncCheckoutSession","decl":{"start":{"line":199,"column":15},"end":{"line":199,"column":34}},"loc":{"start":{"line":199,"column":51},"end":{"line":371,"column":1}},"line":199},"6":{"name":"getReceipt","decl":{"start":{"line":373,"column":15},"end":{"line":373,"column":25}},"loc":{"start":{"line":373,"column":42},"end":{"line":409,"column":1}},"line":373}},"branchMap":{"0":{"loc":{"start":{"line":10,"column":15},"end":{"line":10,"column":67}},"type":"cond-expr","locations":[{"start":{"line":10,"column":33},"end":{"line":10,"column":60}},{"start":{"line":10,"column":63},"end":{"line":10,"column":67}}],"line":10},"1":{"loc":{"start":{"line":12,"column":33},"end":{"line":14,"column":8}},"type":"cond-expr","locations":[{"start":{"line":13,"column":4},"end":{"line":13,"column":94}},{"start":{"line":14,"column":4},"end":{"line":14,"column":8}}],"line":12},"2":{"loc":{"start":{"line":17,"column":43},"end":{"line":19,"column":27}},"type":"cond-expr","locations":[{"start":{"line":18,"column":4},"end":{"line":18,"column":28}},{"start":{"line":19,"column":4},"end":{"line":19,"column":27}}],"line":17},"3":{"loc":{"start":{"line":17,"column":43},"end":{"line":17,"column":102}},"type":"binary-expr","locations":[{"start":{"line":17,"column":43},"end":{"line":17,"column":67}},{"start":{"line":17,"column":71},"end":{"line":17,"column":102}}],"line":17},"4":{"loc":{"start":{"line":21,"column":0},"end":{"line":23,"column":1}},"type":"if","locations":[{"start":{"line":21,"column":0},"end":{"line":23,"column":1}},{"start":{},"end":{}}],"line":21},"5":{"loc":{"start":{"line":50,"column":6},"end":{"line":52,"column":7}},"type":"if","locations":[{"start":{"line":50,"column":6},"end":{"line":52,"column":7}},{"start":{},"end":{}}],"line":50},"6":{"loc":{"start":{"line":63,"column":6},"end":{"line":65,"column":7}},"type":"if","locations":[{"start":{"line":63,"column":6},"end":{"line":65,"column":7}},{"start":{},"end":{}}],"line":63},"7":{"loc":{"start":{"line":67,"column":6},"end":{"line":75,"column":7}},"type":"if","locations":[{"start":{"line":67,"column":6},"end":{"line":75,"column":7}},{"start":{"line":73,"column":13},"end":{"line":75,"column":7}}],"line":67},"8":{"loc":{"start":{"line":69,"column":28},"end":{"line":69,"column":44}},"type":"binary-expr","locations":[{"start":{"line":69,"column":28},"end":{"line":69,"column":39}},{"start":{"line":69,"column":43},"end":{"line":69,"column":44}}],"line":69},"9":{"loc":{"start":{"line":70,"column":8},"end":{"line":72,"column":9}},"type":"if","locations":[{"start":{"line":70,"column":8},"end":{"line":72,"column":9}},{"start":{},"end":{}}],"line":70},"10":{"loc":{"start":{"line":70,"column":12},"end":{"line":70,"column":72}},"type":"binary-expr","locations":[{"start":{"line":70,"column":12},"end":{"line":70,"column":24}},{"start":{"line":70,"column":29},"end":{"line":70,"column":41}},{"start":{"line":70,"column":45},"end":{"line":70,"column":71}}],"line":70},"11":{"loc":{"start":{"line":73,"column":13},"end":{"line":75,"column":7}},"type":"if","locations":[{"start":{"line":73,"column":13},"end":{"line":75,"column":7}},{"start":{},"end":{}}],"line":73},"12":{"loc":{"start":{"line":93,"column":4},"end":{"line":95,"column":5}},"type":"if","locations":[{"start":{"line":93,"column":4},"end":{"line":95,"column":5}},{"start":{},"end":{}}],"line":93},"13":{"loc":{"start":{"line":94,"column":56},"end":{"line":94,"column":103}},"type":"binary-expr","locations":[{"start":{"line":94,"column":56},"end":{"line":94,"column":82}},{"start":{"line":94,"column":86},"end":{"line":94,"column":103}}],"line":94},"14":{"loc":{"start":{"line":102,"column":4},"end":{"line":104,"column":5}},"type":"if","locations":[{"start":{"line":102,"column":4},"end":{"line":104,"column":5}},{"start":{},"end":{}}],"line":102},"15":{"loc":{"start":{"line":108,"column":4},"end":{"line":110,"column":5}},"type":"if","locations":[{"start":{"line":108,"column":4},"end":{"line":110,"column":5}},{"start":{},"end":{}}],"line":108},"16":{"loc":{"start":{"line":113,"column":4},"end":{"line":115,"column":5}},"type":"if","locations":[{"start":{"line":113,"column":4},"end":{"line":115,"column":5}},{"start":{},"end":{}}],"line":113},"17":{"loc":{"start":{"line":116,"column":4},"end":{"line":118,"column":5}},"type":"if","locations":[{"start":{"line":116,"column":4},"end":{"line":118,"column":5}},{"start":{},"end":{}}],"line":116},"18":{"loc":{"start":{"line":120,"column":32},"end":{"line":120,"column":97}},"type":"binary-expr","locations":[{"start":{"line":120,"column":32},"end":{"line":120,"column":48}},{"start":{"line":120,"column":52},"end":{"line":120,"column":97}}],"line":120},"19":{"loc":{"start":{"line":122,"column":29},"end":{"line":122,"column":96}},"type":"cond-expr","locations":[{"start":{"line":122,"column":69},"end":{"line":122,"column":91}},{"start":{"line":122,"column":94},"end":{"line":122,"column":96}}],"line":122},"20":{"loc":{"start":{"line":124,"column":4},"end":{"line":130,"column":5}},"type":"if","locations":[{"start":{"line":124,"column":4},"end":{"line":130,"column":5}},{"start":{},"end":{}}],"line":124},"21":{"loc":{"start":{"line":132,"column":31},"end":{"line":134,"column":98}},"type":"cond-expr","locations":[{"start":{"line":133,"column":8},"end":{"line":133,"column":24}},{"start":{"line":134,"column":9},"end":{"line":134,"column":97}}],"line":132},"22":{"loc":{"start":{"line":134,"column":9},"end":{"line":134,"column":97}},"type":"cond-expr","locations":[{"start":{"line":134,"column":49},"end":{"line":134,"column":57}},{"start":{"line":134,"column":60},"end":{"line":134,"column":97}}],"line":134},"23":{"loc":{"start":{"line":152,"column":23},"end":{"line":152,"column":45}},"type":"binary-expr","locations":[{"start":{"line":152,"column":23},"end":{"line":152,"column":36}},{"start":{"line":152,"column":40},"end":{"line":152,"column":45}}],"line":152},"24":{"loc":{"start":{"line":156,"column":37},"end":{"line":156,"column":53}},"type":"binary-expr","locations":[{"start":{"line":156,"column":37},"end":{"line":156,"column":48}},{"start":{"line":156,"column":52},"end":{"line":156,"column":53}}],"line":156},"25":{"loc":{"start":{"line":174,"column":16},"end":{"line":174,"column":38}},"type":"binary-expr","locations":[{"start":{"line":174,"column":16},"end":{"line":174,"column":29}},{"start":{"line":174,"column":33},"end":{"line":174,"column":38}}],"line":174},"26":{"loc":{"start":{"line":189,"column":4},"end":{"line":191,"column":5}},"type":"if","locations":[{"start":{"line":189,"column":4},"end":{"line":191,"column":5}},{"start":{},"end":{}}],"line":189},"27":{"loc":{"start":{"line":190,"column":56},"end":{"line":190,"column":103}},"type":"binary-expr","locations":[{"start":{"line":190,"column":56},"end":{"line":190,"column":82}},{"start":{"line":190,"column":86},"end":{"line":190,"column":103}}],"line":190},"28":{"loc":{"start":{"line":192,"column":4},"end":{"line":194,"column":5}},"type":"if","locations":[{"start":{"line":192,"column":4},"end":{"line":194,"column":5}},{"start":{},"end":{}}],"line":192},"29":{"loc":{"start":{"line":201,"column":4},"end":{"line":203,"column":5}},"type":"if","locations":[{"start":{"line":201,"column":4},"end":{"line":203,"column":5}},{"start":{},"end":{}}],"line":201},"30":{"loc":{"start":{"line":211,"column":15},"end":{"line":211,"column":121}},"type":"cond-expr","locations":[{"start":{"line":211,"column":29},"end":{"line":211,"column":68}},{"start":{"line":211,"column":71},"end":{"line":211,"column":121}}],"line":211},"31":{"loc":{"start":{"line":213,"column":4},"end":{"line":215,"column":5}},"type":"if","locations":[{"start":{"line":213,"column":4},"end":{"line":215,"column":5}},{"start":{},"end":{}}],"line":213},"32":{"loc":{"start":{"line":217,"column":4},"end":{"line":219,"column":5}},"type":"if","locations":[{"start":{"line":217,"column":4},"end":{"line":219,"column":5}},{"start":{},"end":{}}],"line":217},"33":{"loc":{"start":{"line":217,"column":8},"end":{"line":217,"column":29}},"type":"binary-expr","locations":[{"start":{"line":217,"column":8},"end":{"line":217,"column":20}},{"start":{"line":217,"column":24},"end":{"line":217,"column":29}}],"line":217},"34":{"loc":{"start":{"line":222,"column":28},"end":{"line":222,"column":97}},"type":"cond-expr","locations":[{"start":{"line":222,"column":64},"end":{"line":222,"column":77}},{"start":{"line":222,"column":80},"end":{"line":222,"column":97}}],"line":222},"35":{"loc":{"start":{"line":223,"column":30},"end":{"line":225,"column":33}},"type":"cond-expr","locations":[{"start":{"line":224,"column":8},"end":{"line":224,"column":48}},{"start":{"line":225,"column":8},"end":{"line":225,"column":33}}],"line":223},"36":{"loc":{"start":{"line":227,"column":20},"end":{"line":227,"column":95}},"type":"cond-expr","locations":[{"start":{"line":227,"column":56},"end":{"line":227,"column":90}},{"start":{"line":227,"column":93},"end":{"line":227,"column":95}}],"line":227},"37":{"loc":{"start":{"line":227,"column":56},"end":{"line":227,"column":90}},"type":"binary-expr","locations":[{"start":{"line":227,"column":56},"end":{"line":227,"column":84}},{"start":{"line":227,"column":88},"end":{"line":227,"column":90}}],"line":227},"38":{"loc":{"start":{"line":233,"column":4},"end":{"line":243,"column":5}},"type":"if","locations":[{"start":{"line":233,"column":4},"end":{"line":243,"column":5}},{"start":{"line":235,"column":11},"end":{"line":243,"column":5}}],"line":233},"39":{"loc":{"start":{"line":235,"column":11},"end":{"line":243,"column":5}},"type":"if","locations":[{"start":{"line":235,"column":11},"end":{"line":243,"column":5}},{"start":{"line":237,"column":11},"end":{"line":243,"column":5}}],"line":235},"40":{"loc":{"start":{"line":235,"column":15},"end":{"line":235,"column":100}},"type":"binary-expr","locations":[{"start":{"line":235,"column":15},"end":{"line":235,"column":48}},{"start":{"line":235,"column":52},"end":{"line":235,"column":100}}],"line":235},"41":{"loc":{"start":{"line":237,"column":11},"end":{"line":243,"column":5}},"type":"if","locations":[{"start":{"line":237,"column":11},"end":{"line":243,"column":5}},{"start":{"line":239,"column":11},"end":{"line":243,"column":5}}],"line":237},"42":{"loc":{"start":{"line":237,"column":15},"end":{"line":237,"column":79}},"type":"binary-expr","locations":[{"start":{"line":237,"column":15},"end":{"line":237,"column":50}},{"start":{"line":237,"column":54},"end":{"line":237,"column":79}}],"line":237},"43":{"loc":{"start":{"line":239,"column":11},"end":{"line":243,"column":5}},"type":"if","locations":[{"start":{"line":239,"column":11},"end":{"line":243,"column":5}},{"start":{"line":241,"column":11},"end":{"line":243,"column":5}}],"line":239},"44":{"loc":{"start":{"line":247,"column":32},"end":{"line":247,"column":78}},"type":"binary-expr","locations":[{"start":{"line":247,"column":32},"end":{"line":247,"column":49}},{"start":{"line":247,"column":53},"end":{"line":247,"column":78}}],"line":247},"45":{"loc":{"start":{"line":248,"column":29},"end":{"line":248,"column":71}},"type":"binary-expr","locations":[{"start":{"line":248,"column":29},"end":{"line":248,"column":45}},{"start":{"line":248,"column":49},"end":{"line":248,"column":71}}],"line":248},"46":{"loc":{"start":{"line":255,"column":4},"end":{"line":257,"column":5}},"type":"if","locations":[{"start":{"line":255,"column":4},"end":{"line":257,"column":5}},{"start":{},"end":{}}],"line":255},"47":{"loc":{"start":{"line":256,"column":34},"end":{"line":256,"column":90}},"type":"binary-expr","locations":[{"start":{"line":256,"column":34},"end":{"line":256,"column":64}},{"start":{"line":256,"column":68},"end":{"line":256,"column":90}}],"line":256},"48":{"loc":{"start":{"line":258,"column":4},"end":{"line":260,"column":5}},"type":"if","locations":[{"start":{"line":258,"column":4},"end":{"line":260,"column":5}},{"start":{},"end":{}}],"line":258},"49":{"loc":{"start":{"line":264,"column":4},"end":{"line":279,"column":5}},"type":"if","locations":[{"start":{"line":264,"column":4},"end":{"line":279,"column":5}},{"start":{},"end":{}}],"line":264},"50":{"loc":{"start":{"line":264,"column":8},"end":{"line":264,"column":54}},"type":"binary-expr","locations":[{"start":{"line":264,"column":8},"end":{"line":264,"column":28}},{"start":{"line":264,"column":32},"end":{"line":264,"column":54}}],"line":264},"51":{"loc":{"start":{"line":273,"column":8},"end":{"line":275,"column":9}},"type":"if","locations":[{"start":{"line":273,"column":8},"end":{"line":275,"column":9}},{"start":{},"end":{}}],"line":273},"52":{"loc":{"start":{"line":282,"column":4},"end":{"line":327,"column":5}},"type":"if","locations":[{"start":{"line":282,"column":4},"end":{"line":327,"column":5}},{"start":{},"end":{}}],"line":282},"53":{"loc":{"start":{"line":284,"column":6},"end":{"line":326,"column":7}},"type":"if","locations":[{"start":{"line":284,"column":6},"end":{"line":326,"column":7}},{"start":{},"end":{}}],"line":284},"54":{"loc":{"start":{"line":285,"column":8},"end":{"line":287,"column":9}},"type":"if","locations":[{"start":{"line":285,"column":8},"end":{"line":287,"column":9}},{"start":{},"end":{}}],"line":285},"55":{"loc":{"start":{"line":289,"column":8},"end":{"line":300,"column":9}},"type":"if","locations":[{"start":{"line":289,"column":8},"end":{"line":300,"column":9}},{"start":{"line":295,"column":15},"end":{"line":300,"column":9}}],"line":289},"56":{"loc":{"start":{"line":291,"column":10},"end":{"line":294,"column":11}},"type":"if","locations":[{"start":{"line":291,"column":10},"end":{"line":294,"column":11}},{"start":{},"end":{}}],"line":291},"57":{"loc":{"start":{"line":295,"column":15},"end":{"line":300,"column":9}},"type":"if","locations":[{"start":{"line":295,"column":15},"end":{"line":300,"column":9}},{"start":{},"end":{}}],"line":295},"58":{"loc":{"start":{"line":297,"column":10},"end":{"line":299,"column":11}},"type":"if","locations":[{"start":{"line":297,"column":10},"end":{"line":299,"column":11}},{"start":{},"end":{}}],"line":297},"59":{"loc":{"start":{"line":363,"column":4},"end":{"line":365,"column":5}},"type":"if","locations":[{"start":{"line":363,"column":4},"end":{"line":365,"column":5}},{"start":{},"end":{}}],"line":363},"60":{"loc":{"start":{"line":364,"column":56},"end":{"line":364,"column":103}},"type":"binary-expr","locations":[{"start":{"line":364,"column":56},"end":{"line":364,"column":82}},{"start":{"line":364,"column":86},"end":{"line":364,"column":103}}],"line":364},"61":{"loc":{"start":{"line":366,"column":4},"end":{"line":368,"column":5}},"type":"if","locations":[{"start":{"line":366,"column":4},"end":{"line":368,"column":5}},{"start":{},"end":{}}],"line":366},"62":{"loc":{"start":{"line":383,"column":4},"end":{"line":385,"column":5}},"type":"if","locations":[{"start":{"line":383,"column":4},"end":{"line":385,"column":5}},{"start":{},"end":{}}],"line":383},"63":{"loc":{"start":{"line":391,"column":14},"end":{"line":391,"column":68}},"type":"binary-expr","locations":[{"start":{"line":391,"column":14},"end":{"line":391,"column":35}},{"start":{"line":391,"column":39},"end":{"line":391,"column":68}}],"line":391},"64":{"loc":{"start":{"line":394,"column":16},"end":{"line":394,"column":63}},"type":"binary-expr","locations":[{"start":{"line":394,"column":16},"end":{"line":394,"column":36}},{"start":{"line":394,"column":40},"end":{"line":394,"column":54}},{"start":{"line":394,"column":58},"end":{"line":394,"column":63}}],"line":394},"65":{"loc":{"start":{"line":399,"column":17},"end":{"line":399,"column":81}},"type":"binary-expr","locations":[{"start":{"line":399,"column":17},"end":{"line":399,"column":50}},{"start":{"line":399,"column":54},"end":{"line":399,"column":81}}],"line":399},"66":{"loc":{"start":{"line":404,"column":4},"end":{"line":406,"column":5}},"type":"if","locations":[{"start":{"line":404,"column":4},"end":{"line":406,"column":5}},{"start":{},"end":{}}],"line":404},"67":{"loc":{"start":{"line":405,"column":56},"end":{"line":405,"column":103}},"type":"binary-expr","locations":[{"start":{"line":405,"column":56},"end":{"line":405,"column":82}},{"start":{"line":405,"column":86},"end":{"line":405,"column":103}}],"line":405}},"s":{"0":0,"1":0,"2":0,"3":0,"4":0,"5":0,"6":0,"7":0,"8":0,"9":0,"10":0,"11":0,"12":0,"13":0,"14":0,"15":0,"16":0,"17":0,"18":0,"19":0,"20":0,"21":0,"22":0,"23":0,"24":0,"25":0,"26":0,"27":0,"28":0,"29":0,"30":0,"31":0,"32":0,"33":0,"34":0,"35":0,"36":0,"37":0,"38":0,"39":0,"40":0,"41":0,"42":0,"43":0,"44":0,"45":0,"46":0,"47":0,"48":0,"49":0,"50":0,"51":0,"52":0,"53":0,"54":0,"55":0,"56":0,"57":0,"58":0,"59":0,"60":0,"61":0,"62":0,"63":0,"64":0,"65":0,"66":0,"67":0,"68":0,"69":0,"70":0,"71":0,"72":0,"73":0,"74":0,"75":0,"76":0,"77":0,"78":0,"79":0,"80":0,"81":0,"82":0,"83":0,"84":0,"85":0,"86":0,"87":0,"88":0,"89":0,"90":0,"91":0,"92":0,"93":0,"94":0,"95":0,"96":0,"97":0,"98":0,"99":0,"100":0,"101":0,"102":0,"103":0,"104":0,"105":0,"106":0,"107":0,"108":0,"109":0,"110":0,"111":0,"112":0,"113":0,"114":0,"115":0,"116":0,"117":0,"118":0,"119":0,"120":0,"121":0,"122":0,"123":0,"124":0,"125":0,"126":0,"127":0,"128":0,"129":0,"130":0,"131":0,"132":0,"133":0,"134":0,"135":0,"136":0,"137":0,"138":0,"139":0,"140":0,"141":0,"142":0,"143":0,"144":0,"145":0,"146":0,"147":0,"148":0,"149":0,"150":0,"151":0,"152":0,"153":0,"154":0,"155":0,"156":0,"157":0,"158":0,"159":0,"160":0,"161":0,"162":0},"f":{"0":0,"1":0,"2":0,"3":0,"4":0,"5":0,"6":0},"b":{"0":[0,0],"1":[0,0],"2":[0,0],"3":[0,0],"4":[0,0],"5":[0,0],"6":[0,0],"7":[0,0],"8":[0,0],"9":[0,0],"10":[0,0,0],"11":[0,0],"12":[0,0],"13":[0,0],"14":[0,0],"15":[0,0],"16":[0,0],"17":[0,0],"18":[0,0],"19":[0,0],"20":[0,0],"21":[0,0],"22":[0,0],"23":[0,0],"24":[0,0],"25":[0,0],"26":[0,0],"27":[0,0],"28":[0,0],"29":[0,0],"30":[0,0],"31":[0,0],"32":[0,0],"33":[0,0],"34":[0,0],"35":[0,0],"36":[0,0],"37":[0,0],"38":[0,0],"39":[0,0],"40":[0,0],"41":[0,0],"42":[0,0],"43":[0,0],"44":[0,0],"45":[0,0],"46":[0,0],"47":[0,0],"48":[0,0],"49":[0,0],"50":[0,0],"51":[0,0],"52":[0,0],"53":[0,0],"54":[0,0],"55":[0,0],"56":[0,0],"57":[0,0],"58":[0,0],"59":[0,0],"60":[0,0],"61":[0,0],"62":[0,0],"63":[0,0],"64":[0,0,0],"65":[0,0],"66":[0,0],"67":[0,0]}}
[...]
"column":66}},"51":{"start":{"line":157,"column":19},"end":{"line":157,"column":54}},"52":{"start":{"line":159,"column":28},"end":{"line":161,"column":8}},"53":{"start":{"line":162,"column":25},"end":{"line":164,"column":8}},"54":{"start":{"line":166,"column":15},"end":{"line":209,"column":40}},"55":{"start":{"line":211,"column":22},"end":{"line":219,"column":15}},"56":{"start":{"line":221,"column":2},"end":{"line":221,"column":76}},"57":{"start":{"line":225,"column":25},"end":{"line":225,"column":63}},"58":{"start":{"line":226,"column":2},"end":{"line":231,"column":3}},"59":{"start":{"line":227,"column":4},"end":{"line":229,"column":7}},"60":{"start":{"line":230,"column":4},"end":{"line":230,"column":53}},"61":{"start":{"line":233,"column":2},"end":{"line":233,"column":107}},"62":{"start":{"line":235,"column":18},"end":{"line":235,"column":91}},"63":{"start":{"line":236,"column":21},"end":{"line":236,"column":178}},"64":{"start":{"line":238,"column":15},"end":{"line":244,"column":14}},"65":{"start":{"line":246,"column":15},"end":{"line":252,"column":8}},"66":{"start":{"line":254,"column":2},"end":{"line":254,"column":63}},"67":{"start":{"line":258,"column":2},"end":{"line":260,"column":3}},"68":{"start":{"line":259,"column":4},"end":{"line":259,"column":56}},"69":{"start":{"line":262,"column":2},"end":{"line":266,"column":5}},"70":{"start":{"line":268,"column":18},"end":{"line":268,"column":62}},"71":{"start":{"line":269,"column":17},"end":{"line":269,"column":117}},"72":{"start":{"line":270,"column":17},"end":{"line":270,"column":52}},"73":{"start":{"line":272,"column":22},"end":{"line":272,"column":174}},"74":{"start":{"line":274,"column":15},"end":{"line":286,"column":14}},"75":{"start":{"line":288,"column":15},"end":{"line":296,"column":39}},"76":{"start":{"line":298,"column":2},"end":{"line":298,"column":63}},"77":{"start":{"line":301,"column":0},"end":{"line":306,"column":2}}},"fnMap":{"0":{"name":"(anonymous_0)","decl":{"start":{"line":3,"column":18},"end":{"line":3,"column":19}},"loc":{"start":{"line":3,"column":31},"end":{"line":7,"column":1}},"line":3},"1":{"name":"formatCurrency","decl":{"start":{"line":18,"column":9},"end":{"line":18,"column":23}},"loc":{"start":{"line":18,"column":32},"end":{"line":24,"column":1}},"line":18},"2":{"name":"getTransporter","decl":{"start":{"line":26,"column":9},"end":{"line":26,"column":23}},"loc":{"start":{"line":26,"column":26},"end":{"line":56,"column":1}},"line":26},"3":{"name":"(anonymous_3)","decl":{"start":{"line":47,"column":21},"end":{"line":47,"column":22}},"loc":{"start":{"line":47,"column":45},"end":{"line":53,"column":3}},"line":47},"4":{"name":"sendMail","decl":{"start":{"line":58,"column":15},"end":{"line":58,"column":23}},"loc":{"start":{"line":58,"column":33},"end":{"line":90,"column":1}},"line":58},"5":{"name":"sendSpecialCollectionConfirmation","decl":{"start":{"line":92,"column":15},"end":{"line":92,"column":48}},"loc":{"start":{"line":92,"column":87},"end":{"line":222,"column":1}},"line":92},"6":{"name":"(anonymous_6)","decl":{"start":{"line":157,"column":11},"end":{"line":157,"column":12}},"loc":{"start":{"line":157,"column":19},"end":{"line":157,"column":54}},"line":157},"7":{"name":"notifyAuthorityOfSpecialPickup","decl":{"start":{"line":224,"column":15},"end":{"line":224,"column":45}},"loc":{"start":{"line":224,"column":65},"end":{"line":255,"column":1}},"line":224},"8":{"name":"sendPaymentReceipt","decl":{"start":{"line":257,"column":15},"end":{"line":257,"column":33}},"loc":{"start":{"line":257,"column":67},"end":{"line":299,"column":1}},"line":257}},"branchMap":{"0":{"loc":{"start":{"line":4,"column":2},"end":{"line":6,"column":3}},"type":"if","locations":[{"start":{"line":4,"column":2},"end":{"line":6,"column":3}},{"start":{},"end":{}}],"line":4},"1":{"loc":{"start":{"line":20,"column":2},"end":{"line":22,"column":3}},"type":"if","locations":[{"start":{"line":20,"column":2},"end":{"line":22,"column":3}},{"start":{},"end":{}}],"line":20},"2":{"loc":{"start":{"line":27,"column":2},"end":{"line":30,"column":3}},"type":"if","locations":[{"start":{"line":27,"column":2},"end":{"line":30,"column":3}},{"start":{},"end":{}}],"line":27},"3":{"loc":{"start":{"line":33,"column":2},"end":{"line":36,"column":3}},"type":"if","locations":[{"start":{"line":33,"column":2},"end":{"line":36,"column":3}},{"start":{},"end":{}}],"line":33},"4":{"loc":{"start":{"line":38,"column":23},"end":{"line":38,"column":44}},"type":"binary-expr","locations":[{"start":{"line":38,"column":23},"end":{"line":38,"column":32}},{"start":{"line":38,"column":36},"end":{"line":38,"column":44}}],"line":38},"5":{"loc":{"start":{"line":42,"column":10},"end":{"line":42,"column":34}},"type":"binary-expr","locations":[{"start":{"line":42,"column":10},"end":{"line":42,"column":27}},{"start":{"line":42,"column":31},"end":{"line":42,"column":34}}],"line":42},"6":{"loc":{"start":{"line":43,"column":12},"end":{"line":43,"column":63}},"type":"binary-expr","locations":[{"start":{"line":43,"column":12},"end":{"line":43,"column":34}},{"start":{"line":43,"column":38},"end":{"line":43,"column":63}}],"line":43},"7":{"loc":{"start":{"line":44,"column":10},"end":{"line":44,"column":89}},"type":"cond-expr","locations":[{"start":{"line":44,"column":38},"end":{"line":44,"column":77}},{"start":{"line":44,"column":80},"end":{"line":44,"column":89}}],"line":44},"8":{"loc":{"start":{"line":44,"column":10},"end":{"line":44,"column":35}},"type":"binary-expr","locations":[{"start":{"line":44,"column":10},"end":{"line":44,"column":19}},{"start":{"line":44,"column":23},"end":{"line":44,"column":35}}],"line":44},"9":{"loc":{"start":{"line":48,"column":4},"end":{"line":52,"column":5}},"type":"if","locations":[{"start":{"line":48,"column":4},"end":{"line":52,"column":5}},{"start":{"line":50,"column":11},"end":{"line":52,"column":5}}],"line":48},"10":{"loc":{"start":{"line":50,"column":11},"end":{"line":52,"column":5}},"type":"if","locations":[{"start":{"line":50,"column":11},"end":{"line":52,"column":5}},{"start":{},"end":{}}],"line":50},"11":{"loc":{"start":{"line":60,"column":2},"end":{"line":66,"column":3}},"type":"if","locations":[{"start":{"line":60,"column":2},"end":{"line":66,"column":3}},{"start":{},"end":{}}],"line":60},"12":{"loc":{"start":{"line":69,"column":10},"end":{"line":69,"column":76}},"type":"binary-expr","locations":[{"start":{"line":69,"column":10},"end":{"line":69,"column":31}},{"start":{"line":69,"column":35},"end":{"line":69,"column":76}}],"line":69},"13":{"loc":{"start":{"line":93,"column":2},"end":{"line":95,"column":3}},"type":"if","locations":[{"start":{"line":93,"column":2},"end":{"line":95,"column":3}},{"start":{},"end":{}}],"line":93},"14":{"loc":{"start":{"line":99,"column":15},"end":{"line":99,"column":52}},"type":"binary-expr","locations":[{"start":{"line":99,"column":15},"end":{"line":99,"column":38}},{"start":{"line":99,"column":42},"end":{"line":99,"column":52}}],"line":99},"15":{"loc":{"start":{"line":102,"column":27},"end":{"line":102,"column":99}},"type":"binary-expr","locations":[{"start":{"line":102,"column":27},"end":{"line":102,"column":62}},{"start":{"line":102,"column":66},"end":{"line":102,"column":99}}],"line":102},"16":{"loc":{"start":{"line":103,"column":23},"end":{"line":103,"column":57}},"type":"binary-expr","locations":[{"start":{"line":103,"column":23},"end":{"line":103,"column":43}},{"start":{"line":103,"column":47},"end":{"line":103,"column":57}}],"line":103},"17":{"loc":{"start":{"line":104,"column":25},"end":{"line":106,"column":10}},"type":"cond-expr","locations":[{"start":{"line":105,"column":6},"end":{"line":105,"column":82}},{"start":{"line":106,"column":6},"end":{"line":106,"column":10}}],"line":104},"18":{"loc":{"start":{"line":108,"column":18},"end":{"line":110,"column":115}},"type":"cond-expr","locations":[{"start":{"line":109,"column":6},"end":{"line":109,"column":121}},{"start":{"line":110,"column":6},"end":{"line":110,"column":115}}],"line":108},"19":{"loc":{"start":{"line":115,"column":34},"end":{"line":115,"column":87}},"type":"binary-expr","locations":[{"start":{"line":115,"column":34},"end":{"line":115,"column":57}},{"start":{"line":115,"column":61},"end":{"line":115,"column":82}},{"start":{"line":115,"column":86},"end":{"line":115,"column":87}}],"line":115},"20":{"loc":{"start":{"line":116,"column":37},"end":{"line":116,"column":69}},"type":"binary-expr","locations":[{"start":{"line":116,"column":37},"end":{"line":116,"column":64}},{"start":{"line":116,"column":68},"end":{"line":116,"column":69}}],"line":116},"21":{"loc":{"start":{"line":117,"column":35},"end":{"line":117,"column":64}},"type":"binary-expr","locations":[{"start":{"line":117,"column":35},"end":{"line":117,"column":59}},{"start":{"line":117,"column":63},"end":{"line":117,"column":64}}],"line":117},"22":{"loc":{"start":{"line":118,"column":37},"end":{"line":118,"column":63}},"type":"binary-expr","locations":[{"start":{"line":118,"column":37},"end":{"line":118,"column":58}},{"start":{"line":118,"column":62},"end":{"line":118,"column":63}}],"line":118},"23":{"loc":{"start":{"line":123,"column":4},"end":{"line":125,"column":72}},"type":"cond-expr","locations":[{"start":{"line":124,"column":8},"end":{"line":124,"column":81}},{"start":{"line":125,"column":8},"end":{"line":125,"column":72}}],"line":123},"24":{"loc":{"start":{"line":126,"column":4},"end":{"line":128,"column":12}},"type":"cond-expr","locations":[{"start":{"line":127,"column":8},"end":{"line":127,"column":109}},{"start":{"line":128,"column":8},"end":{"line":128,"column":12}}],"line":126},"25":{"loc":{"start":{"line":129,"column":4},"end":{"line":131,"column":12}},"type":"cond-expr","locations":[{"start":{"line":130,"column":8},"end":{"line":130,"column":43}},{"start":{"line":131,"column":8},"end":{"line":131,"column":12}}],"line":129},"26":{"loc":{"start":{"line":129,"column":4},"end":{"line":129,"column":38}},"type":"binary-expr","locations":[{"start":{"line":129,"column":4},"end":{"line":129,"column":20}},{"start":{"line":129,"column":24},"end":{"line":129,"column":38}}],"line":129},"27":{"loc":{"start":{"line":138,"column":20},"end":{"line":138,"column":57}},"type":"binary-expr","locations":[{"start":{"line":138,"column":20},"end":{"line":138,"column":37}},{"start":{"line":138,"column":41},"end":{"line":138,"column":57}}],"line":138},"28":{"loc":{"start":{"line":140,"column":4},"end":{"line":140,"column":93}},"type":"cond-expr","locations":[{"start":{"line":140,"column":29},"end":{"line":140,"column":86}},{"start":{"line":140,"column":89},"end":{"line":140,"column":93}}],"line":140},"29":{"loc":{"start":{"line":141,"column":4},"end":{"line":141,"column":90}},"type":"cond-expr","locations":[{"start":{"line":141,"column":28},"end":{"line":141,"column":83}},{"start":{"line":141,"column":86},"end":{"line":141,"column":90}}],"line":141},"30":{"loc":{"start":{"line":145,"column":4},"end":{"line":145,"column":58}},"type":"cond-expr","locations":[{"start":{"line":145,"column":23},"end":{"line":145,"column":37}},{"start":{"line":145,"column":40},"end":{"line":145,"column":58}}],"line":145},"31":{"loc":{"start":{"line":149,"column":7},"end":{"line":149,"column":56}},"type":"cond-expr","locations":[{"start":{"line":149,"column":26},"end":{"line":149,"column":39}},{"start":{"line":149,"column":42},"end":{"line":149,"column":56}}],"line":149},"32":{"loc":{"start":{"line":150,"column":4},"end":{"line":150,"column":58}},"type":"cond-expr","locations":[{"start":{"line":150,"column":23},"end":{"line":150,"column":51}},{"start":{"line":150,"column":54},"end":{"line":150,"column":58}}],"line":150},"33":{"loc":{"start":{"line":152,"column":4},"end":{"line":154,"column":77}},"type":"cond-expr","locations":[{"start":{"line":153,"column":8},"end":{"line":153,"column":122}},{"start":{"line":154,"column":8},"end":{"line":154,"column":77}}],"line":152},"34":{"loc":{"start":{"line":157,"column":19},"end":{"line":157,"column":54}},"type":"binary-expr","locations":[{"start":{"line":157,"column":19},"end":{"line":157,"column":32}},{"start":{"line":157,"column":36},"end":{"line":157,"column":54}}],"line":157},"35":{"loc":{"start":{"line":159,"column":28},"end":{"line":161,"column":8}},"type":"cond-expr","locations":[{"start":{"line":160,"column":6},"end":{"line":160,"column":152}},{"start":{"line":161,"column":6},"end":{"line":161,"column":8}}],"line":159},"36":{"loc":{"start":{"line":162,"column":25},"end":{"line":164,"column":8}},"type":"cond-expr","locations":[{"start":{"line":163,"column":6},"end":{"line":163,"column":103}},{"start":{"line":164,"column":6},"end":{"line":164,"column":8}}],"line":162},"37":{"loc":{"start":{"line":162,"column":25},"end":{"line":162,"column":59}},"type":"binary-expr","locations":[{"start":{"line":162,"column":25},"end":{"line":162,"column":41}},{"start":{"line":162,"column":45},"end":{"line":162,"column":59}}],"line":162},"38":{"loc":{"start":{"line":167,"column":7},"end":{"line":169,"column":70}},"type":"cond-expr","locations":[{"start":{"line":168,"column":6},"end":{"line":168,"column":79}},{"start":{"line":169,"column":6},"end":{"line":169,"column":70}}],"line":167},"39":{"loc":{"start":{"line":178,"column":38},"end":{"line":178,"column":75}},"type":"binary-expr","locations":[{"start":{"line":178,"column":38},"end":{"line":178,"column":55}},{"start":{"line":178,"column":59},"end":{"line":178,"column":75}}],"line":178},"40":{"loc":{"start":{"line":180,"column":6},"end":{"line":180,"column":117}},"type":"cond-expr","locations":[{"start":{"line":180,"column":31},"end":{"line":180,"column":112}},{"start":{"line":180,"column":115},"end":{"line":180,"column":117}}],"line":180},"41":{"loc":{"start":{"line":181,"column":6},"end":{"line":181,"column":114}},"type":"cond-expr","locations":[{"start":{"line":181,"column":30},"end":{"line":181,"column":109}},{"start":{"line":181,"column":112},"end":{"line":181,"column":114}}],"line":181},"42":{"loc":{"start":{"line":184,"column":8},"end":{"line":184,"column":60}},"type":"cond-expr","locations":[{"start":{"line":184,"column":27},"end":{"line":184,"column":40}},{"start":{"line":184,"column":43},"end":{"line":184,"column":60}}],"line":184},"43":{"loc":{"start":{"line":200,"column":65},"end":{"line":200,"column":110}},"type":"cond-expr","locations":[{"start":{"line":200,"column":84},"end":{"line":200,"column":95}},{"start":{"line":200,"column":98},"end":{"line":200,"column":110}}],"line":200},"44":{"loc":{"start":{"line":203,"column":8},"end":{"line":203,"column":170}},"type":"cond-expr","locations":[{"start":{"line":203,"column":27},"end":{"line":203,"column":165}},{"start":{"line":203,"column":168},"end":{"line":203,"column":170}}],"line":203},"45":{"loc":{"start":{"line":206,"column":7},"end":{"line":208,"column":75}},"type":"cond-expr","locations":[{"start":{"line":207,"column":6},"end":{"line":207,"column":120}},{"start":{"line":208,"column":6},"end":{"line":208,"column":75}}],"line":206},"46":{"loc":{"start":{"line":211,"column":22},"end":{"line":219,"column":15}},"type":"cond-expr","locations":[{"start":{"line":212,"column":6},"end":{"line":218,"column":7}},{"start":{"line":219,"column":6},"end":{"line":219,"column":15}}],"line":211},"47":{"loc":{"start":{"line":214,"column":20},"end":{"line":214,"column":114}},"type":"binary-expr","locations":[{"start":{"line":214,"column":20},"end":{"line":214,"column":36}},{"start":{"line":214,"column":40},"end":{"line":214,"column":114}}],"line":214},"48":{"loc":{"start":{"line":214,"column":70},"end":{"line":214,"column":108}},"type":"binary-expr","locations":[{"start":{"line":214,"column":70},"end":{"line":214,"column":81}},{"start":{"line":214,"column":85},"end":{"line":214,"column":95}},{"start":{"line":214,"column":99},"end":{"line":214,"column":108}}],"line":214},"49":{"loc":{"start":{"line":226,"column":2},"end":{"line":231,"column":3}},"type":"if","locations":[{"start":{"line":226,"column":2},"end":{"line":231,"column":3}},{"start":{},"end":{}}],"line":226},"50":{"loc":{"start":{"line":243,"column":16},"end":{"line":243,"column":99}},"type":"cond-expr","locations":[{"start":{"line":243,"column":42},"end":{"line":243,"column":82}},{"start":{"line":243,"column":85},"end":{"line":243,"column":99}}],"line":243},"51":{"loc":{"start":{"line":251,"column":36},"end":{"line":251,"column":119}},"type":"cond-expr","locations":[{"start":{"line":251,"column":62},"end":{"line":251,"column":102}},{"start":{"line":251,"column":105},"end":{"line":251,"column":119}}],"line":251},"52":{"loc":{"start":{"line":258,"column":2},"end":{"line":260,"column":3}},"type":"if","locations":[{"start":{"line":258,"column":2},"end":{"line":260,"column":3}},{"start":{},"end":{}}],"line":258},"53":{"loc":{"start":{"line":264,"column":12},"end":{"line":264,"column":43}},"type":"binary-expr","locations":[{"start":{"line":264,"column":12},"end":{"line":264,"column":32}},{"start":{"line":264,"column":36},"end":{"line":264,"column":43}}],"line":264},"54":{"loc":{"start":{"line":265,"column":19},"end":{"line":265,"column":64}},"type":"binary-expr","locations":[{"start":{"line":265,"column":19},"end":{"line":265,"column":46}},{"start":{"line":265,"column":50},"end":{"line":265,"column":64}}],"line":265},"55":{"loc":{"start":{"line":269,"column":92},"end":{"line":269,"column":114}},"type":"binary-expr","locations":[{"start":{"line":269,"column":92},"end":{"line":269,"column":105}},{"start":{"line":269,"column":109},"end":{"line":269,"column":114}}],"line":269},"56":{"loc":{"start":{"line":270,"column":17},"end":{"line":270,"column":52}},"type":"binary-expr","locations":[{"start":{"line":270,"column":17},"end":{"line":270,"column":38}},{"start":{"line":270,"column":42},"end":{"line":270,"column":52}}],"line":270},"57":{"loc":{"start":{"line":272,"column":22},"end":{"line":272,"column":174}},"type":"cond-expr","locations":[{"start":{"line":272,"column":47},"end":{"line":272,"column":117}},{"start":{"line":272,"column":120},"end":{"line":272,"column":174}}],"line":272},"58":{"loc":{"start":{"line":278,"column":26},"end":{"line":278,"column":90}},"type":"binary-expr","locations":[{"start":{"line":278,"column":26},"end":{"line":278,"column":59}},{"start":{"line":278,"column":63},"end":{"line":278,"column":90}}],"line":278},"59":{"loc":{"start":{"line":291,"column":46},"end":{"line":291,"column":110}},"type":"binary-expr","locations":[{"start":{"line":291,"column":46},"end":{"line":291,"column":79}},{"start":{"line":291,"column":83},"end":{"line":291,"column":110}}],"line":291},"60":{"loc":{"start":{"line":294,"column":7},"end":{"line":294,"column":152}},"type":"cond-expr","locations":[{"start":{"line":294,"column":32},"end":{"line":294,"column":95}},{"start":{"line":294,"column":98},"end":{"line":294,"column":152}}],"line":294}},"s":{"0":0,"1":0,"2":0,"3":0,"4":0,"5":0,"6":0,"7":0,"8":0,"9":0,"10":0,"11":0,"12":0,"13":0,"14":0,"15":0,"16":0,"17":0,"18":0,"19":0,"20":0,"21":0,"22":0,"23":0,"24":0,"25":0,"26":0,"27":0,"28":0,"29":0,"30":0,"31":0,"32":0,"33":0,"34":0,"35":0,"36":0,"37":0,"38":0,"39":0,"40":0,"41":0,"42":0,"43":0,"44":0,"45":0,"46":0,"47":0,"48":0,"49":0,"50":0,"51":0,"52":0,"53":0,"54":0,"55":0,"56":0,"57":0,"58":0,"59":0,"60":0,"61":0,"62":0,"63":0,"64":0,"65":0,"66":0,"67":0,"68":0,"69":0,"70":0,"71":0,"72":0,"73":0,"74":0,"75":0,"76":0,"77":0},"f":{"0":0,"1":0,"2":0,"3":0,"4":0,"5":0,"6":0,"7":0,"8":0},"b":{"0":[0,0],"1":[0,0],"2":[0,0],"3":[0,0],"4":[0,0],"5":[0,0],"6":[0,0],"7":[0,0],"8":[0,0],"9":[0,0],"10":[0,0],"11":[0,0],"12":[0,0],"13":[0,0],"14":[0,0],"15":[0,0],"16":[0,0],"17":[0,0],"18":[0,0],"19":[0,0,0],"20":[0,0],"21":[0,0],"22":[0,0],"23":[0,0],"24":[0,0],"25":[0,0],"26":[0,0],"27":[0,0],"28":[0,0],"29":[0,0],"30":[0,0],"31":[0,0],"32":[0,0],"33":[0,0],"34":[0,0],"35":[0,0],"36":[0,0],"37":[0,0],"38":[0,0],"39":[0,0],"40":[0,0],"41":[0,0],"42":[0,0],"43":[0,0],"44":[0,0],"45":[0,0],"46":[0,0],"47":[0,0],"48":[0,0,0],"49":[0,0],"50":[0,0],"51":[0,0],"52":[0,0],"53":[0,0],"54":[0,0],"55":[0,0],"56":[0,0],"57":[0,0],"58":[0,0],"59":[0,0],"60":[0,0]}}
}
