{"C:\\Users\\SHAKIR\\Desktop\\CASE_Studie project2\\smart-waste\\backend\\src\\routes.js": {"path":"C:\\Users\\SHAKIR\\Desktop\\CASE_Studie project2\\smart-waste\\backend\\src\\routes.js","statementMap":{"0":{"start":{"line":2,"column":15},"end":{"line":2,"column":42}},"1":{"start":{"line":4,"column":0},"end":{"line":4,"column":62}},"2":{"start":{"line":5,"column":0},"end":{"line":5,"column":65}},"3":{"start":{"line":6,"column":0},"end":{"line":6,"column":60}},"4":{"start":{"line":8,"column":0},"end":{"line":13,"column":1}},"5":{"start":{"line":9,"column":1},"end":{"line":9,"column":65}},"6":{"start":{"line":12,"column":1},"end":{"line":12,"column":60}},"7":{"start":{"line":14,"column":0},"end":{"line":14,"column":54}},"8":{"start":{"line":16,"column":0},"end":{"line":16,"column":24}}},"fnMap":{},"branchMap":{},"s":{"0":1,"1":1,"2":1,"3":1,"4":1,"5":1,"6":1,"7":1,"8":1},"f":{},"b":{},"_coverageSchema":"1a1c01bbd47fc00a2c39e90264f33305004495a9","hash":"2c565872ecba51b9cd1d5894f1da69ef4778ed09"}
,"C:\\Users\\SHAKIR\\Desktop\\CASE_Studie project2\\smart-waste\\backend\\src\\models\\Bill.js": {"path":"C:\\Users\\SHAKIR\\Desktop\\CASE_Studie project2\\smart-waste\\backend\\src\\models\\Bill.js","statementMap":{"0":{"start":{"line":1,"column":33},"end":{"line":1,"column":52}},"1":{"start":{"line":4,"column":24},"end":{"line":4,"column":76}},"2":{"start":{"line":5,"column":22},"end":{"line":5,"column":68}},"3":{"start":{"line":7,"column":22},"end":{"line":11,"column":1}},"4":{"start":{"line":14,"column":19},"end":{"line":40,"column":17}},"5":{"start":{"line":43,"column":0},"end":{"line":43,"column":33}},"6":{"start":{"line":45,"column":0},"end":{"line":45,"column":43}}},"fnMap":{},"branchMap":{},"s":{"0":2,"1":2,"2":2,"3":2,"4":2,"5":2,"6":2},"f":{},"b":{},"_coverageSchema":"1a1c01bbd47fc00a2c39e90264f33305004495a9","hash":"e85d6a21e00171a6d68e08403cf9afe7b8b167dd"}
,"C:\\Users\\SHAKIR\\Desktop\\CASE_Studie project2\\smart-waste\\backend\\src\\models\\City.js": {"path":"C:\\Users\\SHAKIR\\Desktop\\CASE_Studie project2\\smart-waste\\backend\\src\\models\\City.js","statementMap":{"0":{"start":{"line":1,"column":26},"end":{"line":1,"column":45}},"1":{"start":{"line":3,"column":22},"end":{"line":7,"column":1}},"2":{"start":{"line":10,"column":19},"end":{"line":13,"column":1}},"3":{"start":{"line":16,"column":15},"end":{"line":24,"column":17}},"4":{"start":{"line":26,"column":0},"end":{"line":26,"column":39}}},"fnMap":{},"branchMap":{},"s":{"0":1,"1":1,"2":1,"3":1,"4":1},"f":{},"b":{},"_coverageSchema":"1a1c01bbd47fc00a2c39e90264f33305004495a9","hash":"4d1f93421d5a867f9361c29d44e587d11853592b"}
,"C:\\Users\\SHAKIR\\Desktop\\CASE_Studie project2\\smart-waste\\backend\\src\\models\\CollectionEvent.js": {"path":"C:\\Users\\SHAKIR\\Desktop\\CASE_Studie project2\\smart-waste\\backend\\src\\models\\CollectionEvent.js","statementMap":{"0":{"start":{"line":1,"column":26},"end":{"line":1,"column":45}},"1":{"start":{"line":3,"column":22},"end":{"line":7,"column":1}},"2":{"start":{"line":10,"column":15},"end":{"line":15,"column":17}},"3":{"start":{"line":18,"column":0},"end":{"line":18,"column":35}},"4":{"start":{"line":20,"column":0},"end":{"line":20,"column":50}}},"fnMap":{},"branchMap":{},"s":{"0":1,"1":1,"2":1,"3":1,"4":1},"f":{},"b":{},"_coverageSchema":"1a1c01bbd47fc00a2c39e90264f33305004495a9","hash":"e0d5e98e55973be993270319b63fdc158ab5034c"}
,"C:\\Users\\SHAKIR\\Desktop\\CASE_Studie project2\\smart-waste\\backend\\src\\models\\PaymentTransaction.js": {"path":"C:\\Users\\SHAKIR\\Desktop\\CASE_Studie project2\\smart-waste\\backend\\src\\models\\PaymentTransaction.js","statementMap":{"0":{"start":{"line":1,"column":33},"end":{"line":1,"column":52}},"1":{"start":{"line":3,"column":29},"end":{"line":3,"column":89}},"2":{"start":{"line":5,"column":22},"end":{"line":9,"column":1}},"3":{"start":{"line":12,"column":26},"end":{"line":29,"column":17}},"4":{"start":{"line":32,"column":0},"end":{"line":32,"column":65}},"5":{"start":{"line":34,"column":0},"end":{"line":34,"column":64}}},"fnMap":{},"branchMap":{},"s":{"0":2,"1":2,"2":2,"3":2,"4":2,"5":2},"f":{},"b":{},"_coverageSchema":"1a1c01bbd47fc00a2c39e90264f33305004495a9","hash":"78b09cd0d2209ac5f0361ad6abe90a193c974449"}
,"C:\\Users\\SHAKIR\\Desktop\\CASE_Studie project2\\smart-waste\\backend\\src\\models\\RoutePlan.js": {"path":"C:\\Users\\SHAKIR\\Desktop\\CASE_Studie project2\\smart-waste\\backend\\src\\models\\RoutePlan.js","statementMap":{"0":{"start":{"line":1,"column":26},"end":{"line":1,"column":45}},"1":{"start":{"line":3,"column":22},"end":{"line":7,"column":1}},"2":{"start":{"line":10,"column":19},"end":{"line":16,"column":18}},"3":{"start":{"line":19,"column":15},"end":{"line":29,"column":17}},"4":{"start":{"line":32,"column":0},"end":{"line":32,"column":47}},"5":{"start":{"line":34,"column":0},"end":{"line":34,"column":44}}},"fnMap":{},"branchMap":{},"s":{"0":1,"1":1,"2":1,"3":1,"4":1,"5":1},"f":{},"b":{},"_coverageSchema":"1a1c01bbd47fc00a2c39e90264f33305004495a9","hash":"fcd07498cdc58af3cb3631e91fd0ce94dc7a9383"}
,"C:\\Users\\SHAKIR\\Desktop\\CASE_Studie project2\\smart-waste\\backend\\src\\models\\SpecialCollectionPayment.js": {"path":"C:\\Users\\SHAKIR\\Desktop\\CASE_Studie project2\\smart-waste\\backend\\src\\models\\SpecialCollectionPayment.js","statementMap":{"0":{"start":{"line":1,"column":33},"end":{"line":1,"column":52}},"1":{"start":{"line":3,"column":25},"end":{"line":3,"column":72}},"2":{"start":{"line":5,"column":22},"end":{"line":9,"column":1}},"3":{"start":{"line":12,"column":22},"end":{"line":27,"column":17}},"4":{"start":{"line":30,"column":0},"end":{"line":30,"column":50}},"5":{"start":{"line":31,"column":0},"end":{"line":31,"column":38}},"6":{"start":{"line":33,"column":0},"end":{"line":33,"column":66}}},"fnMap":{},"branchMap":{},"s":{"0":1,"1":1,"2":1,"3":1,"4":1,"5":1,"6":1},"f":{},"b":{},"_coverageSchema":"1a1c01bbd47fc00a2c39e90264f33305004495a9","hash":"0f377bc1676986de77688c8a2cd31d7078aef9a4"}
,"C:\\Users\\SHAKIR\\Desktop\\CASE_Studie project2\\smart-waste\\backend\\src\\models\\SpecialCollectionRequest.js": {"path":"C:\\Users\\SHAKIR\\Desktop\\CASE_Studie project2\\smart-waste\\backend\\src\\models\\SpecialCollectionRequest.js","statementMap":{"0":{"start":{"line":1,"column":33},"end":{"line":1,"column":52}},"1":{"start":{"line":3,"column":25},"end":{"line":3,"column":103}},"2":{"start":{"line":4,"column":25},"end":{"line":4,"column":88}},"3":{"start":{"line":6,"column":22},"end":{"line":10,"column":1}},"4":{"start":{"line":13,"column":19},"end":{"line":17,"column":18}},"5":{"start":{"line":20,"column":22},"end":{"line":61,"column":17}},"6":{"start":{"line":64,"column":0},"end":{"line":64,"column":42}},"7":{"start":{"line":65,"column":0},"end":{"line":65,"column":50}},"8":{"start":{"line":67,"column":0},"end":{"line":67,"column":66}}},"fnMap":{},"branchMap":{},"s":{"0":1,"1":1,"2":1,"3":1,"4":1,"5":1,"6":1,"7":1,"8":1},"f":{},"b":{},"_coverageSchema":"1a1c01bbd47fc00a2c39e90264f33305004495a9","hash":"930f69cb7ab22f3d7e2c423acf5f37fdeffd8095"}
,"C:\\Users\\SHAKIR\\Desktop\\CASE_Studie project2\\smart-waste\\backend\\src\\models\\User.js": {"path":"C:\\Users\\SHAKIR\\Desktop\\CASE_Studie project2\\smart-waste\\backend\\src\\models\\User.js","statementMap":{"0":{"start":{"line":1,"column":17},"end":{"line":1,"column":36}},"1":{"start":{"line":2,"column":15},"end":{"line":2,"column":34}},"2":{"start":{"line":4,"column":20},"end":{"line":4,"column":22}},"3":{"start":{"line":6,"column":22},"end":{"line":24,"column":1}},"4":{"start":{"line":12,"column":6},"end":{"line":12,"column":30}},"5":{"start":{"line":13,"column":6},"end":{"line":13,"column":17}},"6":{"start":{"line":20,"column":6},"end":{"line":20,"column":30}},"7":{"start":{"line":21,"column":6},"end":{"line":21,"column":17}},"8":{"start":{"line":27,"column":19},"end":{"line":61,"column":17}},"9":{"start":{"line":63,"column":0},"end":{"line":65,"column":2}},"10":{"start":{"line":64,"column":2},"end":{"line":64,"column":54}},"11":{"start":{"line":67,"column":0},"end":{"line":73,"column":2}},"12":{"start":{"line":68,"column":2},"end":{"line":72,"column":3}},"13":{"start":{"line":69,"column":4},"end":{"line":69,"column":33}},"14":{"start":{"line":70,"column":4},"end":{"line":70,"column":26}},"15":{"start":{"line":71,"column":4},"end":{"line":71,"column":22}},"16":{"start":{"line":75,"column":0},"end":{"line":98,"column":2}},"17":{"start":{"line":76,"column":14},"end":{"line":76,"column":24}},"18":{"start":{"line":78,"column":2},"end":{"line":80,"column":3}},"19":{"start":{"line":79,"column":4},"end":{"line":79,"column":26}},"20":{"start":{"line":82,"column":2},"end":{"line":85,"column":3}},"21":{"start":{"line":83,"column":4},"end":{"line":83,"column":33}},"22":{"start":{"line":84,"column":4},"end":{"line":84,"column":26}},"23":{"start":{"line":87,"column":2},"end":{"line":87,"column":32}},"24":{"start":{"line":89,"column":2},"end":{"line":94,"column":3}},"25":{"start":{"line":90,"column":22},"end":{"line":90,"column":71}},"26":{"start":{"line":91,"column":4},"end":{"line":91,"column":31}},"27":{"start":{"line":92,"column":4},"end":{"line":92,"column":22}},"28":{"start":{"line":93,"column":4},"end":{"line":93,"column":21}},"29":{"start":{"line":96,"column":2},"end":{"line":96,"column":20}},"30":{"start":{"line":97,"column":2},"end":{"line":97,"column":14}},"31":{"start":{"line":100,"column":0},"end":{"line":102,"column":2}},"32":{"start":{"line":101,"column":2},"end":{"line":101,"column":41}},"33":{"start":{"line":104,"column":0},"end":{"line":104,"column":52}}},"fnMap":{"0":{"name":"(anonymous_0)","decl":{"start":{"line":11,"column":15},"end":{"line":11,"column":16}},"loc":{"start":{"line":11,"column":30},"end":{"line":14,"column":5}},"line":11},"1":{"name":"(anonymous_1)","decl":{"start":{"line":19,"column":15},"end":{"line":19,"column":16}},"loc":{"start":{"line":19,"column":30},"end":{"line":22,"column":5}},"line":19},"2":{"name":"verifyPassword","decl":{"start":{"line":63,"column":45},"end":{"line":63,"column":59}},"loc":{"start":{"line":63,"column":71},"end":{"line":65,"column":1}},"line":63},"3":{"name":"resetLoginAttempts","decl":{"start":{"line":67,"column":55},"end":{"line":67,"column":73}},"loc":{"start":{"line":67,"column":76},"end":{"line":73,"column":1}},"line":67},"4":{"name":"registerFailedLogin","decl":{"start":{"line":75,"column":56},"end":{"line":75,"column":75}},"loc":{"start":{"line":75,"column":102},"end":{"line":98,"column":1}},"line":75},"5":{"name":"hashPassword","decl":{"start":{"line":100,"column":43},"end":{"line":100,"column":55}},"loc":{"start":{"line":100,"column":63},"end":{"line":102,"column":1}},"line":100}},"branchMap":{"0":{"loc":{"start":{"line":68,"column":2},"end":{"line":72,"column":3}},"type":"if","locations":[{"start":{"line":68,"column":2},"end":{"line":72,"column":3}},{"start":{},"end":{}}],"line":68},"1":{"loc":{"start":{"line":68,"column":6},"end":{"line":68,"column":54}},"type":"binary-expr","locations":[{"start":{"line":68,"column":6},"end":{"line":68,"column":36}},{"start":{"line":68,"column":40},"end":{"line":68,"column":54}}],"line":68},"2":{"loc":{"start":{"line":78,"column":2},"end":{"line":80,"column":3}},"type":"if","locations":[{"start":{"line":78,"column":2},"end":{"line":80,"column":3}},{"start":{},"end":{}}],"line":78},"3":{"loc":{"start":{"line":78,"column":6},"end":{"line":78,"column":44}},"type":"binary-expr","locations":[{"start":{"line":78,"column":6},"end":{"line":78,"column":20}},{"start":{"line":78,"column":24},"end":{"line":78,"column":44}}],"line":78},"4":{"loc":{"start":{"line":82,"column":2},"end":{"line":85,"column":3}},"type":"if","locations":[{"start":{"line":82,"column":2},"end":{"line":85,"column":3}},{"start":{},"end":{}}],"line":82},"5":{"loc":{"start":{"line":82,"column":6},"end":{"line":82,"column":45}},"type":"binary-expr","locations":[{"start":{"line":82,"column":6},"end":{"line":82,"column":20}},{"start":{"line":82,"column":24},"end":{"line":82,"column":45}}],"line":82},"6":{"loc":{"start":{"line":89,"column":2},"end":{"line":94,"column":3}},"type":"if","locations":[{"start":{"line":89,"column":2},"end":{"line":94,"column":3}},{"start":{},"end":{}}],"line":89}},"s":{"0":1,"1":1,"2":1,"3":1,"4":0,"5":0,"6":0,"7":0,"8":1,"9":1,"10":0,"11":1,"12":0,"13":0,"14":0,"15":0,"16":1,"17":0,"18":0,"19":0,"20":0,"21":0,"22":0,"23":0,"24":0,"25":0,"26":0,"27":0,"28":0,"29":0,"30":0,"31":1,"32":0,"33":1},"f":{"0":0,"1":0,"2":0,"3":0,"4":0,"5":0},"b":{"0":[0,0],"1":[0,0],"2":[0,0],"3":[0,0],"4":[0,0],"5":[0,0],"6":[0,0]},"_coverageSchema":"1a1c01bbd47fc00a2c39e90264f33305004495a9","hash":"e35dad468d07933d765a400523ed8fafa01a21fd"}
,"C:\\Users\\SHAKIR\\Desktop\\CASE_Studie project2\\smart-waste\\backend\\src\\models\\WasteBin.js": {"path":"C:\\Users\\SHAKIR\\Desktop\\CASE_Studie project2\\smart-waste\\backend\\src\\models\\WasteBin.js","statementMap":{"0":{"start":{"line":1,"column":26},"end":{"line":1,"column":45}},"1":{"start":{"line":3,"column":22},"end":{"line":7,"column":1}},"2":{"start":{"line":10,"column":15},"end":{"line":19,"column":17}},"3":{"start":{"line":22,"column":0},"end":{"line":22,"column":35}},"4":{"start":{"line":24,"column":0},"end":{"line":24,"column":43}}},"fnMap":{},"branchMap":{},"s":{"0":1,"1":1,"2":1,"3":1,"4":1},"f":{},"b":{},"_coverageSchema":"1a1c01bbd47fc00a2c39e90264f33305004495a9","hash":"6344f93bb594ce416a729f1006f71f64ae18282a"}
,"C:\\Users\\SHAKIR\\Desktop\\CASE_Studie project2\\smart-waste\\backend\\src\\models\\WasteCollectionRecord.js": {"path":"C:\\Users\\SHAKIR\\Desktop\\CASE_Studie project2\\smart-waste\\backend\\src\\models\\WasteCollectionRecord.js","statementMap":{"0":{"start":{"line":1,"column":26},"end":{"line":1,"column":45}},"1":{"start":{"line":3,"column":23},"end":{"line":3,"column":63}},"2":{"start":{"line":4,"column":20},"end":{"line":4,"column":117}},"3":{"start":{"line":5,"column":23},"end":{"line":5,"column":82}},"4":{"start":{"line":7,"column":22},"end":{"line":11,"column":1}},"5":{"start":{"line":14,"column":21},"end":{"line":60,"column":17}},"6":{"start":{"line":20,"column":28},"end":{"line":20,"column":47}},"7":{"start":{"line":63,"column":0},"end":{"line":63,"column":54}},"8":{"start":{"line":64,"column":0},"end":{"line":64,"column":60}},"9":{"start":{"line":65,"column":0},"end":{"line":65,"column":57}},"10":{"start":{"line":66,"column":0},"end":{"line":66,"column":59}},"11":{"start":{"line":72,"column":0},"end":{"line":79,"column":3}},"12":{"start":{"line":73,"column":2},"end":{"line":77,"column":3}},"13":{"start":{"line":74,"column":4},"end":{"line":74,"column":82}},"14":{"start":{"line":76,"column":4},"end":{"line":76,"column":29}},"15":{"start":{"line":78,"column":2},"end":{"line":78,"column":9}},"16":{"start":{"line":85,"column":0},"end":{"line":87,"column":3}},"17":{"start":{"line":86,"column":2},"end":{"line":86,"column":36}},"18":{"start":{"line":95,"column":0},"end":{"line":105,"column":2}},"19":{"start":{"line":96,"column":29},"end":{"line":99,"column":4}},"20":{"start":{"line":101,"column":2},"end":{"line":104,"column":4}},"21":{"start":{"line":113,"column":0},"end":{"line":121,"column":2}},"22":{"start":{"line":114,"column":47},"end":{"line":118,"column":4}},"23":{"start":{"line":120,"column":2},"end":{"line":120,"column":48}},"24":{"start":{"line":124,"column":0},"end":{"line":124,"column":62}},"25":{"start":{"line":125,"column":0},"end":{"line":125,"column":47}},"26":{"start":{"line":126,"column":0},"end":{"line":126,"column":41}},"27":{"start":{"line":127,"column":0},"end":{"line":127,"column":47}}},"fnMap":{"0":{"name":"(anonymous_0)","decl":{"start":{"line":20,"column":17},"end":{"line":20,"column":18}},"loc":{"start":{"line":20,"column":28},"end":{"line":20,"column":47}},"line":20},"1":{"name":"calculateRecyclableRatio","decl":{"start":{"line":72,"column":34},"end":{"line":72,"column":58}},"loc":{"start":{"line":72,"column":65},"end":{"line":79,"column":1}},"line":72},"2":{"name":"(anonymous_2)","decl":{"start":{"line":85,"column":50},"end":{"line":85,"column":51}},"loc":{"start":{"line":85,"column":61},"end":{"line":87,"column":1}},"line":85},"3":{"name":"(anonymous_3)","decl":{"start":{"line":95,"column":36},"end":{"line":95,"column":37}},"loc":{"start":{"line":95,"column":53},"end":{"line":105,"column":1}},"line":95},"4":{"name":"(anonymous_4)","decl":{"start":{"line":113,"column":42},"end":{"line":113,"column":43}},"loc":{"start":{"line":113,"column":59},"end":{"line":121,"column":1}},"line":113}},"branchMap":{"0":{"loc":{"start":{"line":73,"column":2},"end":{"line":77,"column":3}},"type":"if","locations":[{"start":{"line":73,"column":2},"end":{"line":77,"column":3}},{"start":{"line":75,"column":9},"end":{"line":77,"column":3}}],"line":73},"1":{"loc":{"start":{"line":102,"column":10},"end":{"line":102,"column":42}},"type":"binary-expr","locations":[{"start":{"line":102,"column":10},"end":{"line":102,"column":34}},{"start":{"line":102,"column":38},"end":{"line":102,"column":42}}],"line":102},"2":{"loc":{"start":{"line":103,"column":8},"end":{"line":103,"column":38}},"type":"binary-expr","locations":[{"start":{"line":103,"column":8},"end":{"line":103,"column":30}},{"start":{"line":103,"column":34},"end":{"line":103,"column":38}}],"line":103}},"s":{"0":1,"1":1,"2":1,"3":1,"4":1,"5":1,"6":0,"7":1,"8":1,"9":1,"10":1,"11":1,"12":0,"13":0,"14":0,"15":0,"16":1,"17":0,"18":1,"19":0,"20":0,"21":1,"22":0,"23":0,"24":1,"25":1,"26":1,"27":1},"f":{"0":0,"1":0,"2":0,"3":0,"4":0},"b":{"0":[0,0],"1":[0,0],"2":[0,0]},"_coverageSchema":"1a1c01bbd47fc00a2c39e90264f33305004495a9","hash":"f2dc6664b4762ea30d23f9d87b3885a693f6f208"}
,"C:\\Users\\SHAKIR\\Desktop\\CASE_Studie project2\\smart-waste\\backend\\src\\modules\\analytics\\reportService.js": {"path":"C:\\Users\\SHAKIR\\Desktop\\CASE_Studie project2\\smart-waste\\backend\\src\\modules\\analytics\\reportService.js","statementMap":{"0":{"start":{"line":9,"column":30},"end":{"line":9,"column":75}},"1":{"start":{"line":20,"column":2},"end":{"line":27,"column":16}},"2":{"start":{"line":21,"column":16},"end":{"line":21,"column":31}},"3":{"start":{"line":22,"column":4},"end":{"line":24,"column":5}},"4":{"start":{"line":23,"column":6},"end":{"line":23,"column":31}},"5":{"start":{"line":25,"column":4},"end":{"line":25,"column":36}},"6":{"start":{"line":26,"column":4},"end":{"line":26,"column":23}},"7":{"start":{"line":38,"column":2},"end":{"line":38,"column":41}},"8":{"start":{"line":49,"column":2},"end":{"line":49,"column":75}},"9":{"start":{"line":49,"column":41},"end":{"line":49,"column":70}},"10":{"start":{"line":59,"column":4},"end":{"line":59,"column":28}},"11":{"start":{"line":70,"column":4},"end":{"line":73,"column":6}},"12":{"start":{"line":74,"column":4},"end":{"line":74,"column":16}},"13":{"start":{"line":84,"column":4},"end":{"line":86,"column":5}},"14":{"start":{"line":85,"column":6},"end":{"line":85,"column":51}},"15":{"start":{"line":87,"column":4},"end":{"line":87,"column":16}},"16":{"start":{"line":97,"column":4},"end":{"line":99,"column":5}},"17":{"start":{"line":98,"column":6},"end":{"line":98,"column":57}},"18":{"start":{"line":100,"column":4},"end":{"line":100,"column":16}},"19":{"start":{"line":110,"column":4},"end":{"line":112,"column":5}},"20":{"start":{"line":111,"column":6},"end":{"line":111,"column":63}},"21":{"start":{"line":113,"column":4},"end":{"line":113,"column":16}},"22":{"start":{"line":122,"column":4},"end":{"line":122,"column":30}},"23":{"start":{"line":138,"column":26},"end":{"line":138,"column":74}},"24":{"start":{"line":138,"column":55},"end":{"line":138,"column":73}},"25":{"start":{"line":140,"column":21},"end":{"line":152,"column":4}},"26":{"start":{"line":141,"column":27},"end":{"line":141,"column":57}},"27":{"start":{"line":142,"column":24},"end":{"line":142,"column":36}},"28":{"start":{"line":144,"column":4},"end":{"line":151,"column":6}},"29":{"start":{"line":155,"column":2},"end":{"line":155,"column":58}},"30":{"start":{"line":155,"column":35},"end":{"line":155,"column":56}},"31":{"start":{"line":165,"column":23},"end":{"line":165,"column":79}},"32":{"start":{"line":165,"column":52},"end":{"line":165,"column":78}},"33":{"start":{"line":167,"column":24},"end":{"line":177,"column":4}},"34":{"start":{"line":168,"column":24},"end":{"line":168,"column":54}},"35":{"start":{"line":169,"column":28},"end":{"line":169,"column":40}},"36":{"start":{"line":171,"column":4},"end":{"line":176,"column":6}},"37":{"start":{"line":179,"column":2},"end":{"line":179,"column":61}},"38":{"start":{"line":179,"column":38},"end":{"line":179,"column":59}},"39":{"start":{"line":189,"column":26},"end":{"line":189,"column":85}},"40":{"start":{"line":189,"column":55},"end":{"line":189,"column":84}},"41":{"start":{"line":191,"column":2},"end":{"line":201,"column":5}},"42":{"start":{"line":192,"column":23},"end":{"line":192,"column":57}},"43":{"start":{"line":193,"column":26},"end":{"line":193,"column":63}},"44":{"start":{"line":195,"column":4},"end":{"line":200,"column":6}},"45":{"start":{"line":211,"column":27},"end":{"line":214,"column":3}},"46":{"start":{"line":213,"column":16},"end":{"line":213,"column":74}},"47":{"start":{"line":216,"column":21},"end":{"line":224,"column":4}},"48":{"start":{"line":217,"column":22},"end":{"line":217,"column":52}},"49":{"start":{"line":219,"column":4},"end":{"line":223,"column":6}},"50":{"start":{"line":226,"column":2},"end":{"line":226,"column":61}},"51":{"start":{"line":226,"column":36},"end":{"line":226,"column":58}},"52":{"start":{"line":242,"column":4},"end":{"line":250,"column":6}},"53":{"start":{"line":260,"column":4},"end":{"line":265,"column":6}},"54":{"start":{"line":277,"column":31},"end":{"line":277,"column":63}},"55":{"start":{"line":278,"column":19},"end":{"line":278,"column":48}},"56":{"start":{"line":281,"column":26},"end":{"line":281,"column":55}},"57":{"start":{"line":282,"column":25},"end":{"line":282,"column":57}},"58":{"start":{"line":283,"column":23},"end":{"line":283,"column":51}},"59":{"start":{"line":284,"column":23},"end":{"line":284,"column":55}},"60":{"start":{"line":286,"column":4},"end":{"line":303,"column":6}},"61":{"start":{"line":318,"column":33},"end":{"line":321,"column":6}},"62":{"start":{"line":323,"column":4},"end":{"line":326,"column":6}},"63":{"start":{"line":336,"column":77},"end":{"line":336,"column":85}},"64":{"start":{"line":338,"column":4},"end":{"line":343,"column":15}},"65":{"start":{"line":353,"column":26},"end":{"line":353,"column":51}},"66":{"start":{"line":354,"column":20},"end":{"line":354,"column":74}},"67":{"start":{"line":356,"column":4},"end":{"line":358,"column":5}},"68":{"start":{"line":357,"column":6},"end":{"line":357,"column":18}},"69":{"start":{"line":360,"column":4},"end":{"line":360,"column":60}},"70":{"start":{"line":364,"column":0},"end":{"line":373,"column":2}}},"fnMap":{"0":{"name":"groupBy","decl":{"start":{"line":19,"column":9},"end":{"line":19,"column":16}},"loc":{"start":{"line":19,"column":35},"end":{"line":28,"column":1}},"line":19},"1":{"name":"(anonymous_1)","decl":{"start":{"line":20,"column":22},"end":{"line":20,"column":23}},"loc":{"start":{"line":20,"column":45},"end":{"line":27,"column":3}},"line":20},"2":{"name":"roundToDecimals","decl":{"start":{"line":37,"column":9},"end":{"line":37,"column":24}},"loc":{"start":{"line":37,"column":46},"end":{"line":39,"column":1}},"line":37},"3":{"name":"sumProperty","decl":{"start":{"line":48,"column":9},"end":{"line":48,"column":20}},"loc":{"start":{"line":48,"column":40},"end":{"line":50,"column":1}},"line":48},"4":{"name":"(anonymous_4)","decl":{"start":{"line":49,"column":24},"end":{"line":49,"column":25}},"loc":{"start":{"line":49,"column":41},"end":{"line":49,"column":70}},"line":49},"5":{"name":"(anonymous_5)","decl":{"start":{"line":58,"column":2},"end":{"line":58,"column":3}},"loc":{"start":{"line":58,"column":16},"end":{"line":60,"column":3}},"line":58},"6":{"name":"(anonymous_6)","decl":{"start":{"line":69,"column":2},"end":{"line":69,"column":3}},"loc":{"start":{"line":69,"column":26},"end":{"line":75,"column":3}},"line":69},"7":{"name":"(anonymous_7)","decl":{"start":{"line":83,"column":2},"end":{"line":83,"column":3}},"loc":{"start":{"line":83,"column":23},"end":{"line":88,"column":3}},"line":83},"8":{"name":"(anonymous_8)","decl":{"start":{"line":96,"column":2},"end":{"line":96,"column":3}},"loc":{"start":{"line":96,"column":29},"end":{"line":101,"column":3}},"line":96},"9":{"name":"(anonymous_9)","decl":{"start":{"line":109,"column":2},"end":{"line":109,"column":3}},"loc":{"start":{"line":109,"column":35},"end":{"line":114,"column":3}},"line":109},"10":{"name":"(anonymous_10)","decl":{"start":{"line":121,"column":2},"end":{"line":121,"column":3}},"loc":{"start":{"line":121,"column":10},"end":{"line":123,"column":3}},"line":121},"11":{"name":"aggregateHouseholdStats","decl":{"start":{"line":137,"column":9},"end":{"line":137,"column":32}},"loc":{"start":{"line":137,"column":42},"end":{"line":156,"column":1}},"line":137},"12":{"name":"(anonymous_12)","decl":{"start":{"line":138,"column":43},"end":{"line":138,"column":44}},"loc":{"start":{"line":138,"column":55},"end":{"line":138,"column":73}},"line":138},"13":{"name":"(anonymous_13)","decl":{"start":{"line":140,"column":63},"end":{"line":140,"column":64}},"loc":{"start":{"line":140,"column":89},"end":{"line":152,"column":3}},"line":140},"14":{"name":"(anonymous_14)","decl":{"start":{"line":155,"column":25},"end":{"line":155,"column":26}},"loc":{"start":{"line":155,"column":35},"end":{"line":155,"column":56}},"line":155},"15":{"name":"aggregateRegionStats","decl":{"start":{"line":164,"column":9},"end":{"line":164,"column":29}},"loc":{"start":{"line":164,"column":39},"end":{"line":180,"column":1}},"line":164},"16":{"name":"(anonymous_16)","decl":{"start":{"line":165,"column":40},"end":{"line":165,"column":41}},"loc":{"start":{"line":165,"column":52},"end":{"line":165,"column":78}},"line":165},"17":{"name":"(anonymous_17)","decl":{"start":{"line":167,"column":63},"end":{"line":167,"column":64}},"loc":{"start":{"line":167,"column":84},"end":{"line":177,"column":3}},"line":167},"18":{"name":"(anonymous_18)","decl":{"start":{"line":179,"column":28},"end":{"line":179,"column":29}},"loc":{"start":{"line":179,"column":38},"end":{"line":179,"column":59}},"line":179},"19":{"name":"aggregateWasteTypeStats","decl":{"start":{"line":188,"column":9},"end":{"line":188,"column":32}},"loc":{"start":{"line":188,"column":42},"end":{"line":202,"column":1}},"line":188},"20":{"name":"(anonymous_20)","decl":{"start":{"line":189,"column":43},"end":{"line":189,"column":44}},"loc":{"start":{"line":189,"column":55},"end":{"line":189,"column":84}},"line":189},"21":{"name":"(anonymous_21)","decl":{"start":{"line":191,"column":51},"end":{"line":191,"column":52}},"loc":{"start":{"line":191,"column":75},"end":{"line":201,"column":3}},"line":191},"22":{"name":"aggregateTimeSeries","decl":{"start":{"line":210,"column":9},"end":{"line":210,"column":28}},"loc":{"start":{"line":210,"column":38},"end":{"line":227,"column":1}},"line":210},"23":{"name":"(anonymous_23)","decl":{"start":{"line":213,"column":4},"end":{"line":213,"column":5}},"loc":{"start":{"line":213,"column":16},"end":{"line":213,"column":74}},"line":213},"24":{"name":"(anonymous_24)","decl":{"start":{"line":216,"column":64},"end":{"line":216,"column":65}},"loc":{"start":{"line":216,"column":82},"end":{"line":224,"column":3}},"line":216},"25":{"name":"(anonymous_25)","decl":{"start":{"line":226,"column":25},"end":{"line":226,"column":26}},"loc":{"start":{"line":226,"column":36},"end":{"line":226,"column":58}},"line":226},"26":{"name":"(anonymous_26)","decl":{"start":{"line":241,"column":2},"end":{"line":241,"column":3}},"loc":{"start":{"line":241,"column":37},"end":{"line":251,"column":3}},"line":241},"27":{"name":"(anonymous_27)","decl":{"start":{"line":259,"column":2},"end":{"line":259,"column":3}},"loc":{"start":{"line":259,"column":34},"end":{"line":266,"column":3}},"line":259},"28":{"name":"(anonymous_28)","decl":{"start":{"line":276,"column":2},"end":{"line":276,"column":3}},"loc":{"start":{"line":276,"column":37},"end":{"line":304,"column":3}},"line":276},"29":{"name":"(anonymous_29)","decl":{"start":{"line":317,"column":2},"end":{"line":317,"column":3}},"loc":{"start":{"line":317,"column":34},"end":{"line":327,"column":3}},"line":317},"30":{"name":"(anonymous_30)","decl":{"start":{"line":335,"column":2},"end":{"line":335,"column":3}},"loc":{"start":{"line":335,"column":30},"end":{"line":344,"column":3}},"line":335},"31":{"name":"(anonymous_31)","decl":{"start":{"line":352,"column":2},"end":{"line":352,"column":3}},"loc":{"start":{"line":352,"column":40},"end":{"line":361,"column":3}},"line":352}},"branchMap":{"0":{"loc":{"start":{"line":22,"column":4},"end":{"line":24,"column":5}},"type":"if","locations":[{"start":{"line":22,"column":4},"end":{"line":24,"column":5}},{"start":{},"end":{}}],"line":22},"1":{"loc":{"start":{"line":37,"column":32},"end":{"line":37,"column":44}},"type":"default-arg","locations":[{"start":{"line":37,"column":43},"end":{"line":37,"column":44}}],"line":37},"2":{"loc":{"start":{"line":49,"column":48},"end":{"line":49,"column":69}},"type":"binary-expr","locations":[{"start":{"line":49,"column":48},"end":{"line":49,"column":64}},{"start":{"line":49,"column":68},"end":{"line":49,"column":69}}],"line":49},"3":{"loc":{"start":{"line":84,"column":4},"end":{"line":86,"column":5}},"type":"if","locations":[{"start":{"line":84,"column":4},"end":{"line":86,"column":5}},{"start":{},"end":{}}],"line":84},"4":{"loc":{"start":{"line":84,"column":8},"end":{"line":84,"column":37}},"type":"binary-expr","locations":[{"start":{"line":84,"column":8},"end":{"line":84,"column":15}},{"start":{"line":84,"column":19},"end":{"line":84,"column":37}}],"line":84},"5":{"loc":{"start":{"line":97,"column":4},"end":{"line":99,"column":5}},"type":"if","locations":[{"start":{"line":97,"column":4},"end":{"line":99,"column":5}},{"start":{},"end":{}}],"line":97},"6":{"loc":{"start":{"line":97,"column":8},"end":{"line":97,"column":43}},"type":"binary-expr","locations":[{"start":{"line":97,"column":8},"end":{"line":97,"column":18}},{"start":{"line":97,"column":22},"end":{"line":97,"column":43}}],"line":97},"7":{"loc":{"start":{"line":110,"column":4},"end":{"line":112,"column":5}},"type":"if","locations":[{"start":{"line":110,"column":4},"end":{"line":112,"column":5}},{"start":{},"end":{}}],"line":110},"8":{"loc":{"start":{"line":110,"column":8},"end":{"line":110,"column":49}},"type":"binary-expr","locations":[{"start":{"line":110,"column":8},"end":{"line":110,"column":21}},{"start":{"line":110,"column":25},"end":{"line":110,"column":49}}],"line":110},"9":{"loc":{"start":{"line":149,"column":14},"end":{"line":149,"column":37}},"type":"binary-expr","locations":[{"start":{"line":149,"column":14},"end":{"line":149,"column":30}},{"start":{"line":149,"column":34},"end":{"line":149,"column":37}}],"line":149},"10":{"loc":{"start":{"line":150,"column":20},"end":{"line":150,"column":49}},"type":"binary-expr","locations":[{"start":{"line":150,"column":20},"end":{"line":150,"column":42}},{"start":{"line":150,"column":46},"end":{"line":150,"column":49}}],"line":150},"11":{"loc":{"start":{"line":165,"column":52},"end":{"line":165,"column":78}},"type":"binary-expr","locations":[{"start":{"line":165,"column":52},"end":{"line":165,"column":65}},{"start":{"line":165,"column":69},"end":{"line":165,"column":78}}],"line":165},"12":{"loc":{"start":{"line":189,"column":55},"end":{"line":189,"column":84}},"type":"binary-expr","locations":[{"start":{"line":189,"column":55},"end":{"line":189,"column":71}},{"start":{"line":189,"column":75},"end":{"line":189,"column":84}}],"line":189},"13":{"loc":{"start":{"line":226,"column":36},"end":{"line":226,"column":58}},"type":"cond-expr","locations":[{"start":{"line":226,"column":52},"end":{"line":226,"column":54}},{"start":{"line":226,"column":57},"end":{"line":226,"column":58}}],"line":226},"14":{"loc":{"start":{"line":247,"column":15},"end":{"line":247,"column":37}},"type":"binary-expr","locations":[{"start":{"line":247,"column":15},"end":{"line":247,"column":31}},{"start":{"line":247,"column":35},"end":{"line":247,"column":37}}],"line":247},"15":{"loc":{"start":{"line":248,"column":18},"end":{"line":248,"column":43}},"type":"binary-expr","locations":[{"start":{"line":248,"column":18},"end":{"line":248,"column":37}},{"start":{"line":248,"column":41},"end":{"line":248,"column":43}}],"line":248},"16":{"loc":{"start":{"line":249,"column":21},"end":{"line":249,"column":49}},"type":"binary-expr","locations":[{"start":{"line":249,"column":21},"end":{"line":249,"column":43}},{"start":{"line":249,"column":47},"end":{"line":249,"column":49}}],"line":249},"17":{"loc":{"start":{"line":336,"column":23},"end":{"line":336,"column":35}},"type":"default-arg","locations":[{"start":{"line":336,"column":33},"end":{"line":336,"column":35}}],"line":336},"18":{"loc":{"start":{"line":336,"column":37},"end":{"line":336,"column":52}},"type":"default-arg","locations":[{"start":{"line":336,"column":50},"end":{"line":336,"column":52}}],"line":336},"19":{"loc":{"start":{"line":336,"column":54},"end":{"line":336,"column":72}},"type":"default-arg","locations":[{"start":{"line":336,"column":70},"end":{"line":336,"column":72}}],"line":336},"20":{"loc":{"start":{"line":356,"column":4},"end":{"line":358,"column":5}},"type":"if","locations":[{"start":{"line":356,"column":4},"end":{"line":358,"column":5}},{"start":{},"end":{}}],"line":356}},"s":{"0":1,"1":44,"2":77,"3":77,"4":62,"5":77,"6":77,"7":144,"8":97,"9":127,"10":10,"11":4,"12":4,"13":6,"14":3,"15":6,"16":1,"17":1,"18":1,"19":1,"20":1,"21":1,"22":9,"23":12,"24":20,"25":12,"26":17,"27":17,"28":17,"29":12,"30":9,"31":11,"32":22,"33":11,"34":16,"35":16,"36":16,"37":11,"38":9,"39":11,"40":17,"41":11,"42":14,"43":14,"44":14,"45":10,"46":18,"47":10,"48":15,"49":15,"50":10,"51":9,"52":6,"53":7,"54":4,"55":4,"56":4,"57":4,"58":4,"59":4,"60":4,"61":0,"62":0,"63":0,"64":0,"65":0,"66":0,"67":0,"68":0,"69":0,"70":1},"f":{"0":44,"1":77,"2":144,"3":97,"4":127,"5":10,"6":4,"7":6,"8":1,"9":1,"10":9,"11":12,"12":20,"13":17,"14":9,"15":11,"16":22,"17":16,"18":9,"19":11,"20":17,"21":14,"22":10,"23":18,"24":15,"25":9,"26":6,"27":7,"28":4,"29":0,"30":0,"31":0},"b":{"0":[62,15],"1":[144],"2":[127,4],"3":[3,3],"4":[6,4],"5":[1,0],"6":[1,1],"7":[1,0],"8":[1,1],"9":[17,1],"10":[17,1],"11":[22,2],"12":[17,2],"13":[2,7],"14":[6,1],"15":[6,1],"16":[6,1],"17":[0],"18":[0],"19":[0],"20":[0,0]},"_coverageSchema":"1a1c01bbd47fc00a2c39e90264f33305004495a9","hash":"1d51bd4f4b81400e6c33f1e0e91a03251cc8ec59"}
,"C:\\Users\\SHAKIR\\Desktop\\CASE_Studie project2\\smart-waste\\backend\\src\\modules\\analytics\\routes.js": {"path":"C:\\Users\\SHAKIR\\Desktop\\CASE_Studie project2\\smart-waste\\backend\\src\\modules\\analytics\\routes.js","statementMap":{"0":{"start":{"line":2,"column":15},"end":{"line":2,"column":42}},"1":{"start":{"line":3,"column":19},"end":{"line":3,"column":42}},"2":{"start":{"line":15,"column":0},"end":{"line":15,"column":44}},"3":{"start":{"line":37,"column":0},"end":{"line":37,"column":50}},"4":{"start":{"line":39,"column":0},"end":{"line":39,"column":24}}},"fnMap":{},"branchMap":{},"s":{"0":1,"1":1,"2":0,"3":0,"4":0},"f":{},"b":{},"_coverageSchema":"1a1c01bbd47fc00a2c39e90264f33305004495a9","hash":"9331b6b1290b3031d2b9a98bde7d70f1d613bfb9"}
,"C:\\Users\\SHAKIR\\Desktop\\CASE_Studie project2\\smart-waste\\backend\\src\\modules\\auth\\controller.js": {"path":"C:\\Users\\SHAKIR\\Desktop\\CASE_Studie project2\\smart-waste\\backend\\src\\modules\\auth\\controller.js","statementMap":{"0":{"start":{"line":1,"column":14},"end":{"line":1,"column":28}},"1":{"start":{"line":2,"column":20},"end":{"line":2,"column":40}},"2":{"start":{"line":4,"column":24},"end":{"line":4,"column":35}},"3":{"start":{"line":7,"column":25},"end":{"line":9,"column":1}},"4":{"start":{"line":8,"column":2},"end":{"line":8,"column":59}},"5":{"start":{"line":12,"column":20},"end":{"line":15,"column":2}},"6":{"start":{"line":18,"column":23},"end":{"line":22,"column":2}},"7":{"start":{"line":26,"column":2},"end":{"line":52,"column":3}},"8":{"start":{"line":27,"column":19},"end":{"line":27,"column":50}},"9":{"start":{"line":28,"column":4},"end":{"line":30,"column":5}},"10":{"start":{"line":29,"column":6},"end":{"line":29,"column":72}},"11":{"start":{"line":32,"column":32},"end":{"line":32,"column":43}},"12":{"start":{"line":33,"column":17},"end":{"line":33,"column":64}},"13":{"start":{"line":35,"column":4},"end":{"line":37,"column":5}},"14":{"start":{"line":36,"column":6},"end":{"line":36,"column":69}},"15":{"start":{"line":39,"column":4},"end":{"line":43,"column":7}},"16":{"start":{"line":45,"column":4},"end":{"line":47,"column":5}},"17":{"start":{"line":46,"column":6},"end":{"line":46,"column":55}},"18":{"start":{"line":48,"column":4},"end":{"line":50,"column":5}},"19":{"start":{"line":49,"column":6},"end":{"line":49,"column":87}},"20":{"start":{"line":51,"column":4},"end":{"line":51,"column":23}},"21":{"start":{"line":57,"column":2},"end":{"line":76,"column":3}},"22":{"start":{"line":58,"column":19},"end":{"line":58,"column":53}},"23":{"start":{"line":59,"column":4},"end":{"line":61,"column":5}},"24":{"start":{"line":60,"column":6},"end":{"line":60,"column":72}},"25":{"start":{"line":63,"column":20},"end":{"line":63,"column":31}},"26":{"start":{"line":64,"column":17},"end":{"line":64,"column":54}},"27":{"start":{"line":66,"column":4},"end":{"line":70,"column":7}},"28":{"start":{"line":72,"column":4},"end":{"line":74,"column":5}},"29":{"start":{"line":73,"column":6},"end":{"line":73,"column":55}},"30":{"start":{"line":75,"column":4},"end":{"line":75,"column":23}},"31":{"start":{"line":79,"column":0},"end":{"line":82,"column":2}}},"fnMap":{"0":{"name":"(anonymous_0)","decl":{"start":{"line":7,"column":25},"end":{"line":7,"column":26}},"loc":{"start":{"line":8,"column":2},"end":{"line":8,"column":59}},"line":8},"1":{"name":"login","decl":{"start":{"line":25,"column":15},"end":{"line":25,"column":20}},"loc":{"start":{"line":25,"column":37},"end":{"line":53,"column":1}},"line":25},"2":{"name":"register","decl":{"start":{"line":56,"column":15},"end":{"line":56,"column":23}},"loc":{"start":{"line":56,"column":40},"end":{"line":77,"column":1}},"line":56}},"branchMap":{"0":{"loc":{"start":{"line":7,"column":48},"end":{"line":7,"column":58}},"type":"default-arg","locations":[{"start":{"line":7,"column":56},"end":{"line":7,"column":58}}],"line":7},"1":{"loc":{"start":{"line":28,"column":4},"end":{"line":30,"column":5}},"type":"if","locations":[{"start":{"line":28,"column":4},"end":{"line":30,"column":5}},{"start":{},"end":{}}],"line":28},"2":{"loc":{"start":{"line":35,"column":4},"end":{"line":37,"column":5}},"type":"if","locations":[{"start":{"line":35,"column":4},"end":{"line":37,"column":5}},{"start":{},"end":{}}],"line":35},"3":{"loc":{"start":{"line":45,"column":4},"end":{"line":47,"column":5}},"type":"if","locations":[{"start":{"line":45,"column":4},"end":{"line":47,"column":5}},{"start":{},"end":{}}],"line":45},"4":{"loc":{"start":{"line":48,"column":4},"end":{"line":50,"column":5}},"type":"if","locations":[{"start":{"line":48,"column":4},"end":{"line":50,"column":5}},{"start":{},"end":{}}],"line":48},"5":{"loc":{"start":{"line":59,"column":4},"end":{"line":61,"column":5}},"type":"if","locations":[{"start":{"line":59,"column":4},"end":{"line":61,"column":5}},{"start":{},"end":{}}],"line":59},"6":{"loc":{"start":{"line":72,"column":4},"end":{"line":74,"column":5}},"type":"if","locations":[{"start":{"line":72,"column":4},"end":{"line":74,"column":5}},{"start":{},"end":{}}],"line":72}},"s":{"0":1,"1":1,"2":1,"3":1,"4":0,"5":1,"6":1,"7":0,"8":0,"9":0,"10":0,"11":0,"12":0,"13":0,"14":0,"15":0,"16":0,"17":0,"18":0,"19":0,"20":0,"21":0,"22":0,"23":0,"24":0,"25":0,"26":0,"27":0,"28":0,"29":0,"30":0,"31":1},"f":{"0":0,"1":0,"2":0},"b":{"0":[0],"1":[0,0],"2":[0,0],"3":[0,0],"4":[0,0],"5":[0,0],"6":[0,0]},"_coverageSchema":"1a1c01bbd47fc00a2c39e90264f33305004495a9","hash":"fc1ba24d3c69b7dd56c19c11d8da1fa6049d52ef"}
,"C:\\Users\\SHAKIR\\Desktop\\CASE_Studie project2\\smart-waste\\backend\\src\\modules\\auth\\routes.js": {"path":"C:\\Users\\SHAKIR\\Desktop\\CASE_Studie project2\\smart-waste\\backend\\src\\modules\\auth\\routes.js","statementMap":{"0":{"start":{"line":2,"column":15},"end":{"line":2,"column":42}},"1":{"start":{"line":3,"column":28},"end":{"line":3,"column":51}},"2":{"start":{"line":5,"column":0},"end":{"line":5,"column":29}},"3":{"start":{"line":6,"column":0},"end":{"line":6,"column":35}},"4":{"start":{"line":8,"column":0},"end":{"line":8,"column":24}}},"fnMap":{},"branchMap":{},"s":{"0":1,"1":1,"2":1,"3":1,"4":1},"f":{},"b":{},"_coverageSchema":"1a1c01bbd47fc00a2c39e90264f33305004495a9","hash":"85bba7f67502fc0ed873416a70e66a6db096df92"}
,"C:\\Users\\SHAKIR\\Desktop\\CASE_Studie project2\\smart-waste\\backend\\src\\modules\\auth\\service.js": {"path":"C:\\Users\\SHAKIR\\Desktop\\CASE_Studie project2\\smart-waste\\backend\\src\\modules\\auth\\service.js","statementMap":{"0":{"start":{"line":1,"column":13},"end":{"line":1,"column":41}},"1":{"start":{"line":3,"column":28},"end":{"line":3,"column":29}},"2":{"start":{"line":4,"column":30},"end":{"line":4,"column":32}},"3":{"start":{"line":7,"column":20},"end":{"line":11,"column":2}},"4":{"start":{"line":14,"column":20},"end":{"line":19,"column":2}},"5":{"start":{"line":14,"column":32},"end":{"line":19,"column":1}},"6":{"start":{"line":21,"column":23},"end":{"line":21,"column":58}},"7":{"start":{"line":21,"column":32},"end":{"line":21,"column":58}},"8":{"start":{"line":23,"column":20},"end":{"line":23,"column":104}},"9":{"start":{"line":23,"column":51},"end":{"line":23,"column":104}},"10":{"start":{"line":27,"column":26},"end":{"line":27,"column":47}},"11":{"start":{"line":28,"column":15},"end":{"line":28,"column":61}},"12":{"start":{"line":29,"column":2},"end":{"line":29,"column":25}},"13":{"start":{"line":29,"column":13},"end":{"line":29,"column":25}},"14":{"start":{"line":31,"column":14},"end":{"line":31,"column":24}},"15":{"start":{"line":32,"column":2},"end":{"line":36,"column":3}},"16":{"start":{"line":33,"column":4},"end":{"line":35,"column":7}},"17":{"start":{"line":38,"column":2},"end":{"line":42,"column":3}},"18":{"start":{"line":39,"column":4},"end":{"line":39,"column":33}},"19":{"start":{"line":40,"column":4},"end":{"line":40,"column":26}},"20":{"start":{"line":41,"column":4},"end":{"line":41,"column":22}},"21":{"start":{"line":44,"column":2},"end":{"line":46,"column":3}},"22":{"start":{"line":45,"column":4},"end":{"line":45,"column":99}},"23":{"start":{"line":48,"column":21},"end":{"line":48,"column":56}},"24":{"start":{"line":49,"column":2},"end":{"line":57,"column":3}},"25":{"start":{"line":50,"column":24},"end":{"line":50,"column":98}},"26":{"start":{"line":51,"column":4},"end":{"line":55,"column":5}},"27":{"start":{"line":52,"column":6},"end":{"line":54,"column":9}},"28":{"start":{"line":56,"column":4},"end":{"line":56,"column":16}},"29":{"start":{"line":59,"column":2},"end":{"line":59,"column":34}},"30":{"start":{"line":61,"column":2},"end":{"line":61,"column":27}},"31":{"start":{"line":66,"column":26},"end":{"line":66,"column":47}},"32":{"start":{"line":67,"column":19},"end":{"line":67,"column":65}},"33":{"start":{"line":68,"column":2},"end":{"line":70,"column":3}},"34":{"start":{"line":69,"column":4},"end":{"line":69,"column":90}},"35":{"start":{"line":72,"column":23},"end":{"line":72,"column":56}},"36":{"start":{"line":73,"column":15},"end":{"line":78,"column":4}},"37":{"start":{"line":80,"column":2},"end":{"line":80,"column":27}},"38":{"start":{"line":85,"column":2},"end":{"line":85,"column":56}},"39":{"start":{"line":88,"column":0},"end":{"line":93,"column":2}}},"fnMap":{"0":{"name":"(anonymous_0)","decl":{"start":{"line":14,"column":20},"end":{"line":14,"column":21}},"loc":{"start":{"line":14,"column":32},"end":{"line":19,"column":1}},"line":14},"1":{"name":"(anonymous_1)","decl":{"start":{"line":21,"column":23},"end":{"line":21,"column":24}},"loc":{"start":{"line":21,"column":32},"end":{"line":21,"column":58}},"line":21},"2":{"name":"(anonymous_2)","decl":{"start":{"line":23,"column":20},"end":{"line":23,"column":21}},"loc":{"start":{"line":23,"column":51},"end":{"line":23,"column":104}},"line":23},"3":{"name":"authenticate","decl":{"start":{"line":26,"column":15},"end":{"line":26,"column":27}},"loc":{"start":{"line":26,"column":45},"end":{"line":62,"column":1}},"line":26},"4":{"name":"createUser","decl":{"start":{"line":65,"column":15},"end":{"line":65,"column":25}},"loc":{"start":{"line":65,"column":53},"end":{"line":81,"column":1}},"line":65},"5":{"name":"findUserByEmail","decl":{"start":{"line":84,"column":15},"end":{"line":84,"column":30}},"loc":{"start":{"line":84,"column":38},"end":{"line":86,"column":1}},"line":84}},"branchMap":{"0":{"loc":{"start":{"line":23,"column":36},"end":{"line":23,"column":46}},"type":"default-arg","locations":[{"start":{"line":23,"column":44},"end":{"line":23,"column":46}}],"line":23},"1":{"loc":{"start":{"line":29,"column":2},"end":{"line":29,"column":25}},"type":"if","locations":[{"start":{"line":29,"column":2},"end":{"line":29,"column":25}},{"start":{},"end":{}}],"line":29},"2":{"loc":{"start":{"line":32,"column":2},"end":{"line":36,"column":3}},"type":"if","locations":[{"start":{"line":32,"column":2},"end":{"line":36,"column":3}},{"start":{},"end":{}}],"line":32},"3":{"loc":{"start":{"line":32,"column":6},"end":{"line":32,"column":44}},"type":"binary-expr","locations":[{"start":{"line":32,"column":6},"end":{"line":32,"column":20}},{"start":{"line":32,"column":24},"end":{"line":32,"column":44}}],"line":32},"4":{"loc":{"start":{"line":38,"column":2},"end":{"line":42,"column":3}},"type":"if","locations":[{"start":{"line":38,"column":2},"end":{"line":42,"column":3}},{"start":{},"end":{}}],"line":38},"5":{"loc":{"start":{"line":38,"column":6},"end":{"line":38,"column":45}},"type":"binary-expr","locations":[{"start":{"line":38,"column":6},"end":{"line":38,"column":20}},{"start":{"line":38,"column":24},"end":{"line":38,"column":45}}],"line":38},"6":{"loc":{"start":{"line":44,"column":2},"end":{"line":46,"column":3}},"type":"if","locations":[{"start":{"line":44,"column":2},"end":{"line":46,"column":3}},{"start":{},"end":{}}],"line":44},"7":{"loc":{"start":{"line":49,"column":2},"end":{"line":57,"column":3}},"type":"if","locations":[{"start":{"line":49,"column":2},"end":{"line":57,"column":3}},{"start":{},"end":{}}],"line":49},"8":{"loc":{"start":{"line":51,"column":4},"end":{"line":55,"column":5}},"type":"if","locations":[{"start":{"line":51,"column":4},"end":{"line":55,"column":5}},{"start":{},"end":{}}],"line":51},"9":{"loc":{"start":{"line":68,"column":2},"end":{"line":70,"column":3}},"type":"if","locations":[{"start":{"line":68,"column":2},"end":{"line":70,"column":3}},{"start":{},"end":{}}],"line":68}},"s":{"0":1,"1":1,"2":1,"3":1,"4":1,"5":0,"6":1,"7":0,"8":1,"9":0,"10":0,"11":0,"12":0,"13":0,"14":0,"15":0,"16":0,"17":0,"18":0,"19":0,"20":0,"21":0,"22":0,"23":0,"24":0,"25":0,"26":0,"27":0,"28":0,"29":0,"30":0,"31":0,"32":0,"33":0,"34":0,"35":0,"36":0,"37":0,"38":0,"39":1},"f":{"0":0,"1":0,"2":0,"3":0,"4":0,"5":0},"b":{"0":[0],"1":[0,0],"2":[0,0],"3":[0,0],"4":[0,0],"5":[0,0],"6":[0,0],"7":[0,0],"8":[0,0],"9":[0,0]},"_coverageSchema":"1a1c01bbd47fc00a2c39e90264f33305004495a9","hash":"9004728981e9c988adb18cb4f72d0fc47b39d201"}
,"C:\\Users\\SHAKIR\\Desktop\\CASE_Studie project2\\smart-waste\\backend\\src\\modules\\billing\\controller.js": {"path":"C:\\Users\\SHAKIR\\Desktop\\CASE_Studie project2\\smart-waste\\backend\\src\\modules\\billing\\controller.js","statementMap":{"0":{"start":{"line":1,"column":14},"end":{"line":1,"column":28}},"1":{"start":{"line":2,"column":15},"end":{"line":2,"column":32}},"2":{"start":{"line":3,"column":13},"end":{"line":3,"column":41}},"3":{"start":{"line":4,"column":27},"end":{"line":4,"column":69}},"4":{"start":{"line":5,"column":33},"end":{"line":5,"column":81}},"5":{"start":{"line":6,"column":13},"end":{"line":6,"column":41}},"6":{"start":{"line":7,"column":31},"end":{"line":7,"column":63}},"7":{"start":{"line":9,"column":24},"end":{"line":9,"column":53}},"8":{"start":{"line":10,"column":15},"end":{"line":10,"column":67}},"9":{"start":{"line":13,"column":33},"end":{"line":15,"column":8}},"10":{"start":{"line":14,"column":64},"end":{"line":14,"column":77}},"11":{"start":{"line":17,"column":32},"end":{"line":17,"column":48}},"12":{"start":{"line":18,"column":34},"end":{"line":20,"column":29}},"13":{"start":{"line":22,"column":0},"end":{"line":24,"column":1}},"14":{"start":{"line":23,"column":2},"end":{"line":23,"column":40}},"15":{"start":{"line":27,"column":25},"end":{"line":29,"column":1}},"16":{"start":{"line":28,"column":2},"end":{"line":28,"column":59}},"17":{"start":{"line":31,"column":35},"end":{"line":36,"column":1}},"18":{"start":{"line":31,"column":51},"end":{"line":36,"column":1}},"19":{"start":{"line":39,"column":23},"end":{"line":46,"column":1}},"20":{"start":{"line":40,"column":17},"end":{"line":40,"column":42}},"21":{"start":{"line":41,"column":2},"end":{"line":44,"column":3}},"22":{"start":{"line":42,"column":4},"end":{"line":42,"column":50}},"23":{"start":{"line":43,"column":4},"end":{"line":43,"column":16}},"24":{"start":{"line":45,"column":2},"end":{"line":45,"column":21}},"25":{"start":{"line":49,"column":31},"end":{"line":55,"column":1}},"26":{"start":{"line":50,"column":2},"end":{"line":53,"column":3}},"27":{"start":{"line":51,"column":4},"end":{"line":51,"column":59}},"28":{"start":{"line":52,"column":4},"end":{"line":52,"column":17}},"29":{"start":{"line":54,"column":2},"end":{"line":54,"column":14}},"30":{"start":{"line":57,"column":24},"end":{"line":59,"column":2}},"31":{"start":{"line":61,"column":23},"end":{"line":67,"column":2}},"32":{"start":{"line":69,"column":25},"end":{"line":69,"column":67}},"33":{"start":{"line":70,"column":28},"end":{"line":70,"column":74}},"34":{"start":{"line":71,"column":27},"end":{"line":71,"column":66}},"35":{"start":{"line":75,"column":22},"end":{"line":75,"column":69}},"36":{"start":{"line":76,"column":2},"end":{"line":78,"column":3}},"37":{"start":{"line":77,"column":4},"end":{"line":77,"column":21}},"38":{"start":{"line":80,"column":2},"end":{"line":136,"column":3}},"39":{"start":{"line":81,"column":23},"end":{"line":81,"column":34}},"40":{"start":{"line":82,"column":18},"end":{"line":82,"column":73}},"41":{"start":{"line":83,"column":20},"end":{"line":83,"column":47}},"42":{"start":{"line":83,"column":38},"end":{"line":83,"column":46}},"43":{"start":{"line":85,"column":25},"end":{"line":87,"column":13}},"44":{"start":{"line":89,"column":36},"end":{"line":89,"column":45}},"45":{"start":{"line":90,"column":4},"end":{"line":95,"column":5}},"46":{"start":{"line":91,"column":18},"end":{"line":91,"column":38}},"47":{"start":{"line":92,"column":6},"end":{"line":94,"column":7}},"48":{"start":{"line":93,"column":8},"end":{"line":93,"column":45}},"49":{"start":{"line":97,"column":24},"end":{"line":97,"column":26}},"50":{"start":{"line":98,"column":17},"end":{"line":98,"column":19}},"51":{"start":{"line":100,"column":27},"end":{"line":100,"column":28}},"52":{"start":{"line":101,"column":22},"end":{"line":101,"column":26}},"53":{"start":{"line":103,"column":4},"end":{"line":118,"column":5}},"54":{"start":{"line":104,"column":32},"end":{"line":104,"column":80}},"55":{"start":{"line":105,"column":6},"end":{"line":107,"column":7}},"56":{"start":{"line":106,"column":8},"end":{"line":106,"column":51}},"57":{"start":{"line":109,"column":6},"end":{"line":117,"column":7}},"58":{"start":{"line":110,"column":8},"end":{"line":110,"column":31}},"59":{"start":{"line":111,"column":8},"end":{"line":111,"column":45}},"60":{"start":{"line":112,"column":8},"end":{"line":114,"column":9}},"61":{"start":{"line":113,"column":10},"end":{"line":113,"column":37}},"62":{"start":{"line":115,"column":13},"end":{"line":117,"column":7}},"63":{"start":{"line":116,"column":8},"end":{"line":116,"column":24}},"64":{"start":{"line":120,"column":4},"end":{"line":133,"column":7}},"65":{"start":{"line":135,"column":4},"end":{"line":135,"column":23}},"66":{"start":{"line":141,"column":2},"end":{"line":143,"column":3}},"67":{"start":{"line":142,"column":4},"end":{"line":142,"column":21}},"68":{"start":{"line":145,"column":18},"end":{"line":145,"column":63}},"69":{"start":{"line":146,"column":2},"end":{"line":148,"column":3}},"70":{"start":{"line":147,"column":4},"end":{"line":147,"column":21}},"71":{"start":{"line":150,"column":2},"end":{"line":235,"column":3}},"72":{"start":{"line":151,"column":17},"end":{"line":151,"column":59}},"73":{"start":{"line":152,"column":4},"end":{"line":154,"column":5}},"74":{"start":{"line":153,"column":6},"end":{"line":153,"column":62}},"75":{"start":{"line":156,"column":17},"end":{"line":156,"column":84}},"76":{"start":{"line":157,"column":4},"end":{"line":159,"column":5}},"77":{"start":{"line":158,"column":6},"end":{"line":158,"column":58}},"78":{"start":{"line":160,"column":4},"end":{"line":162,"column":5}},"79":{"start":{"line":161,"column":6},"end":{"line":161,"column":80}},"80":{"start":{"line":164,"column":32},"end":{"line":164,"column":97}},"81":{"start":{"line":166,"column":29},"end":{"line":166,"column":96}},"82":{"start":{"line":167,"column":31},"end":{"line":167,"column":104}},"83":{"start":{"line":167,"column":65},"end":{"line":167,"column":103}},"84":{"start":{"line":168,"column":4},"end":{"line":172,"column":5}},"85":{"start":{"line":169,"column":6},"end":{"line":171,"column":9}},"86":{"start":{"line":174,"column":31},"end":{"line":176,"column":98}},"87":{"start":{"line":178,"column":4},"end":{"line":183,"column":7}},"88":{"start":{"line":185,"column":20},"end":{"line":207,"column":6}},"89":{"start":{"line":209,"column":4},"end":{"line":209,"column":38}},"90":{"start":{"line":210,"column":4},"end":{"line":210,"column":22}},"91":{"start":{"line":212,"column":4},"end":{"line":223,"column":7}},"92":{"start":{"line":225,"column":4},"end":{"line":229,"column":7}},"93":{"start":{"line":231,"column":4},"end":{"line":233,"column":5}},"94":{"start":{"line":232,"column":6},"end":{"line":232,"column":55}},"95":{"start":{"line":234,"column":4},"end":{"line":234,"column":23}},"96":{"start":{"line":240,"column":2},"end":{"line":242,"column":3}},"97":{"start":{"line":241,"column":4},"end":{"line":241,"column":21}},"98":{"start":{"line":244,"column":17},"end":{"line":244,"column":66}},"99":{"start":{"line":245,"column":2},"end":{"line":247,"column":3}},"100":{"start":{"line":246,"column":4},"end":{"line":246,"column":21}},"101":{"start":{"line":249,"column":2},"end":{"line":414,"column":3}},"102":{"start":{"line":250,"column":26},"end":{"line":250,"column":32}},"103":{"start":{"line":251,"column":20},"end":{"line":253,"column":6}},"104":{"start":{"line":255,"column":24},"end":{"line":255,"column":88}},"105":{"start":{"line":256,"column":17},"end":{"line":258,"column":58}},"106":{"start":{"line":260,"column":4},"end":{"line":262,"column":5}},"107":{"start":{"line":261,"column":6},"end":{"line":261,"column":70}},"108":{"start":{"line":264,"column":4},"end":{"line":266,"column":5}},"109":{"start":{"line":265,"column":6},"end":{"line":265,"column":109}},"110":{"start":{"line":268,"column":26},"end":{"line":268,"column":48}},"111":{"start":{"line":269,"column":28},"end":{"line":269,"column":97}},"112":{"start":{"line":270,"column":30},"end":{"line":272,"column":33}},"113":{"start":{"line":274,"column":20},"end":{"line":274,"column":95}},"114":{"start":{"line":275,"column":26},"end":{"line":275,"column":36}},"115":{"start":{"line":276,"column":29},"end":{"line":276,"column":55}},"116":{"start":{"line":277,"column":25},"end":{"line":277,"column":46}},"117":{"start":{"line":279,"column":17},"end":{"line":279,"column":26}},"118":{"start":{"line":280,"column":4},"end":{"line":290,"column":5}},"119":{"start":{"line":281,"column":6},"end":{"line":281,"column":27}},"120":{"start":{"line":282,"column":11},"end":{"line":290,"column":5}},"121":{"start":{"line":283,"column":6},"end":{"line":283,"column":25}},"122":{"start":{"line":284,"column":11},"end":{"line":290,"column":5}},"123":{"start":{"line":285,"column":6},"end":{"line":285,"column":25}},"124":{"start":{"line":286,"column":11},"end":{"line":290,"column":5}},"125":{"start":{"line":287,"column":6},"end":{"line":287,"column":24}},"126":{"start":{"line":289,"column":6},"end":{"line":289,"column":24}},"127":{"start":{"line":292,"column":4},"end":{"line":292,"column":32}},"128":{"start":{"line":293,"column":4},"end":{"line":293,"column":56}},"129":{"start":{"line":294,"column":4},"end":{"line":294,"column":79}},"130":{"start":{"line":295,"column":4},"end":{"line":295,"column":72}},"131":{"start":{"line":296,"column":4},"end":{"line":300,"column":6}},"132":{"start":{"line":302,"column":4},"end":{"line":304,"column":5}},"133":{"start":{"line":303,"column":6},"end":{"line":303,"column":91}},"134":{"start":{"line":305,"column":4},"end":{"line":307,"column":5}},"135":{"start":{"line":306,"column":6},"end":{"line":306,"column":75}},"136":{"start":{"line":309,"column":4},"end":{"line":309,"column":29}},"137":{"start":{"line":311,"column":4},"end":{"line":326,"column":5}},"138":{"start":{"line":312,"column":6},"end":{"line":312,"column":27}},"139":{"start":{"line":313,"column":6},"end":{"line":313,"column":31}},"140":{"start":{"line":314,"column":6},"end":{"line":314,"column":53}},"141":{"start":{"line":315,"column":6},"end":{"line":315,"column":69}},"142":{"start":{"line":316,"column":6},"end":{"line":316,"column":24}},"143":{"start":{"line":318,"column":6},"end":{"line":325,"column":7}},"144":{"start":{"line":319,"column":25},"end":{"line":319,"column":64}},"145":{"start":{"line":320,"column":8},"end":{"line":322,"column":9}},"146":{"start":{"line":321,"column":10},"end":{"line":321,"column":68}},"147":{"start":{"line":324,"column":8},"end":{"line":324,"column":76}},"148":{"start":{"line":328,"column":25},"end":{"line":328,"column":29}},"149":{"start":{"line":329,"column":4},"end":{"line":374,"column":5}},"150":{"start":{"line":330,"column":25},"end":{"line":330,"column":97}},"151":{"start":{"line":331,"column":6},"end":{"line":373,"column":7}},"152":{"start":{"line":332,"column":8},"end":{"line":334,"column":9}},"153":{"start":{"line":333,"column":10},"end":{"line":333,"column":59}},"154":{"start":{"line":336,"column":8},"end":{"line":347,"column":9}},"155":{"start":{"line":337,"column":10},"end":{"line":337,"column":47}},"156":{"start":{"line":338,"column":10},"end":{"line":341,"column":11}},"157":{"start":{"line":339,"column":12},"end":{"line":339,"column":44}},"158":{"start":{"line":340,"column":12},"end":{"line":340,"column":54}},"159":{"start":{"line":342,"column":15},"end":{"line":347,"column":9}},"160":{"start":{"line":343,"column":10},"end":{"line":343,"column":46}},"161":{"start":{"line":344,"column":10},"end":{"line":346,"column":11}},"162":{"start":{"line":345,"column":12},"end":{"line":345,"column":49}},"163":{"start":{"line":349,"column":8},"end":{"line":349,"column":32}},"164":{"start":{"line":351,"column":30},"end":{"line":351,"column":51}},"165":{"start":{"line":352,"column":8},"end":{"line":372,"column":10}},"166":{"start":{"line":376,"column":4},"end":{"line":408,"column":7}},"167":{"start":{"line":410,"column":4},"end":{"line":412,"column":5}},"168":{"start":{"line":411,"column":6},"end":{"line":411,"column":55}},"169":{"start":{"line":413,"column":4},"end":{"line":413,"column":23}},"170":{"start":{"line":419,"column":17},"end":{"line":419,"column":69}},"171":{"start":{"line":420,"column":16},"end":{"line":420,"column":82}},"172":{"start":{"line":421,"column":2},"end":{"line":423,"column":3}},"173":{"start":{"line":422,"column":4},"end":{"line":422,"column":21}},"174":{"start":{"line":425,"column":2},"end":{"line":453,"column":3}},"175":{"start":{"line":426,"column":24},"end":{"line":429,"column":32}},"176":{"start":{"line":431,"column":4},"end":{"line":433,"column":5}},"177":{"start":{"line":432,"column":6},"end":{"line":432,"column":61}},"178":{"start":{"line":435,"column":17},"end":{"line":435,"column":35}},"179":{"start":{"line":437,"column":20},"end":{"line":448,"column":5}},"180":{"start":{"line":450,"column":4},"end":{"line":450,"column":43}},"181":{"start":{"line":452,"column":4},"end":{"line":452,"column":23}},"182":{"start":{"line":456,"column":0},"end":{"line":461,"column":2}}},"fnMap":{"0":{"name":"(anonymous_0)","decl":{"start":{"line":14,"column":54},"end":{"line":14,"column":55}},"loc":{"start":{"line":14,"column":64},"end":{"line":14,"column":77}},"line":14},"1":{"name":"(anonymous_1)","decl":{"start":{"line":27,"column":25},"end":{"line":27,"column":26}},"loc":{"start":{"line":28,"column":2},"end":{"line":28,"column":59}},"line":28},"2":{"name":"(anonymous_2)","decl":{"start":{"line":31,"column":35},"end":{"line":31,"column":36}},"loc":{"start":{"line":31,"column":51},"end":{"line":36,"column":1}},"line":31},"3":{"name":"(anonymous_3)","decl":{"start":{"line":39,"column":23},"end":{"line":39,"column":24}},"loc":{"start":{"line":39,"column":49},"end":{"line":46,"column":1}},"line":39},"4":{"name":"(anonymous_4)","decl":{"start":{"line":49,"column":31},"end":{"line":49,"column":32}},"loc":{"start":{"line":49,"column":38},"end":{"line":55,"column":1}},"line":49},"5":{"name":"listBills","decl":{"start":{"line":74,"column":15},"end":{"line":74,"column":24}},"loc":{"start":{"line":74,"column":41},"end":{"line":137,"column":1}},"line":74},"6":{"name":"(anonymous_6)","decl":{"start":{"line":83,"column":30},"end":{"line":83,"column":31}},"loc":{"start":{"line":83,"column":38},"end":{"line":83,"column":46}},"line":83},"7":{"name":"createCheckoutSession","decl":{"start":{"line":140,"column":15},"end":{"line":140,"column":36}},"loc":{"start":{"line":140,"column":53},"end":{"line":236,"column":1}},"line":140},"8":{"name":"(anonymous_8)","decl":{"start":{"line":167,"column":55},"end":{"line":167,"column":56}},"loc":{"start":{"line":167,"column":65},"end":{"line":167,"column":103}},"line":167},"9":{"name":"syncCheckoutSession","decl":{"start":{"line":239,"column":15},"end":{"line":239,"column":34}},"loc":{"start":{"line":239,"column":51},"end":{"line":415,"column":1}},"line":239},"10":{"name":"getReceipt","decl":{"start":{"line":418,"column":15},"end":{"line":418,"column":25}},"loc":{"start":{"line":418,"column":42},"end":{"line":454,"column":1}},"line":418}},"branchMap":{"0":{"loc":{"start":{"line":10,"column":15},"end":{"line":10,"column":67}},"type":"cond-expr","locations":[{"start":{"line":10,"column":33},"end":{"line":10,"column":60}},{"start":{"line":10,"column":63},"end":{"line":10,"column":67}}],"line":10},"1":{"loc":{"start":{"line":13,"column":33},"end":{"line":15,"column":8}},"type":"cond-expr","locations":[{"start":{"line":14,"column":4},"end":{"line":14,"column":94}},{"start":{"line":15,"column":4},"end":{"line":15,"column":8}}],"line":13},"2":{"loc":{"start":{"line":18,"column":43},"end":{"line":20,"column":27}},"type":"cond-expr","locations":[{"start":{"line":19,"column":4},"end":{"line":19,"column":28}},{"start":{"line":20,"column":4},"end":{"line":20,"column":27}}],"line":18},"3":{"loc":{"start":{"line":18,"column":43},"end":{"line":18,"column":102}},"type":"binary-expr","locations":[{"start":{"line":18,"column":43},"end":{"line":18,"column":67}},{"start":{"line":18,"column":71},"end":{"line":18,"column":102}}],"line":18},"4":{"loc":{"start":{"line":22,"column":0},"end":{"line":24,"column":1}},"type":"if","locations":[{"start":{"line":22,"column":0},"end":{"line":24,"column":1}},{"start":{},"end":{}}],"line":22},"5":{"loc":{"start":{"line":27,"column":48},"end":{"line":27,"column":58}},"type":"default-arg","locations":[{"start":{"line":27,"column":56},"end":{"line":27,"column":58}}],"line":27},"6":{"loc":{"start":{"line":34,"column":2},"end":{"line":34,"column":49}},"type":"binary-expr","locations":[{"start":{"line":34,"column":2},"end":{"line":34,"column":28}},{"start":{"line":34,"column":32},"end":{"line":34,"column":49}}],"line":34},"7":{"loc":{"start":{"line":41,"column":2},"end":{"line":44,"column":3}},"type":"if","locations":[{"start":{"line":41,"column":2},"end":{"line":44,"column":3}},{"start":{},"end":{}}],"line":41},"8":{"loc":{"start":{"line":50,"column":2},"end":{"line":53,"column":3}},"type":"if","locations":[{"start":{"line":50,"column":2},"end":{"line":53,"column":3}},{"start":{},"end":{}}],"line":50},"9":{"loc":{"start":{"line":76,"column":2},"end":{"line":78,"column":3}},"type":"if","locations":[{"start":{"line":76,"column":2},"end":{"line":78,"column":3}},{"start":{},"end":{}}],"line":76},"10":{"loc":{"start":{"line":92,"column":6},"end":{"line":94,"column":7}},"type":"if","locations":[{"start":{"line":92,"column":6},"end":{"line":94,"column":7}},{"start":{},"end":{}}],"line":92},"11":{"loc":{"start":{"line":105,"column":6},"end":{"line":107,"column":7}},"type":"if","locations":[{"start":{"line":105,"column":6},"end":{"line":107,"column":7}},{"start":{},"end":{}}],"line":105},"12":{"loc":{"start":{"line":109,"column":6},"end":{"line":117,"column":7}},"type":"if","locations":[{"start":{"line":109,"column":6},"end":{"line":117,"column":7}},{"start":{"line":115,"column":13},"end":{"line":117,"column":7}}],"line":109},"13":{"loc":{"start":{"line":111,"column":28},"end":{"line":111,"column":44}},"type":"binary-expr","locations":[{"start":{"line":111,"column":28},"end":{"line":111,"column":39}},{"start":{"line":111,"column":43},"end":{"line":111,"column":44}}],"line":111},"14":{"loc":{"start":{"line":112,"column":8},"end":{"line":114,"column":9}},"type":"if","locations":[{"start":{"line":112,"column":8},"end":{"line":114,"column":9}},{"start":{},"end":{}}],"line":112},"15":{"loc":{"start":{"line":112,"column":12},"end":{"line":112,"column":72}},"type":"binary-expr","locations":[{"start":{"line":112,"column":12},"end":{"line":112,"column":24}},{"start":{"line":112,"column":29},"end":{"line":112,"column":41}},{"start":{"line":112,"column":45},"end":{"line":112,"column":71}}],"line":112},"16":{"loc":{"start":{"line":115,"column":13},"end":{"line":117,"column":7}},"type":"if","locations":[{"start":{"line":115,"column":13},"end":{"line":117,"column":7}},{"start":{},"end":{}}],"line":115},"17":{"loc":{"start":{"line":141,"column":2},"end":{"line":143,"column":3}},"type":"if","locations":[{"start":{"line":141,"column":2},"end":{"line":143,"column":3}},{"start":{},"end":{}}],"line":141},"18":{"loc":{"start":{"line":146,"column":2},"end":{"line":148,"column":3}},"type":"if","locations":[{"start":{"line":146,"column":2},"end":{"line":148,"column":3}},{"start":{},"end":{}}],"line":146},"19":{"loc":{"start":{"line":152,"column":4},"end":{"line":154,"column":5}},"type":"if","locations":[{"start":{"line":152,"column":4},"end":{"line":154,"column":5}},{"start":{},"end":{}}],"line":152},"20":{"loc":{"start":{"line":157,"column":4},"end":{"line":159,"column":5}},"type":"if","locations":[{"start":{"line":157,"column":4},"end":{"line":159,"column":5}},{"start":{},"end":{}}],"line":157},"21":{"loc":{"start":{"line":160,"column":4},"end":{"line":162,"column":5}},"type":"if","locations":[{"start":{"line":160,"column":4},"end":{"line":162,"column":5}},{"start":{},"end":{}}],"line":160},"22":{"loc":{"start":{"line":164,"column":32},"end":{"line":164,"column":97}},"type":"binary-expr","locations":[{"start":{"line":164,"column":32},"end":{"line":164,"column":48}},{"start":{"line":164,"column":52},"end":{"line":164,"column":97}}],"line":164},"23":{"loc":{"start":{"line":166,"column":29},"end":{"line":166,"column":96}},"type":"cond-expr","locations":[{"start":{"line":166,"column":69},"end":{"line":166,"column":91}},{"start":{"line":166,"column":94},"end":{"line":166,"column":96}}],"line":166},"24":{"loc":{"start":{"line":168,"column":4},"end":{"line":172,"column":5}},"type":"if","locations":[{"start":{"line":168,"column":4},"end":{"line":172,"column":5}},{"start":{},"end":{}}],"line":168},"25":{"loc":{"start":{"line":174,"column":31},"end":{"line":176,"column":98}},"type":"cond-expr","locations":[{"start":{"line":175,"column":8},"end":{"line":175,"column":24}},{"start":{"line":176,"column":9},"end":{"line":176,"column":97}}],"line":174},"26":{"loc":{"start":{"line":176,"column":9},"end":{"line":176,"column":97}},"type":"cond-expr","locations":[{"start":{"line":176,"column":49},"end":{"line":176,"column":57}},{"start":{"line":176,"column":60},"end":{"line":176,"column":97}}],"line":176},"27":{"loc":{"start":{"line":194,"column":23},"end":{"line":194,"column":45}},"type":"binary-expr","locations":[{"start":{"line":194,"column":23},"end":{"line":194,"column":36}},{"start":{"line":194,"column":40},"end":{"line":194,"column":45}}],"line":194},"28":{"loc":{"start":{"line":198,"column":37},"end":{"line":198,"column":53}},"type":"binary-expr","locations":[{"start":{"line":198,"column":37},"end":{"line":198,"column":48}},{"start":{"line":198,"column":52},"end":{"line":198,"column":53}}],"line":198},"29":{"loc":{"start":{"line":216,"column":16},"end":{"line":216,"column":38}},"type":"binary-expr","locations":[{"start":{"line":216,"column":16},"end":{"line":216,"column":29}},{"start":{"line":216,"column":33},"end":{"line":216,"column":38}}],"line":216},"30":{"loc":{"start":{"line":231,"column":4},"end":{"line":233,"column":5}},"type":"if","locations":[{"start":{"line":231,"column":4},"end":{"line":233,"column":5}},{"start":{},"end":{}}],"line":231},"31":{"loc":{"start":{"line":240,"column":2},"end":{"line":242,"column":3}},"type":"if","locations":[{"start":{"line":240,"column":2},"end":{"line":242,"column":3}},{"start":{},"end":{}}],"line":240},"32":{"loc":{"start":{"line":245,"column":2},"end":{"line":247,"column":3}},"type":"if","locations":[{"start":{"line":245,"column":2},"end":{"line":247,"column":3}},{"start":{},"end":{}}],"line":245},"33":{"loc":{"start":{"line":256,"column":17},"end":{"line":258,"column":58}},"type":"cond-expr","locations":[{"start":{"line":257,"column":8},"end":{"line":257,"column":47}},{"start":{"line":258,"column":8},"end":{"line":258,"column":58}}],"line":256},"34":{"loc":{"start":{"line":260,"column":4},"end":{"line":262,"column":5}},"type":"if","locations":[{"start":{"line":260,"column":4},"end":{"line":262,"column":5}},{"start":{},"end":{}}],"line":260},"35":{"loc":{"start":{"line":264,"column":4},"end":{"line":266,"column":5}},"type":"if","locations":[{"start":{"line":264,"column":4},"end":{"line":266,"column":5}},{"start":{},"end":{}}],"line":264},"36":{"loc":{"start":{"line":264,"column":8},"end":{"line":264,"column":29}},"type":"binary-expr","locations":[{"start":{"line":264,"column":8},"end":{"line":264,"column":20}},{"start":{"line":264,"column":24},"end":{"line":264,"column":29}}],"line":264},"37":{"loc":{"start":{"line":269,"column":28},"end":{"line":269,"column":97}},"type":"cond-expr","locations":[{"start":{"line":269,"column":64},"end":{"line":269,"column":77}},{"start":{"line":269,"column":80},"end":{"line":269,"column":97}}],"line":269},"38":{"loc":{"start":{"line":270,"column":30},"end":{"line":272,"column":33}},"type":"cond-expr","locations":[{"start":{"line":271,"column":8},"end":{"line":271,"column":48}},{"start":{"line":272,"column":8},"end":{"line":272,"column":33}}],"line":270},"39":{"loc":{"start":{"line":274,"column":20},"end":{"line":274,"column":95}},"type":"cond-expr","locations":[{"start":{"line":274,"column":56},"end":{"line":274,"column":90}},{"start":{"line":274,"column":93},"end":{"line":274,"column":95}}],"line":274},"40":{"loc":{"start":{"line":274,"column":56},"end":{"line":274,"column":90}},"type":"binary-expr","locations":[{"start":{"line":274,"column":56},"end":{"line":274,"column":84}},{"start":{"line":274,"column":88},"end":{"line":274,"column":90}}],"line":274},"41":{"loc":{"start":{"line":280,"column":4},"end":{"line":290,"column":5}},"type":"if","locations":[{"start":{"line":280,"column":4},"end":{"line":290,"column":5}},{"start":{"line":282,"column":11},"end":{"line":290,"column":5}}],"line":280},"42":{"loc":{"start":{"line":282,"column":11},"end":{"line":290,"column":5}},"type":"if","locations":[{"start":{"line":282,"column":11},"end":{"line":290,"column":5}},{"start":{"line":284,"column":11},"end":{"line":290,"column":5}}],"line":282},"43":{"loc":{"start":{"line":282,"column":15},"end":{"line":282,"column":100}},"type":"binary-expr","locations":[{"start":{"line":282,"column":15},"end":{"line":282,"column":48}},{"start":{"line":282,"column":52},"end":{"line":282,"column":100}}],"line":282},"44":{"loc":{"start":{"line":284,"column":11},"end":{"line":290,"column":5}},"type":"if","locations":[{"start":{"line":284,"column":11},"end":{"line":290,"column":5}},{"start":{"line":286,"column":11},"end":{"line":290,"column":5}}],"line":284},"45":{"loc":{"start":{"line":284,"column":15},"end":{"line":284,"column":79}},"type":"binary-expr","locations":[{"start":{"line":284,"column":15},"end":{"line":284,"column":50}},{"start":{"line":284,"column":54},"end":{"line":284,"column":79}}],"line":284},"46":{"loc":{"start":{"line":286,"column":11},"end":{"line":290,"column":5}},"type":"if","locations":[{"start":{"line":286,"column":11},"end":{"line":290,"column":5}},{"start":{"line":288,"column":11},"end":{"line":290,"column":5}}],"line":286},"47":{"loc":{"start":{"line":294,"column":32},"end":{"line":294,"column":78}},"type":"binary-expr","locations":[{"start":{"line":294,"column":32},"end":{"line":294,"column":49}},{"start":{"line":294,"column":53},"end":{"line":294,"column":78}}],"line":294},"48":{"loc":{"start":{"line":295,"column":29},"end":{"line":295,"column":71}},"type":"binary-expr","locations":[{"start":{"line":295,"column":29},"end":{"line":295,"column":45}},{"start":{"line":295,"column":49},"end":{"line":295,"column":71}}],"line":295},"49":{"loc":{"start":{"line":302,"column":4},"end":{"line":304,"column":5}},"type":"if","locations":[{"start":{"line":302,"column":4},"end":{"line":304,"column":5}},{"start":{},"end":{}}],"line":302},"50":{"loc":{"start":{"line":303,"column":34},"end":{"line":303,"column":90}},"type":"binary-expr","locations":[{"start":{"line":303,"column":34},"end":{"line":303,"column":64}},{"start":{"line":303,"column":68},"end":{"line":303,"column":90}}],"line":303},"51":{"loc":{"start":{"line":305,"column":4},"end":{"line":307,"column":5}},"type":"if","locations":[{"start":{"line":305,"column":4},"end":{"line":307,"column":5}},{"start":{},"end":{}}],"line":305},"52":{"loc":{"start":{"line":311,"column":4},"end":{"line":326,"column":5}},"type":"if","locations":[{"start":{"line":311,"column":4},"end":{"line":326,"column":5}},{"start":{},"end":{}}],"line":311},"53":{"loc":{"start":{"line":311,"column":8},"end":{"line":311,"column":54}},"type":"binary-expr","locations":[{"start":{"line":311,"column":8},"end":{"line":311,"column":28}},{"start":{"line":311,"column":32},"end":{"line":311,"column":54}}],"line":311},"54":{"loc":{"start":{"line":320,"column":8},"end":{"line":322,"column":9}},"type":"if","locations":[{"start":{"line":320,"column":8},"end":{"line":322,"column":9}},{"start":{},"end":{}}],"line":320},"55":{"loc":{"start":{"line":329,"column":4},"end":{"line":374,"column":5}},"type":"if","locations":[{"start":{"line":329,"column":4},"end":{"line":374,"column":5}},{"start":{},"end":{}}],"line":329},"56":{"loc":{"start":{"line":331,"column":6},"end":{"line":373,"column":7}},"type":"if","locations":[{"start":{"line":331,"column":6},"end":{"line":373,"column":7}},{"start":{},"end":{}}],"line":331},"57":{"loc":{"start":{"line":332,"column":8},"end":{"line":334,"column":9}},"type":"if","locations":[{"start":{"line":332,"column":8},"end":{"line":334,"column":9}},{"start":{},"end":{}}],"line":332},"58":{"loc":{"start":{"line":336,"column":8},"end":{"line":347,"column":9}},"type":"if","locations":[{"start":{"line":336,"column":8},"end":{"line":347,"column":9}},{"start":{"line":342,"column":15},"end":{"line":347,"column":9}}],"line":336},"59":{"loc":{"start":{"line":338,"column":10},"end":{"line":341,"column":11}},"type":"if","locations":[{"start":{"line":338,"column":10},"end":{"line":341,"column":11}},{"start":{},"end":{}}],"line":338},"60":{"loc":{"start":{"line":342,"column":15},"end":{"line":347,"column":9}},"type":"if","locations":[{"start":{"line":342,"column":15},"end":{"line":347,"column":9}},{"start":{},"end":{}}],"line":342},"61":{"loc":{"start":{"line":344,"column":10},"end":{"line":346,"column":11}},"type":"if","locations":[{"start":{"line":344,"column":10},"end":{"line":346,"column":11}},{"start":{},"end":{}}],"line":344},"62":{"loc":{"start":{"line":410,"column":4},"end":{"line":412,"column":5}},"type":"if","locations":[{"start":{"line":410,"column":4},"end":{"line":412,"column":5}},{"start":{},"end":{}}],"line":410},"63":{"loc":{"start":{"line":420,"column":16},"end":{"line":420,"column":82}},"type":"cond-expr","locations":[{"start":{"line":420,"column":25},"end":{"line":420,"column":75}},{"start":{"line":420,"column":78},"end":{"line":420,"column":82}}],"line":420},"64":{"loc":{"start":{"line":421,"column":2},"end":{"line":423,"column":3}},"type":"if","locations":[{"start":{"line":421,"column":2},"end":{"line":423,"column":3}},{"start":{},"end":{}}],"line":421},"65":{"loc":{"start":{"line":421,"column":6},"end":{"line":421,"column":23}},"type":"binary-expr","locations":[{"start":{"line":421,"column":6},"end":{"line":421,"column":13}},{"start":{"line":421,"column":17},"end":{"line":421,"column":23}}],"line":421},"66":{"loc":{"start":{"line":431,"column":4},"end":{"line":433,"column":5}},"type":"if","locations":[{"start":{"line":431,"column":4},"end":{"line":433,"column":5}},{"start":{},"end":{}}],"line":431},"67":{"loc":{"start":{"line":439,"column":14},"end":{"line":439,"column":68}},"type":"binary-expr","locations":[{"start":{"line":439,"column":14},"end":{"line":439,"column":35}},{"start":{"line":439,"column":39},"end":{"line":439,"column":68}}],"line":439},"68":{"loc":{"start":{"line":442,"column":16},"end":{"line":442,"column":63}},"type":"binary-expr","locations":[{"start":{"line":442,"column":16},"end":{"line":442,"column":36}},{"start":{"line":442,"column":40},"end":{"line":442,"column":54}},{"start":{"line":442,"column":58},"end":{"line":442,"column":63}}],"line":442},"69":{"loc":{"start":{"line":447,"column":17},"end":{"line":447,"column":81}},"type":"binary-expr","locations":[{"start":{"line":447,"column":17},"end":{"line":447,"column":50}},{"start":{"line":447,"column":54},"end":{"line":447,"column":81}}],"line":447}},"s":{"0":25,"1":25,"2":25,"3":25,"4":25,"5":25,"6":25,"7":25,"8":25,"9":25,"10":6,"11":25,"12":25,"13":25,"14":0,"15":25,"16":15,"17":25,"18":4,"19":25,"20":27,"21":27,"22":4,"23":4,"24":23,"25":25,"26":22,"27":4,"28":4,"29":18,"30":25,"31":25,"32":25,"33":25,"34":25,"35":3,"36":3,"37":2,"38":1,"39":1,"40":1,"41":1,"42":3,"43":1,"44":1,"45":1,"46":2,"47":2,"48":2,"49":1,"50":1,"51":1,"52":1,"53":1,"54":3,"55":3,"56":2,"57":3,"58":2,"59":2,"60":2,"61":2,"62":1,"63":1,"64":1,"65":0,"66":10,"67":2,"68":8,"69":8,"70":1,"71":7,"72":7,"73":7,"74":1,"75":6,"76":6,"77":1,"78":5,"79":1,"80":4,"81":4,"82":4,"83":2,"84":4,"85":1,"86":3,"87":3,"88":3,"89":2,"90":2,"91":2,"92":2,"93":1,"94":1,"95":0,"96":12,"97":2,"98":10,"99":10,"100":0,"101":10,"102":10,"103":10,"104":10,"105":10,"106":10,"107":1,"108":9,"109":1,"110":8,"111":8,"112":8,"113":8,"114":8,"115":8,"116":8,"117":8,"118":8,"119":1,"120":7,"121":4,"122":3,"123":1,"124":2,"125":2,"126":0,"127":8,"128":8,"129":8,"130":8,"131":8,"132":8,"133":2,"134":8,"135":1,"136":8,"137":8,"138":4,"139":4,"140":4,"141":4,"142":4,"143":4,"144":4,"145":4,"146":4,"147":1,"148":8,"149":8,"150":2,"151":2,"152":2,"153":1,"154":2,"155":1,"156":1,"157":1,"158":1,"159":1,"160":1,"161":1,"162":1,"163":2,"164":2,"165":2,"166":8,"167":0,"168":0,"169":0,"170":3,"171":3,"172":3,"173":1,"174":2,"175":2,"176":2,"177":1,"178":1,"179":1,"180":1,"181":0,"182":25},"f":{"0":6,"1":1
[...]
0,"276":0,"277":0,"278":0,"279":0,"280":0,"281":0,"282":0,"283":0,"284":0,"285":0,"286":0,"287":0,"288":0,"289":0,"290":0,"291":0,"292":0,"293":0,"294":0,"295":0,"296":0,"297":0,"298":0,"299":0,"300":0,"301":0,"302":0,"303":0,"304":0,"305":0,"306":0,"307":0,"308":0,"309":0,"310":0,"311":0,"312":0,"313":0,"314":0,"315":0,"316":0,"317":0,"318":0,"319":0,"320":0,"321":0,"322":0,"323":0,"324":0,"325":0,"326":0,"327":0,"328":0,"329":0,"330":0,"331":0,"332":0,"333":0,"334":0,"335":0,"336":0,"337":0,"338":0,"339":0,"340":0,"341":0,"342":0,"343":0,"344":0,"345":0,"346":0,"347":0,"348":0,"349":0,"350":0,"351":0,"352":1},"f":{"0":0,"1":0,"2":4,"3":0,"4":0,"5":0,"6":0,"7":0,"8":0,"9":0,"10":0,"11":0,"12":0,"13":0,"14":0,"15":0,"16":0,"17":0,"18":0,"19":0,"20":0,"21":0,"22":0,"23":0,"24":0,"25":0,"26":0,"27":0,"28":0,"29":0,"30":0,"31":0,"32":0,"33":0,"34":0,"35":0,"36":0,"37":0},"b":{"0":[0,1],"1":[0],"2":[3,1],"3":[0,0],"4":[0],"5":[0,0,0],"6":[0,0],"7":[0,0],"8":[0,0],"9":[0],"10":[0],"11":[0],"12":[0],"13":[0],"14":[0],"15":[0,0],"16":[0,0],"17":[0,0],"18":[0,0,0],"19":[0,0],"20":[0,0,0],"21":[0,0],"22":[0,0],"23":[0,0],"24":[0,0],"25":[0,0,0],"26":[0,0],"27":[0,0],"28":[0,0],"29":[0,0],"30":[0,0],"31":[0,0],"32":[0,0],"33":[0,0],"34":[0,0],"35":[0,0],"36":[0,0],"37":[0,0],"38":[0,0],"39":[1,0],"40":[1,0],"41":[0],"42":[0],"43":[0,0],"44":[0,0],"45":[0,0],"46":[0,0],"47":[0,0,0],"48":[0,0],"49":[0,0],"50":[0,0],"51":[0,0],"52":[0,0],"53":[0,0],"54":[0,0],"55":[0,0],"56":[0,0],"57":[0,0],"58":[0,0],"59":[0,0],"60":[0,0],"61":[0,0],"62":[0,0],"63":[0,0],"64":[0,0],"65":[0,0],"66":[0,0],"67":[0,0],"68":[0,0],"69":[0,0],"70":[0,0,0],"71":[0,0],"72":[0,0],"73":[0,0],"74":[0,0],"75":[0,0],"76":[0,0],"77":[0,0],"78":[0,0],"79":[0,0],"80":[0,0],"81":[0,0],"82":[0,0],"83":[0,0],"84":[0,0],"85":[0,0],"86":[0,0],"87":[0,0],"88":[0,0],"89":[0,0],"90":[0,0],"91":[0,0],"92":[0,0],"93":[0,0],"94":[0,0],"95":[0,0],"96":[0,0],"97":[0,0],"98":[0,0],"99":[0,0],"100":[0,0],"101":[0,0],"102":[0,0],"103":[0,0,0,0],"104":[0,0],"105":[0,0],"106":[0,0,0],"107":[0,0],"108":[0,0],"109":[0,0,0,0,0,0,0,0,0,0,0,0,0,0],"110":[0,0],"111":[0,0],"112":[0,0],"113":[0,0],"114":[0,0],"115":[0,0],"116":[0,0],"117":[0,0],"118":[0,0],"119":[0,0],"120":[0,0],"121":[0,0],"122":[0,0],"123":[0,0],"124":[0,0],"125":[0,0],"126":[0,0],"127":[0,0],"128":[0,0],"129":[0,0],"130":[0,0],"131":[0,0],"132":[0,0],"133":[0,0],"134":[0,0]},"_coverageSchema":"1a1c01bbd47fc00a2c39e90264f33305004495a9","hash":"b4c5276eda600dfe7d074f5a3f13e008e341fdf0"}
,"C:\\Users\\SHAKIR\\Desktop\\CASE_Studie project2\\smart-waste\\backend\\src\\modules\\scheduling\\receipt.js": {"path":"C:\\Users\\SHAKIR\\Desktop\\CASE_Studie project2\\smart-waste\\backend\\src\\modules\\scheduling\\receipt.js","statementMap":{"0":{"start":{"line":1,"column":20},"end":{"line":1,"column":37}},"1":{"start":{"line":3,"column":25},"end":{"line":3,"column":39}},"2":{"start":{"line":6,"column":26},"end":{"line":11,"column":2}},"3":{"start":{"line":14,"column":17},"end":{"line":20,"column":1}},"4":{"start":{"line":15,"column":15},"end":{"line":15,"column":62}},"5":{"start":{"line":16,"column":2},"end":{"line":18,"column":3}},"6":{"start":{"line":17,"column":4},"end":{"line":17,"column":16}},"7":{"start":{"line":19,"column":2},"end":{"line":19,"column":82}},"8":{"start":{"line":23,"column":16},"end":{"line":23,"column":30}},"9":{"start":{"line":24,"column":2},"end":{"line":26,"column":3}},"10":{"start":{"line":25,"column":4},"end":{"line":25,"column":39}},"11":{"start":{"line":27,"column":2},"end":{"line":27,"column":41}},"12":{"start":{"line":31,"column":2},"end":{"line":35,"column":12}},"13":{"start":{"line":39,"column":2},"end":{"line":42,"column":12}},"14":{"start":{"line":46,"column":2},"end":{"line":53,"column":5}},"15":{"start":{"line":57,"column":2},"end":{"line":59,"column":3}},"16":{"start":{"line":58,"column":4},"end":{"line":58,"column":11}},"17":{"start":{"line":60,"column":27},"end":{"line":60,"column":34}},"18":{"start":{"line":61,"column":2},"end":{"line":61,"column":96}},"19":{"start":{"line":62,"column":2},"end":{"line":62,"column":102}},"20":{"start":{"line":67,"column":14},"end":{"line":67,"column":57}},"21":{"start":{"line":68,"column":17},"end":{"line":68,"column":19}},"22":{"start":{"line":71,"column":23},"end":{"line":71,"column":87}},"23":{"start":{"line":71,"column":33},"end":{"line":71,"column":86}},"24":{"start":{"line":73,"column":20},"end":{"line":73,"column":68}},"25":{"start":{"line":74,"column":18},"end":{"line":80,"column":3}},"26":{"start":{"line":82,"column":2},"end":{"line":82,"column":46}},"27":{"start":{"line":82,"column":26},"end":{"line":82,"column":44}},"28":{"start":{"line":84,"column":26},"end":{"line":87,"column":4}},"29":{"start":{"line":85,"column":4},"end":{"line":85,"column":56}},"30":{"start":{"line":85,"column":24},"end":{"line":85,"column":54}},"31":{"start":{"line":86,"column":4},"end":{"line":86,"column":28}},"32":{"start":{"line":89,"column":2},"end":{"line":91,"column":21}},"33":{"start":{"line":93,"column":2},"end":{"line":93,"column":137}},"34":{"start":{"line":94,"column":2},"end":{"line":94,"column":80}},"35":{"start":{"line":95,"column":2},"end":{"line":95,"column":20}},"36":{"start":{"line":96,"column":2},"end":{"line":96,"column":40}},"37":{"start":{"line":97,"column":2},"end":{"line":97,"column":28}},"38":{"start":{"line":98,"column":2},"end":{"line":98,"column":26}},"39":{"start":{"line":100,"column":2},"end":{"line":100,"column":18}},"40":{"start":{"line":101,"column":2},"end":{"line":101,"column":98}},"41":{"start":{"line":102,"column":2},"end":{"line":102,"column":20}},"42":{"start":{"line":103,"column":2},"end":{"line":103,"column":98}},"43":{"start":{"line":104,"column":2},"end":{"line":104,"column":74}},"44":{"start":{"line":106,"column":2},"end":{"line":106,"column":20}},"45":{"start":{"line":107,"column":2},"end":{"line":107,"column":87}},"46":{"start":{"line":108,"column":2},"end":{"line":108,"column":20}},"47":{"start":{"line":109,"column":2},"end":{"line":109,"column":58}},"48":{"start":{"line":110,"column":2},"end":{"line":110,"column":49}},"49":{"start":{"line":111,"column":2},"end":{"line":111,"column":51}},"50":{"start":{"line":112,"column":2},"end":{"line":112,"column":52}},"51":{"start":{"line":113,"column":2},"end":{"line":113,"column":52}},"52":{"start":{"line":114,"column":2},"end":{"line":114,"column":75}},"53":{"start":{"line":115,"column":2},"end":{"line":115,"column":49}},"54":{"start":{"line":116,"column":2},"end":{"line":116,"column":73}},"55":{"start":{"line":117,"column":2},"end":{"line":117,"column":51}},"56":{"start":{"line":118,"column":23},"end":{"line":118,"column":59}},"57":{"start":{"line":119,"column":2},"end":{"line":121,"column":3}},"58":{"start":{"line":120,"column":4},"end":{"line":120,"column":71}},"59":{"start":{"line":122,"column":22},"end":{"line":122,"column":57}},"60":{"start":{"line":123,"column":2},"end":{"line":125,"column":3}},"61":{"start":{"line":124,"column":4},"end":{"line":124,"column":69}},"62":{"start":{"line":126,"column":2},"end":{"line":126,"column":58}},"63":{"start":{"line":127,"column":2},"end":{"line":127,"column":86}},"64":{"start":{"line":129,"column":2},"end":{"line":129,"column":20}},"65":{"start":{"line":130,"column":2},"end":{"line":130,"column":87}},"66":{"start":{"line":131,"column":2},"end":{"line":131,"column":20}},"67":{"start":{"line":133,"column":21},"end":{"line":133,"column":26}},"68":{"start":{"line":134,"column":21},"end":{"line":134,"column":84}},"69":{"start":{"line":135,"column":20},"end":{"line":135,"column":22}},"70":{"start":{"line":136,"column":15},"end":{"line":141,"column":3}},"71":{"start":{"line":143,"column":2},"end":{"line":143,"column":130}},"72":{"start":{"line":145,"column":2},"end":{"line":155,"column":5}},"73":{"start":{"line":146,"column":14},"end":{"line":146,"column":48}},"74":{"start":{"line":147,"column":4},"end":{"line":152,"column":5}},"75":{"start":{"line":148,"column":6},"end":{"line":151,"column":27}},"76":{"start":{"line":153,"column":4},"end":{"line":153,"column":136}},"77":{"start":{"line":154,"column":4},"end":{"line":154,"column":149}},"78":{"start":{"line":157,"column":2},"end":{"line":157,"column":18}},"79":{"start":{"line":158,"column":2},"end":{"line":158,"column":156}},"80":{"start":{"line":160,"column":2},"end":{"line":160,"column":12}},"81":{"start":{"line":162,"column":2},"end":{"line":162,"column":25}},"82":{"start":{"line":165,"column":0},"end":{"line":167,"column":2}}},"fnMap":{"0":{"name":"(anonymous_0)","decl":{"start":{"line":14,"column":17},"end":{"line":14,"column":18}},"loc":{"start":{"line":14,"column":37},"end":{"line":20,"column":1}},"line":14},"1":{"name":"formatCurrency","decl":{"start":{"line":22,"column":9},"end":{"line":22,"column":23}},"loc":{"start":{"line":22,"column":32},"end":{"line":28,"column":1}},"line":22},"2":{"name":"toLocalDate","decl":{"start":{"line":30,"column":9},"end":{"line":30,"column":20}},"loc":{"start":{"line":30,"column":28},"end":{"line":36,"column":1}},"line":30},"3":{"name":"toLocalTime","decl":{"start":{"line":38,"column":9},"end":{"line":38,"column":20}},"loc":{"start":{"line":38,"column":28},"end":{"line":43,"column":1}},"line":38},"4":{"name":"toIssuedTimestamp","decl":{"start":{"line":45,"column":9},"end":{"line":45,"column":26}},"loc":{"start":{"line":45,"column":34},"end":{"line":54,"column":1}},"line":45},"5":{"name":"writeKeyValue","decl":{"start":{"line":56,"column":9},"end":{"line":56,"column":22}},"loc":{"start":{"line":56,"column":56},"end":{"line":63,"column":1}},"line":56},"6":{"name":"generateSpecialCollectionReceipt","decl":{"start":{"line":66,"column":15},"end":{"line":66,"column":47}},"loc":{"start":{"line":66,"column":90},"end":{"line":163,"column":1}},"line":66},"7":{"name":"(anonymous_7)","decl":{"start":{"line":71,"column":23},"end":{"line":71,"column":24}},"loc":{"start":{"line":71,"column":33},"end":{"line":71,"column":86}},"line":71},"8":{"name":"(anonymous_8)","decl":{"start":{"line":82,"column":17},"end":{"line":82,"column":18}},"loc":{"start":{"line":82,"column":26},"end":{"line":82,"column":44}},"line":82},"9":{"name":"(anonymous_9)","decl":{"start":{"line":84,"column":38},"end":{"line":84,"column":39}},"loc":{"start":{"line":84,"column":59},"end":{"line":87,"column":3}},"line":84},"10":{"name":"(anonymous_10)","decl":{"start":{"line":85,"column":18},"end":{"line":85,"column":19}},"loc":{"start":{"line":85,"column":24},"end":{"line":85,"column":54}},"line":85},"11":{"name":"(anonymous_11)","decl":{"start":{"line":145,"column":15},"end":{"line":145,"column":16}},"loc":{"start":{"line":145,"column":31},"end":{"line":155,"column":3}},"line":145}},"branchMap":{"0":{"loc":{"start":{"line":15,"column":15},"end":{"line":15,"column":62}},"type":"cond-expr","locations":[{"start":{"line":15,"column":39},"end":{"line":15,"column":44}},{"start":{"line":15,"column":47},"end":{"line":15,"column":62}}],"line":15},"1":{"loc":{"start":{"line":16,"column":2},"end":{"line":18,"column":3}},"type":"if","locations":[{"start":{"line":16,"column":2},"end":{"line":18,"column":3}},{"start":{},"end":{}}],"line":16},"2":{"loc":{"start":{"line":24,"column":2},"end":{"line":26,"column":3}},"type":"if","locations":[{"start":{"line":24,"column":2},"end":{"line":26,"column":3}},{"start":{},"end":{}}],"line":24},"3":{"loc":{"start":{"line":31,"column":9},"end":{"line":35,"column":11}},"type":"binary-expr","locations":[{"start":{"line":31,"column":9},"end":{"line":35,"column":4}},{"start":{"line":35,"column":8},"end":{"line":35,"column":11}}],"line":31},"4":{"loc":{"start":{"line":39,"column":9},"end":{"line":42,"column":11}},"type":"binary-expr","locations":[{"start":{"line":39,"column":9},"end":{"line":42,"column":4}},{"start":{"line":42,"column":8},"end":{"line":42,"column":11}}],"line":39},"5":{"loc":{"start":{"line":56,"column":42},"end":{"line":56,"column":54}},"type":"default-arg","locations":[{"start":{"line":56,"column":52},"end":{"line":56,"column":54}}],"line":56},"6":{"loc":{"start":{"line":57,"column":2},"end":{"line":59,"column":3}},"type":"if","locations":[{"start":{"line":57,"column":2},"end":{"line":59,"column":3}},{"start":{},"end":{}}],"line":57},"7":{"loc":{"start":{"line":60,"column":10},"end":{"line":60,"column":22}},"type":"default-arg","locations":[{"start":{"line":60,"column":17},"end":{"line":60,"column":22}}],"line":60},"8":{"loc":{"start":{"line":62,"column":11},"end":{"line":62,"column":48}},"type":"cond-expr","locations":[{"start":{"line":62,"column":18},"end":{"line":62,"column":34}},{"start":{"line":62,"column":37},"end":{"line":62,"column":48}}],"line":62},"9":{"loc":{"start":{"line":66,"column":65},"end":{"line":66,"column":86}},"type":"default-arg","locations":[{"start":{"line":66,"column":76},"end":{"line":66,"column":86}}],"line":66},"10":{"loc":{"start":{"line":71,"column":33},"end":{"line":71,"column":86}},"type":"cond-expr","locations":[{"start":{"line":71,"column":66},"end":{"line":71,"column":79}},{"start":{"line":71,"column":82},"end":{"line":71,"column":86}}],"line":71},"11":{"loc":{"start":{"line":73,"column":20},"end":{"line":73,"column":68}},"type":"binary-expr","locations":[{"start":{"line":73,"column":20},"end":{"line":73,"column":45}},{"start":{"line":73,"column":49},"end":{"line":73,"column":59}},{"start":{"line":73,"column":63},"end":{"line":73,"column":68}}],"line":73},"12":{"loc":{"start":{"line":110,"column":23},"end":{"line":110,"column":45}},"type":"binary-expr","locations":[{"start":{"line":110,"column":23},"end":{"line":110,"column":38}},{"start":{"line":110,"column":42},"end":{"line":110,"column":45}}],"line":110},"13":{"loc":{"start":{"line":111,"column":24},"end":{"line":111,"column":47}},"type":"binary-expr","locations":[{"start":{"line":111,"column":24},"end":{"line":111,"column":40}},{"start":{"line":111,"column":44},"end":{"line":111,"column":47}}],"line":111},"14":{"loc":{"start":{"line":112,"column":21},"end":{"line":112,"column":48}},"type":"binary-expr","locations":[{"start":{"line":112,"column":21},"end":{"line":112,"column":41}},{"start":{"line":112,"column":45},"end":{"line":112,"column":48}}],"line":112},"15":{"loc":{"start":{"line":113,"column":21},"end":{"line":113,"column":48}},"type":"binary-expr","locations":[{"start":{"line":113,"column":21},"end":{"line":113,"column":41}},{"start":{"line":113,"column":45},"end":{"line":113,"column":48}}],"line":113},"16":{"loc":{"start":{"line":114,"column":24},"end":{"line":114,"column":71}},"type":"binary-expr","locations":[{"start":{"line":114,"column":24},"end":{"line":114,"column":44}},{"start":{"line":114,"column":48},"end":{"line":114,"column":64}},{"start":{"line":114,"column":68},"end":{"line":114,"column":71}}],"line":114},"17":{"loc":{"start":{"line":115,"column":21},"end":{"line":115,"column":45}},"type":"binary-expr","locations":[{"start":{"line":115,"column":21},"end":{"line":115,"column":38}},{"start":{"line":115,"column":42},"end":{"line":115,"column":45}}],"line":115},"18":{"loc":{"start":{"line":116,"column":25},"end":{"line":116,"column":69}},"type":"binary-expr","locations":[{"start":{"line":116,"column":25},"end":{"line":116,"column":42}},{"start":{"line":116,"column":46},"end":{"line":116,"column":62}},{"start":{"line":116,"column":66},"end":{"line":116,"column":69}}],"line":116},"19":{"loc":{"start":{"line":117,"column":24},"end":{"line":117,"column":47}},"type":"binary-expr","locations":[{"start":{"line":117,"column":24},"end":{"line":117,"column":40}},{"start":{"line":117,"column":44},"end":{"line":117,"column":47}}],"line":117},"20":{"loc":{"start":{"line":119,"column":2},"end":{"line":121,"column":3}},"type":"if","locations":[{"start":{"line":119,"column":2},"end":{"line":121,"column":3}},{"start":{},"end":{}}],"line":119},"21":{"loc":{"start":{"line":123,"column":2},"end":{"line":125,"column":3}},"type":"if","locations":[{"start":{"line":123,"column":2},"end":{"line":125,"column":3}},{"start":{},"end":{}}],"line":123},"22":{"loc":{"start":{"line":137,"column":47},"end":{"line":137,"column":100}},"type":"binary-expr","locations":[{"start":{"line":137,"column":47},"end":{"line":137,"column":70}},{"start":{"line":137,"column":74},"end":{"line":137,"column":95}},{"start":{"line":137,"column":99},"end":{"line":137,"column":100}}],"line":137},"23":{"loc":{"start":{"line":138,"column":52},"end":{"line":138,"column":84}},"type":"binary-expr","locations":[{"start":{"line":138,"column":52},"end":{"line":138,"column":79}},{"start":{"line":138,"column":83},"end":{"line":138,"column":84}}],"line":138},"24":{"loc":{"start":{"line":139,"column":42},"end":{"line":139,"column":71}},"type":"binary-expr","locations":[{"start":{"line":139,"column":42},"end":{"line":139,"column":66}},{"start":{"line":139,"column":70},"end":{"line":139,"column":71}}],"line":139},"25":{"loc":{"start":{"line":140,"column":49},"end":{"line":140,"column":75}},"type":"binary-expr","locations":[{"start":{"line":140,"column":49},"end":{"line":140,"column":70}},{"start":{"line":140,"column":74},"end":{"line":140,"column":75}}],"line":140},"26":{"loc":{"start":{"line":147,"column":4},"end":{"line":152,"column":5}},"type":"if","locations":[{"start":{"line":147,"column":4},"end":{"line":152,"column":5}},{"start":{},"end":{}}],"line":147},"27":{"loc":{"start":{"line":153,"column":13},"end":{"line":153,"column":54}},"type":"cond-expr","locations":[{"start":{"line":153,"column":24},"end":{"line":153,"column":40}},{"start":{"line":153,"column":43},"end":{"line":153,"column":54}}],"line":153},"28":{"loc":{"start":{"line":154,"column":13},"end":{"line":154,"column":54}},"type":"cond-expr","locations":[{"start":{"line":154,"column":24},"end":{"line":154,"column":40}},{"start":{"line":154,"column":43},"end":{"line":154,"column":54}}],"line":154}},"s":{"0":1,"1":1,"2":1,"3":1,"4":0,"5":0,"6":0,"7":0,"8":0,"9":0,"10":0,"11":0,"12":0,"13":0,"14":0,"15":0,"16":0,"17":0,"18":0,"19":0,"20":0,"21":0,"22":0,"23":0,"24":0,"25":0,"26":0,"27":0,"28":0,"29":0,"30":0,"31":0,"32":0,"33":0,"34":0,"35":0,"36":0,"37":0,"38":0,"39":0,"40":0,"41":0,"42":0,"43":0,"44":0,"45":0,"46":0,"47":0,"48":0,"49":0,"50":0,"51":0,"52":0,"53":0,"54":0,"55":0,"56":0,"57":0,"58":0,"59":0,"60":0,"61":0,"62":0,"63":0,"64":0,"65":0,"66":0,"67":0,"68":0,"69":0,"70":0,"71":0,"72":0,"73":0,"74":0,"75":0,"76":0,"77":0,"78":0,"79":0,"80":0,"81":0,"82":1},"f":{"0":0,"1":0,"2":0,"3":0,"4":0,"5":0,"6":0,"7":0,"8":0,"9":0,"10":0,"11":0},"b":{"0":[0,0],"1":[0,0],"2":[0,0],"3":[0,0],"4":[0,0],"5":[0],"6":[0,0],"7":[0],"8":[0,0],"9":[0],"10":[0,0],"11":[0,0,0],"12":[0,0],"13":[0,0],"14":[0,0],"15":[0,0],"16":[0,0,0],"17":[0,0],"18":[0,0,0],"19":[0,0],"20":[0,0],"21":[0,0],"22":[0,0,0],"23":[0,0],"24":[0,0],"25":[0,0],"26":[0,0],"27":[0,0],"28":[0,0]},"_coverageSchema":"1a1c01bbd47fc00a2c39e90264f33305004495a9","hash":"f690239475b98096cfece5fce08b603163ba00ce"}
,"C:\\Users\\SHAKIR\\Desktop\\CASE_Studie project2\\smart-waste\\backend\\src\\modules\\scheduling\\routes.js": {"path":"C:\\Users\\SHAKIR\\Desktop\\CASE_Studie project2\\smart-waste\\backend\\src\\modules\\scheduling\\routes.js","statementMap":{"0":{"start":{"line":2,"column":15},"end":{"line":2,"column":42}},"1":{"start":{"line":3,"column":19},"end":{"line":3,"column":42}},"2":{"start":{"line":5,"column":0},"end":{"line":5,"column":52}},"3":{"start":{"line":6,"column":0},"end":{"line":6,"column":67}},"4":{"start":{"line":7,"column":0},"end":{"line":7,"column":67}},"5":{"start":{"line":8,"column":0},"end":{"line":8,"column":76}},"6":{"start":{"line":9,"column":0},"end":{"line":9,"column":59}},"7":{"start":{"line":10,"column":0},"end":{"line":10,"column":55}},"8":{"start":{"line":11,"column":0},"end":{"line":11,"column":79}},"9":{"start":{"line":13,"column":0},"end":{"line":13,"column":24}}},"fnMap":{},"branchMap":{},"s":{"0":1,"1":1,"2":1,"3":1,"4":1,"5":1,"6":1,"7":1,"8":1,"9":1},"f":{},"b":{},"_coverageSchema":"1a1c01bbd47fc00a2c39e90264f33305004495a9","hash":"8556c002a8ea6e852c6f4e89fbcc06fdf2c9bf0c"}
}
