TN:
SF:src\routes.js
FNF:0
FNH:0
DA:1,0
DA:3,0
DA:4,0
DA:5,0
DA:6,0
DA:7,0
DA:9,0
LF:7
LH:0
BRF:0
BRH:0
end_of_record
TN:
SF:src\models\Bill.js
FNF:0
FNH:0
DA:1,0
DA:3,0
DA:25,0
DA:27,0
LF:4
LH:0
BRF:0
BRH:0
end_of_record
TN:
SF:src\models\City.js
FNF:0
FNH:0
DA:1,0
DA:3,0
DA:8,0
DA:18,0
LF:4
LH:0
BRF:0
BRH:0
end_of_record
TN:
SF:src\models\CollectionEvent.js
FNF:0
FNH:0
DA:1,0
DA:2,0
DA:8,0
LF:3
LH:0
BRF:0
BRH:0
end_of_record
TN:
SF:src\models\PaymentTransaction.js
FNF:0
FNH:0
DA:1,0
DA:3,0
DA:22,0
LF:3
LH:0
BRF:0
BRH:0
end_of_record
TN:
SF:src\models\RoutePlan.js
FNF:0
FNH:0
DA:1,0
DA:2,0
DA:5,0
DA:17,0
DA:19,0
LF:5
LH:0
BRF:0
BRH:0
end_of_record
TN:
SF:src\models\SpecialCollectionPayment.js
FNF:0
FNH:0
DA:1,0
DA:3,0
DA:20,0
DA:21,0
DA:23,0
LF:5
LH:0
BRF:0
BRH:0
end_of_record
TN:
SF:src\models\SpecialCollectionRequest.js
FNF:0
FNH:0
DA:1,0
DA:3,0
DA:9,0
DA:36,0
DA:37,0
DA:39,0
LF:6
LH:0
BRF:0
BRH:0
end_of_record
TN:
SF:src\models\User.js
FN:42,verifyPassword
FN:46,resetLoginAttempts
FN:54,registerFailedLogin
FN:79,hashPassword
FNF:4
FNH:0
FNDA:0,verifyPassword
FNDA:0,resetLoginAttempts
FNDA:0,registerFailedLogin
FNDA:0,hashPassword
DA:1,4
DA:2,4
DA:4,4
DA:42,4
DA:43,0
DA:46,4
DA:47,0
DA:48,0
DA:49,0
DA:50,0
DA:54,4
DA:55,0
DA:57,0
DA:58,0
DA:61,0
DA:62,0
DA:63,0
DA:66,0
DA:68,0
DA:69,0
DA:70,0
DA:71,0
DA:72,0
DA:75,0
DA:76,0
DA:79,4
DA:80,0
DA:81,0
DA:84,4
LF:29
LH:8
BRDA:47,0,0,0
BRDA:47,0,1,0
BRDA:47,1,0,0
BRDA:47,1,1,0
BRDA:57,2,0,0
BRDA:57,2,1,0
BRDA:57,3,0,0
BRDA:57,3,1,0
BRDA:61,4,0,0
BRDA:61,4,1,0
BRDA:61,5,0,0
BRDA:61,5,1,0
BRDA:68,6,0,0
BRDA:68,6,1,0
BRF:14
BRH:0
end_of_record
TN:
SF:src\models\WasteBin.js
FNF:0
FNH:0
DA:1,0
DA:2,0
DA:13,0
DA:15,0
LF:4
LH:0
BRF:0
BRH:0
end_of_record
TN:
SF:src\models\WasteCollectionRecord.js
FNF:0
FNH:0
DA:1,4
DA:3,4
DA:29,4
DA:30,4
DA:31,4
DA:33,4
LF:6
LH:6
BRF:0
BRH:0
end_of_record
TN:
SF:src\modules\analytics\controller.js
FN:11,(anonymous_0)
FN:21,groupBy
FN:22,(anonymous_2)
FN:32,getConfig
FN:59,buildMatch
FN:79,makeReportPayload
FN:91,(anonymous_6)
FN:92,(anonymous_7)
FN:93,(anonymous_8)
FN:95,(anonymous_9)
FN:96,(anonymous_10)
FN:97,(anonymous_11)
FN:108,(anonymous_12)
FN:110,(anonymous_13)
FN:111,(anonymous_14)
FN:112,(anonymous_15)
FN:119,(anonymous_16)
FN:121,(anonymous_17)
FN:122,(anonymous_18)
FN:123,(anonymous_19)
FN:124,(anonymous_20)
FN:133,(anonymous_21)
FN:135,(anonymous_22)
FN:136,(anonymous_23)
FN:143,(anonymous_24)
FN:170,generateReport
FNF:26
FNH:26
FNDA:48,(anonymous_0)
FNDA:140,groupBy
FNDA:7652,(anonymous_2)
FNDA:5,getConfig
FNDA:38,buildMatch
FNDA:35,makeReportPayload
FNDA:1913,(anonymous_6)
FNDA:1913,(anonymous_7)
FNDA:1913,(anonymous_8)
FNDA:1913,(anonymous_9)
FNDA:777,(anonymous_10)
FNDA:1913,(anonymous_11)
FNDA:937,(anonymous_12)
FNDA:1913,(anonymous_13)
FNDA:63,(anonymous_14)
FNDA:1913,(anonymous_15)
FNDA:44,(anonymous_16)
FNDA:1913,(anonymous_17)
FNDA:61,(anonymous_18)
FNDA:1913,(anonymous_19)
FNDA:1913,(anonymous_20)
FNDA:1913,(anonymous_21)
FNDA:273,(anonymous_22)
FNDA:1913,(anonymous_23)
FNDA:238,(anonymous_24)
FNDA:52,generateReport
DA:1,4
DA:2,4
DA:3,4
DA:5,4
DA:11,48
DA:22,140
DA:23,7652
DA:24,7652
DA:25,1174
DA:27,7652
DA:28,7652
DA:33,5
DA:34,5
DA:42,3
DA:55,2
DA:60,38
DA:61,38
DA:67,38
DA:68,13
DA:70,38
DA:71,12
DA:73,38
DA:74,12
DA:76,38
DA:80,35
DA:91,1913
DA:92,1913
DA:93,1913
DA:95,1913
DA:96,35
DA:97,1913
DA:98,777
DA:108,937
DA:110,1913
DA:111,35
DA:112,1913
DA:113,63
DA:119,44
DA:121,1913
DA:122,35
DA:123,1913
DA:124,1913
DA:125,61
DA:133,1913
DA:134,35
DA:136,1913
DA:137,273
DA:143,238
DA:145,35
DA:171,52
DA:172,52
DA:173,42
DA:174,42
DA:175,2
DA:177,40
DA:178,2
DA:181,38
DA:182,38
DA:184,37
DA:185,2
DA:188,35
DA:189,35
DA:191,11
DA:192,10
DA:194,1
DA:198,4
LF:66
LH:66
BRDA:24,0,0,1174
BRDA:24,0,1,6478
BRDA:49,1,0,3
BRDA:49,1,1,1
BRDA:50,2,0,3
BRDA:50,2,1,1
BRDA:60,3,0,24
BRDA:60,4,0,25
BRDA:60,5,0,25
BRDA:67,6,0,13
BRDA:67,6,1,25
BRDA:70,7,0,12
BRDA:70,7,1,26
BRDA:73,8,0,12
BRDA:73,8,1,26
BRDA:86,9,0,35
BRDA:86,9,1,23
BRDA:87,10,0,35
BRDA:87,10,1,24
BRDA:88,11,0,35
BRDA:88,11,1,24
BRDA:91,12,0,1913
BRDA:91,12,1,1
BRDA:92,13,0,1913
BRDA:92,13,1,3
BRDA:93,14,0,1913
BRDA:93,14,1,3
BRDA:97,15,0,1913
BRDA:97,15,1,1
BRDA:103,16,0,777
BRDA:103,16,1,1
BRDA:104,17,0,777
BRDA:104,17,1,0
BRDA:110,18,0,1913
BRDA:110,18,1,2
BRDA:112,19,0,1913
BRDA:112,19,1,1
BRDA:121,20,0,1913
BRDA:121,20,1,2
BRDA:123,21,0,1913
BRDA:123,21,1,3
BRDA:124,22,0,1913
BRDA:124,22,1,3
BRDA:136,23,0,1913
BRDA:136,23,1,1
BRDA:143,24,0,0
BRDA:143,24,1,238
BRDA:174,25,0,2
BRDA:174,25,1,40
BRDA:177,26,0,2
BRDA:177,26,1,38
BRDA:184,27,0,2
BRDA:184,27,1,35
BRDA:191,28,0,10
BRDA:191,28,1,1
BRDA:192,29,0,10
BRDA:192,29,1,0
BRF:57
BRH:54
end_of_record
TN:
SF:src\modules\analytics\routes.js
FNF:0
FNH:0
DA:1,2
DA:2,2
DA:4,2
DA:5,2
DA:7,2
LF:5
LH:5
BRF:0
BRH:0
end_of_record
TN:
SF:src\modules\auth\controller.js
FN:15,login
FN:47,register
FNF:2
FNH:0
FNDA:0,login
FNDA:0,register
DA:1,0
DA:2,0
DA:4,0
DA:9,0
DA:16,0
DA:17,0
DA:18,0
DA:20,0
DA:21,0
DA:24,0
DA:30,0
DA:31,0
DA:33,0
DA:34,0
DA:36,0
DA:37,0
DA:43,0
DA:48,0
DA:49,0
DA:50,0
DA:52,0
DA:58,0
DA:59,0
DA:61,0
DA:62,0
DA:64,0
DA:68,0
LF:27
LH:0
BRDA:20,0,0,0
BRDA:20,0,1,0
BRDA:30,1,0,0
BRDA:30,1,1,0
BRDA:33,2,0,0
BRDA:33,2,1,0
BRDA:36,3,0,0
BRDA:36,3,1,0
BRDA:58,4,0,0
BRDA:58,4,1,0
BRDA:61,5,0,0
BRDA:61,5,1,0
BRF:12
BRH:0
end_of_record
TN:
SF:src\modules\auth\routes.js
FNF:0
FNH:0
DA:1,0
DA:2,0
DA:4,0
DA:5,0
DA:7,0
LF:5
LH:0
BRF:0
BRH:0
end_of_record
TN:
SF:src\modules\auth\service.js
FN:3,mapUser
FN:15,authenticate
FN:57,createUser
FN:77,findUserByEmail
FNF:4
FNH:0
FNDA:0,mapUser
FNDA:0,authenticate
FNDA:0,createUser
FNDA:0,findUserByEmail
DA:1,0
DA:4,0
DA:12,0
DA:13,0
DA:16,0
DA:17,0
DA:18,0
DA:20,0
DA:21,0
DA:22,0
DA:23,0
DA:24,0
DA:25,0
DA:28,0
DA:29,0
DA:30,0
DA:31,0
DA:34,0
DA:35,0
DA:36,0
DA:37,0
DA:40,0
DA:41,0
DA:42,0
DA:43,0
DA:44,0
DA:45,0
DA:46,0
DA:47,0
DA:49,0
DA:52,0
DA:54,0
DA:58,0
DA:59,0
DA:60,0
DA:61,0
DA:62,0
DA:63,0
DA:66,0
DA:67,0
DA:74,0
DA:78,0
DA:81,0
LF:43
LH:0
BRDA:18,0,0,0
BRDA:18,0,1,0
BRDA:21,1,0,0
BRDA:21,1,1,0
BRDA:21,2,0,0
BRDA:21,2,1,0
BRDA:28,3,0,0
BRDA:28,3,1,0
BRDA:28,4,0,0
BRDA:28,4,1,0
BRDA:34,5,0,0
BRDA:34,5,1,0
BRDA:41,6,0,0
BRDA:41,6,1,0
BRDA:43,7,0,0
BRDA:43,7,1,0
BRDA:60,8,0,0
BRDA:60,8,1,0
BRF:18
BRH:0
end_of_record
TN:
SF:src\modules\billing\controller.js
FN:12,(anonymous_0)
FN:36,listBills
FN:40,(anonymous_2)
FN:99,createCheckoutSession
FN:122,(anonymous_4)
FN:198,syncCheckoutSession
FN:302,getReceipt
FNF:7
FNH:0
FNDA:0,(anonymous_0)
FNDA:0,listBills
FNDA:0,(anonymous_2)
FNDA:0,createCheckoutSession
FNDA:0,(anonymous_4)
FNDA:0,syncCheckoutSession
FNDA:0,getReceipt
DA:1,0
DA:2,0
DA:3,0
DA:4,0
DA:5,0
DA:6,0
DA:8,0
DA:9,0
DA:11,0
DA:12,0
DA:15,0
DA:16,0
DA:20,0
DA:21,0
DA:24,0
DA:28,0
DA:37,0
DA:38,0
DA:39,0
DA:40,0
DA:42,0
DA:46,0
DA:47,0
DA:48,0
DA:49,0
DA:50,0
DA:54,0
DA:55,0
DA:57,0
DA:58,0
DA:60,0
DA:61,0
DA:62,0
DA:63,0
DA:66,0
DA:67,0
DA:68,0
DA:69,0
DA:70,0
DA:72,0
DA:73,0
DA:77,0
DA:92,0
DA:93,0
DA:95,0
DA:100,0
DA:101,0
DA:102,0
DA:105,0
DA:106,0
DA:107,0
DA:108,0
DA:111,0
DA:112,0
DA:113,0
DA:115,0
DA:116,0
DA:119,0
DA:121,0
DA:122,0
DA:123,0
DA:124,0
DA:131,0
DA:135,0
DA:142,0
DA:166,0
DA:167,0
DA:169,0
DA:182,0
DA:188,0
DA:189,0
DA:191,0
DA:192,0
DA:194,0
DA:199,0
DA:200,0
DA:201,0
DA:204,0
DA:205,0
DA:209,0
DA:210,0
DA:212,0
DA:213,0
DA:216,0
DA:217,0
DA:220,0
DA:221,0
DA:222,0
DA:226,0
DA:227,0
DA:228,0
DA:229,0
DA:231,0
DA:232,0
DA:233,0
DA:234,0
DA:235,0
DA:236,0
DA:237,0
DA:238,0
DA:239,0
DA:241,0
DA:244,0
DA:245,0
DA:246,0
DA:247,0
DA:248,0
DA:254,0
DA:255,0
DA:257,0
DA:258,0
DA:261,0
DA:263,0
DA:264,0
DA:265,0
DA:266,0
DA:267,0
DA:268,0
DA:270,0
DA:271,0
DA:272,0
DA:273,0
DA:276,0
DA:280,0
DA:292,0
DA:293,0
DA:295,0
DA:296,0
DA:298,0
DA:303,0
DA:304,0
DA:305,0
DA:307,0
DA:312,0
DA:313,0
DA:316,0
DA:318,0
DA:331,0
DA:333,0
DA:334,0
DA:336,0
DA:340,0
LF:142
LH:0
BRDA:9,0,0,0
BRDA:9,0,1,0
BRDA:11,1,0,0
BRDA:11,1,1,0
BRDA:16,2,0,0
BRDA:16,2,1,0
BRDA:16,3,0,0
BRDA:16,3,1,0
BRDA:20,4,0,0
BRDA:20,4,1,0
BRDA:49,5,0,0
BRDA:49,5,1,0
BRDA:62,6,0,0
BRDA:62,6,1,0
BRDA:66,7,0,0
BRDA:66,7,1,0
BRDA:68,8,0,0
BRDA:68,8,1,0
BRDA:69,9,0,0
BRDA:69,9,1,0
BRDA:69,10,0,0
BRDA:69,10,1,0
BRDA:69,10,2,0
BRDA:72,11,0,0
BRDA:72,11,1,0
BRDA:92,12,0,0
BRDA:92,12,1,0
BRDA:93,13,0,0
BRDA:93,13,1,0
BRDA:101,14,0,0
BRDA:101,14,1,0
BRDA:107,15,0,0
BRDA:107,15,1,0
BRDA:112,16,0,0
BRDA:112,16,1,0
BRDA:115,17,0,0
BRDA:115,17,1,0
BRDA:119,18,0,0
BRDA:119,18,1,0
BRDA:121,19,0,0
BRDA:121,19,1,0
BRDA:123,20,0,0
BRDA:123,20,1,0
BRDA:131,21,0,0
BRDA:131,21,1,0
BRDA:133,22,0,0
BRDA:133,22,1,0
BRDA:151,23,0,0
BRDA:151,23,1,0
BRDA:155,24,0,0
BRDA:155,24,1,0
BRDA:173,25,0,0
BRDA:173,25,1,0
BRDA:188,26,0,0
BRDA:188,26,1,0
BRDA:189,27,0,0
BRDA:189,27,1,0
BRDA:191,28,0,0
BRDA:191,28,1,0
BRDA:200,29,0,0
BRDA:200,29,1,0
BRDA:210,30,0,0
BRDA:210,30,1,0
BRDA:212,31,0,0
BRDA:212,31,1,0
BRDA:216,32,0,0
BRDA:216,32,1,0
BRDA:216,33,0,0
BRDA:216,33,1,0
BRDA:221,34,0,0
BRDA:221,34,1,0
BRDA:222,35,0,0
BRDA:222,35,1,0
BRDA:226,36,0,0
BRDA:226,36,1,0
BRDA:226,37,0,0
BRDA:226,37,1,0
BRDA:232,38,0,0
BRDA:232,38,1,0
BRDA:234,39,0,0
BRDA:234,39,1,0
BRDA:234,40,0,0
BRDA:234,40,1,0
BRDA:236,41,0,0
BRDA:236,41,1,0
BRDA:236,42,0,0
BRDA:236,42,1,0
BRDA:238,43,0,0
BRDA:238,43,1,0
BRDA:246,44,0,0
BRDA:246,44,1,0
BRDA:247,45,0,0
BRDA:247,45,1,0
BRDA:254,46,0,0
BRDA:254,46,1,0
BRDA:255,47,0,0
BRDA:255,47,1,0
BRDA:257,48,0,0
BRDA:257,48,1,0
BRDA:263,49,0,0
BRDA:263,49,1,0
BRDA:263,50,0,0
BRDA:263,50,1,0
BRDA:272,51,0,0
BRDA:272,51,1,0
BRDA:292,52,0,0
BRDA:292,52,1,0
BRDA:293,53,0,0
BRDA:293,53,1,0
BRDA:295,54,0,0
BRDA:295,54,1,0
BRDA:312,55,0,0
BRDA:312,55,1,0
BRDA:320,56,0,0
BRDA:320,56,1,0
BRDA:323,57,0,0
BRDA:323,57,1,0
BRDA:323,57,2,0
BRDA:328,58,0,0
BRDA:328,58,1,0
BRDA:333,59,0,0
BRDA:333,59,1,0
BRDA:334,60,0,0
BRDA:334,60,1,0
BRF:124
BRH:0
end_of_record
TN:
SF:src\modules\billing\routes.js
FNF:0
FNH:0
DA:1,0
DA:2,0
DA:4,0
DA:5,0
DA:6,0
DA:7,0
DA:9,0
LF:7
LH:0
BRF:0
BRH:0
end_of_record
TN:
SF:src\modules\collectionOps\controller.js
FN:8,(anonymous_0)
FN:14,(anonymous_1)
FN:20,(anonymous_2)
FN:35,(anonymous_3)
FN:40,(anonymous_4)
FN:51,(anonymous_5)
FN:70,(anonymous_6)
FN:76,(anonymous_7)
FN:77,(anonymous_8)
FN:96,(anonymous_9)
FN:110,(anonymous_10)
FN:158,(anonymous_11)
FN:189,(anonymous_12)
FNF:13
FNH:0
FNDA:0,(anonymous_0)
FNDA:0,(anonymous_1)
FNDA:0,(anonymous_2)
FNDA:0,(anonymous_3)
FNDA:0,(anonymous_4)
FNDA:0,(anonymous_5)
FNDA:0,(anonymous_6)
FNDA:0,(anonymous_7)
FNDA:0,(anonymous_8)
FNDA:0,(anonymous_9)
FNDA:0,(anonymous_10)
FNDA:0,(anonymous_11)
FNDA:0,(anonymous_12)
DA:1,0
DA:2,0
DA:3,0
DA:4,0
DA:5,0
DA:6,0
DA:8,0
DA:9,0
DA:10,0
DA:11,0
DA:14,0
DA:15,0
DA:16,0
DA:17,0
DA:20,0
DA:21,0
DA:22,0
DA:23,0
DA:24,0
DA:26,0
DA:27,0
DA:29,0
DA:30,0
DA:32,0
DA:35,0
DA:36,0
DA:37,0
DA:40,0
DA:41,0
DA:42,0
DA:43,0
DA:45,0
DA:48,0
DA:51,0
DA:52,0
DA:53,0
DA:54,0
DA:55,0
DA:56,0
DA:59,0
DA:60,0
DA:62,0
DA:63,0
DA:64,0
DA:65,0
DA:66,0
DA:67,0
DA:69,0
DA:70,0
DA:71,0
DA:72,0
DA:73,0
DA:74,0
DA:76,0
DA:77,0
DA:79,0
DA:91,0
DA:92,0
DA:93,0
DA:95,0
DA:96,0
DA:97,0
DA:98,0
DA:101,0
DA:102,0
DA:103,0
DA:110,0
DA:115,0
DA:126,0
DA:129,0
DA:139,0
DA:151,0
DA:153,0
DA:154,0
DA:158,0
DA:159,0
DA:160,0
DA:161,0
DA:162,0
DA:165,0
DA:166,0
DA:173,0
DA:174,0
DA:177,0
DA:178,0
DA:179,0
DA:182,0
DA:184,0
DA:185,0
DA:189,0
DA:190,0
DA:191,0
DA:192,0
DA:193,0
DA:196,0
DA:197,0
DA:199,0
DA:201,0
DA:207,0
DA:212,0
DA:214,0
DA:215,0
LF:102
LH:0
BRDA:21,0,0,0
BRDA:21,0,1,0
BRDA:23,1,0,0
BRDA:23,1,1,0
BRDA:26,2,0,0
BRDA:26,2,1,0
BRDA:29,3,0,0
BRDA:29,3,1,0
BRDA:42,4,0,0
BRDA:42,4,1,0
BRDA:53,5,0,0
BRDA:53,6,0,0
BRDA:53,7,0,0
BRDA:53,7,1,0
BRDA:54,8,0,0
BRDA:54,8,1,0
BRDA:55,9,0,0
BRDA:55,9,1,0
BRDA:60,10,0,0
BRDA:60,10,1,0
BRDA:60,10,2,0
BRDA:60,10,3,0
BRDA:62,11,0,0
BRDA:62,11,1,0
BRDA:64,12,0,0
BRDA:64,12,1,0
BRDA:64,12,2,0
BRDA:65,13,0,0
BRDA:65,13,1,0
BRDA:66,14,0,0
BRDA:66,14,1,0
BRDA:66,14,2,0
BRDA:67,15,0,0
BRDA:67,15,1,0
BRDA:71,16,0,0
BRDA:71,16,1,0
BRDA:73,17,0,0
BRDA:73,17,1,0
BRDA:91,18,0,0
BRDA:91,18,1,0
BRDA:97,19,0,0
BRDA:97,19,1,0
BRDA:97,20,0,0
BRDA:97,20,1,0
BRDA:106,21,0,0
BRDA:106,21,1,0
BRDA:110,22,0,0
BRDA:110,22,1,0
BRDA:111,23,0,0
BRDA:111,23,1,0
BRDA:112,24,0,0
BRDA:112,24,1,0
BRDA:118,25,0,0
BRDA:118,25,1,0
BRDA:126,26,0,0
BRDA:126,26,1,0
BRDA:129,27,0,0
BRDA:129,27,1,0
BRDA:131,28,0,0
BRDA:131,28,1,0
BRDA:132,29,0,0
BRDA:132,29,1,0
BRDA:161,30,0,0
BRDA:161,30,1,0
BRDA:173,31,0,0
BRDA:173,31,1,0
BRDA:177,32,0,0
BRDA:177,32,1,0
BRDA:178,33,0,0
BRDA:178,33,1,0
BRDA:178,33,2,0
BRDA:191,34,0,0
BRDA:191,34,1,0
BRDA:192,35,0,0
BRDA:192,35,1,0
BRDA:196,36,0,0
BRDA:196,36,1,0
BRF:77
BRH:0
end_of_record
TN:
SF:src\modules\collectionOps\directions.controller.js
FN:3,(anonymous_0)
FN:3,(anonymous_1)
FN:5,(anonymous_2)
FN:5,(anonymous_3)
FN:7,(anonymous_4)
FN:22,(anonymous_5)
FNF:6
FNH:0
FNDA:0,(anonymous_0)
FNDA:0,(anonymous_1)
FNDA:0,(anonymous_2)
FNDA:0,(anonymous_3)
FNDA:0,(anonymous_4)
FNDA:0,(anonymous_5)
DA:1,0
DA:3,0
DA:5,0
DA:7,0
DA:8,0
DA:9,0
DA:10,0
DA:11,0
DA:14,0
DA:15,0
DA:16,0
DA:19,0
DA:20,0
DA:22,0
DA:26,0
DA:27,0
DA:28,0
DA:29,0
DA:31,0
DA:32,0
DA:33,0
DA:34,0
DA:37,0
DA:43,0
DA:44,0
LF:25
LH:0
BRDA:10,0,0,0
BRDA:10,0,1,0
BRDA:15,1,0,0
BRDA:15,1,1,0
BRDA:19,2,0,0
BRDA:19,2,1,0
BRDA:28,3,0,0
BRDA:28,3,1,0
BRDA:32,4,0,0
BRDA:32,4,1,0
BRDA:33,5,0,0
BRDA:33,5,1,0
BRF:12
BRH:0
end_of_record
TN:
SF:src\modules\collectionOps\routes.js
FNF:0
FNH:0
DA:1,0
DA:2,0
DA:3,0
DA:5,0
DA:6,0
DA:7,0
DA:8,0
DA:9,0
DA:10,0
DA:12,0
LF:10
LH:0
BRF:0
BRH:0
end_of_record
TN:
SF:src\modules\collectionOps\service.routing.js
FN:5,(anonymous_0)
FN:7,(anonymous_1)
FN:18,(anonymous_2)
FN:32,(anonymous_3)
FN:106,(anonymous_4)
FN:108,(anonymous_5)
FN:109,(anonymous_6)
FN:110,(anonymous_7)
FN:115,(anonymous_8)
FN:123,optimize
FNF:10
FNH:0
FNDA:0,(anonymous_0)
FNDA:0,(anonymous_1)
FNDA:0,(anonymous_2)
FNDA:0,(anonymous_3)
FNDA:0,(anonymous_4)
FNDA:0,(anonymous_5)
FNDA:0,(anonymous_6)
FNDA:0,(anonymous_7)
FNDA:0,(anonymous_8)
FNDA:0,optimize
DA:1,0
DA:3,0
DA:5,0
DA:7,0
DA:8,0
DA:9,0
DA:10,0
DA:11,0
DA:12,0
DA:13,0
DA:14,0
DA:15,0
DA:18,0
DA:19,0
DA:20,0
DA:21,0
DA:23,0
DA:24,0
DA:25,0
DA:26,0
DA:27,0
DA:28,0
DA:29,0
DA:32,0
DA:33,0
DA:34,0
DA:35,0
DA:37,0
DA:38,0
DA:39,0
DA:40,0
DA:41,0
DA:43,0
DA:44,0
DA:45,0
DA:47,0
DA:48,0
DA:49,0
DA:51,0
DA:56,0
DA:57,0
DA:61,0
DA:62,0
DA:63,0
DA:66,0
DA:67,0
DA:68,0
DA:70,0
DA:71,0
DA:74,0
DA:75,0
DA:82,0
DA:83,0
DA:84,0
DA:87,0
DA:88,0
DA:89,0
DA:95,0
DA:99,0
DA:100,0
DA:103,0
DA:106,0
DA:107,0
DA:108,0
DA:109,0
DA:111,0
DA:112,0
DA:113,0
DA:116,0
DA:117,0
DA:118,0
DA:119,0
DA:124,0
DA:125,0
DA:126,0
DA:127,0
DA:128,0
DA:129,0
DA:130,0
DA:131,0
DA:132,0
DA:134,0
DA:135,0
DA:136,0
DA:139,0
DA:147,0
DA:149,0
DA:150,0
DA:151,0
DA:152,0
DA:155,0
LF:91
LH:0
BRDA:8,0,0,0
BRDA:8,0,1,0
BRDA:8,1,0,0
BRDA:8,1,1,0
BRDA:9,2,0,0
BRDA:9,2,1,0
BRDA:9,3,0,0
BRDA:9,3,1,0
BRDA:10,4,0,0
BRDA:10,4,1,0
BRDA:10,5,0,0
BRDA:10,5,1,0
BRDA:11,6,0,0
BRDA:11,6,1,0
BRDA:12,7,0,0
BRDA:12,7,1,0
BRDA:19,8,0,0
BRDA:19,8,1,0
BRDA:20,9,0,0
BRDA:20,9,1,0
BRDA:21,10,0,0
BRDA:21,10,1,0
BRDA:23,11,0,0
BRDA:23,11,1,0
BRDA:24,12,0,0
BRDA:24,12,1,0
BRDA:26,13,0,0
BRDA:26,13,1,0
BRDA:37,14,0,0
BRDA:37,14,1,0
BRDA:51,15,0,0
BRDA:51,15,1,0
BRDA:52,16,0,0
BRDA:52,16,1,0
BRDA:52,16,2,0
BRDA:62,17,0,0
BRDA:62,17,1,0
BRDA:62,18,0,0
BRDA:62,18,1,0
BRDA:70,19,0,0
BRDA:70,19,1,0
BRDA:70,20,0,0
BRDA:70,20,1,0
BRDA:87,21,0,0
BRDA:87,21,1,0
BRDA:99,22,0,0
BRDA:99,22,1,0
BRDA:108,23,0,0
BRDA:108,23,1,0
BRDA:108,23,2,0
BRDA:108,23,3,0
BRDA:111,24,0,0
BRDA:111,24,1,0
BRDA:112,25,0,0
BRDA:112,25,1,0
BRDA:112,26,0,0
BRDA:112,26,1,0
BRDA:118,27,0,0
BRDA:118,27,1,0
BRDA:123,28,0,0
BRDA:124,29,0,0
BRDA:124,29,1,0
BRDA:124,30,0,0
BRDA:124,30,1,0
BRDA:125,31,0,0
BRDA:125,32,0,0
BRDA:126,33,0,0
BRDA:126,33,1,0
BRDA:127,34,0,0
BRDA:127,34,1,0
BRDA:127,34,2,0
BRDA:128,35,0,0
BRDA:128,35,1,0
BRDA:128,35,2,0
BRDA:129,36,0,0
BRDA:129,36,1,0
BRDA:130,37,0,0
BRDA:130,37,1,0
BRDA:131,38,0,0
BRDA:131,38,1,0
BRDA:132,39,0,0
BRDA:132,39,1,0
BRDA:135,40,0,0
BRDA:135,40,1,0
BRDA:143,41,0,0
BRDA:144,42,0,0
BRDA:145,43,0,0
BRDA:146,44,0,0
BRDA:149,45,0,0
BRDA:149,45,1,0
BRDA:150,46,0,0
BRDA:150,46,1,0
BRF:92
BRH:0
end_of_record
TN:
SF:src\modules\scheduling\controller.js
FN:76,findItemPolicy
FN:77,(anonymous_1)
FN:80,buildDisallowedResponse
FN:89,toDate
FN:94,normaliseDate
FN:100,slotIdFor
FN:104,generateCandidateSlots
FN:130,getPreferredDayBounds
FN:138,filterCandidatesForPreferredDay
FN:140,(anonymous_9)
FN:147,attachAvailability
FN:161,(anonymous_11)
FN:164,calculatePayment
FN:179,finaliseBooking
FN:249,(anonymous_14)
FN:253,(anonymous_15)
FN:278,resolveUser
FN:293,getConfig
FN:301,checkAvailability
FN:346,confirmBooking
FN:372,(anonymous_20)
FN:418,startCheckout
FN:447,(anonymous_22)
FN:525,syncCheckout
FN:588,(anonymous_24)
FN:648,listUserRequests
FNF:26
FNH:0
FNDA:0,findItemPolicy
FNDA:0,(anonymous_1)
FNDA:0,buildDisallowedResponse
FNDA:0,toDate
FNDA:0,normaliseDate
FNDA:0,slotIdFor
FNDA:0,generateCandidateSlots
FNDA:0,getPreferredDayBounds
FNDA:0,filterCandidatesForPreferredDay
FNDA:0,(anonymous_9)
FNDA:0,attachAvailability
FNDA:0,(anonymous_11)
FNDA:0,calculatePayment
FNDA:0,finaliseBooking
FNDA:0,(anonymous_14)
FNDA:0,(anonymous_15)
FNDA:0,resolveUser
FNDA:0,getConfig
FNDA:0,checkAvailability
FNDA:0,confirmBooking
FNDA:0,(anonymous_20)
FNDA:0,startCheckout
FNDA:0,(anonymous_22)
FNDA:0,syncCheckout
FNDA:0,(anonymous_24)
FNDA:0,listUserRequests
DA:1,0
DA:2,0
DA:3,0
DA:4,0
DA:5,0
DA:9,0
DA:11,0
DA:12,0
DA:14,0
DA:44,0
DA:53,0
DA:60,0
DA:66,0
DA:70,0
DA:77,0
DA:81,0
DA:90,0
DA:91,0
DA:95,0
DA:96,0
DA:97,0
DA:101,0
DA:105,0
DA:106,0
DA:107,0
DA:109,0
DA:110,0
DA:111,0
DA:113,0
DA:114,0
DA:115,0
DA:117,0
DA:118,0
DA:120,0
DA:127,0
DA:131,0
DA:132,0
DA:133,0
DA:134,0
DA:135,0
DA:139,0
DA:140,0
DA:141,0
DA:148,0
DA:149,0
DA:150,0
DA:154,0
DA:155,0
DA:161,0
DA:165,0
DA:166,0
DA:168,0
DA:169,0
DA:170,0
DA:171,0
DA:173,0
DA:174,0
DA:176,0
DA:188,0
DA:192,0
DA:193,0
DA:194,0
DA:195,0
DA:198,0
DA:214,0
DA:215,0
DA:233,0
DA:234,0
DA:239,0
DA:243,0
DA:244,0
DA:250,0
DA:251,0
DA:254,0
DA:255,0
DA:259,0
DA:260,0
DA:261,0
DA:263,0
DA:264,0
DA:267,0
DA:268,0
DA:269,0
DA:272,0
DA:275,0
DA:279,0
DA:280,0
DA:281,0
DA:282,0
DA:283,0
DA:285,0
DA:286,0
DA:287,0
DA:288,0
DA:290,0
DA:294,0
DA:302,0
DA:303,0
DA:304,0
DA:306,0
DA:307,0
DA:308,0
DA:310,0
DA:311,0
DA:314,0
DA:315,0
DA:316,0
DA:319,0
DA:320,0
DA:323,0
DA:325,0
DA:333,0
DA:334,0
DA:336,0
DA:337,0
DA:339,0
DA:340,0
DA:342,0
DA:347,0
DA:348,0
DA:349,0
DA:350,0
DA:352,0
DA:353,0
DA:355,0
DA:356,0
DA:359,0
DA:360,0
DA:361,0
DA:364,0
DA:366,0
DA:367,0
DA:370,0
DA:371,0
DA:372,0
DA:373,0
DA:374,0
DA:377,0
DA:383,0
DA:393,0
DA:399,0
DA:400,0
DA:402,0
DA:403,0
DA:405,0
DA:406,0
DA:408,0
DA:409,0
DA:412,0
DA:414,0
DA:419,0
DA:420,0
DA:421,0
DA:424,0
DA:425,0
DA:427,0
DA:428,0
DA:429,0
DA:431,0
DA:432,0
DA:435,0
DA:436,0
DA:437,0
DA:440,0
DA:441,0
DA:442,0
DA:445,0
DA:446,0
DA:447,0
DA:448,0
DA:449,0
DA:452,0
DA:456,0
DA:457,0
DA:458,0
DA:461,0
DA:469,0
DA:490,0
DA:502,0
DA:509,0
DA:510,0
DA:512,0
DA:513,0
DA:515,0
DA:516,0
DA:518,0
DA:519,0
DA:521,0
DA:526,0
DA:527,0
DA:528,0
DA:531,0
DA:532,0
DA:534,0
DA:535,0
DA:536,0
DA:539,0
DA:540,0
DA:541,0
DA:544,0
DA:548,0
DA:552,0
DA:553,0
DA:554,0
DA:559,0
DA:564,0
DA:565,0
DA:571,0
DA:572,0
DA:575,0
DA:578,0
DA:579,0
DA:580,0
DA:581,0
DA:584,0
DA:587,0
DA:588,0
DA:589,0
DA:590,0
DA:593,0
DA:596,0
DA:598,0
DA:599,0
DA:600,0
DA:606,0
DA:609,0
DA:612,0
DA:613,0
DA:623,0
DA:629,0
DA:630,0
DA:632,0
DA:633,0
DA:635,0
DA:636,0
DA:638,0
DA:639,0
DA:641,0
DA:642,0
DA:644,0
DA:649,0
DA:650,0
DA:651,0
DA:653,0
DA:657,0
DA:659,0
DA:660,0
DA:662,0
DA:663,0
DA:665,0
DA:666,0
DA:668,0
DA:672,0
LF:253
LH:0
BRDA:12,0,0,0
BRDA:12,0,1,0
BRDA:90,1,0,0
BRDA:90,1,1,0
BRDA:138,2,0,0
BRDA:141,3,0,0
BRDA:141,3,1,0
BRDA:141,3,2,0
BRDA:165,4,0,0
BRDA:165,4,1,0
BRDA:168,5,0,0
BRDA:168,6,0,0
BRDA:168,7,0,0
BRDA:168,8,0,0
BRDA:170,9,0,0
BRDA:170,9,1,0
BRDA:170,10,0,0
BRDA:170,10,1,0
BRDA:171,11,0,0
BRDA:171,11,1,0
BRDA:171,11,2,0
BRDA:173,12,0,0
BRDA:173,12,1,0
BRDA:173,13,0,0
BRDA:173,13,1,0
BRDA:173,13,2,0
BRDA:176,14,0,0
BRDA:176,14,1,0
BRDA:186,15,0,0
BRDA:192,16,0,0
BRDA:192,16,1,0
BRDA:208,17,0,0
BRDA:208,17,1,0
BRDA:214,18,0,0
BRDA:214,18,1,0
BRDA:226,19,0,0
BRDA:226,19,1,0
BRDA:233,20,0,0
BRDA:233,20,1,0
BRDA:260,21,0,0
BRDA:260,21,1,0
BRDA:261,22,0,0
BRDA:261,22,1,0
BRDA:263,23,0,0
BRDA:263,23,1,0
BRDA:264,24,0,0
BRDA:264,24,1,0
BRDA:267,25,0,0
BRDA:267,25,1,0
BRDA:280,26,0,0
BRDA:280,26,1,0
BRDA:285,27,0,0
BRDA:285,27,1,0
BRDA:307,28,0,0
BRDA:307,28,1,0
BRDA:310,29,0,0
BRDA:310,29,1,0
BRDA:315,30,0,0
BRDA:315,30,1,0
BRDA:333,31,0,0
BRDA:333,31,1,0
BRDA:336,32,0,0
BRDA:336,32,1,0
BRDA:339,33,0,0
BRDA:339,33,1,0
BRDA:352,34,0,0
BRDA:352,34,1,0
BRDA:355,35,0,0
BRDA:355,35,1,0
BRDA:360,36,0,0
BRDA:360,36,1,0
BRDA:366,37,0,0
BRDA:366,37,1,0
BRDA:366,38,0,0
BRDA:366,38,1,0
BRDA:373,39,0,0
BRDA:373,39,1,0
BRDA:388,40,0,0
BRDA:388,40,1,0
BRDA:388,41,0,0
BRDA:388,41,1,0
BRDA:399,42,0,0
BRDA:399,42,1,0
BRDA:402,43,0,0
BRDA:402,43,1,0
BRDA:405,44,0,0
BRDA:405,44,1,0
BRDA:408,45,0,0
BRDA:408,45,1,0
BRDA:420,46,0,0
BRDA:420,46,1,0
BRDA:428,47,0,0
BRDA:428,47,1,0
BRDA:431,48,0,0
BRDA:431,48,1,0
BRDA:436,49,0,0
BRDA:436,49,1,0
BRDA:441,50,0,0
BRDA:441,50,1,0
BRDA:448,51,0,0
BRDA:448,51,1,0
BRDA:457,52,0,0
BRDA:457,52,1,0
BRDA:509,53,0,0
BRDA:509,53,1,0
BRDA:512,54,0,0
BRDA:512,54,1,0
BRDA:515,55,0,0
BRDA:515,55,1,0
BRDA:518,56,0,0
BRDA:518,56,1,0
BRDA:527,57,0,0
BRDA:527,57,1,0
BRDA:535,58,0,0
BRDA:535,58,1,0
BRDA:539,59,0,0
BRDA:539,59,1,0
BRDA:539,60,0,0
BRDA:539,60,1,0
BRDA:548,61,0,0
BRDA:548,61,1,0
BRDA:553,62,0,0
BRDA:553,62,1,0
BRDA:554,63,0,0
BRDA:554,63,1,0
BRDA:554,63,2,0
BRDA:554,63,3,0
BRDA:560,64,0,0
BRDA:560,64,1,0
BRDA:561,65,0,0
BRDA:561,65,1,0
BRDA:564,66,0,0
BRDA:564,66,1,0
BRDA:564,66,2,0
BRDA:571,67,0,0
BRDA:571,67,1,0
BRDA:571,68,0,0
BRDA:571,68,1,0
BRDA:571,68,2,0
BRDA:571,68,3,0
BRDA:571,68,4,0
BRDA:573,69,0,0
BRDA:573,69,1,0
BRDA:580,70,0,0
BRDA:580,70,1,0
BRDA:580,71,0,0
BRDA:580,71,1,0
BRDA:582,72,0,0
BRDA:582,72,1,0
BRDA:589,73,0,0
BRDA:589,73,1,0
BRDA:589,74,0,0
BRDA:589,74,1,0
BRDA:591,75,0,0
BRDA:591,75,1,0
BRDA:598,76,0,0
BRDA:598,76,1,0
BRDA:599,77,0,0
BRDA:599,77,1,0
BRDA:603,78,0,0
BRDA:603,78,1,0
BRDA:618,79,0,0
BRDA:618,79,1,0
BRDA:629,80,0,0
BRDA:629,80,1,0
BRDA:632,81,0,0
BRDA:632,81,1,0
BRDA:635,82,0,0
BRDA:635,82,1,0
BRDA:638,83,0,0
BRDA:638,83,1,0
BRDA:641,84,0,0
BRDA:641,84,1,0
BRDA:659,85,0,0
BRDA:659,85,1,0
BRDA:662,86,0,0
BRDA:662,86,1,0
BRDA:665,87,0,0
BRDA:665,87,1,0
BRF:179
BRH:0
end_of_record
TN:
SF:src\modules\scheduling\routes.js
FNF:0
FNH:0
DA:1,0
DA:2,0
DA:4,0
DA:5,0
DA:6,0
DA:7,0
DA:8,0
DA:9,0
DA:11,0
LF:9
LH:0
BRF:0
BRH:0
end_of_record
TN:
SF:src\services\mailer.js
FN:5,getTransporter
FN:25,sendMail
FN:44,sendSpecialCollectionConfirmation
FN:80,notifyAuthorityOfSpecialPickup
FN:111,sendPaymentReceipt
FNF:5
FNH:0
FNDA:0,getTransporter
FNDA:0,sendMail
FNDA:0,sendSpecialCollectionConfirmation
FNDA:0,notifyAuthorityOfSpecialPickup
FNDA:0,sendPaymentReceipt
DA:1,0
DA:6,0
DA:8,0
DA:9,0
DA:10,0
DA:13,0
DA:15,0
DA:22,0
DA:26,0
DA:27,0
DA:28,0
DA:32,0
DA:35,0
DA:40,0
DA:41,0
DA:45,0
DA:46,0
DA:49,0
DA:50,0
DA:52,0
DA:66,0
DA:77,0
DA:81,0
DA:82,0
DA:83,0
DA:86,0
DA:89,0
DA:90,0
DA:92,0
DA:100,0
DA:108,0
DA:112,0
DA:113,0
DA:116,0
DA:117,0
DA:118,0
DA:120,0
DA:122,0
DA:136,0
DA:146,0
DA:149,0
LF:41
LH:0
BRDA:6,0,0,0
BRDA:6,0,1,0
BRDA:9,1,0,0
BRDA:9,1,1,0
BRDA:13,2,0,0
BRDA:13,2,1,0
BRDA:17,3,0,0
BRDA:17,3,1,0
BRDA:18,4,0,0
BRDA:18,4,1,0
BRDA:19,5,0,0
BRDA:19,5,1,0
BRDA:19,6,0,0
BRDA:19,6,1,0
BRDA:27,7,0,0
BRDA:27,7,1,0
BRDA:45,8,0,0
BRDA:45,8,1,0
BRDA:59,9,0,0
BRDA:59,9,1,0
BRDA:72,10,0,0
BRDA:72,10,1,0
BRDA:82,11,0,0
BRDA:82,11,1,0
BRDA:97,12,0,0
BRDA:97,12,1,0
BRDA:105,13,0,0
BRDA:105,13,1,0
BRDA:112,14,0,0
BRDA:112,14,1,0
BRDA:117,15,0,0
BRDA:117,15,1,0
BRDA:118,16,0,0
BRDA:118,16,1,0
BRDA:120,17,0,0
BRDA:120,17,1,0
BRDA:126,18,0,0
BRDA:126,18,1,0
BRDA:139,19,0,0
BRDA:139,19,1,0
BRDA:142,20,0,0
BRDA:142,20,1,0
BRF:42
BRH:0
end_of_record
