TN:
SF:src\routes.js
FNF:0
FNH:0
DA:1,0
DA:3,0
DA:4,0
DA:5,0
DA:6,0
DA:7,0
DA:9,0
LF:7
LH:0
BRF:0
BRH:0
end_of_record
TN:
SF:src\models\Bill.js
FNF:0
FNH:0
DA:1,0
DA:3,0
DA:31,0
DA:33,0
LF:4
LH:0
BRF:0
BRH:0
end_of_record
TN:
SF:src\models\City.js
FNF:0
FNH:0
DA:1,0
DA:3,0
DA:8,0
DA:18,0
LF:4
LH:0
BRF:0
BRH:0
end_of_record
TN:
SF:src\models\CollectionEvent.js
FNF:0
FNH:0
DA:1,0
DA:2,0
DA:8,0
LF:3
LH:0
BRF:0
BRH:0
end_of_record
TN:
SF:src\models\PaymentTransaction.js
FNF:0
FNH:0
DA:1,0
DA:3,0
DA:22,0
LF:3
LH:0
BRF:0
BRH:0
end_of_record
TN:
SF:src\models\RoutePlan.js
FNF:0
FNH:0
DA:1,0
DA:2,0
DA:5,0
DA:27,0
DA:28,0
DA:30,0
LF:6
LH:0
BRF:0
BRH:0
end_of_record
TN:
SF:src\models\SpecialCollectionPayment.js
FNF:0
FNH:0
DA:1,0
DA:3,0
DA:20,0
DA:21,0
DA:23,0
LF:5
LH:0
BRF:0
BRH:0
end_of_record
TN:
SF:src\models\SpecialCollectionRequest.js
FNF:0
FNH:0
DA:1,0
DA:3,0
DA:9,0
DA:52,0
DA:53,0
DA:55,0
LF:6
LH:0
BRF:0
BRH:0
end_of_record
TN:
SF:src\models\User.js
FN:42,verifyPassword
FN:46,resetLoginAttempts
FN:54,registerFailedLogin
FN:79,hashPassword
FNF:4
FNH:0
FNDA:0,verifyPassword
FNDA:0,resetLoginAttempts
FNDA:0,registerFailedLogin
FNDA:0,hashPassword
DA:1,4
DA:2,4
DA:4,4
DA:42,4
DA:43,0
DA:46,4
DA:47,0
DA:48,0
DA:49,0
DA:50,0
DA:54,4
DA:55,0
DA:57,0
DA:58,0
DA:61,0
DA:62,0
DA:63,0
DA:66,0
DA:68,0
DA:69,0
DA:70,0
DA:71,0
DA:72,0
DA:75,0
DA:76,0
DA:79,4
DA:80,0
DA:81,0
DA:84,4
LF:29
LH:8
BRDA:47,0,0,0
BRDA:47,0,1,0
BRDA:47,1,0,0
BRDA:47,1,1,0
BRDA:57,2,0,0
BRDA:57,2,1,0
BRDA:57,3,0,0
BRDA:57,3,1,0
BRDA:61,4,0,0
BRDA:61,4,1,0
BRDA:61,5,0,0
BRDA:61,5,1,0
BRDA:68,6,0,0
BRDA:68,6,1,0
BRF:14
BRH:0
end_of_record
TN:
SF:src\models\WasteBin.js
FNF:0
FNH:0
DA:1,0
DA:2,0
DA:13,0
DA:15,0
LF:4
LH:0
BRF:0
BRH:0
end_of_record
TN:
SF:src\models\WasteCollectionRecord.js
FNF:0
FNH:0
DA:1,4
DA:3,4
DA:29,4
DA:30,4
DA:31,4
DA:33,4
LF:6
LH:6
BRF:0
BRH:0
end_of_record
TN:
SF:src\modules\analytics\controller.js
FN:11,(anonymous_0)
FN:21,groupBy
FN:22,(anonymous_2)
FN:32,getConfig
FN:59,buildMatch
FN:79,makeReportPayload
FN:91,(anonymous_6)
FN:92,(anonymous_7)
FN:93,(anonymous_8)
FN:95,(anonymous_9)
FN:96,(anonymous_10)
FN:97,(anonymous_11)
FN:108,(anonymous_12)
FN:110,(anonymous_13)
FN:111,(anonymous_14)
FN:112,(anonymous_15)
FN:119,(anonymous_16)
FN:121,(anonymous_17)
FN:122,(anonymous_18)
FN:123,(anonymous_19)
FN:124,(anonymous_20)
FN:133,(anonymous_21)
FN:135,(anonymous_22)
FN:136,(anonymous_23)
FN:143,(anonymous_24)
FN:170,generateReport
FNF:26
FNH:26
FNDA:48,(anonymous_0)
FNDA:140,groupBy
FNDA:7652,(anonymous_2)
FNDA:5,getConfig
FNDA:38,buildMatch
FNDA:35,makeReportPayload
FNDA:1913,(anonymous_6)
FNDA:1913,(anonymous_7)
FNDA:1913,(anonymous_8)
FNDA:1913,(anonymous_9)
FNDA:777,(anonymous_10)
FNDA:1913,(anonymous_11)
FNDA:953,(anonymous_12)
FNDA:1913,(anonymous_13)
FNDA:63,(anonymous_14)
FNDA:1913,(anonymous_15)
FNDA:35,(anonymous_16)
FNDA:1913,(anonymous_17)
FNDA:61,(anonymous_18)
FNDA:1913,(anonymous_19)
FNDA:1913,(anonymous_20)
FNDA:1913,(anonymous_21)
FNDA:273,(anonymous_22)
FNDA:1913,(anonymous_23)
FNDA:238,(anonymous_24)
FNDA:52,generateReport
DA:1,4
DA:2,4
DA:3,4
DA:5,4
DA:11,48
DA:22,140
DA:23,7652
DA:24,7652
DA:25,1174
DA:27,7652
DA:28,7652
DA:33,5
DA:34,5
DA:42,3
DA:55,2
DA:60,38
DA:61,38
DA:67,38
DA:68,13
DA:70,38
DA:71,12
DA:73,38
DA:74,12
DA:76,38
DA:80,35
DA:91,1913
DA:92,1913
DA:93,1913
DA:95,1913
DA:96,35
DA:97,1913
DA:98,777
DA:108,953
DA:110,1913
DA:111,35
DA:112,1913
DA:113,63
DA:119,35
DA:121,1913
DA:122,35
DA:123,1913
DA:124,1913
DA:125,61
DA:133,1913
DA:134,35
DA:136,1913
DA:137,273
DA:143,238
DA:145,35
DA:171,52
DA:172,52
DA:173,42
DA:174,42
DA:175,2
DA:177,40
DA:178,2
DA:181,38
DA:182,38
DA:184,37
DA:185,2
DA:188,35
DA:189,35
DA:191,11
DA:192,10
DA:194,1
DA:198,4
LF:66
LH:66
BRDA:24,0,0,1174
BRDA:24,0,1,6478
BRDA:49,1,0,3
BRDA:49,1,1,1
BRDA:50,2,0,3
BRDA:50,2,1,1
BRDA:60,3,0,24
BRDA:60,4,0,25
BRDA:60,5,0,25
BRDA:67,6,0,13
BRDA:67,6,1,25
BRDA:70,7,0,12
BRDA:70,7,1,26
BRDA:73,8,0,12
BRDA:73,8,1,26
BRDA:86,9,0,35
BRDA:86,9,1,23
BRDA:87,10,0,35
BRDA:87,10,1,24
BRDA:88,11,0,35
BRDA:88,11,1,24
BRDA:91,12,0,1913
BRDA:91,12,1,1
BRDA:92,13,0,1913
BRDA:92,13,1,3
BRDA:93,14,0,1913
BRDA:93,14,1,3
BRDA:97,15,0,1913
BRDA:97,15,1,1
BRDA:103,16,0,777
BRDA:103,16,1,1
BRDA:104,17,0,777
BRDA:104,17,1,0
BRDA:110,18,0,1913
BRDA:110,18,1,2
BRDA:112,19,0,1913
BRDA:112,19,1,1
BRDA:121,20,0,1913
BRDA:121,20,1,2
BRDA:123,21,0,1913
BRDA:123,21,1,3
BRDA:124,22,0,1913
BRDA:124,22,1,3
BRDA:136,23,0,1913
BRDA:136,23,1,1
BRDA:143,24,0,0
BRDA:143,24,1,238
BRDA:174,25,0,2
BRDA:174,25,1,40
BRDA:177,26,0,2
BRDA:177,26,1,38
BRDA:184,27,0,2
BRDA:184,27,1,35
BRDA:191,28,0,10
BRDA:191,28,1,1
BRDA:192,29,0,10
BRDA:192,29,1,0
BRF:57
BRH:54
end_of_record
TN:
SF:src\modules\analytics\routes.js
FNF:0
FNH:0
DA:1,2
DA:2,2
DA:4,2
DA:5,2
DA:7,2
LF:5
LH:5
BRF:0
BRH:0
end_of_record
TN:
SF:src\modules\auth\controller.js
FN:15,login
FN:47,register
FNF:2
FNH:0
FNDA:0,login
FNDA:0,register
DA:1,0
DA:2,0
DA:4,0
DA:9,0
DA:16,0
DA:17,0
DA:18,0
DA:20,0
DA:21,0
DA:24,0
DA:30,0
DA:31,0
DA:33,0
DA:34,0
DA:36,0
DA:37,0
DA:43,0
DA:48,0
DA:49,0
DA:50,0
DA:52,0
DA:58,0
DA:59,0
DA:61,0
DA:62,0
DA:64,0
DA:68,0
LF:27
LH:0
BRDA:20,0,0,0
BRDA:20,0,1,0
BRDA:30,1,0,0
BRDA:30,1,1,0
BRDA:33,2,0,0
BRDA:33,2,1,0
BRDA:36,3,0,0
BRDA:36,3,1,0
BRDA:58,4,0,0
BRDA:58,4,1,0
BRDA:61,5,0,0
BRDA:61,5,1,0
BRF:12
BRH:0
end_of_record
TN:
SF:src\modules\auth\routes.js
FNF:0
FNH:0
DA:1,0
DA:2,0
DA:4,0
DA:5,0
DA:7,0
LF:5
LH:0
BRF:0
BRH:0
end_of_record
TN:
SF:src\modules\auth\service.js
FN:3,mapUser
FN:15,authenticate
FN:57,createUser
FN:77,findUserByEmail
FNF:4
FNH:0
FNDA:0,mapUser
FNDA:0,authenticate
FNDA:0,createUser
FNDA:0,findUserByEmail
DA:1,0
DA:4,0
DA:12,0
DA:13,0
DA:16,0
DA:17,0
DA:18,0
DA:20,0
DA:21,0
DA:22,0
DA:23,0
DA:24,0
DA:25,0
DA:28,0
DA:29,0
DA:30,0
DA:31,0
DA:34,0
DA:35,0
DA:36,0
DA:37,0
DA:40,0
DA:41,0
DA:42,0
DA:43,0
DA:44,0
DA:45,0
DA:46,0
DA:47,0
DA:49,0
DA:52,0
DA:54,0
DA:58,0
DA:59,0
DA:60,0
DA:61,0
DA:62,0
DA:63,0
DA:66,0
DA:67,0
DA:74,0
DA:78,0
DA:81,0
LF:43
LH:0
BRDA:18,0,0,0
BRDA:18,0,1,0
BRDA:21,1,0,0
BRDA:21,1,1,0
BRDA:21,2,0,0
BRDA:21,2,1,0
BRDA:28,3,0,0
BRDA:28,3,1,0
BRDA:28,4,0,0
BRDA:28,4,1,0
BRDA:34,5,0,0
BRDA:34,5,1,0
BRDA:41,6,0,0
BRDA:41,6,1,0
BRDA:43,7,0,0
BRDA:43,7,1,0
BRDA:60,8,0,0
BRDA:60,8,1,0
BRF:18
BRH:0
end_of_record
TN:
SF:src\modules\billing\controller.js
FN:13,(anonymous_0)
FN:37,listBills
FN:41,(anonymous_2)
FN:100,createCheckoutSession
FN:123,(anonymous_4)
FN:199,syncCheckoutSession
FN:373,getReceipt
FNF:7
FNH:0
FNDA:0,(anonymous_0)
FNDA:0,listBills
FNDA:0,(anonymous_2)
FNDA:0,createCheckoutSession
FNDA:0,(anonymous_4)
FNDA:0,syncCheckoutSession
FNDA:0,getReceipt
DA:1,0
DA:2,0
DA:3,0
DA:4,0
DA:5,0
DA:6,0
DA:7,0
DA:9,0
DA:10,0
DA:12,0
DA:13,0
DA:16,0
DA:17,0
DA:21,0
DA:22,0
DA:25,0
DA:29,0
DA:38,0
DA:39,0
DA:40,0
DA:41,0
DA:43,0
DA:47,0
DA:48,0
DA:49,0
DA:50,0
DA:51,0
DA:55,0
DA:56,0
DA:58,0
DA:59,0
DA:61,0
DA:62,0
DA:63,0
DA:64,0
DA:67,0
DA:68,0
DA:69,0
DA:70,0
DA:71,0
DA:73,0
DA:74,0
DA:78,0
DA:93,0
DA:94,0
DA:96,0
DA:101,0
DA:102,0
DA:103,0
DA:106,0
DA:107,0
DA:108,0
DA:109,0
DA:112,0
DA:113,0
DA:114,0
DA:116,0
DA:117,0
DA:120,0
DA:122,0
DA:123,0
DA:124,0
DA:125,0
DA:132,0
DA:136,0
DA:143,0
DA:167,0
DA:168,0
DA:170,0
DA:183,0
DA:189,0
DA:190,0
DA:192,0
DA:193,0
DA:195,0
DA:200,0
DA:201,0
DA:202,0
DA:205,0
DA:206,0
DA:210,0
DA:211,0
DA:213,0
DA:214,0
DA:217,0
DA:218,0
DA:221,0
DA:222,0
DA:223,0
DA:227,0
DA:228,0
DA:229,0
DA:230,0
DA:232,0
DA:233,0
DA:234,0
DA:235,0
DA:236,0
DA:237,0
DA:238,0
DA:239,0
DA:240,0
DA:242,0
DA:245,0
DA:246,0
DA:247,0
DA:248,0
DA:249,0
DA:255,0
DA:256,0
DA:258,0
DA:259,0
DA:262,0
DA:264,0
DA:265,0
DA:266,0
DA:267,0
DA:268,0
DA:269,0
DA:271,0
DA:272,0
DA:273,0
DA:274,0
DA:277,0
DA:281,0
DA:282,0
DA:283,0
DA:284,0
DA:285,0
DA:286,0
DA:289,0
DA:290,0
DA:291,0
DA:292,0
DA:293,0
DA:295,0
DA:296,0
DA:297,0
DA:298,0
DA:302,0
DA:304,0
DA:305,0
DA:329,0
DA:363,0
DA:364,0
DA:366,0
DA:367,0
DA:369,0
DA:374,0
DA:375,0
DA:376,0
DA:378,0
DA:383,0
DA:384,0
DA:387,0
DA:389,0
DA:402,0
DA:404,0
DA:405,0
DA:407,0
DA:411,0
LF:161
LH:0
BRDA:10,0,0,0
BRDA:10,0,1,0
BRDA:12,1,0,0
BRDA:12,1,1,0
BRDA:17,2,0,0
BRDA:17,2,1,0
BRDA:17,3,0,0
BRDA:17,3,1,0
BRDA:21,4,0,0
BRDA:21,4,1,0
BRDA:50,5,0,0
BRDA:50,5,1,0
BRDA:63,6,0,0
BRDA:63,6,1,0
BRDA:67,7,0,0
BRDA:67,7,1,0
BRDA:69,8,0,0
BRDA:69,8,1,0
BRDA:70,9,0,0
BRDA:70,9,1,0
BRDA:70,10,0,0
BRDA:70,10,1,0
BRDA:70,10,2,0
BRDA:73,11,0,0
BRDA:73,11,1,0
BRDA:93,12,0,0
BRDA:93,12,1,0
BRDA:94,13,0,0
BRDA:94,13,1,0
BRDA:102,14,0,0
BRDA:102,14,1,0
BRDA:108,15,0,0
BRDA:108,15,1,0
BRDA:113,16,0,0
BRDA:113,16,1,0
BRDA:116,17,0,0
BRDA:116,17,1,0
BRDA:120,18,0,0
BRDA:120,18,1,0
BRDA:122,19,0,0
BRDA:122,19,1,0
BRDA:124,20,0,0
BRDA:124,20,1,0
BRDA:132,21,0,0
BRDA:132,21,1,0
BRDA:134,22,0,0
BRDA:134,22,1,0
BRDA:152,23,0,0
BRDA:152,23,1,0
BRDA:156,24,0,0
BRDA:156,24,1,0
BRDA:174,25,0,0
BRDA:174,25,1,0
BRDA:189,26,0,0
BRDA:189,26,1,0
BRDA:190,27,0,0
BRDA:190,27,1,0
BRDA:192,28,0,0
BRDA:192,28,1,0
BRDA:201,29,0,0
BRDA:201,29,1,0
BRDA:211,30,0,0
BRDA:211,30,1,0
BRDA:213,31,0,0
BRDA:213,31,1,0
BRDA:217,32,0,0
BRDA:217,32,1,0
BRDA:217,33,0,0
BRDA:217,33,1,0
BRDA:222,34,0,0
BRDA:222,34,1,0
BRDA:223,35,0,0
BRDA:223,35,1,0
BRDA:227,36,0,0
BRDA:227,36,1,0
BRDA:227,37,0,0
BRDA:227,37,1,0
BRDA:233,38,0,0
BRDA:233,38,1,0
BRDA:235,39,0,0
BRDA:235,39,1,0
BRDA:235,40,0,0
BRDA:235,40,1,0
BRDA:237,41,0,0
BRDA:237,41,1,0
BRDA:237,42,0,0
BRDA:237,42,1,0
BRDA:239,43,0,0
BRDA:239,43,1,0
BRDA:247,44,0,0
BRDA:247,44,1,0
BRDA:248,45,0,0
BRDA:248,45,1,0
BRDA:255,46,0,0
BRDA:255,46,1,0
BRDA:256,47,0,0
BRDA:256,47,1,0
BRDA:258,48,0,0
BRDA:258,48,1,0
BRDA:264,49,0,0
BRDA:264,49,1,0
BRDA:264,50,0,0
BRDA:264,50,1,0
BRDA:273,51,0,0
BRDA:273,51,1,0
BRDA:282,52,0,0
BRDA:282,52,1,0
BRDA:284,53,0,0
BRDA:284,53,1,0
BRDA:285,54,0,0
BRDA:285,54,1,0
BRDA:289,55,0,0
BRDA:289,55,1,0
BRDA:291,56,0,0
BRDA:291,56,1,0
BRDA:295,57,0,0
BRDA:295,57,1,0
BRDA:297,58,0,0
BRDA:297,58,1,0
BRDA:363,59,0,0
BRDA:363,59,1,0
BRDA:364,60,0,0
BRDA:364,60,1,0
BRDA:366,61,0,0
BRDA:366,61,1,0
BRDA:383,62,0,0
BRDA:383,62,1,0
BRDA:391,63,0,0
BRDA:391,63,1,0
BRDA:394,64,0,0
BRDA:394,64,1,0
BRDA:394,64,2,0
BRDA:399,65,0,0
BRDA:399,65,1,0
BRDA:404,66,0,0
BRDA:404,66,1,0
BRDA:405,67,0,0
BRDA:405,67,1,0
BRF:138
BRH:0
end_of_record
TN:
SF:src\modules\billing\routes.js
FNF:0
FNH:0
DA:1,0
DA:2,0
DA:4,0
DA:5,0
DA:6,0
DA:7,0
DA:9,0
LF:7
LH:0
BRF:0
BRH:0
end_of_record
TN:
SF:src\modules\collectionOps\controller.js
FN:9,(anonymous_0)
FN:15,(anonymous_1)
FN:26,(anonymous_2)
FN:43,(anonymous_3)
FN:48,(anonymous_4)
FN:59,(anonymous_5)
FN:89,(anonymous_6)
FN:95,(anonymous_7)
FN:96,(anonymous_8)
FN:124,(anonymous_9)
FN:136,(anonymous_10)
FN:144,(anonymous_11)
FN:196,(anonymous_12)
FN:224,(anonymous_13)
FN:236,(anonymous_14)
FN:237,(anonymous_15)
FN:259,(anonymous_16)
FN:273,(anonymous_17)
FN:286,(anonymous_18)
FN:306,(anonymous_19)
FN:337,(anonymous_20)
FNF:21
FNH:21
FNDA:8,(anonymous_0)
FNDA:8,(anonymous_1)
FNDA:3,(anonymous_2)
FNDA:1,(anonymous_3)
FNDA:2,(anonymous_4)
FNDA:5,(anonymous_5)
FNDA:6,(anonymous_6)
FNDA:6,(anonymous_7)
FNDA:6,(anonymous_8)
FNDA:2,(anonymous_9)
FNDA:3,(anonymous_10)
FNDA:4,(anonymous_11)
FNDA:4,(anonymous_12)
FNDA:2,(anonymous_13)
FNDA:2,(anonymous_14)
FNDA:2,(anonymous_15)
FNDA:2,(anonymous_16)
FNDA:2,(anonymous_17)
FNDA:2,(anonymous_18)
FNDA:4,(anonymous_19)
FNDA:3,(anonymous_20)
DA:1,1
DA:2,1
DA:3,1
DA:4,1
DA:5,1
DA:6,1
DA:7,1
DA:9,1
DA:10,8
DA:11,8
DA:12,8
DA:15,1
DA:16,8
DA:17,8
DA:18,8
DA:26,1
DA:27,3
DA:28,3
DA:29,3
DA:30,0
DA:32,3
DA:33,0
DA:35,3
DA:36,0
DA:38,3
DA:41,1
DA:43,1
DA:44,1
DA:45,1
DA:48,1
DA:49,2
DA:50,2
DA:51,1
DA:53,2
DA:56,2
DA:59,1
DA:60,5
DA:71,5
DA:72,5
DA:73,5
DA:74,1
DA:77,4
DA:78,4
DA:79,4
DA:81,4
DA:82,3
DA:83,3
DA:84,3
DA:85,3
DA:86,3
DA:88,3
DA:89,3
DA:90,6
DA:91,6
DA:92,6
DA:93,6
DA:95,6
DA:96,6
DA:98,3
DA:110,3
DA:111,3
DA:112,3
DA:114,3
DA:123,3
DA:124,3
DA:125,2
DA:126,2
DA:129,3
DA:130,1
DA:136,3
DA:144,4
DA:157,3
DA:158,1
DA:159,1
DA:160,1
DA:161,1
DA:173,1
DA:176,1
DA:178,1
DA:184,2
DA:186,2
DA:191,1
DA:192,1
DA:196,1
DA:197,4
DA:198,4
DA:199,4
DA:200,1
DA:203,3
DA:207,2
DA:208,1
DA:211,1
DA:213,1
DA:214,1
DA:218,1
DA:222,1
DA:223,1
DA:225,2
DA:226,2
DA:227,0
DA:229,2
DA:230,2
DA:236,2
DA:237,2
DA:239,1
DA:248,1
DA:254,1
DA:255,1
DA:259,1
DA:260,2
DA:261,2
DA:262,2
DA:272,1
DA:273,1
DA:274,2
DA:275,2
DA:276,2
DA:277,2
DA:280,1
DA:284,1
DA:286,2
DA:290,1
DA:292,1
DA:301,1
DA:302,1
DA:306,1
DA:307,4
DA:308,4
DA:309,4
DA:310,1
DA:313,3
DA:314,3
DA:321,2
DA:322,1
DA:325,1
DA:326,1
DA:327,1
DA:330,1
DA:332,1
DA:333,1
DA:337,1
DA:338,3
DA:339,3
DA:340,3
DA:341,1
DA:344,2
DA:345,2
DA:347,2
DA:349,1
DA:355,1
DA:360,1
DA:362,1
DA:363,1
LF:153
LH:149
BRDA:27,0,0,3
BRDA:27,0,1,0
BRDA:29,1,0,0
BRDA:29,1,1,3
BRDA:32,2,0,0
BRDA:32,2,1,3
BRDA:35,3,0,0
BRDA:35,3,1,3
BRDA:50,4,0,1
BRDA:50,4,1,1
BRDA:67,5,0,4
BRDA:68,6,0,4
BRDA:69,7,0,3
BRDA:70,8,0,4
BRDA:71,9,0,5
BRDA:71,9,1,0
BRDA:72,10,0,5
BRDA:72,10,1,1
BRDA:73,11,0,1
BRDA:73,11,1,4
BRDA:79,12,0,4
BRDA:79,12,1,0
BRDA:79,12,2,0
BRDA:79,12,3,0
BRDA:81,13,0,0
BRDA:81,13,1,4
BRDA:83,14,0,3
BRDA:83,14,1,3
BRDA:83,14,2,0
BRDA:84,15,0,3
BRDA:84,15,1,2
BRDA:85,16,0,3
BRDA:85,16,1,3
BRDA:85,16,2,3
BRDA:86,17,0,0
BRDA:86,17,1,3
BRDA:90,18,0,6
BRDA:90,18,1,0
BRDA:92,19,0,6
BRDA:92,19,1,0
BRDA:110,20,0,0
BRDA:110,20,1,3
BRDA:125,21,0,1
BRDA:125,21,1,1
BRDA:125,22,0,2
BRDA:125,22,1,2
BRDA:129,23,0,1
BRDA:129,23,1,2
BRDA:131,24,0,1
BRDA:131,24,1,1
BRDA:139,25,0,3
BRDA:139,25,1,3
BRDA:143,26,0,3
BRDA:143,26,1,1
BRDA:144,27,0,3
BRDA:144,27,1,0
BRDA:151,28,0,3
BRDA:151,28,1,1
BRDA:152,29,0,3
BRDA:152,29,1,1
BRDA:157,30,0,1
BRDA:157,30,1,2
BRDA:164,31,0,1
BRDA:164,31,1,1
BRDA:166,32,0,1
BRDA:166,32,1,0
BRDA:173,33,0,1
BRDA:173,33,1,0
BRDA:176,34,0,1
BRDA:176,34,1,0
BRDA:180,35,0,1
BRDA:180,35,1,0
BRDA:188,36,0,2
BRDA:188,36,1,0
BRDA:199,37,0,1
BRDA:199,37,1,3
BRDA:207,38,0,1
BRDA:207,38,1,1
BRDA:211,39,0,1
BRDA:211,39,1,1
BRDA:211,39,2,1
BRDA:211,39,3,1
BRDA:213,40,0,1
BRDA:213,40,1,0
BRDA:218,41,0,1
BRDA:218,41,1,0
BRDA:222,42,0,1
BRDA:222,42,1,0
BRDA:222,43,0,0
BRDA:222,43,1,0
BRDA:225,44,0,2
BRDA:225,44,1,0
BRDA:226,45,0,0
BRDA:226,45,1,2
BRDA:241,46,0,1
BRDA:241,46,1,0
BRDA:241,46,2,0
BRDA:242,47,0,1
BRDA:242,47,1,0
BRDA:243,48,0,1
BRDA:243,48,1,0
BRDA:243,49,0,0
BRDA:243,49,1,0
BRDA:244,50,0,1
BRDA:244,50,1,0
BRDA:274,51,0,0
BRDA:274,51,1,2
BRDA:276,52,0,0
BRDA:276,52,1,2
BRDA:280,53,0,1
BRDA:280,53,1,0
BRDA:280,54,0,1
BRDA:280,54,1,1
BRDA:285,55,0,1
BRDA:285,55,1,0
BRDA:293,56,0,1
BRDA:293,56,1,0
BRDA:309,57,0,1
BRDA:309,57,1,3
BRDA:321,58,0,1
BRDA:321,58,1,1
BRDA:325,59,0,1
BRDA:325,59,1,0
BRDA:326,60,0,1
BRDA:326,60,1,1
BRDA:326,60,2,1
BRDA:339,61,0,3
BRDA:339,61,1,0
BRDA:340,62,0,1
BRDA:340,62,1,2
BRDA:344,63,0,2
BRDA:344,63,1,1
BRF:132
BRH:91
end_of_record
TN:
SF:src\modules\collectionOps\directions.controller.js
FN:3,(anonymous_0)
FN:7,(anonymous_1)
FN:7,(anonymous_2)
FN:10,(anonymous_3)
FN:15,(anonymous_4)
FN:15,(anonymous_5)
FN:16,(anonymous_6)
FN:18,(anonymous_7)
FN:21,(anonymous_8)
FN:23,(anonymous_9)
FN:25,(anonymous_10)
FN:27,(anonymous_11)
FN:39,(anonymous_12)
FN:47,(anonymous_13)
FN:63,(anonymous_14)
FN:72,(anonymous_15)
FN:88,(anonymous_16)
FNF:17
FNH:11
FNDA:2,(anonymous_0)
FNDA:0,(anonymous_1)
FNDA:0,(anonymous_2)
FNDA:2,(anonymous_3)
FNDA:2,(anonymous_4)
FNDA:8,(anonymous_5)
FNDA:1,(anonymous_6)
FNDA:4,(anonymous_7)
FNDA:4,(anonymous_8)
FNDA:8,(anonymous_9)
FNDA:0,(anonymous_10)
FNDA:0,(anonymous_11)
FNDA:0,(anonymous_12)
FNDA:4,(anonymous_13)
FNDA:4,(anonymous_14)
FNDA:1,(anonymous_15)
FNDA:0,(anonymous_16)
DA:1,1
DA:3,1
DA:4,2
DA:5,2
DA:7,0
DA:10,2
DA:12,1
DA:13,1
DA:15,8
DA:16,1
DA:18,4
DA:21,4
DA:23,8
DA:25,1
DA:27,1
DA:28,0
DA:29,0
DA:30,0
DA:31,0
DA:32,0
DA:33,0
DA:35,0
DA:36,0
DA:39,1
DA:40,0
DA:41,0
DA:42,0
DA:44,0
DA:47,1
DA:48,4
DA:49,4
DA:50,4
DA:51,1
DA:54,3
DA:55,3
DA:56,1
DA:59,2
DA:60,2
DA:63,4
DA:68,2
DA:69,0
DA:72,2
DA:73,1
DA:74,1
DA:75,1
DA:78,1
DA:79,1
DA:87,2
DA:88,2
DA:90,2
DA:91,2
DA:92,2
DA:94,1
DA:95,0
DA:96,0
DA:99,1
DA:100,1
DA:101,1
DA:102,0
DA:105,1
DA:111,1
DA:112,1
DA:114,2
DA:117,0
DA:118,0
LF:65
LH:46
BRDA:4,0,0,2
BRDA:4,0,1,0
BRDA:21,1,0,4
BRDA:21,1,1,4
BRDA:21,1,2,4
BRDA:23,2,0,8
BRDA:23,2,1,8
BRDA:28,3,0,0
BRDA:28,3,1,0
BRDA:28,4,0,0
BRDA:28,4,1,0
BRDA:50,5,0,1
BRDA:50,5,1,3
BRDA:55,6,0,1
BRDA:55,6,1,2
BRDA:59,7,0,2
BRDA:59,7,1,0
BRDA:68,8,0,0
BRDA:68,8,1,2
BRDA:74,9,0,1
BRDA:74,9,1,1
BRDA:75,10,0,1
BRDA:75,10,1,0
BRDA:82,11,0,1
BRDA:82,11,1,0
BRDA:94,12,0,0
BRDA:94,12,1,1
BRDA:100,13,0,1
BRDA:100,13,1,1
BRDA:101,14,0,0
BRDA:101,14,1,1
BRF:31
BRH:20
end_of_record
TN:
SF:src\modules\collectionOps\routes.js
FNF:0
FNH:0
DA:1,0
DA:2,0
DA:3,0
DA:5,0
DA:6,0
DA:7,0
DA:8,0
DA:9,0
DA:10,0
DA:11,0
DA:12,0
DA:14,0
LF:12
LH:0
BRF:0
BRH:0
end_of_record
TN:
SF:src\modules\collectionOps\service.routing.js
FN:5,(anonymous_0)
FN:7,(anonymous_1)
FN:23,(anonymous_2)
FN:37,(anonymous_3)
FN:111,(anonymous_4)
FN:113,(anonymous_5)
FN:114,(anonymous_6)
FN:115,(anonymous_7)
FN:120,(anonymous_8)
FN:128,optimize
FNF:10
FNH:10
FNDA:160,(anonymous_0)
FNDA:40,(anonymous_1)
FNDA:13,(anonymous_2)
FNDA:2,(anonymous_3)
FNDA:3,(anonymous_4)
FNDA:9,(anonymous_5)
FNDA:9,(anonymous_6)
FNDA:9,(anonymous_7)
FNDA:8,(anonymous_8)
FNDA:3,optimize
DA:1,1
DA:3,1
DA:5,160
DA:7,1
DA:8,40
DA:9,40
DA:10,40
DA:11,40
DA:12,40
DA:13,40
DA:14,40
DA:15,40
DA:23,1
DA:24,13
DA:25,12
DA:26,12
DA:28,11
DA:29,11
DA:30,11
DA:31,11
DA:32,11
DA:33,11
DA:34,11
DA:37,1
DA:38,2
DA:39,2
DA:40,2
DA:42,2
DA:43,2
DA:44,2
DA:45,2
DA:46,2
DA:48,2
DA:49,6
DA:50,6
DA:52,6
DA:53,12
DA:54,12
DA:56,12
DA:61,6
DA:62,6
DA:66,6
DA:67,6
DA:68,1
DA:71,5
DA:72,5
DA:73,5
DA:75,5
DA:76,0
DA:79,5
DA:80,5
DA:87,5
DA:88,5
DA:89,5
DA:92,2
DA:93,2
DA:94,2
DA:100,0
DA:104,2
DA:105,0
DA:108,2
DA:111,1
DA:112,3
DA:113,9
DA:114,9
DA:116,9
DA:117,9
DA:118,9
DA:121,8
DA:122,8
DA:123,8
DA:124,8
DA:129,3
DA:130,2
DA:131,2
DA:132,2
DA:133,2
DA:134,2
DA:135,2
DA:136,2
DA:137,2
DA:139,2
DA:140,2
DA:141,1
DA:144,1
DA:152,1
DA:154,1
DA:155,1
DA:156,1
DA:157,1
DA:160,1
LF:91
LH:88
BRDA:8,0,0,0
BRDA:8,0,1,40
BRDA:8,1,0,40
BRDA:8,1,1,40
BRDA:9,2,0,40
BRDA:9,2,1,0
BRDA:9,3,0,40
BRDA:9,3,1,0
BRDA:10,4,0,40
BRDA:10,4,1,0
BRDA:10,5,0,40
BRDA:10,5,1,0
BRDA:11,6,0,40
BRDA:11,6,1,0
BRDA:12,7,0,40
BRDA:12,7,1,0
BRDA:24,8,0,1
BRDA:24,8,1,12
BRDA:25,9,0,12
BRDA:25,9,1,1
BRDA:26,10,0,1
BRDA:26,10,1,11
BRDA:28,11,0,11
BRDA:28,11,1,0
BRDA:29,12,0,11
BRDA:29,12,1,0
BRDA:31,13,0,11
BRDA:31,13,1,0
BRDA:42,14,0,4
BRDA:42,14,1,3
BRDA:56,15,0,6
BRDA:56,15,1,6
BRDA:57,16,0,12
BRDA:57,16,1,6
BRDA:57,16,2,0
BRDA:67,17,0,1
BRDA:67,17,1,5
BRDA:67,18,0,6
BRDA:67,18,1,6
BRDA:75,19,0,0
BRDA:75,19,1,5
BRDA:75,20,0,5
BRDA:75,20,1,3
BRDA:92,21,0,2
BRDA:92,21,1,0
BRDA:104,22,0,0
BRDA:104,22,1,2
BRDA:113,23,0,9
BRDA:113,23,1,9
BRDA:113,23,2,9
BRDA:113,23,3,9
BRDA:116,24,0,9
BRDA:116,24,1,0
BRDA:117,25,0,0
BRDA:117,25,1,9
BRDA:117,26,0,9
BRDA:117,26,1,9
BRDA:123,27,0,0
BRDA:123,27,1,8
BRDA:128,28,0,0
BRDA:129,29,0,2
BRDA:129,29,1,1
BRDA:129,30,0,3
BRDA:129,30,1,3
BRDA:130,31,0,0
BRDA:130,32,0,0
BRDA:131,33,0,2
BRDA:131,33,1,0
BRDA:132,34,0,2
BRDA:132,34,1,0
BRDA:132,34,2,0
BRDA:133,35,0,2
BRDA:133,35,1,0
BRDA:133,35,2,0
BRDA:134,36,0,2
BRDA:134,36,1,1
BRDA:135,37,0,2
BRDA:135,37,1,1
BRDA:136,38,0,2
BRDA:136,38,1,1
BRDA:137,39,0,1
BRDA:137,39,1,1
BRDA:140,40,0,1
BRDA:140,40,1,1
BRDA:148,41,0,0
BRDA:149,42,0,0
BRDA:150,43,0,0
BRDA:151,44,0,0
BRDA:154,45,0,1
BRDA:154,45,1,0
BRDA:155,46,0,1
BRDA:155,46,1,0
BRF:92
BRH:61
end_of_record
TN:
SF:src\modules\scheduling\controller.js
FN:16,(anonymous_0)
FN:118,findItemPolicy
FN:119,(anonymous_2)
FN:122,buildDisallowedResponse
FN:131,toDate
FN:136,normaliseDate
FN:142,slotIdFor
FN:146,generateCandidateSlots
FN:172,getPreferredDayBounds
FN:180,filterCandidatesForPreferredDay
FN:182,(anonymous_10)
FN:189,attachAvailability
FN:203,(anonymous_12)
FN:206,toPositiveNumber
FN:211,calculatePayment
FN:268,expireOverduePendingRequests
FN:279,(anonymous_16)
FN:296,generateSpecialCollectionInvoiceNumber
FN:302,createDeferredBooking
FN:360,dispatchBookingEmails
FN:374,(anonymous_20)
FN:378,(anonymous_21)
FN:403,(anonymous_22)
FN:404,(anonymous_23)
FN:413,finaliseBooking
FN:535,resolveUser
FN:550,getConfig
FN:558,checkAvailability
FN:603,confirmBooking
FN:630,(anonymous_29)
FN:690,startCheckout
FN:719,(anonymous_31)
FN:754,(anonymous_32)
FN:818,syncCheckout
FN:902,(anonymous_34)
FN:972,listUserRequests
FN:996,downloadReceipt
FNF:37
FNH:32
FNDA:4,(anonymous_0)
FNDA:15,findItemPolicy
FNDA:29,(anonymous_2)
FNDA:2,buildDisallowedResponse
FNDA:14,toDate
FNDA:225,normaliseDate
FNDA:225,slotIdFor
FNDA:9,generateCandidateSlots
FNDA:6,getPreferredDayBounds
FNDA:6,filterCandidatesForPreferredDay
FNDA:150,(anonymous_10)
FNDA:1,attachAvailability
FNDA:5,(anonymous_12)
FNDA:21,toPositiveNumber
FNDA:11,calculatePayment
FNDA:4,expireOverduePendingRequests
FNDA:0,(anonymous_16)
FNDA:1,generateSpecialCollectionInvoiceNumber
FNDA:1,createDeferredBooking
FNDA:3,dispatchBookingEmails
FNDA:0,(anonymous_20)
FNDA:0,(anonymous_21)
FNDA:0,(anonymous_22)
FNDA:0,(anonymous_23)
FNDA:4,finaliseBooking
FNDA:21,resolveUser
FNDA:1,getConfig
FNDA:7,checkAvailability
FNDA:5,confirmBooking
FNDA:7,(anonymous_29)
FNDA:5,startCheckout
FNDA:2,(anonymous_31)
FNDA:18,(anonymous_32)
FNDA:6,syncCheckout
FNDA:3,(anonymous_34)
FNDA:3,listUserRequests
FNDA:4,downloadReceipt
DA:1,3
DA:2,3
DA:3,3
DA:4,3
DA:5,3
DA:6,3
DA:10,3
DA:11,3
DA:13,3
DA:14,3
DA:16,3
DA:17,4
DA:18,4
DA:21,3
DA:66,3
DA:75,3
DA:77,3
DA:83,3
DA:94,3
DA:101,3
DA:108,3
DA:112,3
DA:119,29
DA:123,2
DA:132,14
DA:133,14
DA:137,225
DA:138,225
DA:139,225
DA:143,225
DA:147,9
DA:148,9
DA:149,9
DA:151,9
DA:152,45
DA:153,45
DA:155,45
DA:156,225
DA:157,225
DA:159,225
DA:160,225
DA:162,225
DA:169,9
DA:173,6
DA:174,6
DA:175,6
DA:176,6
DA:177,6
DA:181,6
DA:182,6
DA:183,150
DA:190,1
DA:191,1
DA:192,5
DA:196,5
DA:197,5
DA:203,5
DA:207,21
DA:208,21
DA:212,11
DA:213,0
DA:223,11
DA:225,11
DA:226,11
DA:227,11
DA:229,11
DA:231,11
DA:232,0
DA:234,11
DA:235,0
DA:238,11
DA:239,11
DA:240,10
DA:241,10
DA:242,10
DA:243,10
DA:246,11
DA:247,11
DA:248,11
DA:250,11
DA:251,11
DA:252,11
DA:254,11
DA:255,11
DA:256,11
DA:258,11
DA:269,4
DA:270,4
DA:275,4
DA:276,4
DA:279,0
DA:280,0
DA:288,0
DA:297,1
DA:298,1
DA:299,1
DA:303,1
DA:336,1
DA:337,1
DA:339,1
DA:353,1
DA:354,1
DA:355,1
DA:357,1
DA:361,3
DA:362,3
DA:375,0
DA:376,0
DA:379,0
DA:380,0
DA:384,3
DA:385,3
DA:386,3
DA:388,3
DA:389,3
DA:392,3
DA:393,3
DA:394,3
DA:397,0
DA:401,3
DA:402,3
DA:403,0
DA:404,0
DA:405,0
DA:408,0
DA:409,0
DA:424,4
DA:426,4
DA:430,4
DA:431,1
DA:432,1
DA:433,1
DA:436,3
DA:437,1
DA:438,1
DA:439,1
DA:442,2
DA:475,2
DA:476,2
DA:478,2
DA:479,2
DA:480,2
DA:486,0
DA:489,2
DA:520,2
DA:521,1
DA:526,1
DA:530,2
DA:532,2
DA:536,21
DA:537,21
DA:538,2
DA:539,2
DA:540,2
DA:542,19
DA:543,1
DA:544,1
DA:545,1
DA:547,18
DA:551,1
DA:559,7
DA:560,7
DA:561,5
DA:563,3
DA:564,3
DA:565,1
DA:567,2
DA:568,1
DA:571,1
DA:572,1
DA:573,0
DA:576,1
DA:577,1
DA:580,1
DA:582,1
DA:590,4
DA:591,2
DA:593,2
DA:594,1
DA:596,1
DA:597,1
DA:599,0
DA:604,5
DA:605,5
DA:606,5
DA:607,5
DA:609,5
DA:610,0
DA:612,5
DA:613,1
DA:616,4
DA:617,4
DA:618,0
DA:621,4
DA:622,4
DA:624,4
DA:625,1
DA:628,3
DA:629,3
DA:630,7
DA:631,3
DA:632,1
DA:635,2
DA:649,2
DA:663,2
DA:671,0
DA:672,0
DA:674,0
DA:675,0
DA:677,0
DA:678,0
DA:680,0
DA:681,0
DA:684,0
DA:686,0
DA:691,5
DA:692,5
DA:693,1
DA:696,4
DA:697,4
DA:699,4
DA:700,4
DA:701,1
DA:703,3
DA:704,0
DA:707,3
DA:708,3
DA:709,0
DA:712,3
DA:713,3
DA:714,1
DA:717,2
DA:718,2
DA:719,2
DA:720,2
DA:721,0
DA:724,2
DA:728,2
DA:729,2
DA:730,1
DA:733,1
DA:754,1
DA:755,18
DA:756,1
DA:758,17
DA:762,1
DA:783,1
DA:795,1
DA:802,0
DA:803,0
DA:805,0
DA:806,0
DA:808,0
DA:809,0
DA:811,0
DA:812,0
DA:814,0
DA:819,6
DA:820,6
DA:821,1
DA:824,5
DA:825,5
DA:827,5
DA:828,5
DA:829,0
DA:832,5
DA:833,1
DA:834,1
DA:837,4
DA:841,4
DA:845,4
DA:846,4
DA:847,4
DA:852,4
DA:857,4
DA:858,4
DA:872,4
DA:886,1
DA:889,1
DA:892,3
DA:893,3
DA:894,3
DA:895,0
DA:898,0
DA:901,3
DA:902,3
DA:903,3
DA:904,0
DA:907,0
DA:910,3
DA:912,3
DA:913,1
DA:914,0
DA:920,0
DA:923,1
DA:926,2
DA:927,2
DA:928,0
DA:934,0
DA:936,2
DA:947,1
DA:953,1
DA:954,0
DA:956,1
DA:957,0
DA:959,1
DA:960,0
DA:962,1
DA:963,1
DA:965,0
DA:966,0
DA:968,0
DA:973,3
DA:974,3
DA:975,2
DA:977,1
DA:981,1
DA:983,2
DA:984,1
DA:986,1
DA:987,1
DA:989,0
DA:990,0
DA:992,0
DA:997,4
DA:998,4
DA:999,3
DA:1001,3
DA:1003,3
DA:1004,3
DA:1005,1
DA:1008,2
DA:1009,1
DA:1012,1
DA:1018,1
DA:1019,1
DA:1020,1
DA:1022,1
DA:1023,1
DA:1025,0
DA:1029,3
LF:341
LH:279
BRDA:14,0,0,1
BRDA:14,0,1,2
BRDA:17,1,0,0
BRDA:17,1,1,4
BRDA:18,2,0,4
BRDA:18,2,1,0
BRDA:132,3,0,0
BRDA:132,3,1,14
BRDA:180,4,0,6
BRDA:183,5,0,150
BRDA:183,5,1,150
BRDA:183,5,2,30
BRDA:208,6,0,20
BRDA:208,6,1,1
BRDA:208,7,0,21
BRDA:208,7,1,21
BRDA:212,8,0,0
BRDA:212,8,1,11
BRDA:217,9,0,11
BRDA:218,10,0,0
BRDA:219,11,0,0
BRDA:220,12,0,11
BRDA:221,13,0,0
BRDA:222,14,0,0
BRDA:225,15,0,11
BRDA:225,15,1,0
BRDA:231,16,0,0
BRDA:231,16,1,11
BRDA:231,17,0,11
BRDA:231,17,1,11
BRDA:232,18,0,0
BRDA:232,18,1,0
BRDA:232,18,2,0
BRDA:234,19,0,0
BRDA:234,19,1,11
BRDA:234,20,0,11
BRDA:234,20,1,0
BRDA:234,20,2,0
BRDA:239,21,0,10
BRDA:239,21,1,1
BRDA:239,22,0,11
BRDA:239,22,1,11
BRDA:275,23,0,4
BRDA:275,23,1,0
BRDA:307,24,0,1
BRDA:307,24,1,0
BRDA:308,25,0,1
BRDA:308,25,1,0
BRDA:308,25,2,0
BRDA:311,26,0,1
BRDA:311,26,1,0
BRDA:313,27,0,1
BRDA:313,27,1,0
BRDA:313,28,0,1
BRDA:313,28,1,1
BRDA:316,29,0,1
BRDA:316,29,1,0
BRDA:316,30,0,1
BRDA:316,30,1,1
BRDA:337,31,0,1
BRDA:337,31,1,0
BRDA:342,32,0,1
BRDA:342,32,1,0
BRDA:367,33,0,2
BRDA:367,33,1,1
BRDA:385,34,0,3
BRDA:385,34,1,0
BRDA:386,35,0,3
BRDA:386,35,1,0
BRDA:388,36,0,3
BRDA:388,36,1,0
BRDA:389,37,0,3
BRDA:389,37,1,0
BRDA:392,38,0,3
BRDA:392,38,1,0
BRDA:402,39,0,0
BRDA:402,39,1,3
BRDA:408,40,0,0
BRDA:408,40,1,0
BRDA:420,41,0,0
BRDA:422,42,0,2
BRDA:430,43,0,1
BRDA:430,43,1,3
BRDA:436,44,0,1
BRDA:436,44,1,2
BRDA:436,45,0,3
BRDA:436,45,1,1
BRDA:446,46,0,2
BRDA:446,46,1,0
BRDA:447,47,0,2
BRDA:447,47,1,0
BRDA:447,47,2,0
BRDA:450,48,0,2
BRDA:450,48,1,0
BRDA:452,49,0,2
BRDA:452,49,1,0
BRDA:452,50,0,2
BRDA:452,50,1,2
BRDA:455,51,0,2
BRDA:455,51,1,0
BRDA:455,52,0,2
BRDA:455,52,1,2
BRDA:466,53,0,2
BRDA:466,53,1,0
BRDA:478,54,0,2
BRDA:478,54,1,0
BRDA:500,55,0,2
BRDA:500,55,1,1
BRDA:520,56,0,1
BRDA:520,56,1,1
BRDA:537,57,0,2
BRDA:537,57,1,19
BRDA:542,58,0,1
BRDA:542,58,1,18
BRDA:564,59,0,1
BRDA:564,59,1,2
BRDA:567,60,0,1
BRDA:567,60,1,1
BRDA:572,61,0,0
BRDA:572,61,1,1
BRDA:590,62,0,2
BRDA:590,62,1,2
BRDA:593,63,0,1
BRDA:593,63,1,1
BRDA:596,64,0,1
BRDA:596,64,1,0
BRDA:609,65,0,0
BRDA:609,65,1,5
BRDA:612,66,0,1
BRDA:612,66,1,4
BRDA:617,67,0,0
BRDA:617,67,1,4
BRDA:622,68,0,4
BRDA:622,68,1,1
BRDA:624,69,0,1
BRDA:624,69,1,3
BRDA:624,70,0,4
BRDA:624,70,1,4
BRDA:624,70,2,3
BRDA:631,71,0,1
BRDA:631,71,1,2
BRDA:645,72,0,2
BRDA:645,72,1,0
BRDA:654,73,0,1
BRDA:654,73,1,1
BRDA:654,74,0,2
BRDA:654,74,1,2
BRDA:655,75,0,1
BRDA:655,75,1,1
BRDA:665,76,0,1
BRDA:665,76,1,1
BRDA:671,77,0,0
BRDA:671,77,1,0
BRDA:674,78,0,0
BRDA:674,78,1,0
BRDA:677,79,0,0
BRDA:677,79,1,0
BRDA:680,80,0,0
BRDA:680,80,1,0
BRDA:692,81,0,1
BRDA:692,81,1,4
BRDA:700,82,0,1
BRDA:700,82,1,3
BRDA:703,83,0,0
BRDA:703,83,1,3
BRDA:708,84,0,0
BRDA:708,84,1,3
BRDA:713,85,0,1
BRDA:713,85,1,2
BRDA:720,86,0,0
BRDA:720,86,1,2
BRDA:729,87,0,1
BRDA:729,87,1,1
BRDA:746,88,0,1
BRDA:746,88,1,0
BRDA:747,89,0,1
BRDA:747,89,1,0
BRDA:748,90,0,1
BRDA:748,90,1,0
BRDA:749,91,0,1
BRDA:749,91,1,0
BRDA:750,92,0,1
BRDA:750,92,1,0
BRDA:755,93,0,1
BRDA:755,93,1,17
BRDA:755,94,0,18
BRDA:755,94,1,17
BRDA:802,95,0,0
BRDA:802,95,1,0
BRDA:805,96,0,0
BRDA:805,96,1,0
BRDA:808,97,0,0
BRDA:808,97,1,0
BRDA:811,98,0,0
BRDA:811,98,1,0
BRDA:820,99,0,1
BRDA:820,99,1,5
BRDA:828,100,0,0
BRDA:828,100,1,5
BRDA:832,101,0,1
BRDA:832,101,1,4
BRDA:832,102,0,5
BRDA:832,102,1,1
BRDA:841,103,0,0
BRDA:841,103,1,4
BRDA:846,104,0,4
BRDA:846,104,1,1
BRDA:847,105,0,4
BRDA:847,105,1,4
BRDA:847,105,2,4
BRDA:847,105,3,4
BRDA:853,106,0,4
BRDA:853,106,1,0
BRDA:854,107,0,4
BRDA:854,107,1,0
BRDA:857,108,0,4
BRDA:857,108,1,1
BRDA:857,108,2,1
BRDA:868,109,0,3
BRDA:868,109,1,1
BRDA:872,110,0,1
BRDA:872,110,1,3
BRDA:873,111,0,4
BRDA:873,111,1,3
BRDA:873,111,2,3
BRDA:873,111,3,3
BRDA:873,111,4,3
BRDA:873,111,5,3
BRDA:873,111,6,3
BRDA:873,111,7,3
BRDA:873,111,8,3
BRDA:873,111,9,3
BRDA:873,111,10,3
BRDA:873,111,11,3
BRDA:873,111,12,3
BRDA:873,111,13,3
BRDA:887,112,0,1
BRDA:887,112,1,0
BRDA:894,113,0,0
BRDA:894,113,1,3
BRDA:894,114,0,3
BRDA:894,114,1,3
BRDA:896,115,0,0
BRDA:896,115,1,0
BRDA:903,116,0,0
BRDA:903,116,1,3
BRDA:903,117,0,3
BRDA:903,117,1,3
BRDA:905,118,0,0
BRDA:905,118,1,0
BRDA:912,119,0,1
BRDA:912,119,1,2
BRDA:913,120,0,0
BRDA:913,120,1,1
BRDA:917,121,0,0
BRDA:917,121,1,0
BRDA:927,122,0,0
BRDA:927,122,1,2
BRDA:931,123,0,0
BRDA:931,123,1,0
BRDA:941,124,0,2
BRDA:941,124,1,0
BRDA:953,125,0,0
BRDA:953,125,1,1
BRDA:956,126,0,0
BRDA:956,126,1,1
BRDA:959,127,0,0
BRDA:959,127,1,1
BRDA:962,128,0,1
BRDA:962,128,1,0
BRDA:965,129,0,0
BRDA:965,129,1,0
BRDA:983,130,0,1
BRDA:983,130,1,1
BRDA:986,131,0,1
BRDA:986,131,1,0
BRDA:989,132,0,0
BRDA:989,132,1,0
BRDA:1004,133,0,1
BRDA:1004,133,1,2
BRDA:1008,134,0,1
BRDA:1008,134,1,1
BRDA:1022,135,0,1
BRDA:1022,135,1,0
BRF:284
BRH:185
end_of_record
TN:
SF:src\modules\scheduling\receipt.js
FN:10,formatCurrency
FN:18,toLocalDate
FN:30,toLocalTime
FN:41,toIssuedTimestamp
FN:54,writeKeyValue
FN:63,generateSpecialCollectionReceipt
FN:76,(anonymous_6)
FN:78,(anonymous_7)
FN:79,(anonymous_8)
FN:137,(anonymous_9)
FNF:10
FNH:9
FNDA:8,formatCurrency
FNDA:2,toLocalDate
FNDA:4,toLocalTime
FNDA:2,toIssuedTimestamp
FNDA:0,writeKeyValue
FNDA:2,generateSpecialCollectionReceipt
FNDA:2,(anonymous_6)
FNDA:2,(anonymous_7)
FNDA:2,(anonymous_8)
FNDA:8,(anonymous_9)
DA:1,1
DA:3,1
DA:11,8
DA:12,8
DA:13,0
DA:15,8
DA:19,2
DA:20,1
DA:21,1
DA:22,1
DA:31,4
DA:32,2
DA:33,2
DA:34,2
DA:42,2
DA:43,2
DA:55,0
DA:56,0
DA:58,0
DA:59,0
DA:60,0
DA:64,2
DA:65,2
DA:67,2
DA:68,2
DA:76,2
DA:78,2
DA:79,2
DA:80,2
DA:83,2
DA:87,2
DA:88,2
DA:89,2
DA:90,2
DA:91,2
DA:92,2
DA:94,2
DA:95,2
DA:96,2
DA:97,2
DA:98,2
DA:100,2
DA:101,2
DA:102,2
DA:103,2
DA:104,2
DA:105,2
DA:106,2
DA:107,2
DA:108,2
DA:109,2
DA:110,2
DA:111,2
DA:112,2
DA:113,1
DA:115,2
DA:116,1
DA:118,2
DA:119,2
DA:121,2
DA:122,2
DA:123,2
DA:125,2
DA:126,2
DA:127,2
DA:128,2
DA:135,2
DA:137,2
DA:138,8
DA:139,8
DA:140,6
DA:145,8
DA:146,8
DA:149,2
DA:150,2
DA:152,2
DA:154,2
DA:157,1
LF:78
LH:72
BRDA:12,0,0,0
BRDA:12,0,1,8
BRDA:19,1,0,1
BRDA:19,1,1,1
BRDA:21,2,0,0
BRDA:21,2,1,1
BRDA:31,3,0,2
BRDA:31,3,1,2
BRDA:33,4,0,0
BRDA:33,4,1,2
BRDA:42,5,0,2
BRDA:42,5,1,0
BRDA:54,6,0,0
BRDA:55,7,0,0
BRDA:55,7,1,0
BRDA:58,8,0,0
BRDA:60,9,0,0
BRDA:60,9,1,0
BRDA:63,10,0,0
BRDA:67,11,0,2
BRDA:67,11,1,0
BRDA:67,11,2,0
BRDA:104,12,0,2
BRDA:104,12,1,1
BRDA:105,13,0,2
BRDA:105,13,1,1
BRDA:106,14,0,2
BRDA:106,14,1,1
BRDA:107,15,0,2
BRDA:107,15,1,1
BRDA:108,16,0,2
BRDA:108,16,1,1
BRDA:108,16,2,1
BRDA:109,17,0,2
BRDA:109,17,1,1
BRDA:110,18,0,2
BRDA:110,18,1,1
BRDA:110,18,2,1
BRDA:111,19,0,2
BRDA:111,19,1,1
BRDA:112,20,0,1
BRDA:112,20,1,1
BRDA:115,21,0,1
BRDA:115,21,1,1
BRDA:129,22,0,2
BRDA:129,22,1,1
BRDA:129,22,2,1
BRDA:130,23,0,2
BRDA:130,23,1,1
BRDA:131,24,0,2
BRDA:131,24,1,1
BRDA:132,25,0,2
BRDA:132,25,1,1
BRDA:139,26,0,6
BRDA:139,26,1,2
BRDA:145,27,0,2
BRDA:145,27,1,6
BRDA:146,28,0,2
BRDA:146,28,1,6
BRF:59
BRH:46
end_of_record
TN:
SF:src\modules\scheduling\routes.js
FNF:0
FNH:0
DA:1,0
DA:2,0
DA:4,0
DA:5,0
DA:6,0
DA:7,0
DA:8,0
DA:9,0
DA:10,0
DA:12,0
LF:10
LH:0
BRF:0
BRH:0
end_of_record
TN:
SF:src\services\mailer.js
FN:3,(anonymous_0)
FN:18,formatCurrency
FN:26,getTransporter
FN:47,(anonymous_3)
FN:58,sendMail
FN:92,sendSpecialCollectionConfirmation
FN:157,(anonymous_6)
FN:224,notifyAuthorityOfSpecialPickup
FN:257,sendPaymentReceipt
FNF:9
FNH:0
FNDA:0,(anonymous_0)
FNDA:0,formatCurrency
FNDA:0,getTransporter
FNDA:0,(anonymous_3)
FNDA:0,sendMail
FNDA:0,sendSpecialCollectionConfirmation
FNDA:0,(anonymous_6)
FNDA:0,notifyAuthorityOfSpecialPickup
FNDA:0,sendPaymentReceipt
DA:1,0
DA:3,0
DA:4,0
DA:5,0
DA:11,0
DA:19,0
DA:20,0
DA:21,0
DA:23,0
DA:27,0
DA:28,0
DA:29,0
DA:32,0
DA:33,0
DA:34,0
DA:35,0
DA:38,0
DA:40,0
DA:47,0
DA:48,0
DA:49,0
DA:50,0
DA:51,0
DA:55,0
DA:59,0
DA:60,0
DA:61,0
DA:65,0
DA:68,0
DA:73,0
DA:78,0
DA:79,0
DA:80,0
DA:81,0
DA:83,0
DA:88,0
DA:93,0
DA:94,0
DA:97,0
DA:102,0
DA:103,0
DA:104,0
DA:108,0
DA:111,0
DA:112,0
DA:113,0
DA:115,0
DA:116,0
DA:117,0
DA:118,0
DA:120,0
DA:157,0
DA:159,0
DA:162,0
DA:166,0
DA:211,0
DA:221,0
DA:225,0
DA:226,0
DA:227,0
DA:230,0
DA:233,0
DA:235,0
DA:236,0
DA:238,0
DA:246,0
DA:254,0
DA:258,0
DA:259,0
DA:262,0
DA:268,0
DA:269,0
DA:270,0
DA:272,0
DA:274,0
DA:288,0
DA:298,0
DA:301,0
LF:78
LH:0
BRDA:4,0,0,0
BRDA:4,0,1,0
BRDA:20,1,0,0
BRDA:20,1,1,0
BRDA:27,2,0,0
BRDA:27,2,1,0
BRDA:33,3,0,0
BRDA:33,3,1,0
BRDA:38,4,0,0
BRDA:38,4,1,0
BRDA:42,5,0,0
BRDA:42,5,1,0
BRDA:43,6,0,0
BRDA:43,6,1,0
BRDA:44,7,0,0
BRDA:44,7,1,0
BRDA:44,8,0,0
BRDA:44,8,1,0
BRDA:48,9,0,0
BRDA:48,9,1,0
BRDA:50,10,0,0
BRDA:50,10,1,0
BRDA:60,11,0,0
BRDA:60,11,1,0
BRDA:69,12,0,0
BRDA:69,12,1,0
BRDA:93,13,0,0
BRDA:93,13,1,0
BRDA:99,14,0,0
BRDA:99,14,1,0
BRDA:102,15,0,0
BRDA:102,15,1,0
BRDA:103,16,0,0
BRDA:103,16,1,0
BRDA:104,17,0,0
BRDA:104,17,1,0
BRDA:108,18,0,0
BRDA:108,18,1,0
BRDA:115,19,0,0
BRDA:115,19,1,0
BRDA:115,19,2,0
BRDA:116,20,0,0
BRDA:116,20,1,0
BRDA:117,21,0,0
BRDA:117,21,1,0
BRDA:118,22,0,0
BRDA:118,22,1,0
BRDA:123,23,0,0
BRDA:123,23,1,0
BRDA:126,24,0,0
BRDA:126,24,1,0
BRDA:129,25,0,0
BRDA:129,25,1,0
BRDA:129,26,0,0
BRDA:129,26,1,0
BRDA:138,27,0,0
BRDA:138,27,1,0
BRDA:140,28,0,0
BRDA:140,28,1,0
BRDA:141,29,0,0
BRDA:141,29,1,0
BRDA:145,30,0,0
BRDA:145,30,1,0
BRDA:149,31,0,0
BRDA:149,31,1,0
BRDA:150,32,0,0
BRDA:150,32,1,0
BRDA:152,33,0,0
BRDA:152,33,1,0
BRDA:157,34,0,0
BRDA:157,34,1,0
BRDA:159,35,0,0
BRDA:159,35,1,0
BRDA:162,36,0,0
BRDA:162,36,1,0
BRDA:162,37,0,0
BRDA:162,37,1,0
BRDA:167,38,0,0
BRDA:167,38,1,0
BRDA:178,39,0,0
BRDA:178,39,1,0
BRDA:180,40,0,0
BRDA:180,40,1,0
BRDA:181,41,0,0
BRDA:181,41,1,0
BRDA:184,42,0,0
BRDA:184,42,1,0
BRDA:200,43,0,0
BRDA:200,43,1,0
BRDA:203,44,0,0
BRDA:203,44,1,0
BRDA:206,45,0,0
BRDA:206,45,1,0
BRDA:211,46,0,0
BRDA:211,46,1,0
BRDA:214,47,0,0
BRDA:214,47,1,0
BRDA:214,48,0,0
BRDA:214,48,1,0
BRDA:214,48,2,0
BRDA:226,49,0,0
BRDA:226,49,1,0
BRDA:243,50,0,0
BRDA:243,50,1,0
BRDA:251,51,0,0
BRDA:251,51,1,0
BRDA:258,52,0,0
BRDA:258,52,1,0
BRDA:264,53,0,0
BRDA:264,53,1,0
BRDA:265,54,0,0
BRDA:265,54,1,0
BRDA:269,55,0,0
BRDA:269,55,1,0
BRDA:270,56,0,0
BRDA:270,56,1,0
BRDA:272,57,0,0
BRDA:272,57,1,0
BRDA:278,58,0,0
BRDA:278,58,1,0
BRDA:291,59,0,0
BRDA:291,59,1,0
BRDA:294,60,0,0
BRDA:294,60,1,0
BRF:124
BRH:0
end_of_record
